--------- beginning of main
11-09 08:53:08.158 24108 24108 I chatty  : uid=2000(shell) /system/bin/adbd expire 3 lines
11-09 08:53:08.158 24108 24108 W /system/bin/adbd: type=1400 audit(0.0:34108): avc: denied { search } for comm=73796E6320737663203230 name="oem" dev="dm-0" ino=2879 scontext=u:r:adbd:s0 tcontext=u:object_r:oemfs:s0 tclass=dir permissive=0
--------- beginning of system
11-09 08:53:09.344   898  2098 I ActivityManager: START u0 {flg=0x10000000 cmp=com.TeamNA.GiftGame/com.epicgames.ue4.SplashActivity} from uid 2000
11-09 08:53:09.359   673   673 D QCOM PowerHAL: LAUNCH HINT: ON
11-09 08:53:09.360   673   673 D QCOM PowerHAL: Activity launch hint handled
11-09 08:53:09.402   898   969 I ActivityManager: Start proc 24123:com.TeamNA.GiftGame/u0a343 for activity com.TeamNA.GiftGame/com.epicgames.ue4.SplashActivity
11-09 08:53:09.403 24123 24123 I TeamNA.GiftGam: Late-enabling -Xcheck:jni
11-09 08:53:09.495   898  2136 I ActivityManager: Config changes=20000480 {1.0 311mcc480mnc [en_US] ldltr sw411dp w683dp h387dp 420dpi nrml land night finger -keyb/v/h -nav/h winConfig={ mBounds=Rect(0, 0 - 1080, 1794) mAppBounds=Rect(0, 0 - 1794, 1080) mWindowingMode=fullscreen mActivityType=undefined} s.225}
11-09 08:53:09.598   898  2136 I ActivityManager: Override config changes=20000480 {1.0 311mcc480mnc [en_US] ldltr sw411dp w683dp h387dp 420dpi nrml land night finger -keyb/v/h -nav/h winConfig={ mBounds=Rect(0, 0 - 1080, 1794) mAppBounds=Rect(0, 0 - 1794, 1080) mWindowingMode=fullscreen mActivityType=undefined} s.225} for displayId=0
11-09 08:53:09.653   898  2136 W ActivityManager: Slow operation: 187ms so far, now at attachApplicationLocked: after mServices.attachApplicationLocked
11-09 08:53:09.667   898  1217 I InputReader: Reconfiguring input devices.  changes=0x00000004
11-09 08:53:09.667   898  1217 I InputReader: Device reconfigured: id=8, name='synaptics_dsxv26', size 1080x1920, orientation 1, mode 1, display id 0
11-09 08:53:09.671 24123 24123 I TeamNA.GiftGam: The ClassLoaderContext is a special shared library.
11-09 08:53:09.687 18748 18748 I PBSessionCacheImpl: Deleted sessionId[82456117541723198] from persistence.
11-09 08:53:09.714 18748 18748 W SearchServiceCore: Abort, client detached.
11-09 08:53:09.770  1400  1400 D StatusBar: disable<e i a s b h r c s > disable2<q i n >
11-09 08:53:09.851  5467 19292 E NetworkScheduler: Invalid component specified.
11-09 08:53:09.921  1400  1400 D StatusBar: disable<e i a s b h r c s > disable2<q i n >
11-09 08:53:09.944   493   524 W SurfaceFlinger: Attempting to destroy on removed layer: 418c9b AssistPreviewPanel#0
11-09 08:53:09.955   493   524 W SurfaceFlinger: Attempting to destroy on removed layer: 5225777 DockedStackDivider#0
11-09 08:53:10.139   898  2098 I ActivityManager: START u0 {flg=0x10000 cmp=com.TeamNA.GiftGame/com.epicgames.ue4.GameActivity (has extras)} from uid 10343
11-09 08:53:10.141   673   673 D QCOM PowerHAL: LAUNCH HINT: ON
11-09 08:53:10.163   898  2098 I WindowManager: Screen frozen for +693ms due to AppWindowToken{ec5fa53 token=Token{d589a42 ActivityRecord{bb9188d u0 com.TeamNA.GiftGame/com.epicgames.ue4.SplashActivity t698}}}
11-09 08:53:10.165   493   493 D SurfaceFlinger: duplicate layer name: changing BlackSurface to BlackSurface#1
11-09 08:53:10.167   493   493 I chatty  : uid=1000(system) /system/bin/surfaceflinger identical 1 line
11-09 08:53:10.168   493   493 D SurfaceFlinger: duplicate layer name: changing BlackSurface to BlackSurface#1
11-09 08:53:10.177 24123 24123 W ActivityThread: handleWindowVisibility: no activity for token android.os.BinderProxy@45f8d88
11-09 08:53:10.214 24123 24123 W linker  : Warning: "/data/app/com.TeamNA.GiftGame-l778cfLVJQ44MtYpwpvyAg==/lib/arm/libOVRPlugin.so" has no DT_SONAME (will use libOVRPlugin.so instead) and will not work when the app moves to API level 23 or later (https://android.googlesource.com/platform/bionic/+/master/missing-soname-enforced-for-api-level-23) (allowing for now because this app's target API level is still 14)
11-09 08:53:10.215 24123 24123 D OVRPlugin: JNI_OnLoad
11-09 08:53:10.215 24123 24123 E libsigchain: Warning: Unexpected sigaction action found 0xf0fb8765
11-09 08:53:10.252 24123 24123 D UE4     : Used memory before allocating anything was 128.23MB
11-09 08:53:10.490 24123 24123 D UE4     : In the JNI_OnLoad function
11-09 08:53:10.491 24123 24123 D UE4     : [JNI] - Failed to determine if app purchasing is enabled!
11-09 08:53:10.493 24123 24123 D UE4     : Path found as '/storage/emulated/0'
11-09 08:53:10.493 24123 24123 D UE4     : Font Path found as '/system/fonts/'
11-09 08:53:10.493 24123 24123 D UE4     : In the JNI_OnLoad function 5
