Log file open, 11/27/18 17:44:07
LogWindows: Failed to load 'aqProf.dll' (GetLastError=126)
LogWindows: File 'aqProf.dll' does not exist
LogWindows: Failed to load 'VtuneApi.dll' (GetLastError=126)
LogWindows: File 'VtuneApi.dll' does not exist
LogWindows: Failed to load 'VtuneApi32e.dll' (GetLastError=126)
LogWindows: File 'VtuneApi32e.dll' does not exist
LogInit: Display: Running engine for game: GiftGame
LogPlatformFile: Not using cached read wrapper
LogTaskGraph: Started task graph with 5 named threads and 23 total threads with 3 sets of task threads.
LogStats: Stats thread started at 0.291457
LogD3D11RHI: Loaded GFSDK_Aftermath_Lib.x64.dll
LogICUInternationalization: Display: ICU TimeZone Detection - Raw Offset: -6:00, Platform Override: ''
LogPluginManager: Mounting plugin Paper2D
LogPluginManager: Mounting plugin AISupport
LogPluginManager: Mounting plugin LightPropagationVolume
LogPluginManager: Mounting plugin CLionSourceCodeAccess
LogPluginManager: Mounting plugin CodeLiteSourceCodeAccess
LogPluginManager: Mounting plugin GitSourceControl
LogPluginManager: Mounting plugin KDevelopSourceCodeAccess
LogPluginManager: Mounting plugin NullSourceCodeAccess
LogPluginManager: Mounting plugin PerforceSourceControl
LogPluginManager: Mounting plugin SubversionSourceControl
LogPluginManager: Mounting plugin UObjectPlugin
LogPluginManager: Mounting plugin VisualStudioCodeSourceCodeAccess
LogPluginManager: Mounting plugin VisualStudioSourceCodeAccess
LogPluginManager: Mounting plugin XCodeSourceCodeAccess
LogPluginManager: Mounting plugin AssetManagerEditor
LogPluginManager: Mounting plugin CryptoKeys
LogPluginManager: Mounting plugin DataValidation
LogPluginManager: Mounting plugin FacialAnimation
LogPluginManager: Mounting plugin GameplayTagsEditor
LogPluginManager: Mounting plugin MacGraphicsSwitching
LogPluginManager: Mounting plugin MeshEditor
LogPluginManager: Mounting plugin MobileLauncherProfileWizard
LogPluginManager: Mounting plugin PluginBrowser
LogPluginManager: Mounting plugin SpeedTreeImporter
LogPluginManager: Mounting plugin DatasmithContent
LogPluginManager: Mounting plugin AlembicImporter
LogPluginManager: Mounting plugin AppleImageUtils
LogPluginManager: Mounting plugin AppleVision
LogPluginManager: Mounting plugin BackChannel
LogPluginManager: Mounting plugin CharacterAI
LogPluginManager: Mounting plugin GeometryCache
LogPluginManager: Mounting plugin HTML5Networking
LogPluginManager: Mounting plugin ProxyLODPlugin
LogPluginManager: Mounting plugin MagicLeap
LogPluginManager: Mounting plugin MagicLeapEmulator
LogPluginManager: Mounting plugin MagicLeapMedia
LogPluginManager: Mounting plugin AndroidMedia
LogPluginManager: Mounting plugin AvfMedia
LogPluginManager: Mounting plugin ImgMedia
LogPluginManager: Mounting plugin LinearTimecode
LogPluginManager: Mounting plugin MediaCompositing
LogPluginManager: Mounting plugin MediaPlayerEditor
LogPluginManager: Mounting plugin WmfMedia
LogPluginManager: Mounting plugin TcpMessaging
LogPluginManager: Mounting plugin UdpMessaging
LogPluginManager: Mounting plugin ActorSequence
LogPluginManager: Mounting plugin LevelSequenceEditor
LogPluginManager: Mounting plugin MatineeToLevelSequence
LogPluginManager: Mounting plugin NetcodeUnitTest
LogPluginManager: Mounting plugin NUTUnrealEngine4
LogPluginManager: Mounting plugin OnlineSubsystemGooglePlay
LogPluginManager: Mounting plugin OnlineSubsystemIOS
LogPluginManager: Mounting plugin OnlineSubsystem
LogPluginManager: Mounting plugin OnlineSubsystemNull
LogPluginManager: Mounting plugin OnlineSubsystemUtils
LogPluginManager: Mounting plugin LauncherChunkInstaller
LogPluginManager: Mounting plugin AndroidDeviceProfileSelector
LogPluginManager: Mounting plugin AndroidMoviePlayer
LogPluginManager: Mounting plugin AndroidPermission
LogPluginManager: Mounting plugin AppleMoviePlayer
LogPluginManager: Mounting plugin ArchVisCharacter
LogPluginManager: Mounting plugin AudioCapture
LogPluginManager: Mounting plugin CableComponent
LogPluginManager: Mounting plugin CustomMeshComponent
LogPluginManager: Mounting plugin EditableMesh
LogPluginManager: Mounting plugin ExampleDeviceProfileSelector
LogPluginManager: Mounting plugin GoogleCloudMessaging
LogPluginManager: Mounting plugin ImmediatePhysics
LogPluginManager: Mounting plugin IOSDeviceProfileSelector
LogPluginManager: Mounting plugin LinuxDeviceProfileSelector
LogPluginManager: Mounting plugin LocationServicesBPLibrary
LogPluginManager: Mounting plugin MobilePatchingUtils
LogPluginManager: Mounting plugin OculusVR
LogPluginManager: Plugin shader directory ../../../Engine/Plugins/Runtime/Oculus/OculusVR/Shaders found
LogPluginManager: Mapping shader source directory ../../../Engine/Plugins/Runtime/Oculus/OculusVR/Shaders to virtual directory /Plugin/OculusVR
LogPluginManager: Mounting plugin PhysXVehicles
LogPluginManager: Mounting plugin ProceduralMeshComponent
LogPluginManager: Mounting plugin RuntimePhysXCooking
LogPluginManager: Mounting plugin SteamVR
LogPluginManager: Mounting plugin WindowsMoviePlayer
LogStreaming: Display: Took  0.059s to configure plugins.
LogInit: Using libcurl 7.55.1-DEV
LogInit:  - built for x86_64-pc-win32
LogInit:  - supports SSL with OpenSSL/1.0.2h
LogInit:  - supports HTTP deflate (compression) using libz 1.2.8
LogInit:  - other features:
LogInit:      CURL_VERSION_SSL
LogInit:      CURL_VERSION_LIBZ
LogInit:      CURL_VERSION_IPV6
LogInit:      CURL_VERSION_ASYNCHDNS
LogInit:      CURL_VERSION_LARGEFILE
LogInit:      CURL_VERSION_IDN
LogInit:  CurlRequestOptions (configurable via config and command line):
LogInit:  - bVerifyPeer = false  - Libcurl will NOT verify peer certificate
LogInit:  - bUseHttpProxy = false  - Libcurl will NOT use HTTP proxy
LogInit:  - bDontReuseConnections = false  - Libcurl will reuse connections
LogInit:  - CertBundlePath = nullptr  - Libcurl will use whatever was configured at build time.
LogInit:  - MaxHostConnections = 16  - Libcurl will limit the number of connections to a host
LogInit:  - LocalHostAddr = Default
LogInit:  - BufferSize = 65536
LogInit: WinSock: version 1.1 (2.2), MaxSocks=32767, MaxUdp=65467
LogInit: Build: ++UE4+Release-4.20-CL-4302132
LogInit: Engine Version: 4.20.2-4302132+++UE4+Release-4.20
LogInit: Compatible Engine Version: 4.20.0-4212847+++UE4+Release-4.20
LogInit: Net CL: 4212847
LogInit: OS: Windows 10 (), CPU: Intel(R) Core(TM) i7-7700HQ CPU @ 2.80GHz, GPU: Intel(R) HD Graphics 630
LogInit: Compiled (64-bit): Aug 21 2018 02:06:06
LogInit: Compiled with Visual C++: 19.13.26129.00
LogInit: Build Configuration: Development
LogInit: Branch Name: ++UE4+Release-4.20
LogInit: Command Line:  /Game/Maps/MainGame -game -PIEVIACONSOLE -ResX=576 -ResY=1024  -Multiprocess -messaging -SessionName="Play in Standalone Game" -windowed 
LogInit: Base Directory: C:/Program Files/Epic Games/UE_4.20/Engine/Binaries/Win64/
LogInit: Installed Engine Build: 1
LogDevObjectVersion: Number of dev versions registered: 20
LogDevObjectVersion:   Dev-Blueprints (B0D832E4-1F89-4F0D-ACCF-7EB736FD4AA2): 10
LogDevObjectVersion:   Dev-Build (E1C64328-A22C-4D53-A36C-8E866417BD8C): 0
LogDevObjectVersion:   Dev-Core (375EC13C-06E4-48FB-B500-84F0262A717E): 2
LogDevObjectVersion:   Dev-Editor (E4B068ED-F494-42E9-A231-DA0B2E46BB41): 24
LogDevObjectVersion:   Dev-Framework (CFFC743F-43B0-4480-9391-14DF171D2073): 34
LogDevObjectVersion:   Dev-Mobile (B02B49B5-BB20-44E9-A304-32B752E40360): 2
LogDevObjectVersion:   Dev-Networking (A4E4105C-59A1-49B5-A7C5-40C4547EDFEE): 0
LogDevObjectVersion:   Dev-Online (39C831C9-5AE6-47DC-9A44-9C173E1C8E7C): 0
LogDevObjectVersion:   Dev-Physics (78F01B33-EBEA-4F98-B9B4-84EACCB95AA2): 0
LogDevObjectVersion:   Dev-Platform (6631380F-2D4D-43E0-8009-CF276956A95A): 0
LogDevObjectVersion:   Dev-Rendering (12F88B9F-8875-4AFC-A67C-D90C383ABD29): 26
LogDevObjectVersion:   Dev-Sequencer (7B5AE74C-D270-4C10-A958-57980B212A5A): 9
LogDevObjectVersion:   Dev-VR (D7296918-1DD6-4BDD-9DE2-64A83CC13884): 2
LogDevObjectVersion:   Dev-LoadTimes (C2A15278-BFE7-4AFE-6C17-90FF531DF755): 1
LogDevObjectVersion:   Private-Geometry (6EACA3D4-40EC-4CC1-B786-8BED09428FC5): 3
LogDevObjectVersion:   Dev-AnimPhys (29E575DD-E0A3-4627-9D10-D276232CDCEA): 17
LogDevObjectVersion:   Dev-ReflectionCapture (6B266CEC-1EC7-4B8F-A30B-E4D90942FC07): 1
LogDevObjectVersion:   Dev-Automation (0DF73D61-A23F-47EA-B727-89E90C41499A): 1
LogDevObjectVersion:   FortniteMain (601D1886-AC64-4F84-AA16-D3DE0DEAC7D6): 12
LogDevObjectVersion:   Dev-Enterprise (9DFFBCD6-494F-0158-E221-12823C92A888): 1
LogStreaming: Display: Took  0.001s to delete old logs.
LogInit: Presizing for max 8388607 objects, including 0 objects not considered by GC, pre-allocating 0 bytes for permanent pool.
LogInit: Object subsystem initialized
[2018.11.27-23.44.08:092][  0]LogInit: Selected Device Profile: [Windows]
[2018.11.27-23.44.08:092][  0]LogInit: Applying CVar settings loaded from the selected device profile: [Windows]
[2018.11.27-23.44.08:099][  0]LogHAL: Display: Platform has ~ 16 GB [17065697280 / 17179869184 / 16], which maps to Larger [LargestMinGB=32, LargerMinGB=12, DefaultMinGB=8, SmallerMinGB=6, SmallestMinGB=0)
[2018.11.27-23.44.08:099][  0]LogInit: Setting Device Profile CVar: [[r.Vulkan.UseRealUBs:1]]
[2018.11.27-23.44.08:099][  0]LogInit: Going up to parent DeviceProfile []
[2018.11.27-23.44.08:099][  0]LogInit: Computer: RAZER-BLADE
[2018.11.27-23.44.08:099][  0]LogInit: User: Phenrear
[2018.11.27-23.44.08:099][  0]LogInit: CPU Page size=4096, Cores=4
[2018.11.27-23.44.08:099][  0]LogInit: High frequency timer resolution =2.742188 MHz
[2018.11.27-23.44.08:100][  0]LogMemory: Memory total: Physical=15.9GB (16GB approx)
[2018.11.27-23.44.08:100][  0]LogMemory: Platform Memory Stats for Windows
[2018.11.27-23.44.08:100][  0]LogMemory: Process Physical Memory: 104.57 MB used, 104.57 MB peak
[2018.11.27-23.44.08:100][  0]LogMemory: Process Virtual Memory: 93.32 MB used, 93.32 MB peak
[2018.11.27-23.44.08:100][  0]LogMemory: Physical Memory: 8617.07 MB used,  7658.05 MB free, 16275.12 MB total
[2018.11.27-23.44.08:100][  0]LogMemory: Virtual Memory: 4648.81 MB used,  7658.05 MB free, 134217728.00 MB total
[2018.11.27-23.44.08:133][  0]LogInit: Using OS detected language (en-US).
[2018.11.27-23.44.08:133][  0]LogInit: Using OS detected locale (en-US).
[2018.11.27-23.44.08:134][  0]LogTextLocalizationManager: No specific localization for 'en-US' exists, so the 'en' localization will be used.
[2018.11.27-23.44.08:572][  0]LogStreaming: Display: Took  0.440s to InitEngineTextLocalization.
[2018.11.27-23.44.08:606][  0]LogSlate: New Slate User Created.  User Index 0, Is Virtual User: 0
[2018.11.27-23.44.08:606][  0]LogSlate: Slate User Registered.  User Index 0, Is Virtual User: 0
[2018.11.27-23.44.08:619][  0]LogHMD: Failed to initialize OpenVR with code 110
[2018.11.27-23.44.08:619][  0]LogD3D11RHI: D3D11 adapters:
[2018.11.27-23.44.08:690][  0]LogD3D11RHI:    0. 'NVIDIA GeForce GTX 1060' (Feature Level 11_0)
[2018.11.27-23.44.08:690][  0]LogD3D11RHI:       6052/0/8137 MB DedicatedVideo/DedicatedSystem/SharedSystem, Outputs:1, VendorId:0x10de
[2018.11.27-23.44.08:703][  0]LogD3D11RHI:    1. 'Intel(R) HD Graphics 630' (Feature Level 11_0)
[2018.11.27-23.44.08:703][  0]LogD3D11RHI:       128/0/8137 MB DedicatedVideo/DedicatedSystem/SharedSystem, Outputs:0, VendorId:0x8086
[2018.11.27-23.44.08:705][  0]LogD3D11RHI:    2. 'Microsoft Basic Render Driver' (Feature Level 11_0)
[2018.11.27-23.44.08:705][  0]LogD3D11RHI:       0/0/8137 MB DedicatedVideo/DedicatedSystem/SharedSystem, Outputs:0, VendorId:0x1414
[2018.11.27-23.44.08:705][  0]LogD3D11RHI: Chosen D3D11 Adapter: 0
[2018.11.27-23.44.08:721][  0]LogD3D11RHI: Creating new Direct3DDevice
[2018.11.27-23.44.08:722][  0]LogD3D11RHI:     GPU DeviceId: 0x1c20 (for the marketing name, search the web for "GPU Device Id")
[2018.11.27-23.44.08:722][  0]LogWindows: EnumDisplayDevices:
[2018.11.27-23.44.08:722][  0]LogWindows:    0. 'Intel(R) HD Graphics 630' (P:1 D:1)
[2018.11.27-23.44.08:722][  0]LogWindows:    1. 'Intel(R) HD Graphics 630' (P:0 D:0)
[2018.11.27-23.44.08:722][  0]LogWindows:    2. 'Intel(R) HD Graphics 630' (P:0 D:0)
[2018.11.27-23.44.08:723][  0]LogWindows:    3. 'NVIDIA GeForce GTX 1060' (P:0 D:0)
[2018.11.27-23.44.08:723][  0]LogWindows: DebugString: PrimaryIsNotTheChoosenAdapter PrimaryIsNotTheChoosenAdapter PrimaryIsNotTheChoosenAdapter 
[2018.11.27-23.44.08:723][  0]LogD3D11RHI:     Adapter Name: NVIDIA GeForce GTX 1060
[2018.11.27-23.44.08:723][  0]LogD3D11RHI:   Driver Version: 416.94 (internal:25.21.14.1694, unified:416.94)
[2018.11.27-23.44.08:723][  0]LogD3D11RHI:      Driver Date: 11-12-2018
[2018.11.27-23.44.08:723][  0]LogRHI: Texture pool is 4236 MB (70% of 6052 MB)
[2018.11.27-23.44.08:773][  0]LogD3D11RHI: Async texture creation enabled
[2018.11.27-23.44.08:792][  0]LogD3D11RHI: GPU Timing Frequency: 1000.000000 (Debug: 2 2)
[2018.11.27-23.44.08:793][  0]LogShaderCompilers: Guid format shader working directory is -20 characters bigger than the processId version (../../../../../../Users/Phenrear/Desktop/School/gift/Builds/GiftGame/Intermediate/Shaders/WorkingDirectory/18772/).
[2018.11.27-23.44.08:793][  0]LogShaderCompilers: Cleaned the shader compiler working directory 'C:/Users/Phenrear/AppData/Local/Temp/UnrealShaderWorkingDir/489132634D403DE87219A1998DE4699F/'.
[2018.11.27-23.44.09:089][  0]LogTemp: Display: Loaded TP WindowsClientTargetPlatform
[2018.11.27-23.44.09:103][  0]LogTemp: Display: Loaded TP WindowsNoEditorTargetPlatform
[2018.11.27-23.44.09:117][  0]LogTemp: Display: Loaded TP WindowsServerTargetPlatform
[2018.11.27-23.44.09:133][  0]LogTemp: Display: Loaded TP WindowsTargetPlatform
[2018.11.27-23.44.09:133][  0]LogTargetPlatformManager: Display: Building Assets For Windows
[2018.11.27-23.44.09:192][  0]LogXGEController: Cannot use XGE Controller as Incredibuild is not installed on this machine.
[2018.11.27-23.44.09:192][  0]LogShaderCompilers: Cannot use XGE Shader Compiler as Incredibuild is not installed on this machine.
[2018.11.27-23.44.09:192][  0]LogShaderCompilers: Display: Using Local Shader Compiler.
[2018.11.27-23.44.10:047][  0]LogDerivedDataCache: Display: Max Cache Size: 512 MB
[2018.11.27-23.44.10:111][  0]LogDerivedDataCache: Loaded boot cache 0.06s 71MB C:/Users/Phenrear/AppData/Local/UnrealEngine/4.20/DerivedDataCache/Boot.ddc.
[2018.11.27-23.44.10:111][  0]LogDerivedDataCache: Display: Loaded Boot cache: C:/Users/Phenrear/AppData/Local/UnrealEngine/4.20/DerivedDataCache/Boot.ddc
[2018.11.27-23.44.10:111][  0]LogDerivedDataCache: FDerivedDataBackendGraph:  Pak pak cache file ../../../../../../Users/Phenrear/Desktop/School/gift/Builds/GiftGame/DerivedDataCache/DDC.ddp not found, will not use a pak cache.
[2018.11.27-23.44.10:112][  0]LogDerivedDataCache: Unable to find inner node Pak for hierarchical cache Hierarchy.
[2018.11.27-23.44.10:112][  0]LogDerivedDataCache: FDerivedDataBackendGraph:  CompressedPak pak cache file ../../../../../../Users/Phenrear/Desktop/School/gift/Builds/GiftGame/DerivedDataCache/Compressed.ddp not found, will not use a pak cache.
[2018.11.27-23.44.10:112][  0]LogDerivedDataCache: Unable to find inner node CompressedPak for hierarchical cache Hierarchy.
[2018.11.27-23.44.10:128][  0]LogDerivedDataCache: Display: Pak cache opened for reading ../../../Engine/DerivedDataCache/Compressed.ddp.
[2018.11.27-23.44.10:140][  0]LogDerivedDataCache: Using Local data cache path C:/Users/Phenrear/AppData/Local/UnrealEngine/Common/DerivedDataCache: Writable
[2018.11.27-23.44.10:140][  0]LogDerivedDataCache: Shared data cache path not found in *engine.ini, will not use an Shared cache.
[2018.11.27-23.44.10:140][  0]LogDerivedDataCache: Unable to find inner node Shared for hierarchical cache Hierarchy.
[2018.11.27-23.44.10:163][  0]LogMaterial: Verifying Global Shaders for PCD3D_SM5
[2018.11.27-23.44.10:164][  0]LogSlate: Using FreeType 2.6.0
[2018.11.27-23.44.10:164][  0]LogSlate: SlateFontServices - WITH_FREETYPE: 1, WITH_HARFBUZZ: 1
[2018.11.27-23.44.10:207][  0]LogInit: Using OS detected language (en-US).
[2018.11.27-23.44.10:207][  0]LogInit: Using OS detected locale (en-US).
[2018.11.27-23.44.10:207][  0]LogTextLocalizationManager: No localization for 'en-US' exists, so 'en' will be used for the language.
[2018.11.27-23.44.10:207][  0]LogTextLocalizationManager: No localization for 'en-US' exists, so 'en' will be used for the locale.
[2018.11.27-23.44.10:525][  0]LogStreaming: Display: Took  0.319s to InitGameTextLocalization.
[2018.11.27-23.44.10:533][  0]LogAssetRegistry: FAssetRegistry took 0.0049 seconds to start up
[2018.11.27-23.44.10:771][  0]LogPackageLocalizationCache: Processed 11 localized package path(s) for 1 prioritized culture(s) in 0.017172 seconds
[2018.11.27-23.44.10:888][  0]LogInit: Selected Device Profile: [Windows]
[2018.11.27-23.44.11:027][  0]LogSimplygon: Simplygon DLL not present - disabling.
[2018.11.27-23.44.11:029][  0]LogMeshReduction: Using SimplygonSwarm for distributed automatic mesh merging
[2018.11.27-23.44.11:029][  0]LogMeshReduction: Using ProxyLODMeshReduction for automatic mesh merging
[2018.11.27-23.44.11:029][  0]LogMeshReduction: Using QuadricMeshReduction for automatic static mesh reduction
[2018.11.27-23.44.11:029][  0]LogMeshReduction: No automatic skeletal mesh reduction module available
[2018.11.27-23.44.11:048][  0]LogNetVersion: GiftGame 1.0.0, NetCL: 4212847, EngineNetVer: 5, GameNetVer: 0 (Checksum: 3731779599)
[2018.11.27-23.44.11:556][  0]LogMoviePlayer: Initializing movie player
[2018.11.27-23.44.11:766][  0]LogTcpMessaging: Initializing TcpMessaging bridge
[2018.11.27-23.44.11:778][  0]LogUdpMessaging: Initializing bridge on interface 0.0.0.0:0 to multicast group 230.0.0.1:6666.
[2018.11.27-23.44.11:866][  0]SourceControl: Source control is disabled
[2018.11.27-23.44.11:866][  0]SourceControl: Source control is disabled
[2018.11.27-23.44.11:868][  0]SourceControl: Source control is disabled
[2018.11.27-23.44.12:007][  0]LogAndroidPermission: UAndroidPermissionCallbackProxy::GetInstance
[2018.11.27-23.44.12:104][  0]LogOcInput: OculusInput pre-init called
[2018.11.27-23.44.12:116][  0]LogUObjectArray: 42168 objects as part of root set at end of initial load.
[2018.11.27-23.44.12:116][  0]LogUObjectAllocator: 7432352 out of 0 bytes used by permanent object pool.
[2018.11.27-23.44.12:116][  0]LogUObjectArray: CloseDisregardForGC: 0/0 objects in disregard for GC pool
[2018.11.27-23.44.12:184][  0]LogEngine: Initializing Engine...
[2018.11.27-23.44.12:184][  0]LogHMD: Failed to initialize OpenVR with code 110
[2018.11.27-23.44.12:198][  0]LogStats: UGameplayTagsManager::ConstructGameplayTagTree: ImportINI prefixes -  0.000 s
[2018.11.27-23.44.12:198][  0]LogStats: UGameplayTagsManager::ConstructGameplayTagTree: Construct from data asset -  0.000 s
[2018.11.27-23.44.12:199][  0]LogStats: UGameplayTagsManager::ConstructGameplayTagTree: ImportINI -  0.000 s
[2018.11.27-23.44.12:199][  0]LogStats: UGameplayTagsManager::ConstructGameplayTagTree: GameplayTagTreeChangedEvent.Broadcast -  0.000 s
[2018.11.27-23.44.12:399][  0]LogInit: Initializing FReadOnlyCVARCache
[2018.11.27-23.44.12:420][  0]LogInit: XAudio2 using 'Speakers (Razer Surround Audio Controller)' : 6 channels at 48 kHz using 16 bits per sample (channel mask 0x3f)
[2018.11.27-23.44.12:431][  0]LogInit: FAudioDevice initialized.
[2018.11.27-23.44.12:443][  0]LogNetVersion: Set ProjectVersion to 1.0.0.0. Version Checksum will be recalculated on next use.
[2018.11.27-23.44.12:443][  0]LogInit: Texture streaming: Enabled
[2018.11.27-23.44.12:605][  0]LogSlate: Updating window title bar state: overlay mode, drag disabled, window buttons hidden, title bar hidden
[2018.11.27-23.44.12:605][  0]LogInit: Display: Game Engine Initialized.
[2018.11.27-23.44.12:605][  0]LogGameplayTags: Display: UGameplayTagsManager::DoneAddingNativeTags. DelegateIsBound: 0
[2018.11.27-23.44.12:605][  0]LogStats: UGameplayTagsManager::ConstructGameplayTagTree: ImportINI prefixes -  0.000 s
[2018.11.27-23.44.12:605][  0]LogStats: UGameplayTagsManager::ConstructGameplayTagTree: Construct from data asset -  0.000 s
[2018.11.27-23.44.12:606][  0]LogStats: UGameplayTagsManager::ConstructGameplayTagTree: ImportINI -  0.000 s
[2018.11.27-23.44.12:606][  0]LogStats: UGameplayTagsManager::ConstructGameplayTagTree: GameplayTagTreeChangedEvent.Broadcast -  0.000 s
[2018.11.27-23.44.12:621][  0]LogInit: Display: Starting Game.
[2018.11.27-23.44.12:621][  0]LogNet: Browse: /Game/Maps/MainGame?Name=Player
[2018.11.27-23.44.12:622][  0]LogLoad: LoadMap: /Game/Maps/MainGame?Name=Player
[2018.11.27-23.44.13:402][  0]LogPhysics: Warning: Failed to cook TriMesh: /Game/Models/Lamp/Lamp/Lamp_Bar1.Lamp_Bar1.
[2018.11.27-23.44.13:402][  0]LogPhysics: Warning: Attempt to build physics data for /Game/Models/Lamp/Lamp/Lamp_Bar1.Lamp_Bar1:BodySetup_0 when we are unable to.
[2018.11.27-23.44.13:422][  0]LogPhysics: Warning: Failed to cook TriMesh: /Game/Models/Lamp/Lamp/Lamp_Bar8.Lamp_Bar8.
[2018.11.27-23.44.13:422][  0]LogPhysics: Warning: Attempt to build physics data for /Game/Models/Lamp/Lamp/Lamp_Bar8.Lamp_Bar8:BodySetup_0 when we are unable to.
[2018.11.27-23.44.13:422][  0]LogPhysics: Warning: Failed to cook TriMesh: /Game/Models/Lamp/Lamp/Lamp_Bar7.Lamp_Bar7.
[2018.11.27-23.44.13:422][  0]LogPhysics: Warning: Attempt to build physics data for /Game/Models/Lamp/Lamp/Lamp_Bar7.Lamp_Bar7:BodySetup_0 when we are unable to.
[2018.11.27-23.44.13:423][  0]LogPhysics: Warning: Failed to cook TriMesh: /Game/Models/Lamp/Lamp/Lamp_Bar6.Lamp_Bar6.
[2018.11.27-23.44.13:423][  0]LogPhysics: Warning: Attempt to build physics data for /Game/Models/Lamp/Lamp/Lamp_Bar6.Lamp_Bar6:BodySetup_0 when we are unable to.
[2018.11.27-23.44.13:423][  0]LogPhysics: Warning: Failed to cook TriMesh: /Game/Models/Lamp/Lamp/Lamp_Bar5.Lamp_Bar5.
[2018.11.27-23.44.13:423][  0]LogPhysics: Warning: Attempt to build physics data for /Game/Models/Lamp/Lamp/Lamp_Bar5.Lamp_Bar5:BodySetup_0 when we are unable to.
[2018.11.27-23.44.13:423][  0]LogPhysics: Warning: Failed to cook TriMesh: /Game/Models/Lamp/Lamp/Lamp_Bar3.Lamp_Bar3.
[2018.11.27-23.44.13:423][  0]LogPhysics: Warning: Attempt to build physics data for /Game/Models/Lamp/Lamp/Lamp_Bar3.Lamp_Bar3:BodySetup_0 when we are unable to.
[2018.11.27-23.44.13:639][  0]LogAIModule: Creating AISystem for world MainGame
[2018.11.27-23.44.13:639][  0]LogLoad: Game class is 'MenuGameMode_C'
[2018.11.27-23.44.13:653][  0]LogWorld: Bringing World /Game/Maps/MainGame.MainGame up for play (max tick rate 0) at 2018.11.27-17.44.13
[2018.11.27-23.44.13:654][  0]LogWorld: Bringing up level for play took: 0.013241
[2018.11.27-23.44.13:654][  0]LogGameMode: FindPlayerStart: PATHS NOT DEFINED or NO PLAYERSTART with positive rating
[2018.11.27-23.44.13:664][  0]LogSlate: Took 0.000187 seconds to synchronously load lazily loaded font '../../../Engine/Content/Slate/Fonts/Roboto-Regular.ttf' (155K)
[2018.11.27-23.44.13:665][  0]LogBlueprintUserMessages: [MainMenuWidget_C_0] 1
[2018.11.27-23.44.13:665][  0]LogScript: Warning: Script Msg: Attempted to set an invalid index on array PlayerArray [1/0]!
[2018.11.27-23.44.13:665][  0]LogBlueprintUserMessages: [MainMenuWidget_C_0] 2
[2018.11.27-23.44.13:665][  0]LogScript: Warning: Script Msg: Attempted to set an invalid index on array PlayerArray [2/1]!
[2018.11.27-23.44.13:665][  0]LogBlueprintUserMessages: [MainMenuWidget_C_0] 3
[2018.11.27-23.44.13:665][  0]LogScript: Warning: Script Msg: Attempted to set an invalid index on array PlayerArray [3/2]!
[2018.11.27-23.44.13:666][  0]LogLoad: Took 1.043552 seconds to LoadMap(/Game/Maps/MainGame)
[2018.11.27-23.44.13:734][  0]LogRenderer: Reallocating scene render targets to support 1280x720 Format 10 NumSamples 1 (Frame:1).
[2018.11.27-23.44.13:734][  0]LogLoad: (Engine Initialization) Total time: 7.28 seconds
[2018.11.27-23.44.13:734][  0]LogLoad: (Engine Initialization) Total Blueprint compile time: 0.00 seconds
[2018.11.27-23.44.13:763][  0]LogWindowsTextInputMethodSystem: Display: IME system now deactivated.
[2018.11.27-23.44.13:767][  0]LogContentStreaming: Texture pool size now 1000 MB
[2018.11.27-23.44.22:861][551]Set new viewmode: Wireframe
