Log file open, 11/27/18 17:44:28
LogWindows: Failed to load 'aqProf.dll' (GetLastError=126)
LogWindows: File 'aqProf.dll' does not exist
LogWindows: Failed to load 'VtuneApi.dll' (GetLastError=126)
LogWindows: File 'VtuneApi.dll' does not exist
LogWindows: Failed to load 'VtuneApi32e.dll' (GetLastError=126)
LogWindows: File 'VtuneApi32e.dll' does not exist
LogInit: Display: Running engine for game: GiftGame
LogPlatformFile: Not using cached read wrapper
LogTaskGraph: Started task graph with 5 named threads and 23 total threads with 3 sets of task threads.
LogStats: Stats thread started at 0.320770
LogD3D11RHI: Loaded GFSDK_Aftermath_Lib.x64.dll
LogICUInternationalization: Display: ICU TimeZone Detection - Raw Offset: -6:00, Platform Override: ''
LogPluginManager: Mounting plugin Paper2D
LogPluginManager: Mounting plugin AISupport
LogPluginManager: Mounting plugin LightPropagationVolume
LogPluginManager: Mounting plugin CLionSourceCodeAccess
LogPluginManager: Mounting plugin CodeLiteSourceCodeAccess
LogPluginManager: Mounting plugin GitSourceControl
LogPluginManager: Mounting plugin KDevelopSourceCodeAccess
LogPluginManager: Mounting plugin NullSourceCodeAccess
LogPluginManager: Mounting plugin PerforceSourceControl
LogPluginManager: Mounting plugin SubversionSourceControl
LogPluginManager: Mounting plugin UObjectPlugin
LogPluginManager: Mounting plugin VisualStudioCodeSourceCodeAccess
LogPluginManager: Mounting plugin VisualStudioSourceCodeAccess
LogPluginManager: Mounting plugin XCodeSourceCodeAccess
LogPluginManager: Mounting plugin AssetManagerEditor
LogPluginManager: Mounting plugin CryptoKeys
LogPluginManager: Mounting plugin DataValidation
LogPluginManager: Mounting plugin FacialAnimation
LogPluginManager: Mounting plugin GameplayTagsEditor
LogPluginManager: Mounting plugin MacGraphicsSwitching
LogPluginManager: Mounting plugin MeshEditor
LogPluginManager: Mounting plugin MobileLauncherProfileWizard
LogPluginManager: Mounting plugin PluginBrowser
LogPluginManager: Mounting plugin SpeedTreeImporter
LogPluginManager: Mounting plugin DatasmithContent
LogPluginManager: Mounting plugin AlembicImporter
LogPluginManager: Mounting plugin AppleImageUtils
LogPluginManager: Mounting plugin AppleVision
LogPluginManager: Mounting plugin BackChannel
LogPluginManager: Mounting plugin CharacterAI
LogPluginManager: Mounting plugin GeometryCache
LogPluginManager: Mounting plugin HTML5Networking
LogPluginManager: Mounting plugin ProxyLODPlugin
LogPluginManager: Mounting plugin MagicLeap
LogPluginManager: Mounting plugin MagicLeapEmulator
LogPluginManager: Mounting plugin MagicLeapMedia
LogPluginManager: Mounting plugin AndroidMedia
LogPluginManager: Mounting plugin AvfMedia
LogPluginManager: Mounting plugin ImgMedia
LogPluginManager: Mounting plugin LinearTimecode
LogPluginManager: Mounting plugin MediaCompositing
LogPluginManager: Mounting plugin MediaPlayerEditor
LogPluginManager: Mounting plugin WmfMedia
LogPluginManager: Mounting plugin TcpMessaging
LogPluginManager: Mounting plugin UdpMessaging
LogPluginManager: Mounting plugin ActorSequence
LogPluginManager: Mounting plugin LevelSequenceEditor
LogPluginManager: Mounting plugin MatineeToLevelSequence
LogPluginManager: Mounting plugin NetcodeUnitTest
LogPluginManager: Mounting plugin NUTUnrealEngine4
LogPluginManager: Mounting plugin OnlineSubsystemGooglePlay
LogPluginManager: Mounting plugin OnlineSubsystemIOS
LogPluginManager: Mounting plugin OnlineSubsystem
LogPluginManager: Mounting plugin OnlineSubsystemNull
LogPluginManager: Mounting plugin OnlineSubsystemUtils
LogPluginManager: Mounting plugin LauncherChunkInstaller
LogPluginManager: Mounting plugin AndroidDeviceProfileSelector
LogPluginManager: Mounting plugin AndroidMoviePlayer
LogPluginManager: Mounting plugin AndroidPermission
LogPluginManager: Mounting plugin AppleMoviePlayer
LogPluginManager: Mounting plugin ArchVisCharacter
LogPluginManager: Mounting plugin AudioCapture
LogPluginManager: Mounting plugin CableComponent
LogPluginManager: Mounting plugin CustomMeshComponent
LogPluginManager: Mounting plugin EditableMesh
LogPluginManager: Mounting plugin ExampleDeviceProfileSelector
LogPluginManager: Mounting plugin GoogleCloudMessaging
LogPluginManager: Mounting plugin ImmediatePhysics
LogPluginManager: Mounting plugin IOSDeviceProfileSelector
LogPluginManager: Mounting plugin LinuxDeviceProfileSelector
LogPluginManager: Mounting plugin LocationServicesBPLibrary
LogPluginManager: Mounting plugin MobilePatchingUtils
LogPluginManager: Mounting plugin OculusVR
LogPluginManager: Plugin shader directory ../../../Engine/Plugins/Runtime/Oculus/OculusVR/Shaders found
LogPluginManager: Mapping shader source directory ../../../Engine/Plugins/Runtime/Oculus/OculusVR/Shaders to virtual directory /Plugin/OculusVR
LogPluginManager: Mounting plugin PhysXVehicles
LogPluginManager: Mounting plugin ProceduralMeshComponent
LogPluginManager: Mounting plugin RuntimePhysXCooking
LogPluginManager: Mounting plugin SteamVR
LogPluginManager: Mounting plugin WindowsMoviePlayer
LogStreaming: Display: Took  0.056s to configure plugins.
LogInit: Using libcurl 7.55.1-DEV
LogInit:  - built for x86_64-pc-win32
LogInit:  - supports SSL with OpenSSL/1.0.2h
LogInit:  - supports HTTP deflate (compression) using libz 1.2.8
LogInit:  - other features:
LogInit:      CURL_VERSION_SSL
LogInit:      CURL_VERSION_LIBZ
LogInit:      CURL_VERSION_IPV6
LogInit:      CURL_VERSION_ASYNCHDNS
LogInit:      CURL_VERSION_LARGEFILE
LogInit:      CURL_VERSION_IDN
LogInit:  CurlRequestOptions (configurable via config and command line):
LogInit:  - bVerifyPeer = false  - Libcurl will NOT verify peer certificate
LogInit:  - bUseHttpProxy = false  - Libcurl will NOT use HTTP proxy
LogInit:  - bDontReuseConnections = false  - Libcurl will reuse connections
LogInit:  - CertBundlePath = nullptr  - Libcurl will use whatever was configured at build time.
LogInit:  - MaxHostConnections = 16  - Libcurl will limit the number of connections to a host
LogInit:  - LocalHostAddr = Default
LogInit:  - BufferSize = 65536
LogInit: WinSock: version 1.1 (2.2), MaxSocks=32767, MaxUdp=65467
LogInit: Build: ++UE4+Release-4.20-CL-4302132
LogInit: Engine Version: 4.20.2-4302132+++UE4+Release-4.20
LogInit: Compatible Engine Version: 4.20.0-4212847+++UE4+Release-4.20
LogInit: Net CL: 4212847
LogInit: OS: Windows 10 (), CPU: Intel(R) Core(TM) i7-7700HQ CPU @ 2.80GHz, GPU: Intel(R) HD Graphics 630
LogInit: Compiled (64-bit): Aug 21 2018 02:06:06
LogInit: Compiled with Visual C++: 19.13.26129.00
LogInit: Build Configuration: Development
LogInit: Branch Name: ++UE4+Release-4.20
LogInit: Command Line:  /Game/Maps/MainGame -game -PIEVIACONSOLE -ResX=576 -ResY=1024  -Multiprocess -messaging -SessionName="Play in Standalone Game" -windowed 
LogInit: Base Directory: C:/Program Files/Epic Games/UE_4.20/Engine/Binaries/Win64/
LogInit: Installed Engine Build: 1
LogDevObjectVersion: Number of dev versions registered: 20
LogDevObjectVersion:   Dev-Blueprints (B0D832E4-1F89-4F0D-ACCF-7EB736FD4AA2): 10
LogDevObjectVersion:   Dev-Build (E1C64328-A22C-4D53-A36C-8E866417BD8C): 0
LogDevObjectVersion:   Dev-Core (375EC13C-06E4-48FB-B500-84F0262A717E): 2
LogDevObjectVersion:   Dev-Editor (E4B068ED-F494-42E9-A231-DA0B2E46BB41): 24
LogDevObjectVersion:   Dev-Framework (CFFC743F-43B0-4480-9391-14DF171D2073): 34
LogDevObjectVersion:   Dev-Mobile (B02B49B5-BB20-44E9-A304-32B752E40360): 2
LogDevObjectVersion:   Dev-Networking (A4E4105C-59A1-49B5-A7C5-40C4547EDFEE): 0
LogDevObjectVersion:   Dev-Online (39C831C9-5AE6-47DC-9A44-9C173E1C8E7C): 0
LogDevObjectVersion:   Dev-Physics (78F01B33-EBEA-4F98-B9B4-84EACCB95AA2): 0
LogDevObjectVersion:   Dev-Platform (6631380F-2D4D-43E0-8009-CF276956A95A): 0
LogDevObjectVersion:   Dev-Rendering (12F88B9F-8875-4AFC-A67C-D90C383ABD29): 26
LogDevObjectVersion:   Dev-Sequencer (7B5AE74C-D270-4C10-A958-57980B212A5A): 9
LogDevObjectVersion:   Dev-VR (D7296918-1DD6-4BDD-9DE2-64A83CC13884): 2
LogDevObjectVersion:   Dev-LoadTimes (C2A15278-BFE7-4AFE-6C17-90FF531DF755): 1
LogDevObjectVersion:   Private-Geometry (6EACA3D4-40EC-4CC1-B786-8BED09428FC5): 3
LogDevObjectVersion:   Dev-AnimPhys (29E575DD-E0A3-4627-9D10-D276232CDCEA): 17
LogDevObjectVersion:   Dev-ReflectionCapture (6B266CEC-1EC7-4B8F-A30B-E4D90942FC07): 1
LogDevObjectVersion:   Dev-Automation (0DF73D61-A23F-47EA-B727-89E90C41499A): 1
LogDevObjectVersion:   FortniteMain (601D1886-AC64-4F84-AA16-D3DE0DEAC7D6): 12
LogDevObjectVersion:   Dev-Enterprise (9DFFBCD6-494F-0158-E221-12823C92A888): 1
LogStreaming: Display: Took  0.001s to delete old logs.
LogInit: Presizing for max 8388607 objects, including 0 objects not considered by GC, pre-allocating 0 bytes for permanent pool.
LogInit: Object subsystem initialized
[2018.11.27-23.44.28:608][  0]LogInit: Selected Device Profile: [Windows]
[2018.11.27-23.44.28:608][  0]LogInit: Applying CVar settings loaded from the selected device profile: [Windows]
[2018.11.27-23.44.28:612][  0]LogHAL: Display: Platform has ~ 16 GB [17065697280 / 17179869184 / 16], which maps to Larger [LargestMinGB=32, LargerMinGB=12, DefaultMinGB=8, SmallerMinGB=6, SmallestMinGB=0)
[2018.11.27-23.44.28:612][  0]LogInit: Setting Device Profile CVar: [[r.Vulkan.UseRealUBs:1]]
[2018.11.27-23.44.28:612][  0]LogInit: Going up to parent DeviceProfile []
[2018.11.27-23.44.28:613][  0]LogInit: Computer: RAZER-BLADE
[2018.11.27-23.44.28:613][  0]LogInit: User: Phenrear
[2018.11.27-23.44.28:613][  0]LogInit: CPU Page size=4096, Cores=4
[2018.11.27-23.44.28:613][  0]LogInit: High frequency timer resolution =2.742188 MHz
[2018.11.27-23.44.28:613][  0]LogMemory: Memory total: Physical=15.9GB (16GB approx)
[2018.11.27-23.44.28:613][  0]LogMemory: Platform Memory Stats for Windows
[2018.11.27-23.44.28:613][  0]LogMemory: Process Physical Memory: 104.66 MB used, 104.66 MB peak
[2018.11.27-23.44.28:613][  0]LogMemory: Process Virtual Memory: 93.47 MB used, 93.47 MB peak
[2018.11.27-23.44.28:613][  0]LogMemory: Physical Memory: 8888.15 MB used,  7386.97 MB free, 16275.12 MB total
[2018.11.27-23.44.28:613][  0]LogMemory: Virtual Memory: 4648.81 MB used,  7386.97 MB free, 134217728.00 MB total
[2018.11.27-23.44.28:646][  0]LogInit: Using OS detected language (en-US).
[2018.11.27-23.44.28:646][  0]LogInit: Using OS detected locale (en-US).
[2018.11.27-23.44.28:647][  0]LogTextLocalizationManager: No specific localization for 'en-US' exists, so the 'en' localization will be used.
[2018.11.27-23.44.29:121][  0]LogStreaming: Display: Took  0.475s to InitEngineTextLocalization.
[2018.11.27-23.44.29:153][  0]LogSlate: New Slate User Created.  User Index 0, Is Virtual User: 0
[2018.11.27-23.44.29:153][  0]LogSlate: Slate User Registered.  User Index 0, Is Virtual User: 0
[2018.11.27-23.44.29:163][  0]LogHMD: Failed to initialize OpenVR with code 110
[2018.11.27-23.44.29:163][  0]LogD3D11RHI: D3D11 adapters:
[2018.11.27-23.44.29:243][  0]LogD3D11RHI:    0. 'NVIDIA GeForce GTX 1060' (Feature Level 11_0)
[2018.11.27-23.44.29:243][  0]LogD3D11RHI:       6052/0/8137 MB DedicatedVideo/DedicatedSystem/SharedSystem, Outputs:1, VendorId:0x10de
[2018.11.27-23.44.29:258][  0]LogD3D11RHI:    1. 'Intel(R) HD Graphics 630' (Feature Level 11_0)
[2018.11.27-23.44.29:258][  0]LogD3D11RHI:       128/0/8137 MB DedicatedVideo/DedicatedSystem/SharedSystem, Outputs:0, VendorId:0x8086
[2018.11.27-23.44.29:260][  0]LogD3D11RHI:    2. 'Microsoft Basic Render Driver' (Feature Level 11_0)
[2018.11.27-23.44.29:260][  0]LogD3D11RHI:       0/0/8137 MB DedicatedVideo/DedicatedSystem/SharedSystem, Outputs:0, VendorId:0x1414
[2018.11.27-23.44.29:260][  0]LogD3D11RHI: Chosen D3D11 Adapter: 0
[2018.11.27-23.44.29:276][  0]LogD3D11RHI: Creating new Direct3DDevice
[2018.11.27-23.44.29:276][  0]LogD3D11RHI:     GPU DeviceId: 0x1c20 (for the marketing name, search the web for "GPU Device Id")
[2018.11.27-23.44.29:276][  0]LogWindows: EnumDisplayDevices:
[2018.11.27-23.44.29:276][  0]LogWindows:    0. 'Intel(R) HD Graphics 630' (P:1 D:1)
[2018.11.27-23.44.29:277][  0]LogWindows:    1. 'Intel(R) HD Graphics 630' (P:0 D:0)
[2018.11.27-23.44.29:277][  0]LogWindows:    2. 'Intel(R) HD Graphics 630' (P:0 D:0)
[2018.11.27-23.44.29:277][  0]LogWindows:    3. 'NVIDIA GeForce GTX 1060' (P:0 D:0)
[2018.11.27-23.44.29:277][  0]LogWindows: DebugString: PrimaryIsNotTheChoosenAdapter PrimaryIsNotTheChoosenAdapter PrimaryIsNotTheChoosenAdapter 
[2018.11.27-23.44.29:277][  0]LogD3D11RHI:     Adapter Name: NVIDIA GeForce GTX 1060
[2018.11.27-23.44.29:277][  0]LogD3D11RHI:   Driver Version: 416.94 (internal:25.21.14.1694, unified:416.94)
[2018.11.27-23.44.29:277][  0]LogD3D11RHI:      Driver Date: 11-12-2018
[2018.11.27-23.44.29:277][  0]LogRHI: Texture pool is 4236 MB (70% of 6052 MB)
[2018.11.27-23.44.29:324][  0]LogD3D11RHI: Async texture creation enabled
[2018.11.27-23.44.29:342][  0]LogD3D11RHI: GPU Timing Frequency: 1000.000000 (Debug: 2 2)
[2018.11.27-23.44.29:343][  0]LogShaderCompilers: Guid format shader working directory is -20 characters bigger than the processId version (../../../../../../Users/Phenrear/Desktop/School/gift/Builds/GiftGame/Intermediate/Shaders/WorkingDirectory/23856/).
[2018.11.27-23.44.29:343][  0]LogShaderCompilers: Cleaned the shader compiler working directory 'C:/Users/Phenrear/AppData/Local/Temp/UnrealShaderWorkingDir/CE3A0D4D47272277155B65B458981B7E/'.
[2018.11.27-23.44.29:646][  0]LogTemp: Display: Loaded TP WindowsClientTargetPlatform
[2018.11.27-23.44.29:662][  0]LogTemp: Display: Loaded TP WindowsNoEditorTargetPlatform
[2018.11.27-23.44.29:679][  0]LogTemp: Display: Loaded TP WindowsServerTargetPlatform
[2018.11.27-23.44.29:695][  0]LogTemp: Display: Loaded TP WindowsTargetPlatform
[2018.11.27-23.44.29:695][  0]LogTargetPlatformManager: Display: Building Assets For Windows
[2018.11.27-23.44.29:770][  0]LogXGEController: Cannot use XGE Controller as Incredibuild is not installed on this machine.
[2018.11.27-23.44.29:770][  0]LogShaderCompilers: Cannot use XGE Shader Compiler as Incredibuild is not installed on this machine.
[2018.11.27-23.44.29:770][  0]LogShaderCompilers: Display: Using Local Shader Compiler.
[2018.11.27-23.44.30:592][  0]LogDerivedDataCache: Display: Max Cache Size: 512 MB
[2018.11.27-23.44.30:645][  0]LogDerivedDataCache: Loaded boot cache 0.05s 71MB C:/Users/Phenrear/AppData/Local/UnrealEngine/4.20/DerivedDataCache/Boot.ddc.
[2018.11.27-23.44.30:646][  0]LogDerivedDataCache: Display: Loaded Boot cache: C:/Users/Phenrear/AppData/Local/UnrealEngine/4.20/DerivedDataCache/Boot.ddc
[2018.11.27-23.44.30:646][  0]LogDerivedDataCache: FDerivedDataBackendGraph:  Pak pak cache file ../../../../../../Users/Phenrear/Desktop/School/gift/Builds/GiftGame/DerivedDataCache/DDC.ddp not found, will not use a pak cache.
[2018.11.27-23.44.30:646][  0]LogDerivedDataCache: Unable to find inner node Pak for hierarchical cache Hierarchy.
[2018.11.27-23.44.30:646][  0]LogDerivedDataCache: FDerivedDataBackendGraph:  CompressedPak pak cache file ../../../../../../Users/Phenrear/Desktop/School/gift/Builds/GiftGame/DerivedDataCache/Compressed.ddp not found, will not use a pak cache.
[2018.11.27-23.44.30:646][  0]LogDerivedDataCache: Unable to find inner node CompressedPak for hierarchical cache Hierarchy.
[2018.11.27-23.44.30:660][  0]LogDerivedDataCache: Display: Pak cache opened for reading ../../../Engine/DerivedDataCache/Compressed.ddp.
[2018.11.27-23.44.30:673][  0]LogDerivedDataCache: Using Local data cache path C:/Users/Phenrear/AppData/Local/UnrealEngine/Common/DerivedDataCache: Writable
[2018.11.27-23.44.30:673][  0]LogDerivedDataCache: Shared data cache path not found in *engine.ini, will not use an Shared cache.
[2018.11.27-23.44.30:673][  0]LogDerivedDataCache: Unable to find inner node Shared for hierarchical cache Hierarchy.
[2018.11.27-23.44.30:692][  0]LogMaterial: Verifying Global Shaders for PCD3D_SM5
[2018.11.27-23.44.30:694][  0]LogSlate: Using FreeType 2.6.0
[2018.11.27-23.44.30:694][  0]LogSlate: SlateFontServices - WITH_FREETYPE: 1, WITH_HARFBUZZ: 1
[2018.11.27-23.44.30:744][  0]LogInit: Using OS detected language (en-US).
[2018.11.27-23.44.30:744][  0]LogInit: Using OS detected locale (en-US).
[2018.11.27-23.44.30:744][  0]LogTextLocalizationManager: No localization for 'en-US' exists, so 'en' will be used for the language.
[2018.11.27-23.44.30:744][  0]LogTextLocalizationManager: No localization for 'en-US' exists, so 'en' will be used for the locale.
[2018.11.27-23.44.31:078][  0]LogStreaming: Display: Took  0.334s to InitGameTextLocalization.
[2018.11.27-23.44.31:088][  0]LogAssetRegistry: FAssetRegistry took 0.0049 seconds to start up
[2018.11.27-23.44.31:312][  0]LogPackageLocalizationCache: Processed 11 localized package path(s) for 1 prioritized culture(s) in 0.017580 seconds
[2018.11.27-23.44.31:432][  0]LogInit: Selected Device Profile: [Windows]
[2018.11.27-23.44.31:570][  0]LogSimplygon: Simplygon DLL not present - disabling.
[2018.11.27-23.44.31:574][  0]LogMeshReduction: Using SimplygonSwarm for distributed automatic mesh merging
[2018.11.27-23.44.31:574][  0]LogMeshReduction: Using ProxyLODMeshReduction for automatic mesh merging
[2018.11.27-23.44.31:574][  0]LogMeshReduction: Using QuadricMeshReduction for automatic static mesh reduction
[2018.11.27-23.44.31:574][  0]LogMeshReduction: No automatic skeletal mesh reduction module available
[2018.11.27-23.44.31:593][  0]LogNetVersion: GiftGame 1.0.0, NetCL: 4212847, EngineNetVer: 5, GameNetVer: 0 (Checksum: 3731779599)
[2018.11.27-23.44.32:156][  0]LogMoviePlayer: Initializing movie player
[2018.11.27-23.44.32:373][  0]LogTcpMessaging: Initializing TcpMessaging bridge
[2018.11.27-23.44.32:386][  0]LogUdpMessaging: Initializing bridge on interface 0.0.0.0:0 to multicast group 230.0.0.1:6666.
[2018.11.27-23.44.32:477][  0]SourceControl: Source control is disabled
[2018.11.27-23.44.32:477][  0]SourceControl: Source control is disabled
[2018.11.27-23.44.32:478][  0]SourceControl: Source control is disabled
[2018.11.27-23.44.32:614][  0]LogAndroidPermission: UAndroidPermissionCallbackProxy::GetInstance
[2018.11.27-23.44.32:708][  0]LogOcInput: OculusInput pre-init called
[2018.11.27-23.44.32:717][  0]LogUObjectArray: 42168 objects as part of root set at end of initial load.
[2018.11.27-23.44.32:717][  0]LogUObjectAllocator: 7432352 out of 0 bytes used by permanent object pool.
[2018.11.27-23.44.32:717][  0]LogUObjectArray: CloseDisregardForGC: 0/0 objects in disregard for GC pool
[2018.11.27-23.44.32:772][  0]LogEngine: Initializing Engine...
[2018.11.27-23.44.32:773][  0]LogHMD: Failed to initialize OpenVR with code 110
[2018.11.27-23.44.32:786][  0]LogStats: UGameplayTagsManager::ConstructGameplayTagTree: ImportINI prefixes -  0.000 s
[2018.11.27-23.44.32:786][  0]LogStats: UGameplayTagsManager::ConstructGameplayTagTree: Construct from data asset -  0.000 s
[2018.11.27-23.44.32:786][  0]LogStats: UGameplayTagsManager::ConstructGameplayTagTree: ImportINI -  0.000 s
[2018.11.27-23.44.32:786][  0]LogStats: UGameplayTagsManager::ConstructGameplayTagTree: GameplayTagTreeChangedEvent.Broadcast -  0.000 s
[2018.11.27-23.44.32:972][  0]LogInit: Initializing FReadOnlyCVARCache
[2018.11.27-23.44.32:997][  0]LogInit: XAudio2 using 'Speakers (Razer Surround Audio Controller)' : 6 channels at 48 kHz using 16 bits per sample (channel mask 0x3f)
[2018.11.27-23.44.33:011][  0]LogInit: FAudioDevice initialized.
[2018.11.27-23.44.33:023][  0]LogNetVersion: Set ProjectVersion to 1.0.0.0. Version Checksum will be recalculated on next use.
[2018.11.27-23.44.33:023][  0]LogInit: Texture streaming: Enabled
[2018.11.27-23.44.33:187][  0]LogSlate: Updating window title bar state: overlay mode, drag disabled, window buttons hidden, title bar hidden
[2018.11.27-23.44.33:187][  0]LogInit: Display: Game Engine Initialized.
[2018.11.27-23.44.33:187][  0]LogGameplayTags: Display: UGameplayTagsManager::DoneAddingNativeTags. DelegateIsBound: 0
[2018.11.27-23.44.33:187][  0]LogStats: UGameplayTagsManager::ConstructGameplayTagTree: ImportINI prefixes -  0.000 s
[2018.11.27-23.44.33:187][  0]LogStats: UGameplayTagsManager::ConstructGameplayTagTree: Construct from data asset -  0.000 s
[2018.11.27-23.44.33:188][  0]LogStats: UGameplayTagsManager::ConstructGameplayTagTree: ImportINI -  0.000 s
[2018.11.27-23.44.33:188][  0]LogStats: UGameplayTagsManager::ConstructGameplayTagTree: GameplayTagTreeChangedEvent.Broadcast -  0.000 s
[2018.11.27-23.44.33:208][  0]LogInit: Display: Starting Game.
[2018.11.27-23.44.33:208][  0]LogNet: Browse: /Game/Maps/MainGame?Name=Player
[2018.11.27-23.44.33:209][  0]LogLoad: LoadMap: /Game/Maps/MainGame?Name=Player
[2018.11.27-23.44.34:000][  0]LogPhysics: Warning: Failed to cook TriMesh: /Game/Models/Lamp/Lamp/Lamp_Bar7.Lamp_Bar7.
[2018.11.27-23.44.34:000][  0]LogPhysics: Warning: Attempt to build physics data for /Game/Models/Lamp/Lamp/Lamp_Bar7.Lamp_Bar7:BodySetup_0 when we are unable to.
[2018.11.27-23.44.34:000][  0]LogPhysics: Warning: Failed to cook TriMesh: /Game/Models/Lamp/Lamp/Lamp_Bar6.Lamp_Bar6.
[2018.11.27-23.44.34:000][  0]LogPhysics: Warning: Attempt to build physics data for /Game/Models/Lamp/Lamp/Lamp_Bar6.Lamp_Bar6:BodySetup_0 when we are unable to.
[2018.11.27-23.44.34:000][  0]LogPhysics: Warning: Failed to cook TriMesh: /Game/Models/Lamp/Lamp/Lamp_Bar5.Lamp_Bar5.
[2018.11.27-23.44.34:000][  0]LogPhysics: Warning: Attempt to build physics data for /Game/Models/Lamp/Lamp/Lamp_Bar5.Lamp_Bar5:BodySetup_0 when we are unable to.
[2018.11.27-23.44.34:001][  0]LogPhysics: Warning: Failed to cook TriMesh: /Game/Models/Lamp/Lamp/Lamp_Bar3.Lamp_Bar3.
[2018.11.27-23.44.34:001][  0]LogPhysics: Warning: Attempt to build physics data for /Game/Models/Lamp/Lamp/Lamp_Bar3.Lamp_Bar3:BodySetup_0 when we are unable to.
[2018.11.27-23.44.34:001][  0]LogPhysics: Warning: Failed to cook TriMesh: /Game/Models/Lamp/Lamp/Lamp_Bar1.Lamp_Bar1.
[2018.11.27-23.44.34:001][  0]LogPhysics: Warning: Attempt to build physics data for /Game/Models/Lamp/Lamp/Lamp_Bar1.Lamp_Bar1:BodySetup_0 when we are unable to.
[2018.11.27-23.44.34:019][  0]LogPhysics: Warning: Failed to cook TriMesh: /Game/Models/Lamp/Lamp/Lamp_Bar8.Lamp_Bar8.
[2018.11.27-23.44.34:019][  0]LogPhysics: Warning: Attempt to build physics data for /Game/Models/Lamp/Lamp/Lamp_Bar8.Lamp_Bar8:BodySetup_0 when we are unable to.
[2018.11.27-23.44.34:169][  0]LogAIModule: Creating AISystem for world MainGame
[2018.11.27-23.44.34:169][  0]LogLoad: Game class is 'MenuGameMode_C'
[2018.11.27-23.44.34:184][  0]LogWorld: Bringing World /Game/Maps/MainGame.MainGame up for play (max tick rate 0) at 2018.11.27-17.44.34
[2018.11.27-23.44.34:184][  0]LogWorld: Bringing up level for play took: 0.013816
[2018.11.27-23.44.34:185][  0]LogGameMode: FindPlayerStart: PATHS NOT DEFINED or NO PLAYERSTART with positive rating
[2018.11.27-23.44.34:192][  0]LogSlate: Took 0.000164 seconds to synchronously load lazily loaded font '../../../Engine/Content/Slate/Fonts/Roboto-Regular.ttf' (155K)
[2018.11.27-23.44.34:194][  0]LogBlueprintUserMessages: [MainMenuWidget_C_0] 1
[2018.11.27-23.44.34:194][  0]LogScript: Warning: Script Msg: Attempted to set an invalid index on array PlayerArray [1/0]!
[2018.11.27-23.44.34:195][  0]LogBlueprintUserMessages: [MainMenuWidget_C_0] 2
[2018.11.27-23.44.34:195][  0]LogScript: Warning: Script Msg: Attempted to set an invalid index on array PlayerArray [2/1]!
[2018.11.27-23.44.34:196][  0]LogBlueprintUserMessages: [MainMenuWidget_C_0] 3
[2018.11.27-23.44.34:196][  0]LogScript: Warning: Script Msg: Attempted to set an invalid index on array PlayerArray [3/2]!
[2018.11.27-23.44.34:196][  0]LogLoad: Took 0.987270 seconds to LoadMap(/Game/Maps/MainGame)
[2018.11.27-23.44.34:263][  0]LogRenderer: Reallocating scene render targets to support 1280x720 Format 10 NumSamples 1 (Frame:1).
[2018.11.27-23.44.34:263][  0]LogLoad: (Engine Initialization) Total time: 7.48 seconds
[2018.11.27-23.44.34:263][  0]LogLoad: (Engine Initialization) Total Blueprint compile time: 0.00 seconds
[2018.11.27-23.44.34:308][  0]LogWindowsTextInputMethodSystem: Display: IME system now deactivated.
[2018.11.27-23.44.34:313][  0]LogContentStreaming: Texture pool size now 1000 MB
[2018.11.27-23.44.46:035][712]LogSlate: Window 'GiftGame (64-bit Development PCD3D_SM5) ' being destroyed
[2018.11.27-23.44.46:041][712]LogWindowsTextInputMethodSystem: Display: IME system now deactivated.
[2018.11.27-23.44.46:048][712]LogSlate: Updating window title bar state: overlay mode, drag disabled, window buttons hidden, title bar hidden
[2018.11.27-23.44.46:048][712]LogEngine: All Windows Closed
[2018.11.27-23.44.46:048][712]LogWindows: FPlatformMisc::RequestExit(0)
[2018.11.27-23.44.46:786][713]LogExit: Preparing to exit.
[2018.11.27-23.44.46:787][713]LogMoviePlayer: Shutting down movie player
[2018.11.27-23.44.47:410][713]LogSlate: Updating window title bar state: overlay mode, drag disabled, window buttons hidden, title bar hidden
[2018.11.27-23.44.47:426][713]LogExit: Game engine shut down
[2018.11.27-23.44.47:561][713]LogExit: Object subsystem successfully closed.
[2018.11.27-23.44.47:581][713]LogShaderCompilers: Display: Shaders left to compile 0
[2018.11.27-23.44.47:587][713]LogD3D11RHI: Shutdown
[2018.11.27-23.44.47:587][713]LogD3D11RHI: CleanupD3DDevice
[2018.11.27-23.44.47:589][713]LogD3D11RHI: ~FD3D11DynamicRHI
[2018.11.27-23.44.47:600][713]LogModuleManager: Shutting down and abandoning module SequenceRecorderSections (376)
[2018.11.27-23.44.47:600][713]LogModuleManager: Shutting down and abandoning module SequenceRecorder (374)
[2018.11.27-23.44.47:600][713]LogModuleManager: Shutting down and abandoning module AutomationController (372)
[2018.11.27-23.44.47:600][713]LogModuleManager: Shutting down and abandoning module AutomationWorker (370)
[2018.11.27-23.44.47:600][713]LogModuleManager: Shutting down and abandoning module Voice (368)
[2018.11.27-23.44.47:601][713]LogModuleManager: Shutting down and abandoning module AIModule (366)
[2018.11.27-23.44.47:601][713]LogModuleManager: Shutting down and abandoning module GameplayDebugger (365)
[2018.11.27-23.44.47:601][713]LogModuleManager: Shutting down and abandoning module AITestSuite (363)
[2018.11.27-23.44.47:601][713]LogModuleManager: Shutting down and abandoning module NavigationSystem (361)
[2018.11.27-23.44.47:601][713]LogModuleManager: Shutting down and abandoning module WmfMediaFactory (358)
[2018.11.27-23.44.47:601][713]LogModuleManager: Shutting down and abandoning module OpenExrWrapper (356)
[2018.11.27-23.44.47:601][713]LogModuleManager: Shutting down and abandoning module ImgMediaFactory (354)
[2018.11.27-23.44.47:601][713]LogModuleManager: Shutting down and abandoning module AvfMediaFactory (352)
[2018.11.27-23.44.47:601][713]LogModuleManager: Shutting down and abandoning module MagicLeapCameraPreviewFactory (350)
[2018.11.27-23.44.47:601][713]LogModuleManager: Shutting down and abandoning module MagicLeapMediaFactory (348)
[2018.11.27-23.44.47:601][713]LogModuleManager: Shutting down and abandoning module CharacterAI (346)
[2018.11.27-23.44.47:601][713]LogModuleManager: Shutting down and abandoning module SessionServices (344)
[2018.11.27-23.44.47:601][713]LogModuleManager: Shutting down and abandoning module MovieSceneCapture (342)
[2018.11.27-23.44.47:601][713]LogModuleManager: Shutting down and abandoning module MovieSceneTracks (340)
[2018.11.27-23.44.47:601][713]LogModuleManager: Shutting down and abandoning module MovieScene (338)
[2018.11.27-23.44.47:601][713]LogModuleManager: Shutting down and abandoning module StreamingPauseRendering (336)
[2018.11.27-23.44.47:601][713]LogModuleManager: Shutting down and abandoning module PortalServices (334)
[2018.11.27-23.44.47:601][713]LogModuleManager: Shutting down and abandoning module PortalRpc (332)
[2018.11.27-23.44.47:601][713]LogModuleManager: Shutting down and abandoning module MessagingRpc (330)
[2018.11.27-23.44.47:601][713]LogModuleManager: Shutting down and abandoning module ProfilerService (328)
[2018.11.27-23.44.47:756][713]LogModuleManager: Shutting down and abandoning module TaskGraph (326)
[2018.11.27-23.44.47:756][713]LogModuleManager: Shutting down and abandoning module SteamVRController (324)
[2018.11.27-23.44.47:756][713]LogModuleManager: Shutting down and abandoning module ProceduralMeshComponent (322)
[2018.11.27-23.44.47:756][713]LogModuleManager: Shutting down and abandoning module OculusInput (320)
[2018.11.27-23.44.47:756][713]LogModuleManager: Shutting down and abandoning module MobilePatchingUtils (318)
[2018.11.27-23.44.47:756][713]LogModuleManager: Shutting down and abandoning module EditableMesh (316)
[2018.11.27-23.44.47:756][713]LogModuleManager: Shutting down and abandoning module CustomMeshComponent (314)
[2018.11.27-23.44.47:756][713]LogModuleManager: Shutting down and abandoning module CableComponent (312)
[2018.11.27-23.44.47:756][713]LogModuleManager: Shutting down and abandoning module AudioCapture (310)
[2018.11.27-23.44.47:756][713]LogModuleManager: Shutting down and abandoning module ArchVisCharacter (308)
[2018.11.27-23.44.47:756][713]LogModuleManager: Shutting down and abandoning module AndroidPermission (306)
[2018.11.27-23.44.47:756][713]LogModuleManager: Shutting down and abandoning module NUTUnrealEngine4 (304)
[2018.11.27-23.44.47:756][713]LogModuleManager: Shutting down and abandoning module NetcodeUnitTest (302)
[2018.11.27-23.44.47:756][713]LogModuleManager: Shutting down and abandoning module MediaCompositing (300)
[2018.11.27-23.44.47:756][713]LogModuleManager: Shutting down and abandoning module LinearTimecode (298)
[2018.11.27-23.44.47:756][713]LogModuleManager: Shutting down and abandoning module ImgMedia (296)
[2018.11.27-23.44.47:761][713]LogModuleManager: Shutting down and abandoning module HTML5Networking (294)
[2018.11.27-23.44.47:761][713]LogModuleManager: Shutting down and abandoning module GeometryCacheTracks (292)
[2018.11.27-23.44.47:761][713]LogModuleManager: Shutting down and abandoning module GeometryCacheSequencer (291)
[2018.11.27-23.44.47:761][713]LogModuleManager: Shutting down and abandoning module GeometryCache (288)
[2018.11.27-23.44.47:761][713]LogModuleManager: Shutting down and abandoning module GeometryCacheEd (287)
[2018.11.27-23.44.47:761][713]LogModuleManager: Shutting down and abandoning module BackChannel (284)
[2018.11.27-23.44.47:761][713]LogModuleManager: Shutting down and abandoning module AppleVision (282)
[2018.11.27-23.44.47:761][713]LogModuleManager: Shutting down and abandoning module AppleImageUtils (280)
[2018.11.27-23.44.47:761][713]LogModuleManager: Shutting down and abandoning module DatasmithContent (278)
[2018.11.27-23.44.47:762][713]LogModuleManager: Shutting down and abandoning module CryptoKeysOpenSSL (276)
[2018.11.27-23.44.47:762][713]LogModuleManager: Shutting down and abandoning module CryptoKeys (274)
[2018.11.27-23.44.47:762][713]LogModuleManager: Shutting down and abandoning module VisualStudioSourceCodeAccess (272)
[2018.11.27-23.44.47:762][713]LogModuleManager: Shutting down and abandoning module HotReload (271)
[2018.11.27-23.44.47:762][713]LogModuleManager: Shutting down and abandoning module DirectoryWatcher (270)
[2018.11.27-23.44.47:762][713]LogModuleManager: Shutting down and abandoning module VisualStudioCodeSourceCodeAccess (266)
[2018.11.27-23.44.47:762][713]LogModuleManager: Shutting down and abandoning module UObjectPlugin (264)
[2018.11.27-23.44.47:762][713]LogModuleManager: Shutting down and abandoning module SubversionSourceControl (262)
[2018.11.27-23.44.47:762][713]LogModuleManager: Shutting down and abandoning module PerforceSourceControl (260)
[2018.11.27-23.44.47:762][713]LogModuleManager: Shutting down and abandoning module SourceControl (259)
[2018.11.27-23.44.47:762][713]LogModuleManager: Shutting down and abandoning module CLionSourceCodeAccess (256)
[2018.11.27-23.44.47:762][713]LogModuleManager: Shutting down and abandoning module RuntimePhysXCooking (254)
[2018.11.27-23.44.47:762][713]LogModuleManager: Shutting down and abandoning module PhysXVehiclesEditor (252)
[2018.11.27-23.44.47:762][713]LogModuleManager: Shutting down and abandoning module PhysXVehicles (250)
[2018.11.27-23.44.47:762][713]LogModuleManager: Shutting down and abandoning module LocationServicesBPLibrary (248)
[2018.11.27-23.44.47:762][713]LogModuleManager: Shutting down and abandoning module ImmediatePhysicsEditor (246)
[2018.11.27-23.44.47:762][713]LogModuleManager: Shutting down and abandoning module ImmediatePhysics (244)
[2018.11.27-23.44.47:762][713]LogModuleManager: Shutting down and abandoning module ActorSequence (242)
[2018.11.27-23.44.47:762][713]LogModuleManager: Shutting down and abandoning module UdpMessaging (240)
[2018.11.27-23.44.47:863][713]LogModuleManager: Shutting down and abandoning module TcpMessaging (238)
[2018.11.27-23.44.48:384][713]LogModuleManager: Shutting down and abandoning module MagicLeapAudio (236)
[2018.11.27-23.44.48:384][713]LogModuleManager: Shutting down and abandoning module GameplayTagsEditor (234)
[2018.11.27-23.44.48:384][713]LogModuleManager: Shutting down and abandoning module FacialAnimation (232)
[2018.11.27-23.44.48:384][713]LogModuleManager: Shutting down and abandoning module DataValidation (230)
[2018.11.27-23.44.48:384][713]LogModuleManager: Shutting down and abandoning module AssetManagerEditor (228)
[2018.11.27-23.44.48:384][713]LogModuleManager: Shutting down and abandoning module TreeMap (227)
[2018.11.27-23.44.48:384][713]LogModuleManager: Shutting down and abandoning module LightPropagationVolumeRuntime (224)
[2018.11.27-23.44.48:384][713]LogModuleManager: Shutting down and abandoning module AISupportModule (222)
[2018.11.27-23.44.48:384][713]LogModuleManager: Shutting down and abandoning module Paper2D (220)
[2018.11.27-23.44.48:384][713]LogModuleManager: Shutting down and abandoning module PIEPreviewDeviceProfileSelector (218)
[2018.11.27-23.44.48:384][713]LogModuleManager: Shutting down and abandoning module WindowsMoviePlayer (216)
[2018.11.27-23.44.48:384][713]LogModuleManager: Shutting down and abandoning module WmfMedia (214)
[2018.11.27-23.44.48:385][713]LogModuleManager: Shutting down and abandoning module Media (213)
[2018.11.27-23.44.48:392][713]LogModuleManager: Shutting down and abandoning module PacketHandler (210)
[2018.11.27-23.44.48:392][713]LogModuleManager: Shutting down and abandoning module ClothingSystemEditor (208)
[2018.11.27-23.44.48:392][713]LogModuleManager: Shutting down and abandoning module ClothingSystemRuntime (206)
[2018.11.27-23.44.48:392][713]LogModuleManager: Shutting down and abandoning module MediaAssets (204)
[2018.11.27-23.44.48:392][713]LogModuleManager: Shutting down and abandoning module Overlay (202)
[2018.11.27-23.44.48:392][713]LogModuleManager: Shutting down and abandoning module OverlayEditor (201)
[2018.11.27-23.44.48:392][713]LogModuleManager: Shutting down and abandoning module VREditor (198)
[2018.11.27-23.44.48:392][713]LogModuleManager: Shutting down and abandoning module StringTableEditor (196)
[2018.11.27-23.44.48:392][713]LogModuleManager: Shutting down and abandoning module GameplayTasksEditor (194)
[2018.11.27-23.44.48:392][713]LogModuleManager: Shutting down and abandoning module BehaviorTreeEditor (192)
[2018.11.27-23.44.48:392][713]LogModuleManager: Shutting down and abandoning module FunctionalTesting (190)
[2018.11.27-23.44.48:392][713]LogModuleManager: Shutting down and abandoning module CollisionAnalyzer (188)
[2018.11.27-23.44.48:392][713]LogModuleManager: Shutting down and abandoning module WorkspaceMenuStructure (187)
[2018.11.27-23.44.48:392][713]LogModuleManager: Shutting down and abandoning module UMG (184)
[2018.11.27-23.44.48:392][713]LogModuleManager: Shutting down and abandoning module UMGEditor (183)
[2018.11.27-23.44.48:392][713]LogModuleManager: Shutting down and abandoning module Sequencer (182)
[2018.11.27-23.44.48:392][713]LogModuleManager: Shutting down and abandoning module MessageLog (179)
[2018.11.27-23.44.48:392][713]LogModuleManager: Shutting down and abandoning module SlateReflector (174)
[2018.11.27-23.44.48:392][713]LogModuleManager: Shutting down and abandoning module Slate (172)
[2018.11.27-23.44.48:392][713]LogModuleManager: Shutting down and abandoning module EditorStyle (170)
[2018.11.27-23.44.48:394][713]LogModuleManager: Shutting down and abandoning module MRMesh (168)
[2018.11.27-23.44.48:394][713]LogModuleManager: Shutting down and abandoning module Messaging (166)
[2018.11.27-23.44.48:394][713]LogModuleManager: Shutting down and abandoning module SourceCodeAccess (164)
[2018.11.27-23.44.48:394][713]LogModuleManager: Shutting down and abandoning module HeadMountedDisplay (162)
[2018.11.27-23.44.48:394][713]LogModuleManager: Shutting down and abandoning module XAudio2 (160)
[2018.11.27-23.44.48:394][713]LogModuleManager: Shutting down and abandoning module Networking (158)
[2018.11.27-23.44.48:394][713]LogModuleManager: Shutting down and abandoning module Core (156)
[2018.11.27-23.44.48:394][713]LogModuleManager: Shutting down and abandoning module LevelSequence (154)
[2018.11.27-23.44.48:394][713]LogModuleManager: Shutting down and abandoning module KismetCompiler (152)
[2018.11.27-23.44.48:394][713]LogModuleManager: Shutting down and abandoning module MeshUtilities (150)
[2018.11.27-23.44.48:394][713]LogModuleManager: Shutting down and abandoning module MeshMergeUtilities (149)
[2018.11.27-23.44.48:394][713]LogModuleManager: Shutting down and abandoning module MeshReductionInterface (148)
[2018.11.27-23.44.48:394][713]LogModuleManager: Shutting down and abandoning module SimplygonSwarm (147)
[2018.11.27-23.44.48:394][713]LogModuleManager: Shutting down and abandoning module ProxyLODMeshReduction (145)
[2018.11.27-23.44.48:394][713]LogModuleManager: Shutting down and abandoning module SimplygonMeshReduction (143)
[2018.11.27-23.44.48:394][713]LogModuleManager: Shutting down and abandoning module QuadricMeshReduction (141)
[2018.11.27-23.44.48:394][713]LogModuleManager: Shutting down and abandoning module MaterialBaking (137)
[2018.11.27-23.44.48:394][713]LogModuleManager: Shutting down and abandoning module DerivedDataCache (132)
[2018.11.27-23.44.48:682][713]LogDerivedDataCache: Shutdown
[2018.11.27-23.44.48:682][713]LogModuleManager: Shutting down and abandoning module XGEController (130)
[2018.11.27-23.44.48:682][713]LogModuleManager: Shutting down and abandoning module TargetPlatform (128)
[2018.11.27-23.44.48:682][713]LogModuleManager: Shutting down and abandoning module VulkanShaderFormat (127)
[2018.11.27-23.44.48:682][713]LogModuleManager: Shutting down and abandoning module ShaderFormatVectorVM (125)
[2018.11.27-23.44.48:682][713]LogModuleManager: Shutting down and abandoning module ShaderFormatOpenGL (123)
[2018.11.27-23.44.48:682][713]LogModuleManager: Shutting down and abandoning module ShaderFormatD3D (121)
[2018.11.27-23.44.48:682][713]LogModuleManager: Shutting down and abandoning module MetalShaderFormat (119)
[2018.11.27-23.44.48:682][713]LogModuleManager: Shutting down and abandoning module TextureFormatUncompressed (117)
[2018.11.27-23.44.48:682][713]LogModuleManager: Shutting down and abandoning module TextureFormatPVR (115)
[2018.11.27-23.44.48:682][713]LogModuleManager: Shutting down and abandoning module TextureFormatDXT (113)
[2018.11.27-23.44.48:682][713]LogModuleManager: Shutting down and abandoning module TextureFormatIntelISPCTexComp (111)
[2018.11.27-23.44.48:682][713]LogModuleManager: Shutting down and abandoning module TextureFormatASTC (109)
[2018.11.27-23.44.48:682][713]LogModuleManager: Shutting down and abandoning module ImageWrapper (108)
[2018.11.27-23.44.48:682][713]LogModuleManager: Shutting down and abandoning module TextureFormatAndroid (105)
[2018.11.27-23.44.48:682][713]LogModuleManager: Shutting down and abandoning module AudioFormatOpus (103)
[2018.11.27-23.44.48:682][713]LogModuleManager: Shutting down and abandoning module AudioFormatOgg (101)
[2018.11.27-23.44.48:682][713]LogModuleManager: Shutting down and abandoning module AudioFormatADPCM (99)
[2018.11.27-23.44.48:682][713]LogModuleManager: Shutting down and abandoning module WindowsTargetPlatform (97)
[2018.11.27-23.44.48:682][713]LogModuleManager: Shutting down and abandoning module WindowsServerTargetPlatform (95)
[2018.11.27-23.44.48:682][713]LogModuleManager: Shutting down and abandoning module WindowsNoEditorTargetPlatform (93)
[2018.11.27-23.44.48:682][713]LogModuleManager: Shutting down and abandoning module WindowsClientTargetPlatform (91)
[2018.11.27-23.44.48:682][713]LogModuleManager: Shutting down and abandoning module InputCore (88)
[2018.11.27-23.44.48:682][713]LogModuleManager: Shutting down and abandoning module Settings (86)
[2018.11.27-23.44.48:682][713]LogModuleManager: Shutting down and abandoning module PhysXCooking (84)
[2018.11.27-23.44.48:682][713]LogModuleManager: Shutting down and abandoning module SteamVR (82)
[2018.11.27-23.44.48:682][713]LogModuleManager: Shutting down and abandoning module OculusHMD (80)
[2018.11.27-23.44.48:682][713]LogModuleManager: Shutting down and abandoning module ExampleDeviceProfileSelector (78)
[2018.11.27-23.44.48:682][713]LogModuleManager: Shutting down and abandoning module LauncherChunkInstaller (76)
[2018.11.27-23.44.48:682][713]LogModuleManager: Shutting down and abandoning module OnlineBlueprintSupport (74)
[2018.11.27-23.44.48:682][713]LogModuleManager: Shutting down and abandoning module OnlineSubsystem (70)
[2018.11.27-23.44.48:684][713]LogModuleManager: Shutting down and abandoning module XMPP (65)
[2018.11.27-23.44.48:684][713]LogModuleManager: Shutting down and abandoning module WebSockets (64)
[2018.11.27-23.44.48:717][713]LogModuleManager: Shutting down and abandoning module HTTP (61)
[2018.11.27-23.44.48:725][713]LogModuleManager: Shutting down and abandoning module SSL (60)
[2018.11.27-23.44.48:726][713]LogModuleManager: Shutting down and abandoning module MagicLeapEmulator (56)
[2018.11.27-23.44.48:726][713]LogModuleManager: Shutting down and abandoning module MagicLeapPrivileges (54)
[2018.11.27-23.44.48:726][713]LogModuleManager: Shutting down and abandoning module MagicLeapIdentity (52)
[2018.11.27-23.44.48:726][713]LogModuleManager: Shutting down and abandoning module MagicLeapHelperVulkan (50)
[2018.11.27-23.44.48:726][713]LogModuleManager: Shutting down and abandoning module MagicLeapHelperOpenGL (48)
[2018.11.27-23.44.48:726][713]LogModuleManager: Shutting down and abandoning module MagicLeapSecureStorage (46)
[2018.11.27-23.44.48:726][713]LogModuleManager: Shutting down and abandoning module MagicLeapGestures (44)
[2018.11.27-23.44.48:726][713]LogModuleManager: Shutting down and abandoning module MagicLeapEyeTracker (42)
[2018.11.27-23.44.48:726][713]LogModuleManager: Shutting down and abandoning module MagicLeapController (40)
[2018.11.27-23.44.48:726][713]LogSlate: Slate User Destroyed.  User Index 0, Is Virtual User: 0
[2018.11.27-23.44.48:726][713]LogModuleManager: Shutting down and abandoning module MagicLeap (38)
[2018.11.27-23.44.48:726][713]LogModuleManager: Shutting down and abandoning module AnimationModifiers (36)
[2018.11.27-23.44.48:726][713]LogModuleManager: Shutting down and abandoning module PropertyEditor (35)
[2018.11.27-23.44.48:726][713]LogModuleManager: Shutting down and abandoning module AudioEditor (32)
[2018.11.27-23.44.48:726][713]LogModuleManager: Shutting down and abandoning module TextureCompressor (30)
[2018.11.27-23.44.48:726][713]LogModuleManager: Shutting down and abandoning module ShaderCore (28)
[2018.11.27-23.44.48:726][713]LogModuleManager: Shutting down and abandoning module Landscape (26)
[2018.11.27-23.44.48:726][713]LogModuleManager: Shutting down and abandoning module SlateRHIRenderer (24)
[2018.11.27-23.44.48:726][713]LogModuleManager: Shutting down and abandoning module OpenGLDrv (22)
[2018.11.27-23.44.48:726][713]LogModuleManager: Shutting down and abandoning module D3D11RHI (20)
[2018.11.27-23.44.48:726][713]LogModuleManager: Shutting down and abandoning module AnimGraphRuntime (18)
[2018.11.27-23.44.48:726][713]LogModuleManager: Shutting down and abandoning module Renderer (16)
[2018.11.27-23.44.48:726][713]LogModuleManager: Shutting down and abandoning module Engine (14)
[2018.11.27-23.44.48:726][713]LogModuleManager: Shutting down and abandoning module CoreUObject (12)
[2018.11.27-23.44.48:727][713]LogModuleManager: Shutting down and abandoning module NetworkFile (10)
[2018.11.27-23.44.48:727][713]LogModuleManager: Shutting down and abandoning module CookedIterativeFile (8)
[2018.11.27-23.44.48:727][713]LogModuleManager: Shutting down and abandoning module StreamingFile (6)
[2018.11.27-23.44.48:727][713]LogModuleManager: Shutting down and abandoning module SandboxFile (4)
[2018.11.27-23.44.48:727][713]LogModuleManager: Shutting down and abandoning module PakFile (2)
[2018.11.27-23.44.48:737][713]LogExit: Exiting.
[2018.11.27-23.44.48:739][713]Log file closed, 11/27/18 17:44:48
