"../../../Engine/Content/ArtTools/RenderToTexture/Enums/RenderToTexture_Enum.uasset" 0
"../../../Engine/Content/ArtTools/RenderToTexture/Enums/RenderToTexture_Flipbook_Enum.uasset" 1
"../../../Engine/Content/ArtTools/RenderToTexture/Enums/RenderToTexture_Imposter_Enum.uasset" 2
"../../../Engine/Content/EditorBlueprintResources/StandardMacros.uasset" 3
"../../../Engine/Content/ArtTools/RenderToTexture/Enums/EIntTypes.uasset" 4
"../../../Engine/Content/ArtTools/RenderToTexture/Macros/RenderToTextureFunctionLibrary.uasset" 5
"../../../Engine/Content/ArtTools/RenderToTexture/Enums/EFloatTypes.uasset" 6
"../../../Engine/Content/ArtTools/RenderToTexture/Macros/RenderToTextureMacros.uasset" 7
"../../../Engine/Content/Functions/Engine_MaterialFunctions01/Opacity/CameraDepthFade.uasset" 8
"../../../Engine/Content/EngineMaterials/T_Default_Material_Grid_M.uasset" 9
"../../../Engine/Content/EngineMaterials/T_Default_Material_Grid_N.uasset" 10
"../../../Engine/Content/EngineMaterials/WorldGridMaterial.uasset" 11
"../../../Engine/Content/ArtTools/RenderToTexture/Meshes/S_1_Unit_Plane.uasset" 12
"../../../Engine/Content/EngineMaterials/DefaultMaterial.uasset" 13
"../../../Engine/Content/BasicShapes/Cone.uasset" 14
"../../../Engine/Content/BasicShapes/Cube.uasset" 15
"../../../Engine/Content/BasicShapes/Cylinder.uasset" 16
"../../../Engine/Content/BasicShapes/Plane.uasset" 17
"../../../Engine/Content/BasicShapes/Sphere.uasset" 18
"../../../Engine/Content/EngineMaterials/DefaultPhysicalMaterial.uasset" 19
"../../../Engine/Content/BufferVisualization/AmbientOcclusion.uasset" 20
"../../../Engine/Content/BufferVisualization/BaseColor.uasset" 21
"../../../Engine/Content/BufferVisualization/CustomDepth.uasset" 22
"../../../Engine/Content/Functions/Engine_MaterialFunctions02/Utility/VectorLength.uasset" 23
"../../../Engine/Content/BufferVisualization/CustomDepthWorldUnits.uasset" 24
"../../../Engine/Content/Functions/Engine_MaterialFunctions02/Utility/BreakOutFloat2Components.uasset" 25
"../../../Engine/Content/Functions/Engine_MaterialFunctions01/Texturing/ScaleUVsByCenter.uasset" 26
"../../../Engine/Content/Functions/Engine_MaterialFunctions02/ScreenResolution.uasset" 27
"../../../Engine/Content/Functions/Engine_MaterialFunctions02/Texturing/ScreenAlignedUVs.uasset" 28
"../../../Engine/Content/Functions/Engine_MaterialFunctions02/Utility/MakeFloat2.uasset" 29
"../../../Engine/Content/Functions/Engine_MaterialFunctions02/Utility/MakeFloat3.uasset" 30
"../../../Engine/Content/EngineMaterials/MiniFont.uasset" 31
"../../../Engine/Content/BufferVisualization/CustomStencil.uasset" 32
"../../../Engine/Content/BufferVisualization/FinalImage.uasset" 33
"../../../Engine/Content/BufferVisualization/LightingModel.uasset" 34
"../../../Engine/Content/BufferVisualization/MaterialAO.uasset" 35
"../../../Engine/Content/BufferVisualization/Metallic.uasset" 36
"../../../Engine/Content/BufferVisualization/Opacity.uasset" 37
"../../../Engine/Content/BufferVisualization/PostTonemapHDRColor.uasset" 38
"../../../Engine/Content/BufferVisualization/PreTonemapHDRColor.uasset" 39
"../../../Engine/Content/BufferVisualization/Roughness.uasset" 40
"../../../Engine/Content/BufferVisualization/SceneColor.uasset" 41
"../../../Engine/Content/BufferVisualization/SceneDepth.uasset" 42
"../../../Engine/Content/BufferVisualization/SceneDepthWorldUnits.uasset" 43
"../../../Engine/Content/BufferVisualization/SeparateTranslucencyA.uasset" 44
"../../../Engine/Content/BufferVisualization/SeparateTranslucencyRGB.uasset" 45
"../../../Engine/Content/BufferVisualization/Specular.uasset" 46
"../../../Engine/Content/BufferVisualization/SubsurfaceColor.uasset" 47
"../../../Engine/Content/BufferVisualization/WorldNormal.uasset" 48
"../../../Engine/Content/EditorBlueprintResources/ActorMacros.uasset" 49
"../../../Engine/Content/EditorLandscapeResources/DataLayer.uasset" 50
"../../../Engine/Content/EditorLandscapeResources/DefaultAlphaTexture.uasset" 51
"../../../Engine/Content/EditorLandscapeResources/LandscapeGizmoHeight_Mat.uasset" 52
"../../../Engine/Content/EditorLandscapeResources/LandscapeGizmo_Mat.uasset" 53
"../../../Engine/Content/EditorLandscapeResources/LandscapeGizmo_Mat_Copied.uasset" 54
"../../../Engine/Content/EditorLandscapeResources/SplineEditorMeshMat.uasset" 55
"../../../Engine/Content/EditorLandscapeResources/SplineEditorMesh.uasset" 56
"../../../Engine/Content/EditorMaterials/Cross.uasset" 57
"../../../Engine/Content/EditorMaterials/Cross_Mat.uasset" 58
"../../../Engine/Content/EditorMaterials/GizmoMaterial.uasset" 59
"../../../Engine/Content/Functions/Engine_MaterialFunctions02/ExampleContent/Textures/flipbook.uasset" 60
"../../../Engine/Content/Functions/Engine_MaterialFunctions02/Texturing/FlipBook.uasset" 61
"../../../Engine/Content/Functions/Engine_MaterialFunctions02/Utility/Sign.uasset" 62
"../../../Engine/Content/Functions/Engine_MaterialFunctions02/Utility/Round.uasset" 63
"../../../Engine/Content/EditorResources/T_EditorHelp.uasset" 64
"../../../Engine/Content/EditorMaterials/HelpActorMaterial.uasset" 65
"../../../Engine/Content/EditorMaterials/CompositeARGBLayer.uasset" 66
"../../../Engine/Content/EditorMaterials/TilingAALineIntegral.uasset" 67
"../../../Engine/Content/EditorMaterials/TilingAALineBoxFiltered.uasset" 68
"../../../Engine/Content/Functions/Engine_MaterialFunctions03/Procedurals/ComputeFilterWidth.uasset" 69
"../../../Engine/Content/EditorMaterials/TilingAADots.uasset" 70
"../../../Engine/Content/EngineMaterials/BlendFunc_DefBase.uasset" 71
"../../../Engine/Content/EngineMaterials/BlendFunc_DefBlend.uasset" 72
"../../../Engine/Content/Functions/Engine_MaterialFunctions03/Blends/Blend_Screen.uasset" 73
"../../../Engine/Content/EditorMaterials/TilingAAGrid.uasset" 74
"../../../Engine/Content/EditorMaterials/LevelGridMaterial.uasset" 75
"../../../Engine/Content/EditorMaterials/MakeCompositeARGBLayer.uasset" 76
"../../../Engine/Content/EditorResources/LevelGrid1DStripes.uasset" 77
"../../../Engine/Content/EditorMaterials/TextureGridCascaded1D.uasset" 78
"../../../Engine/Content/EditorMaterials/TextureGridCascaded2D.uasset" 79
"../../../Engine/Content/EditorMaterials/LevelGridMaterial2.uasset" 80
"../../../Engine/Content/EditorMaterials/MAT_Groups_Toggle.uasset" 81
"../../../Engine/Content/EditorMaterials/MAT_Groups_Visibility.uasset" 82
"../../../Engine/Content/EditorMaterials/AntialiasedGridFloor.uasset" 83
"../../../Engine/Content/EditorResources/TilePatine_D.uasset" 84
"../../../Engine/Content/EditorResources/TilePatine_N.uasset" 85
"../../../Engine/Content/EngineMaterials/Grid.uasset" 86
"../../../Engine/Content/EditorMaterials/PersonaFloorMat.uasset" 87
"../../../Engine/Content/EditorMaterials/PhAT_BoneSelectedMaterial.uasset" 88
"../../../Engine/Content/EditorMaterials/PhAT_ElemSelectedMaterial.uasset" 89
"../../../Engine/Content/EditorMaterials/PhAT_NoCollisionMaterial.uasset" 90
"../../../Engine/Content/EditorMaterials/PhAT_UnselectedMaterial.uasset" 91
"../../../Engine/Content/EditorMaterials/PreviewShadowIndicator.uasset" 92
"../../../Engine/Content/EditorMaterials/PreviewShadowIndicatorMaterial.uasset" 93
"../../../Engine/Content/EditorMaterials/TargetIcon.uasset" 94
"../../../Engine/Content/EditorMaterials/Tick.uasset" 95
"../../../Engine/Content/EditorMaterials/Tick_Mat.uasset" 96
"../../../Engine/Content/EditorMaterials/WidgetGridVertexColorMaterial.uasset" 97
"../../../Engine/Content/EditorMaterials/WidgetGridVertexColorMaterial_Ma.uasset" 98
"../../../Engine/Content/EditorMaterials/WidgetMaterial.uasset" 99
"../../../Engine/Content/EditorMaterials/WidgetMaterial_Current.uasset" 100
"../../../Engine/Content/EditorMaterials/WidgetMaterial_X.uasset" 101
"../../../Engine/Content/EditorMaterials/WidgetMaterial_Y.uasset" 102
"../../../Engine/Content/EditorMaterials/WidgetMaterial_Z.uasset" 103
"../../../Engine/Content/EditorMaterials/WidgetVertexColorMaterial.uasset" 104
"../../../Engine/Content/EditorMaterials/MatineeGroups/MAT_ColorTrack.uasset" 105
"../../../Engine/Content/EditorMaterials/MatineeGroups/MAT_Groups_Anim.uasset" 106
"../../../Engine/Content/EditorMaterials/MatineeGroups/MAT_Groups_AudioMaster.uasset" 107
"../../../Engine/Content/EditorMaterials/MatineeGroups/MAT_Groups_Director.uasset" 108
"../../../Engine/Content/EditorMaterials/MatineeGroups/MAT_Groups_Event.uasset" 109
"../../../Engine/Content/EditorMaterials/MatineeGroups/MAT_Groups_Fade.uasset" 110
"../../../Engine/Content/EditorMaterials/MatineeGroups/MAT_Groups_Float.uasset" 111
"../../../Engine/Content/EditorMaterials/MatineeGroups/MAT_Groups_Move.uasset" 112
"../../../Engine/Content/EditorMaterials/MatineeGroups/MAT_Groups_Slomo.uasset" 113
"../../../Engine/Content/EditorMaterials/MatineeGroups/MAT_Groups_Sound.uasset" 114
"../../../Engine/Content/EditorMaterials/MatineeGroups/MAT_Groups_Vector.uasset" 115
"../../../Engine/Content/EditorMaterials/ParticleSystems/PSysThumbnail_NoImage.uasset" 116
"../../../Engine/Content/EditorMaterials/ParticleSystems/PSysThumbnail_OOD.uasset" 117
"../../../Engine/Content/EditorMaterials/Thumbnails/FloorPlaneMaterial.uasset" 118
"../../../Engine/Content/EditorMeshes/EditorCube.uasset" 119
"../../../Engine/Content/EditorMeshes/EditorCylinder.uasset" 120
"../../../Engine/Content/EditorMeshes/EditorPlane.uasset" 121
"../../../Engine/Content/EditorMaterials/Thumbnails/SkySphereMaterial.uasset" 122
"../../../Engine/Content/EditorMeshes/EditorSkySphere.uasset" 123
"../../../Engine/Content/EditorMeshes/EditorSphere.uasset" 124
"../../../Engine/Content/EditorResources/MatineeCam_D.uasset" 125
"../../../Engine/Content/EditorMaterials/MatineeCam_mat.uasset" 126
"../../../Engine/Content/EditorMeshes/MatineeCam_SM.uasset" 127
"../../../Engine/Content/Functions/Engine_MaterialFunctions01/Shading/ConvertFromDiffSpec.uasset" 128
"../../../Engine/Content/EditorMaterials/GridMaterial.uasset" 129
"../../../Engine/Content/EditorMeshes/PhAT_FloorBox.uasset" 130
"../../../Engine/Content/EditorMaterials/Camera/CineMat.uasset" 131
"../../../Engine/Content/EditorMaterials/Camera/MI_CineMat_CameraBody.uasset" 132
"../../../Engine/Content/EngineDebugMaterials/M_SimpleOpaque.uasset" 133
"../../../Engine/Content/EditorMaterials/Camera/MI_CineMat_CamViewFinder.uasset" 134
"../../../Engine/Content/EditorMeshes/Camera/SM_CineCam.uasset" 135
"../../../Engine/Content/EditorMaterials/Camera/MI_CineMat_Rig.uasset" 136
"../../../Engine/Content/EditorMeshes/Camera/SM_CraneRig_Arm.uasset" 137
"../../../Engine/Content/EditorMeshes/Camera/SM_CraneRig_Base.uasset" 138
"../../../Engine/Content/EditorMeshes/Camera/SM_CraneRig_Body.uasset" 139
"../../../Engine/Content/EditorMeshes/Camera/SM_CraneRig_Mount.uasset" 140
"../../../Engine/Content/EditorMeshes/Camera/SM_RailRig_Mount.uasset" 141
"../../../Engine/Content/EditorMeshes/Camera/SM_RailRig_Track.uasset" 142
"../../../Engine/Content/EditorResources/Bad.uasset" 143
"../../../Engine/Content/EditorResources/BadBlueprintSprite.uasset" 144
"../../../Engine/Content/EditorResources/BSPVertex.uasset" 145
"../../../Engine/Content/EditorResources/EmptyActor.uasset" 146
"../../../Engine/Content/EditorResources/MatInstActSprite.uasset" 147
"../../../Engine/Content/EditorResources/SceneManager.uasset" 148
"../../../Engine/Content/EditorResources/SmallFont.uasset" 149
"../../../Engine/Content/EditorResources/S_Actor.uasset" 150
"../../../Engine/Content/EditorResources/S_DecalActorIcon.uasset" 151
"../../../Engine/Content/EditorResources/S_Emitter.uasset" 152
"../../../Engine/Content/EditorResources/S_ExpoHeightFog.uasset" 153
"../../../Engine/Content/EditorResources/S_FTest.uasset" 154
"../../../Engine/Content/EditorResources/S_KBSJoint.uasset" 155
"../../../Engine/Content/EditorResources/S_KHinge.uasset" 156
"../../../Engine/Content/EditorResources/S_KPrismatic.uasset" 157
"../../../Engine/Content/EditorResources/S_LevelSequence.uasset" 158
"../../../Engine/Content/EditorResources/S_NavP.uasset" 159
"../../../Engine/Content/EditorResources/S_Note.uasset" 160
"../../../Engine/Content/EditorResources/S_Player.uasset" 161
"../../../Engine/Content/EditorResources/S_PortalActorIcon2.uasset" 162
"../../../Engine/Content/EditorResources/S_RadForce.uasset" 163
"../../../Engine/Content/EditorResources/S_ReflActorIcon.uasset" 164
"../../../Engine/Content/EditorResources/S_Terrain.uasset" 165
"../../../Engine/Content/EditorResources/S_TextRenderActorIcon.uasset" 166
"../../../Engine/Content/EditorResources/S_Thruster.uasset" 167
"../../../Engine/Content/EditorResources/S_Trigger.uasset" 168
"../../../Engine/Content/EditorResources/S_VectorFieldVol.uasset" 169
"../../../Engine/Content/EditorResources/S_WindDirectional.uasset" 170
"../../../Engine/Content/EditorResources/AI/S_NavLink.uasset" 171
"../../../Engine/Content/EditorResources/AudioIcons/S_AudioComponent.uasset" 172
"../../../Engine/Content/EditorResources/AudioIcons/S_AudioComponent_AutoActivate.uasset" 173
"../../../Engine/Content/EditorResources/LightIcons/SkyLight.uasset" 174
"../../../Engine/Content/EditorResources/LightIcons/S_LightDirectional.uasset" 175
"../../../Engine/Content/EditorResources/LightIcons/S_LightDirectionalMove.uasset" 176
"../../../Engine/Content/EditorResources/LightIcons/S_LightError.uasset" 177
"../../../Engine/Content/EditorResources/LightIcons/S_LightPoint.uasset" 178
"../../../Engine/Content/EditorResources/LightIcons/S_LightPointMove.uasset" 179
"../../../Engine/Content/EditorResources/LightIcons/S_LightSpot.uasset" 180
"../../../Engine/Content/EditorResources/LightIcons/S_LightSpotMove.uasset" 181
"../../../Engine/Content/EditorResources/SequenceRecorder/Countdown.uasset" 182
"../../../Engine/Content/EditorResources/SequenceRecorder/RecordingIndicator.uasset" 183
"../../../Engine/Content/EditorResources/Spline/T_Loft_Spline.uasset" 184
"../../../Engine/Content/EditorSounds/Notifications/CompileFailed.uasset" 185
"../../../Engine/Content/EditorSounds/Notifications/CompileFailed_Cue.uasset" 186
"../../../Engine/Content/EditorSounds/Notifications/CompileSuccess.uasset" 187
"../../../Engine/Content/EditorSounds/Notifications/CompileStart_Cue.uasset" 188
"../../../Engine/Content/EditorSounds/Notifications/CompileSuccess_Cue.uasset" 189
"../../../Engine/Content/EngineDamageTypes/DmgTypeBP_Environmental.uasset" 190
"../../../Engine/Content/EngineDebugMaterials/HeatmapGradient.uasset" 191
"../../../Engine/Content/EngineDebugMaterials/BoneWeightMaterial.uasset" 192
"../../../Engine/Content/EngineDebugMaterials/ClothMaterial.uasset" 193
"../../../Engine/Content/EngineDebugMaterials/ClothMaterial_WF.uasset" 194
"../../../Engine/Content/EngineDebugMaterials/DebugEditorMaterial.uasset" 195
"../../../Engine/Content/EngineDebugMaterials/DebugMeshMaterial.uasset" 196
"../../../Engine/Content/EngineDebugMaterials/GeomMaterial.uasset" 197
"../../../Engine/Content/EngineDebugMaterials/LevelColorationLitMaterial.uasset" 198
"../../../Engine/Content/EngineDebugMaterials/LevelColorationUnlitMaterial.uasset" 199
"../../../Engine/Content/EngineMaterials/DefaultWhiteGrid.uasset" 200
"../../../Engine/Content/EngineDebugMaterials/MAT_LevelColorationLitLightmapUV.uasset" 201
"../../../Engine/Content/EngineDebugMaterials/M_SimpleTranslucent.uasset" 202
"../../../Engine/Content/EngineDebugMaterials/ShadedLevelColorationLitMaterial.uasset" 203
"../../../Engine/Content/EngineDebugMaterials/ShadedLevelColorationUnlitMateri.uasset" 204
"../../../Engine/Content/EngineDebugMaterials/VertexColorMaterial.uasset" 205
"../../../Engine/Content/EngineDebugMaterials/VertexColorViewMode_AlphaAsColor.uasset" 206
"../../../Engine/Content/EngineDebugMaterials/VertexColorViewMode_BlueOnly.uasset" 207
"../../../Engine/Content/EngineDebugMaterials/VertexColorViewMode_ColorOnly.uasset" 208
"../../../Engine/Content/EngineDebugMaterials/VertexColorViewMode_GreenOnly.uasset" 209
"../../../Engine/Content/EngineDebugMaterials/VertexColorViewMode_RedOnly.uasset" 210
"../../../Engine/Content/EngineDebugMaterials/WireframeMaterial.uasset" 211
"../../../Engine/Content/EngineFonts/Faces/RobotoBold.uasset" 212
"../../../Engine/Content/EngineFonts/Faces/RobotoBoldItalic.uasset" 213
"../../../Engine/Content/EngineFonts/Faces/RobotoItalic.uasset" 214
"../../../Engine/Content/EngineFonts/Faces/RobotoLight.uasset" 215
"../../../Engine/Content/EngineFonts/Faces/RobotoRegular.uasset" 216
"../../../Engine/Content/EngineFonts/Roboto.uasset" 217
"../../../Engine/Content/EngineFonts/Faces/RobotoTiny.uasset" 218
"../../../Engine/Content/EngineFonts/RobotoTiny.uasset" 219
"../../../Engine/Content/EngineFonts/SmallFont.uasset" 220
"../../../Engine/Content/EngineFonts/TinyFont.uasset" 221
"../../../Engine/Content/EngineMaterials/BaseFlattenDiffuseMap.uasset" 222
"../../../Engine/Content/EngineMaterials/BaseFlattenEmissiveMap.uasset" 223
"../../../Engine/Content/EngineMaterials/BaseFlattenGrayscaleMap.uasset" 224
"../../../Engine/Content/EngineMaterials/BaseFlattenNormalMap.uasset" 225
"../../../Engine/Content/EngineMaterials/BaseFlattenMaterial.uasset" 226
"../../../Engine/Content/EngineResources/WhiteSquareTexture.uasset" 227
"../../../Engine/Content/EngineMaterials/BlinkingCaret.uasset" 228
"../../../Engine/Content/EngineMaterials/DefaultBloomKernel.uasset" 229
"../../../Engine/Content/EngineMaterials/DefaultBokeh.uasset" 230
"../../../Engine/Content/EngineMaterials/DefaultDiffuse.uasset" 231
"../../../Engine/Content/EngineMaterials/DefaultDeferredDecalMaterial.uasset" 232
"../../../Engine/Content/EngineMaterials/DefaultDiffuse_TC_Masks.uasset" 233
"../../../Engine/Content/EngineMaterials/DefaultLightFunctionMaterial.uasset" 234
"../../../Engine/Content/EngineMaterials/DefaultNormal.uasset" 235
"../../../Engine/Content/EngineMaterials/DefaultPostProcessMaterial.uasset" 236
"../../../Engine/Content/EngineFonts/RobotoDistanceField.uasset" 237
"../../../Engine/Content/EngineMaterials/DefaultTextMaterialOpaque.uasset" 238
"../../../Engine/Content/EngineMaterials/EditorBrushMaterial.uasset" 239
"../../../Engine/Content/EngineMaterials/Good64x64TilingNoiseHighFreq.uasset" 240
"../../../Engine/Content/EngineMaterials/Grid_N.uasset" 241
"../../../Engine/Content/EngineMaterials/HighResolutionScreenshotMaskFunction.uasset" 242
"../../../Engine/Content/EngineMaterials/HighResScreenshot.uasset" 243
"../../../Engine/Content/EngineMaterials/HighResScreenshotCaptureRegion.uasset" 244
"../../../Engine/Content/EngineMaterials/HighResScreenshotMask.uasset" 245
"../../../Engine/Content/EngineMaterials/LandscapeHolePhysicalMaterial.uasset" 246
"../../../Engine/Content/EngineMaterials/InvalidLightmapSettings.uasset" 247
"../../../Engine/Content/EngineMaterials/M_InvalidLightmapSettings.uasset" 248
"../../../Engine/Content/EngineMaterials/PaperDiffuse.uasset" 249
"../../../Engine/Content/EngineMaterials/PaperNormal.uasset" 250
"../../../Engine/Content/Functions/Engine_MaterialFunctions02/WorldPositionOffset/CameraOffset.uasset" 251
"../../../Engine/Content/EngineMaterials/PhAT_JointLimitMaterial.uasset" 252
"../../../Engine/Content/EngineMaterials/PhysMat_Rubber.uasset" 253
"../../../Engine/Content/EngineMaterials/PreintegratedSkinBRDF.uasset" 254
"../../../Engine/Content/EngineMaterials/RemoveSurfaceMaterial.uasset" 255
"../../../Engine/Content/EngineMaterials/WeightMapPlaceholderTexture.uasset" 256
"../../../Engine/Content/EngineMaterials/Widget3DPassThrough.uasset" 257
"../../../Engine/Content/EngineMaterials/Widget3DPassThrough_Masked.uasset" 258
"../../../Engine/Content/EngineMaterials/Widget3DPassThrough_Opaque.uasset" 259
"../../../Engine/Content/EngineMaterials/Widget3DPassThrough_Masked_OneSided.uasset" 260
"../../../Engine/Content/EngineMaterials/Widget3DPassThrough_Opaque_OneSided.uasset" 261
"../../../Engine/Content/EngineMaterials/Widget3DPassThrough_Translucent.uasset" 262
"../../../Engine/Content/EngineMaterials/Widget3DPassThrough_Translucent_OneSided.uasset" 263
"../../../Engine/Content/EngineMeshes/Cylinder.uasset" 264
"../../../Engine/Content/EngineMeshes/Sphere.uasset" 265
"../../../Engine/Content/EngineResources/Black.uasset" 266
"../../../Engine/Content/EngineResources/DefaultTexture.uasset" 267
"../../../Engine/Content/EngineResources/DefaultTextureCube.uasset" 268
"../../../Engine/Content/EngineResources/DefaultVolumeTexture2D.uasset" 269
"../../../Engine/Content/EngineResources/DefaultVolumeTexture.uasset" 270
"../../../Engine/Content/EngineResources/GradientTexture0.uasset" 271
"../../../Engine/Content/EngineResources/StreamingPauseIcon.uasset" 272
"../../../Engine/Content/EngineResources/M_StreamingPause.uasset" 273
"../../../Engine/Content/EngineSounds/Master.uasset" 274
"../../../Engine/Content/Functions/Engine_MaterialFunctions01/Shading/PowerToRoughness.uasset" 275
"../../../Engine/Content/Maps/Templates/Thumbnails/Default.uasset" 276
"../../../Engine/Content/Maps/Templates/Thumbnails/VR-Basic.uasset" 277
"../../../Engine/Content/MapTemplates/Sky/DaylightAmbientCubemap.uasset" 278
"../../../Engine/Content/MobileResources/T_MobileControls_texture.uasset" 279
"../../../Engine/Content/MobileResources/T_MobileMenu2.uasset" 280
"../../../Engine/Content/MobileResources/HUD/AnalogHat.uasset" 281
"../../../Engine/Content/MobileResources/HUD/VirtualJoystick_Background.uasset" 282
"../../../Engine/Content/MobileResources/HUD/VirtualJoystick_Thumb.uasset" 283
"../../../Engine/Content/MobileResources/HUD/DefaultVirtualJoysticks.uasset" 284
"../../../Engine/Content/MobileResources/HUD/LeftVirtualJoystickOnly.uasset" 285
"../../../Engine/Content/MobileResources/HUD/MobileHUDButton1_off.uasset" 286
"../../../Engine/Content/MobileResources/HUD/MobileHUDButton1_on.uasset" 287
"../../../Engine/Content/MobileResources/HUD/MobileHUDButton2_off.uasset" 288
"../../../Engine/Content/MobileResources/HUD/MobileHUDButton2_on.uasset" 289
"../../../Engine/Content/MobileResources/HUD/MobileHUDButton3.uasset" 290
"../../../Engine/Content/MobileResources/HUD/MobileHUDButtonFire.uasset" 291
"../../../Engine/Content/MobileResources/HUD/MobileHUDDirectionPad.uasset" 292
"../../../Engine/Content/MobileResources/HUD/MobileHUDDirectionPad2.uasset" 293
"../../../Engine/Content/MobileResources/HUD/MobileHUDDirectionPad3.uasset" 294
"../../../Engine/Content/MobileResources/HUD/MobileHUDDirectionStick.uasset" 295
"../../../Engine/Content/MobileResources/HUD/T_Castle_ThumbstickInner.uasset" 296
"../../../Engine/Content/MobileResources/HUD/T_Castle_ThumbstickOutter.uasset" 297
"../../../Engine/Content/Tutorial/ContentIntroCurve.uasset" 298
"../../../Engine/Content/Tutorial/Basics/TutorialAssets/icon_tab_Levels_40x.uasset" 299
"../../../Engine/Content/Tutorial/BlueprintTutorials/TutorialAssets/Blueprint_64x.uasset" 300
"../../../Engine/Content/Tutorial/SubEditors/TutorialAssets/TutorialMaterial.uasset" 301
"../../../Engine/Content/VREditor/LaserPointer/VR_LaserPower_01.uasset" 302
"../../../Engine/Content/VREditor/TransformGizmo/TransformGizmoMaterial.uasset" 303
"../../../Engine/Content/VREditor/TransformGizmo/TranslucentTransformGizmoMaterial.uasset" 304
"../../../Engine/Content/VREditor/TransformGizmo/BoundingBoxCorner.uasset" 305
"../../../Engine/Content/VREditor/TransformGizmo/BoundingBoxEdge.uasset" 306
"../../../Engine/Content/VREditor/TransformGizmo/PlaneTranslationHandle.uasset" 307
"../../../Engine/Content/VREditor/TransformGizmo/Main.uasset" 308
"../../../Engine/Content/VREditor/TransformGizmo/Xray.uasset" 309
"../../../Engine/Content/VREditor/TransformGizmo/SM_Sequencer_Key.uasset" 310
"../../../Engine/Content/VREditor/TransformGizmo/SM_Sequencer_Node.uasset" 311
"../../Plugins/2D/Paper2D/Content/PlaceholderTextures/DummySpriteTexture.uasset" 312
"../../Plugins/2D/Paper2D/Content/DummySprite.uasset" 313
"../../Plugins/2D/Paper2D/Content/DefaultPaperTerrainMaterial.uasset" 314
"../../Plugins/2D/Paper2D/Content/DefaultSpriteMaterial.uasset" 315
"../../Plugins/2D/Paper2D/Content/MaskedUnlitSpriteMaterial.uasset" 316
"../../Plugins/2D/Paper2D/Content/OpaqueUnlitSpriteMaterial.uasset" 317
"../../Plugins/Enterprise/DatasmithContent/Content/Blueprints/FBXImporter/ArrayOfActor.uasset" 318
"../../Plugins/Enterprise/DatasmithContent/Content/Blueprints/FBXImporter/ArrayOfSwitch.uasset" 319
"../../Plugins/Enterprise/DatasmithContent/Content/Blueprints/FBXImporter/BP_SceneNode.uasset" 320
"../../Plugins/Enterprise/DatasmithContent/Content/Blueprints/FBXImporter/BP_Switch.uasset" 321
"../../Plugins/Enterprise/DatasmithContent/Content/Blueprints/FBXImporter/BP_SceneRoot.uasset" 322
"../../Plugins/Enterprise/DatasmithContent/Content/Blueprints/FBXImporter/FBXImporterUtils.uasset" 323
"../../Plugins/Enterprise/DatasmithContent/Content/Blueprints/FBXImporter/Animation/DeltaGenAnimationTrackType.uasset" 324
"../../Plugins/Enterprise/DatasmithContent/Content/Blueprints/FBXImporter/Animation/VREDAnimationTrackComponent.uasset" 325
"../../Plugins/Enterprise/DatasmithContent/Content/Blueprints/FBXImporter/Animation/VREDAnimationTrackType.uasset" 326
"../../Plugins/Enterprise/DatasmithContent/Content/Blueprints/FBXImporter/Animation/VREDAnimCurveComponent.uasset" 327
"../../Plugins/Enterprise/DatasmithContent/Content/Blueprints/FBXImporter/Animation/VREDAnimCurveType.uasset" 328
"../../Plugins/Enterprise/DatasmithContent/Content/Blueprints/FBXImporter/Variants/VariantSwitchType.uasset" 329
"../../Plugins/Enterprise/DatasmithContent/Content/Blueprints/FBXImporter/Variants/VREDVariantSwitchType.uasset" 330
"../../Plugins/Enterprise/DatasmithContent/Content/Blueprints/FBXImporter/Variants/VREDVariantType.uasset" 331
"../../Plugins/Runtime/Oculus/OculusVR/Content/Materials/PokeAHoleMaterial.uasset" 332
"../../Plugins/Runtime/Oculus/OculusVR/Content/Textures/GearVRController_AO.uasset" 333
"../../Plugins/Runtime/Oculus/OculusVR/Content/Textures/GearVRController_Color.uasset" 334
"../../Plugins/Runtime/Oculus/OculusVR/Content/Textures/GearVRController_Normal.uasset" 335
"../../Plugins/Runtime/Oculus/OculusVR/Content/Materials/GearVRControllerMaterial.uasset" 336
"../../Plugins/Runtime/Oculus/OculusVR/Content/Meshes/GearVrController.uasset" 337
"../../Plugins/Runtime/Oculus/OculusVR/Content/Textures/touchController_albedo.uasset" 338
"../../Plugins/Runtime/Oculus/OculusVR/Content/Textures/touchController_controlmap.uasset" 339
"../../Plugins/Runtime/Oculus/OculusVR/Content/Materials/touchController_mat.uasset" 340
"../../Plugins/Runtime/Oculus/OculusVR/Content/Meshes/LeftTouchController.uasset" 341
"../../Plugins/Runtime/Oculus/OculusVR/Content/Meshes/RiftHMD.uasset" 342
"../../Plugins/Runtime/Oculus/OculusVR/Content/Meshes/RightTouchController.uasset" 343
"../../../Engine/Content/Maps/Entry_BuiltData.uasset" 344
"../../../Engine/Content/Maps/Entry.umap" 345
"../../../Engine/Content/EngineSky/C_Sky_Cloud_Color.uasset" 346
"../../../Engine/Content/EngineSky/C_Sky_Horizon_Color.uasset" 347
"../../../Engine/Content/EngineSky/C_Sky_Zenith_Color.uasset" 348
"../../../Engine/Content/EngineSky/T_Sky_Blue.uasset" 349
"../../../Engine/Content/EngineSky/T_Sky_Clouds_M.uasset" 350
"../../../Engine/Content/EngineSky/T_Sky_Stars.uasset" 351
"../../../Engine/Content/EngineSky/M_Sky_Panning_Clouds2.uasset" 352
"../../../Engine/Content/EngineSky/SM_SkySphere.uasset" 353
"../../../Engine/Content/EngineSky/BP_Sky_Sphere.uasset" 354
"../../../Engine/Content/Maps/Templates/Template_Default_BuiltData.uasset" 355
"../../../Engine/Content/MapTemplates/SM_Template_Map_Floor.uasset" 356
"../../../Engine/Content/Maps/Templates/Template_Default.umap" 357
"../../../../../Github/gift/Builds/GiftGame 4.21/Content/Blueprints/ShakeCamera.uasset" 358
"../../../../../Github/gift/Builds/GiftGame 4.21/Content/MyFonts/KOMIKAX_.uasset" 359
"../../../../../Github/gift/Builds/GiftGame 4.21/Content/MyFonts/KOMIKAX__Font.uasset" 360
"../../../../../Github/gift/Builds/GiftGame 4.21/Content/Maps/EditableTextboxWidget.uasset" 361
"../../Plugins/2D/Paper2D/Content/TranslucentUnlitSpriteMaterial.uasset" 362
"../../../../../Github/gift/Builds/GiftGame 4.21/Content/Art/MenuAssets/Exit.uasset" 363
"../../../../../Github/gift/Builds/GiftGame 4.21/Content/Art/MenuAssets/Exit_Sprite.uasset" 364
"../../../../../Github/gift/Builds/GiftGame 4.21/Content/Art/MenuAssets/MainMenu.uasset" 365
"../../../../../Github/gift/Builds/GiftGame 4.21/Content/Art/MenuAssets/MainMenu_Sprite.uasset" 366
"../../../../../Github/gift/Builds/GiftGame 4.21/Content/Art/MenuAssets/menu_test.uasset" 367
"../../../../../Github/gift/Builds/GiftGame 4.21/Content/Art/MenuAssets/menu_test_Sprite.uasset" 368
"../../../../../Github/gift/Builds/GiftGame 4.21/Content/Art/MenuAssets/Minus.uasset" 369
"../../../../../Github/gift/Builds/GiftGame 4.21/Content/Art/MenuAssets/Minus_Sprite.uasset" 370
"../../../../../Github/gift/Builds/GiftGame 4.21/Content/Art/MenuAssets/Play.uasset" 371
"../../../../../Github/gift/Builds/GiftGame 4.21/Content/Art/MenuAssets/Plus.uasset" 372
"../../../../../Github/gift/Builds/GiftGame 4.21/Content/Art/MenuAssets/Plus_Sprite.uasset" 373
"../../../../../Github/gift/Builds/GiftGame 4.21/Content/Art/MenuAssets/Settings.uasset" 374
"../../../../../Github/gift/Builds/GiftGame 4.21/Content/Art/MenuAssets/START.uasset" 375
"../../../../../Github/gift/Builds/GiftGame 4.21/Content/Art/MenuAssets/Start_Sprite.uasset" 376
"../../../../../Github/gift/Builds/GiftGame 4.21/Content/Maps/EndScreenWidget.uasset" 377
"../../../../../Github/gift/Builds/GiftGame 4.21/Content/Maps/MainGameWidget.uasset" 378
"../../../../../Github/gift/Builds/GiftGame 4.21/Content/Sounds/Music/MusicSoundMix.uasset" 379
"../../../../../Github/gift/Builds/GiftGame 4.21/Content/Sounds/Music/MusicSoundClass.uasset" 380
"../../../../../Github/gift/Builds/GiftGame 4.21/Content/Sounds/SoundEffects/FXSoundMix.uasset" 381
"../../../../../Github/gift/Builds/GiftGame 4.21/Content/Sounds/SoundEffects/FXSoundClass.uasset" 382
"../../../../../Github/gift/Builds/GiftGame 4.21/Content/Sounds/SoundEffects/EmptyBox.uasset" 383
"../../../../../Github/gift/Builds/GiftGame 4.21/Content/Maps/MainMenuWidget.uasset" 384
"../../../../../Github/gift/Builds/GiftGame 4.21/Content/Maps/MainMenuHUD.uasset" 385
"../../../../../Github/gift/Builds/GiftGame 4.21/Content/Maps/MenuGameMode.uasset" 386
"../../../../../Github/gift/Builds/GiftGame 4.21/Content/VibrationPatterns/OneVibration.uasset" 387
"../../../../../Github/gift/Builds/GiftGame 4.21/Content/Sounds/HighSoundEffects/ArmyDudesHigh.uasset" 388
"../../../../../Github/gift/Builds/GiftGame 4.21/Content/Sounds/HighSoundEffects/BearTrapHigh.uasset" 389
"../../../../../Github/gift/Builds/GiftGame 4.21/Content/Sounds/HighSoundEffects/BookHigh.uasset" 390
"../../../../../Github/gift/Builds/GiftGame 4.21/Content/Sounds/HighSoundEffects/CandyBagHigh.uasset" 391
"../../../../../Github/gift/Builds/GiftGame 4.21/Content/Sounds/HighSoundEffects/CandyCanesHigh.uasset" 392
"../../../../../Github/gift/Builds/GiftGame 4.21/Content/Sounds/HighSoundEffects/RockHigh.uasset" 393
"../../../../../Github/gift/Builds/GiftGame 4.21/Content/Sounds/HighSoundEffects/SweaterHigh.uasset" 394
"../../../../../Github/gift/Builds/GiftGame 4.21/Content/Sounds/HighSoundEffects/TickHigh.uasset" 395
"../../../../../Github/gift/Builds/GiftGame 4.21/Content/Sounds/HighSoundEffects/ToiletHigh.uasset" 396
"../../../../../Github/gift/Builds/GiftGame 4.21/Content/Sounds/HighSoundEffects/WaterHigh.uasset" 397
"../../../../../Github/gift/Builds/GiftGame 4.21/Content/Sounds/HighSoundEffects/WetSlapHigh.uasset" 398
"../../../../../Github/gift/Builds/GiftGame 4.21/Content/Sounds/HighSoundEffects/WetSocksHigh.uasset" 399
"../../../../../Github/gift/Builds/GiftGame 4.21/Content/Sounds/Music/BGM.uasset" 400
"../../../../../Github/gift/Builds/GiftGame 4.21/Content/Sounds/Music/MainMenuQueue.uasset" 401
"../../../../../Github/gift/Builds/GiftGame 4.21/Content/Sounds/SoundEffects/AnimeCut.uasset" 402
"../../../../../Github/gift/Builds/GiftGame 4.21/Content/Sounds/SoundEffects/ArmyDudesCut.uasset" 403
"../../../../../Github/gift/Builds/GiftGame 4.21/Content/Sounds/SoundEffects/BearTrapCut.uasset" 404
"../../../../../Github/gift/Builds/GiftGame 4.21/Content/Sounds/SoundEffects/CandyCanes.uasset" 405
"../../../../../Github/gift/Builds/GiftGame 4.21/Content/Sounds/SoundEffects/GiftCard.uasset" 406
"../../../../../Github/gift/Builds/GiftGame 4.21/Content/Sounds/SoundEffects/RockCut.uasset" 407
"../../../../../Github/gift/Builds/GiftGame 4.21/Content/Sounds/SoundEffects/SweaterCut.uasset" 408
"../../../../../Github/gift/Builds/GiftGame 4.21/Content/Sounds/SoundEffects/TickCut.uasset" 409
"../../../../../Github/gift/Builds/GiftGame 4.21/Content/Sounds/SoundEffects/Toilet.uasset" 410
"../../../../../Github/gift/Builds/GiftGame 4.21/Content/Sounds/SoundEffects/WaterCut.uasset" 411
"../../../../../Github/gift/Builds/GiftGame 4.21/Content/Sounds/SoundEffects/WetSlapCut.uasset" 412
"../../../../../Github/gift/Builds/GiftGame 4.21/Content/Sounds/SoundEffects/WetSocksCut.uasset" 413
"../../../../../Github/gift/Builds/GiftGame 4.21/Content/Blueprints/ShakeControl.uasset" 414
"../../../../../Github/gift/Builds/GiftGame 4.21/Content/Blueprints/GiftSprite.uasset" 415
"../../../../../Github/gift/Builds/GiftGame 4.21/Content/Blueprints/SpriteHolder.uasset" 416
"../../../../../Github/gift/Builds/GiftGame 4.21/Content/Maps/MainGame_BuiltData.uasset" 417
"../../../../../Github/gift/Builds/GiftGame 4.21/Content/Models/Walls/FloorOutUV.uasset" 418
"../../../../../Github/gift/Builds/GiftGame 4.21/Content/Models/Walls/Floor.uasset" 419
"../../../../../Github/gift/Builds/GiftGame 4.21/Content/Art/Sprites/500K_Diamond.uasset" 420
"../../../../../Github/gift/Builds/GiftGame 4.21/Content/Art/Sprites/500K_Diamond_Sprite.uasset" 421
"../../../../../Github/gift/Builds/GiftGame 4.21/Content/Art/Sprites/8ball.uasset" 422
"../../../../../Github/gift/Builds/GiftGame 4.21/Content/Art/Sprites/8ball_Sprite.uasset" 423
"../../../../../Github/gift/Builds/GiftGame 4.21/Content/Art/Sprites/AlarmClock.uasset" 424
"../../../../../Github/gift/Builds/GiftGame 4.21/Content/Art/Sprites/AlarmClock_Sprite.uasset" 425
"../../../../../Github/gift/Builds/GiftGame 4.21/Content/Art/Sprites/AnimeBoxSet.uasset" 426
"../../../../../Github/gift/Builds/GiftGame 4.21/Content/Art/Sprites/AnimeBoxSet_Sprite.uasset" 427
"../../../../../Github/gift/Builds/GiftGame 4.21/Content/Art/Sprites/ArmyMen.uasset" 428
"../../../../../Github/gift/Builds/GiftGame 4.21/Content/Art/Sprites/ArmyMen_Sprite.uasset" 429
"../../../../../Github/gift/Builds/GiftGame 4.21/Content/Art/Sprites/Beartrap2.uasset" 430
"../../../../../Github/gift/Builds/GiftGame 4.21/Content/Art/Sprites/Beartrap2_Sprite.uasset" 431
"../../../../../Github/gift/Builds/GiftGame 4.21/Content/Art/Sprites/Bomb.uasset" 432
"../../../../../Github/gift/Builds/GiftGame 4.21/Content/Art/Sprites/Bomb_Sprite.uasset" 433
"../../../../../Github/gift/Builds/GiftGame 4.21/Content/Art/Sprites/CandyCane2.uasset" 434
"../../../../../Github/gift/Builds/GiftGame 4.21/Content/Art/Sprites/CandyCane2_Sprite.uasset" 435
"../../../../../Github/gift/Builds/GiftGame 4.21/Content/Art/Sprites/CandyCane.uasset" 436
"../../../../../Github/gift/Builds/GiftGame 4.21/Content/Art/Sprites/CandyCane_Sprite.uasset" 437
"../../../../../Github/gift/Builds/GiftGame 4.21/Content/Art/Sprites/Coal.uasset" 438
"../../../../../Github/gift/Builds/GiftGame 4.21/Content/Art/Sprites/Coal_Sprite.uasset" 439
"../../../../../Github/gift/Builds/GiftGame 4.21/Content/Art/Sprites/Dart_Gun.uasset" 440
"../../../../../Github/gift/Builds/GiftGame 4.21/Content/Art/Sprites/Dart_Gun_Sprite.uasset" 441
"../../../../../Github/gift/Builds/GiftGame 4.21/Content/Art/Sprites/DeadFishReal.uasset" 442
"../../../../../Github/gift/Builds/GiftGame 4.21/Content/Art/Sprites/DeadFishReal_Sprite.uasset" 443
"../../../../../Github/gift/Builds/GiftGame 4.21/Content/Art/Sprites/HealingCrystal.uasset" 444
"../../../../../Github/gift/Builds/GiftGame 4.21/Content/Art/Sprites/HealingCrystal_Sprite.uasset" 445
"../../../../../Github/gift/Builds/GiftGame 4.21/Content/Art/Sprites/HorribleChristmasSweater.uasset" 446
"../../../../../Github/gift/Builds/GiftGame 4.21/Content/Art/Sprites/HorribleChristmasSweater_Sprite.uasset" 447
"../../../../../Github/gift/Builds/GiftGame 4.21/Content/Art/Sprites/Hypno-Glasses2.uasset" 448
"../../../../../Github/gift/Builds/GiftGame 4.21/Content/Art/Sprites/Hypno-Glasses2_Sprite.uasset" 449
"../../../../../Github/gift/Builds/GiftGame 4.21/Content/Art/Sprites/JelloBrain.uasset" 450
"../../../../../Github/gift/Builds/GiftGame 4.21/Content/Art/Sprites/JelloBrain_Sprite.uasset" 451
"../../../../../Github/gift/Builds/GiftGame 4.21/Content/Art/Sprites/Melted_Ice_Cube.uasset" 452
"../../../../../Github/gift/Builds/GiftGame 4.21/Content/Art/Sprites/Melted_Ice_Cube_Sprite.uasset" 453
"../../../../../Github/gift/Builds/GiftGame 4.21/Content/Art/Sprites/Really_Nice_Watch.uasset" 454
"../../../../../Github/gift/Builds/GiftGame 4.21/Content/Art/Sprites/Really_Nice_Watch_Sprite.uasset" 455
"../../../../../Github/gift/Builds/GiftGame 4.21/Content/Art/Sprites/Socks_-_Copy.uasset" 456
"../../../../../Github/gift/Builds/GiftGame 4.21/Content/Art/Sprites/Socks_-_Copy_Sprite.uasset" 457
"../../../../../Github/gift/Builds/GiftGame 4.21/Content/Art/Sprites/Spicy_Water.uasset" 458
"../../../../../Github/gift/Builds/GiftGame 4.21/Content/Art/Sprites/Spicy_Water_Sprite.uasset" 459
"../../../../../Github/gift/Builds/GiftGame 4.21/Content/Art/Sprites/SuperBigHugeCakeForRichPeople2.uasset" 460
"../../../../../Github/gift/Builds/GiftGame 4.21/Content/Art/Sprites/SuperBigHugeCakeForRichPeople2_Sprite.uasset" 461
"../../../../../Github/gift/Builds/GiftGame 4.21/Content/Art/Sprites/toilet.uasset" 462
"../../../../../Github/gift/Builds/GiftGame 4.21/Content/Art/Sprites/toilet_Sprite.uasset" 463
"../../../../../Github/gift/Builds/GiftGame 4.21/Content/Art/Sprites/TrumpCard.uasset" 464
"../../../../../Github/gift/Builds/GiftGame 4.21/Content/Art/Sprites/TrumpCard_Sprite.uasset" 465
"../../../../../Github/gift/Builds/GiftGame 4.21/Content/Art/Sprites/Vase.uasset" 466
"../../../../../Github/gift/Builds/GiftGame 4.21/Content/Art/Sprites/Vase_Sprite.uasset" 467
"../../../../../Github/gift/Builds/GiftGame 4.21/Content/Art/Sprites/WaterBalloon.uasset" 468
"../../../../../Github/gift/Builds/GiftGame 4.21/Content/Art/Sprites/WaterBalloon_Sprite.uasset" 469
"../../../../../Github/gift/Builds/GiftGame 4.21/Content/Models/ChairRound/WoodPlankChairOutUV.uasset" 470
"../../../../../Github/gift/Builds/GiftGame 4.21/Content/Models/ChairRound/ChairPlanks.uasset" 471
"../../../../../Github/gift/Builds/GiftGame 4.21/Content/Models/ChairRound/ChairRound_Frame.uasset" 472
"../../../../../Github/gift/Builds/GiftGame 4.21/Content/Models/ChairRound/ChairSideOutUV.uasset" 473
"../../../../../Github/gift/Builds/GiftGame 4.21/Content/Models/ChairRound/ChairSide.uasset" 474
"../../../../../Github/gift/Builds/GiftGame 4.21/Content/Models/ChairRound/ChairRound_Seat.uasset" 475
"../../../../../Github/gift/Builds/GiftGame 4.21/Content/Models/Chess/ChessBoardOutUV.uasset" 476
"../../../../../Github/gift/Builds/GiftGame 4.21/Content/Models/Chess/ChessBoard1.uasset" 477
"../../../../../Github/gift/Builds/GiftGame 4.21/Content/Models/Chess/ChessBoard.uasset" 478
"../../../../../Github/gift/Builds/GiftGame 4.21/Content/Models/Couch/Cushions/CouchOutUV.uasset" 479
"../../../../../Github/gift/Builds/GiftGame 4.21/Content/Models/Couch/Cushions/CouchTexture.uasset" 480
"../../../../../Github/gift/Builds/GiftGame 4.21/Content/Models/Couch/Cushions/CouchCushions_LeftCushion.uasset" 481
"../../../../../Github/gift/Builds/GiftGame 4.21/Content/Models/Couch/Cushions/CouchCushions_MiddleCushion.uasset" 482
"../../../../../Github/gift/Builds/GiftGame 4.21/Content/Models/Couch/Cushions/CouchCushions_RightCushion.uasset" 483
"../../../../../Github/gift/Builds/GiftGame 4.21/Content/Models/Couch/Frame/CouchOutUV.uasset" 484
"../../../../../Github/gift/Builds/GiftGame 4.21/Content/Models/Couch/Frame/CouchTexture.uasset" 485
"../../../../../Github/gift/Builds/GiftGame 4.21/Content/Models/Couch/Frame/CouchFrame.uasset" 486
"../../../../../Github/gift/Builds/GiftGame 4.21/Content/Models/Couch/Pillows/CouchOutUV.uasset" 487
"../../../../../Github/gift/Builds/GiftGame 4.21/Content/Models/Couch/Pillows/CouchTexture.uasset" 488
"../../../../../Github/gift/Builds/GiftGame 4.21/Content/Models/Couch/Pillows/CouchPillows_Pillow1.uasset" 489
"../../../../../Github/gift/Builds/GiftGame 4.21/Content/Models/Couch/Pillows/CouchPillows_Pillow2.uasset" 490
"../../../../../Github/gift/Builds/GiftGame 4.21/Content/Models/Couch/Pillows/CouchPillows_Pillow3.uasset" 491
"../../../../../Github/gift/Builds/GiftGame 4.21/Content/Models/Dreidel/DreidelOutUV.uasset" 492
"../../../../../Github/gift/Builds/GiftGame 4.21/Content/Models/Dreidel/Dreidel1.uasset" 493
"../../../../../Github/gift/Builds/GiftGame 4.21/Content/Models/Dreidel/Dreidel_Body.uasset" 494
"../../../../../Github/gift/Builds/GiftGame 4.21/Content/Models/Dreidel/Dreidel_Handle.uasset" 495
"../../../../../Github/gift/Builds/GiftGame 4.21/Content/Models/FestivusPole/FestivusPoleOutUV.uasset" 496
"../../../../../Github/gift/Builds/GiftGame 4.21/Content/Models/FestivusPole/lambert3.uasset" 497
"../../../../../Github/gift/Builds/GiftGame 4.21/Content/Models/FestivusPole/FestivusWSG_FestivusPole.uasset" 498
"../../../../../Github/gift/Builds/GiftGame 4.21/Content/Models/FestivusPole/FestivusWSG_FestivusPoleStand.uasset" 499
"../../../../../Github/gift/Builds/GiftGame 4.21/Content/Models/Fireplace/FirePlaceOutUV.uasset" 500
"../../../../../Github/gift/Builds/GiftGame 4.21/Content/Models/Fireplace/FirePlace1.uasset" 501
"../../../../../Github/gift/Builds/GiftGame 4.21/Content/Models/Fireplace/Fireplace.uasset" 502
"../../../../../Github/gift/Builds/GiftGame 4.21/Content/Models/Flame/Rug.uasset" 503
"../../../../../Github/gift/Builds/GiftGame 4.21/Content/Models/Flame/Star.uasset" 504
"../../../../../Github/gift/Builds/GiftGame 4.21/Content/Models/Flame/Flames.uasset" 505
"../../../../../Github/gift/Builds/GiftGame 4.21/Content/Models/GiftBox/PhongCyan.uasset" 506
"../../../../../Github/gift/Builds/GiftGame 4.21/Content/Models/GiftBox/GiftBox_Bow_Simple.uasset" 507
"../../../../../Github/gift/Builds/GiftGame 4.21/Content/Models/GiftBox/Cyan.uasset" 508
"../../../../../Github/gift/Builds/GiftGame 4.21/Content/Models/GiftBox/GiftBox_Bow_Tie.uasset" 509
"../../../../../Github/gift/Builds/GiftGame 4.21/Content/Models/GiftBox/DarkGrey.uasset" 510
"../../../../../Github/gift/Builds/GiftGame 4.21/Content/Models/GiftBox/GiftBox_Box_Bottom.uasset" 511
"../../../../../Github/gift/Builds/GiftGame 4.21/Content/Models/GiftBox/GiftBox_Box_Top.uasset" 512
"../../../../../Github/gift/Builds/GiftGame 4.21/Content/Models/GiftBox/GiftBox_Ribbon_Lower.uasset" 513
"../../../../../Github/gift/Builds/GiftGame 4.21/Content/Models/GiftBox/GiftBox_Ribbon_Upper.uasset" 514
"../../../../../Github/gift/Builds/GiftGame 4.21/Content/Models/Lamp/Lamp/lambert1.uasset" 515
"../../../../../Github/gift/Builds/GiftGame 4.21/Content/Models/Lamp/Lamp/Lamp_Bar1.uasset" 516
"../../../../../Github/gift/Builds/GiftGame 4.21/Content/Models/Lamp/Lamp/Lamp_Bar2.uasset" 517
"../../../../../Github/gift/Builds/GiftGame 4.21/Content/Models/Lamp/Lamp/Lamp_Bar3.uasset" 518
"../../../../../Github/gift/Builds/GiftGame 4.21/Content/Models/Lamp/Lamp/Lamp_Bar4.uasset" 519
"../../../../../Github/gift/Builds/GiftGame 4.21/Content/Models/Lamp/Lamp/Lamp_Bar5.uasset" 520
"../../../../../Github/gift/Builds/GiftGame 4.21/Content/Models/Lamp/Lamp/Lamp_Bar6.uasset" 521
"../../../../../Github/gift/Builds/GiftGame 4.21/Content/Models/Lamp/Lamp/Lamp_Bar7.uasset" 522
"../../../../../Github/gift/Builds/GiftGame 4.21/Content/Models/Lamp/Lamp/Lamp_Bar8.uasset" 523
"../../../../../Github/gift/Builds/GiftGame 4.21/Content/Models/Lamp/Lamp/ChairSideBlack.uasset" 524
"../../../../../Github/gift/Builds/GiftGame 4.21/Content/Models/Lamp/Lamp/Lamp_Cover.uasset" 525
"../../../../../Github/gift/Builds/GiftGame 4.21/Content/Models/Lamp/Lamp/Lamp_Donut.uasset" 526
"../../../../../Github/gift/Builds/GiftGame 4.21/Content/Models/Lamp/Lamp/WoodPlankChairOutUV.uasset" 527
"../../../../../Github/gift/Builds/GiftGame 4.21/Content/Models/Lamp/Lamp/ChairPlanks.uasset" 528
"../../../../../Github/gift/Builds/GiftGame 4.21/Content/Models/Lamp/Lamp/Lamp_Pole.uasset" 529
"../../../../../Github/gift/Builds/GiftGame 4.21/Content/Models/Lamp/Lamp/Lamp_Stand.uasset" 530
"../../../../../Github/gift/Builds/GiftGame 4.21/Content/Models/Lamp/LampStand/ChairSideBlack.uasset" 531
"../../../../../Github/gift/Builds/GiftGame 4.21/Content/Models/Lamp/LampStand/LampTable_pCube21.uasset" 532
"../../../../../Github/gift/Builds/GiftGame 4.21/Content/Models/Lamp/LampStand/LampTable_pCube22.uasset" 533
"../../../../../Github/gift/Builds/GiftGame 4.21/Content/Models/Lamp/LampStand/LampTable_pCube23.uasset" 534
"../../../../../Github/gift/Builds/GiftGame 4.21/Content/Models/Lamp/LampStand/LampTable_pCube24.uasset" 535
"../../../../../Github/gift/Builds/GiftGame 4.21/Content/Models/Lamp/LampStand/LampTable_pCube25.uasset" 536
"../../../../../Github/gift/Builds/GiftGame 4.21/Content/Models/Lamp/LampStand/LampTable_pCube26.uasset" 537
"../../../../../Github/gift/Builds/GiftGame 4.21/Content/Models/Lamp/LampStand/LampTable_pCube27.uasset" 538
"../../../../../Github/gift/Builds/GiftGame 4.21/Content/Models/Logs/FireWoodOutUV.uasset" 539
"../../../../../Github/gift/Builds/GiftGame 4.21/Content/Models/Logs/WoodLogs.uasset" 540
"../../../../../Github/gift/Builds/GiftGame 4.21/Content/Models/Logs/Logs_Log1.uasset" 541
"../../../../../Github/gift/Builds/GiftGame 4.21/Content/Models/Logs/Logs_Log2.uasset" 542
"../../../../../Github/gift/Builds/GiftGame 4.21/Content/Models/Logs/Logs_Log3.uasset" 543
"../../../../../Github/gift/Builds/GiftGame 4.21/Content/Models/Sock/StockingOutUV.uasset" 544
"../../../../../Github/gift/Builds/GiftGame 4.21/Content/Models/Sock/Stocking.uasset" 545
"../../../../../Github/gift/Builds/GiftGame 4.21/Content/Models/Sock/Sock.uasset" 546
"../../../../../Github/gift/Builds/GiftGame 4.21/Content/Models/Tree/FestivusPoleOutUV.uasset" 547
"../../../../../Github/gift/Builds/GiftGame 4.21/Content/Models/Tree/lambert3.uasset" 548
"../../../../../Github/gift/Builds/GiftGame 4.21/Content/Models/Tree/TreeWSG_FestivusPoleStand1.uasset" 549
"../../../../../Github/gift/Builds/GiftGame 4.21/Content/Models/Tree/TreeMain.uasset" 550
"../../../../../Github/gift/Builds/GiftGame 4.21/Content/Models/Tree/TreeWSG_pCone1.uasset" 551
"../../../../../Github/gift/Builds/GiftGame 4.21/Content/Models/Tree/TreeWSG_pCone2.uasset" 552
"../../../../../Github/gift/Builds/GiftGame 4.21/Content/Models/Tree/TreeWSG_pCone3.uasset" 553
"../../../../../Github/gift/Builds/GiftGame 4.21/Content/Models/Tree/TreeWSG_pCone4.uasset" 554
"../../../../../Github/gift/Builds/GiftGame 4.21/Content/Models/Tree/Star.uasset" 555
"../../../../../Github/gift/Builds/GiftGame 4.21/Content/Models/Tree/TreeWSG_pCube1.uasset" 556
"../../../../../Github/gift/Builds/GiftGame 4.21/Content/Models/Tree/TreeWSG_pCube12.uasset" 557
"../../../../../Github/gift/Builds/GiftGame 4.21/Content/Models/Tree/TreeWSG_pCube2.uasset" 558
"../../../../../Github/gift/Builds/GiftGame 4.21/Content/Models/Tree/TreeWSG_pCube3.uasset" 559
"../../../../../Github/gift/Builds/GiftGame 4.21/Content/Models/Tree/TreeWSG_pCube4.uasset" 560
"../../../../../Github/gift/Builds/GiftGame 4.21/Content/Models/Tree/TreeWSG_pCube5.uasset" 561
"../../../../../Github/gift/Builds/GiftGame 4.21/Content/Models/Tree/TreeWSG_pCube6.uasset" 562
"../../../../../Github/gift/Builds/GiftGame 4.21/Content/Models/Tree/TreeWSG_pCube7.uasset" 563
"../../../../../Github/gift/Builds/GiftGame 4.21/Content/Models/Tree/Ornament.uasset" 564
"../../../../../Github/gift/Builds/GiftGame 4.21/Content/Models/Tree/TreeWSG_pSphere1.uasset" 565
"../../../../../Github/gift/Builds/GiftGame 4.21/Content/Models/Tree/TreeWSG_pSphere10.uasset" 566
"../../../../../Github/gift/Builds/GiftGame 4.21/Content/Models/Tree/TreeWSG_pSphere2.uasset" 567
"../../../../../Github/gift/Builds/GiftGame 4.21/Content/Models/Tree/Lights1.uasset" 568
"../../../../../Github/gift/Builds/GiftGame 4.21/Content/Models/Tree/TreeWSG_pSphere21.uasset" 569
"../../../../../Github/gift/Builds/GiftGame 4.21/Content/Models/Tree/TreeWSG_pSphere22.uasset" 570
"../../../../../Github/gift/Builds/GiftGame 4.21/Content/Models/Tree/TreeWSG_pSphere23.uasset" 571
"../../../../../Github/gift/Builds/GiftGame 4.21/Content/Models/Tree/TreeWSG_pSphere27.uasset" 572
"../../../../../Github/gift/Builds/GiftGame 4.21/Content/Models/Tree/TreeWSG_pSphere28.uasset" 573
"../../../../../Github/gift/Builds/GiftGame 4.21/Content/Models/Tree/TreeWSG_pSphere29.uasset" 574
"../../../../../Github/gift/Builds/GiftGame 4.21/Content/Models/Tree/TreeWSG_pSphere3.uasset" 575
"../../../../../Github/gift/Builds/GiftGame 4.21/Content/Models/Tree/TreeWSG_pSphere30.uasset" 576
"../../../../../Github/gift/Builds/GiftGame 4.21/Content/Models/Tree/TreeWSG_pSphere31.uasset" 577
"../../../../../Github/gift/Builds/GiftGame 4.21/Content/Models/Tree/TreeWSG_pSphere32.uasset" 578
"../../../../../Github/gift/Builds/GiftGame 4.21/Content/Models/Tree/TreeWSG_pSphere33.uasset" 579
"../../../../../Github/gift/Builds/GiftGame 4.21/Content/Models/Tree/TreeWSG_pSphere34.uasset" 580
"../../../../../Github/gift/Builds/GiftGame 4.21/Content/Models/Tree/TreeWSG_pSphere35.uasset" 581
"../../../../../Github/gift/Builds/GiftGame 4.21/Content/Models/Tree/TreeWSG_pSphere39.uasset" 582
"../../../../../Github/gift/Builds/GiftGame 4.21/Content/Models/Tree/TreeWSG_pSphere4.uasset" 583
"../../../../../Github/gift/Builds/GiftGame 4.21/Content/Models/Tree/TreeWSG_pSphere40.uasset" 584
"../../../../../Github/gift/Builds/GiftGame 4.21/Content/Models/Tree/TreeWSG_pSphere44.uasset" 585
"../../../../../Github/gift/Builds/GiftGame 4.21/Content/Models/Tree/TreeWSG_pSphere45.uasset" 586
"../../../../../Github/gift/Builds/GiftGame 4.21/Content/Models/Tree/TreeWSG_pSphere46.uasset" 587
"../../../../../Github/gift/Builds/GiftGame 4.21/Content/Models/Tree/TreeWSG_pSphere47.uasset" 588
"../../../../../Github/gift/Builds/GiftGame 4.21/Content/Models/Tree/TreeWSG_pSphere49.uasset" 589
"../../../../../Github/gift/Builds/GiftGame 4.21/Content/Models/Tree/TreeWSG_pSphere5.uasset" 590
"../../../../../Github/gift/Builds/GiftGame 4.21/Content/Models/Tree/TreeWSG_pSphere50.uasset" 591
"../../../../../Github/gift/Builds/GiftGame 4.21/Content/Models/Tree/TreeWSG_pSphere55.uasset" 592
"../../../../../Github/gift/Builds/GiftGame 4.21/Content/Models/Tree/TreeWSG_pSphere56.uasset" 593
"../../../../../Github/gift/Builds/GiftGame 4.21/Content/Models/Tree/TreeWSG_pSphere57.uasset" 594
"../../../../../Github/gift/Builds/GiftGame 4.21/Content/Models/Tree/TreeWSG_pSphere58.uasset" 595
"../../../../../Github/gift/Builds/GiftGame 4.21/Content/Models/Tree/TreeWSG_pSphere59.uasset" 596
"../../../../../Github/gift/Builds/GiftGame 4.21/Content/Models/Tree/TreeWSG_pSphere6.uasset" 597
"../../../../../Github/gift/Builds/GiftGame 4.21/Content/Models/Tree/TreeWSG_pSphere60.uasset" 598
"../../../../../Github/gift/Builds/GiftGame 4.21/Content/Models/Tree/TreeWSG_pSphere62.uasset" 599
"../../../../../Github/gift/Builds/GiftGame 4.21/Content/Models/Tree/TreeWSG_pSphere63.uasset" 600
"../../../../../Github/gift/Builds/GiftGame 4.21/Content/Models/Tree/TreeWSG_pSphere64.uasset" 601
"../../../../../Github/gift/Builds/GiftGame 4.21/Content/Models/Tree/TreeWSG_pSphere65.uasset" 602
"../../../../../Github/gift/Builds/GiftGame 4.21/Content/Models/Tree/TreeWSG_pSphere66.uasset" 603
"../../../../../Github/gift/Builds/GiftGame 4.21/Content/Models/Tree/TreeWSG_pSphere69.uasset" 604
"../../../../../Github/gift/Builds/GiftGame 4.21/Content/Models/Tree/TreeWSG_pSphere7.uasset" 605
"../../../../../Github/gift/Builds/GiftGame 4.21/Content/Models/Tree/TreeWSG_pSphere70.uasset" 606
"../../../../../Github/gift/Builds/GiftGame 4.21/Content/Models/Tree/TreeWSG_pSphere71.uasset" 607
"../../../../../Github/gift/Builds/GiftGame 4.21/Content/Models/Tree/TreeWSG_pSphere72.uasset" 608
"../../../../../Github/gift/Builds/GiftGame 4.21/Content/Models/Tree/TreeWSG_pSphere73.uasset" 609
"../../../../../Github/gift/Builds/GiftGame 4.21/Content/Models/Tree/TreeWSG_pSphere74.uasset" 610
"../../../../../Github/gift/Builds/GiftGame 4.21/Content/Models/Tree/TreeWSG_pSphere8.uasset" 611
"../../../../../Github/gift/Builds/GiftGame 4.21/Content/Models/Tree/TreeWSG_pSphere84.uasset" 612
"../../../../../Github/gift/Builds/GiftGame 4.21/Content/Models/Tree/TreeWSG_pSphere85.uasset" 613
"../../../../../Github/gift/Builds/GiftGame 4.21/Content/Models/Tree/TreeWSG_pSphere86.uasset" 614
"../../../../../Github/gift/Builds/GiftGame 4.21/Content/Models/Tree/TreeWSG_pSphere88.uasset" 615
"../../../../../Github/gift/Builds/GiftGame 4.21/Content/Models/Tree/TreeWSG_pSphere89.uasset" 616
"../../../../../Github/gift/Builds/GiftGame 4.21/Content/Models/Tree/TreeWSG_pSphere9.uasset" 617
"../../../../../Github/gift/Builds/GiftGame 4.21/Content/Models/Tree/TreeWSG_pSphere90.uasset" 618
"../../../../../Github/gift/Builds/GiftGame 4.21/Content/Models/Tree/TreeWSG_pSphere91.uasset" 619
"../../../../../Github/gift/Builds/GiftGame 4.21/Content/Models/Tree/TreeWSG_pSphere92.uasset" 620
"../../../../../Github/gift/Builds/GiftGame 4.21/Content/Models/Tree/TreeWSG_pSphere93.uasset" 621
"../../../../../Github/gift/Builds/GiftGame 4.21/Content/Models/Tree/TreeWSG_pSphere94.uasset" 622
"../../../../../Github/gift/Builds/GiftGame 4.21/Content/Models/Tree/TreeWSG_pSphere95.uasset" 623
"../../../../../Github/gift/Builds/GiftGame 4.21/Content/Models/Tree/TreeWSG_pSphere96.uasset" 624
"../../../../../Github/gift/Builds/GiftGame 4.21/Content/Models/Tree/TreeTrunk.uasset" 625
"../../../../../Github/gift/Builds/GiftGame 4.21/Content/Models/Tree/TreeWSG_Trunk.uasset" 626
"../../../../../Github/gift/Builds/GiftGame 4.21/Content/Models/Walls/WallOutUV.uasset" 627
"../../../../../Github/gift/Builds/GiftGame 4.21/Content/Models/Walls/Wall.uasset" 628
"../../../../../Github/gift/Builds/GiftGame 4.21/Content/Models/Walls/WallsWSG_pCube10.uasset" 629
"../../../../../Github/gift/Builds/GiftGame 4.21/Content/Models/Walls/WallsWSG_pCube11.uasset" 630
"../../../../../Github/gift/Builds/GiftGame 4.21/Content/Models/Walls/WallsWSG_pCube21.uasset" 631
"../../../../../Github/gift/Builds/GiftGame 4.21/Content/Models/Walls/WallsWSG_pCube8.uasset" 632
"../../../../../Github/gift/Builds/GiftGame 4.21/Content/Models/Window/WindowOutUV.uasset" 633
"../../../../../Github/gift/Builds/GiftGame 4.21/Content/Models/Window/Window1.uasset" 634
"../../../../../Github/gift/Builds/GiftGame 4.21/Content/Models/Window/Window.uasset" 635
"../../../../../Github/gift/Builds/GiftGame 4.21/Content/Models/Wreath/TreeMain.uasset" 636
"../../../../../Github/gift/Builds/GiftGame 4.21/Content/Models/Wreath/WreathWSG.uasset" 637
"../../../../../Github/gift/Builds/GiftGame 4.21/Content/Maps/MainGame.umap" 638
