Log file open, 11/01/18 12:37:20
LogWindows: Failed to load 'aqProf.dll' (GetLastError=126)
LogWindows: File 'aqProf.dll' does not exist
LogWindows: Failed to load 'VSPerf140.dll' (GetLastError=126)
LogWindows: File 'VSPerf140.dll' does not exist
LogWindows: Failed to load 'VtuneApi.dll' (GetLastError=126)
LogWindows: File 'VtuneApi.dll' does not exist
LogWindows: Failed to load 'VtuneApi32e.dll' (GetLastError=126)
LogWindows: File 'VtuneApi32e.dll' does not exist
LogInit: Display: Running engine for game: GiftGame
LogPlatformFile: Not using cached read wrapper
LogTaskGraph: Started task graph with 5 named threads and 11 total threads with 3 sets of task threads.
LogStats: Stats thread started at 0.175362
LogD3D11RHI: Loaded GFSDK_Aftermath_Lib.x64.dll
LogICUInternationalization: Display: ICU TimeZone Detection - Raw Offset: -6:00, Platform Override: ''
LogPluginManager: Mounting plugin Paper2D
LogPluginManager: Mounting plugin AISupport
LogPluginManager: Mounting plugin LightPropagationVolume
LogPluginManager: Mounting plugin CLionSourceCodeAccess
LogPluginManager: Mounting plugin CodeLiteSourceCodeAccess
LogPluginManager: Mounting plugin GitSourceControl
LogPluginManager: Mounting plugin KDevelopSourceCodeAccess
LogPluginManager: Mounting plugin NullSourceCodeAccess
LogPluginManager: Mounting plugin PerforceSourceControl
LogPluginManager: Mounting plugin SubversionSourceControl
LogPluginManager: Mounting plugin UObjectPlugin
LogPluginManager: Mounting plugin VisualStudioCodeSourceCodeAccess
LogPluginManager: Mounting plugin VisualStudioSourceCodeAccess
LogPluginManager: Mounting plugin XCodeSourceCodeAccess
LogPluginManager: Mounting plugin AssetManagerEditor
LogPluginManager: Mounting plugin CryptoKeys
LogPluginManager: Mounting plugin DataValidation
LogPluginManager: Mounting plugin FacialAnimation
LogPluginManager: Mounting plugin GameplayTagsEditor
LogPluginManager: Mounting plugin MacGraphicsSwitching
LogPluginManager: Mounting plugin MeshEditor
LogPluginManager: Mounting plugin MobileLauncherProfileWizard
LogPluginManager: Mounting plugin PluginBrowser
LogPluginManager: Mounting plugin SpeedTreeImporter
LogPluginManager: Mounting plugin DatasmithContent
LogPluginManager: Mounting plugin AlembicImporter
LogPluginManager: Mounting plugin AppleImageUtils
LogPluginManager: Mounting plugin AppleVision
LogPluginManager: Mounting plugin BackChannel
LogPluginManager: Mounting plugin CharacterAI
LogPluginManager: Mounting plugin GeometryCache
LogPluginManager: Mounting plugin HTML5Networking
LogPluginManager: Mounting plugin ProxyLODPlugin
LogPluginManager: Mounting plugin MagicLeap
LogPluginManager: Mounting plugin MagicLeapEmulator
LogPluginManager: Mounting plugin MagicLeapMedia
LogPluginManager: Mounting plugin AndroidMedia
LogPluginManager: Mounting plugin AvfMedia
LogPluginManager: Mounting plugin ImgMedia
LogPluginManager: Mounting plugin LinearTimecode
LogPluginManager: Mounting plugin MediaCompositing
LogPluginManager: Mounting plugin MediaPlayerEditor
LogPluginManager: Mounting plugin WmfMedia
LogPluginManager: Mounting plugin TcpMessaging
LogPluginManager: Mounting plugin UdpMessaging
LogPluginManager: Mounting plugin ActorSequence
LogPluginManager: Mounting plugin LevelSequenceEditor
LogPluginManager: Mounting plugin MatineeToLevelSequence
LogPluginManager: Mounting plugin NetcodeUnitTest
LogPluginManager: Mounting plugin NUTUnrealEngine4
LogPluginManager: Mounting plugin OnlineSubsystemGooglePlay
LogPluginManager: Mounting plugin OnlineSubsystemIOS
LogPluginManager: Mounting plugin OnlineSubsystem
LogPluginManager: Mounting plugin OnlineSubsystemNull
LogPluginManager: Mounting plugin OnlineSubsystemUtils
LogPluginManager: Mounting plugin LauncherChunkInstaller
LogPluginManager: Mounting plugin AndroidDeviceProfileSelector
LogPluginManager: Mounting plugin AndroidMoviePlayer
LogPluginManager: Mounting plugin AndroidPermission
LogPluginManager: Mounting plugin AppleMoviePlayer
LogPluginManager: Mounting plugin ArchVisCharacter
LogPluginManager: Mounting plugin AudioCapture
LogPluginManager: Mounting plugin CableComponent
LogPluginManager: Mounting plugin CustomMeshComponent
LogPluginManager: Mounting plugin EditableMesh
LogPluginManager: Mounting plugin ExampleDeviceProfileSelector
LogPluginManager: Mounting plugin GoogleCloudMessaging
LogPluginManager: Mounting plugin ImmediatePhysics
LogPluginManager: Mounting plugin IOSDeviceProfileSelector
LogPluginManager: Mounting plugin LinuxDeviceProfileSelector
LogPluginManager: Mounting plugin LocationServicesBPLibrary
LogPluginManager: Mounting plugin MobilePatchingUtils
LogPluginManager: Mounting plugin OculusVR
LogPluginManager: Plugin shader directory ../../../Engine/Plugins/Runtime/Oculus/OculusVR/Shaders found
LogPluginManager: Mapping shader source directory ../../../Engine/Plugins/Runtime/Oculus/OculusVR/Shaders to virtual directory /Plugin/OculusVR
LogPluginManager: Mounting plugin PhysXVehicles
LogPluginManager: Mounting plugin ProceduralMeshComponent
LogPluginManager: Mounting plugin RuntimePhysXCooking
LogPluginManager: Mounting plugin SteamVR
LogPluginManager: Mounting plugin WindowsMoviePlayer
LogStreaming: Display: Took  0.131s to configure plugins.
LogInit: Using libcurl 7.55.1-DEV
LogInit:  - built for x86_64-pc-win32
LogInit:  - supports SSL with OpenSSL/1.0.2h
LogInit:  - supports HTTP deflate (compression) using libz 1.2.8
LogInit:  - other features:
LogInit:      CURL_VERSION_SSL
LogInit:      CURL_VERSION_LIBZ
LogInit:      CURL_VERSION_IPV6
LogInit:      CURL_VERSION_ASYNCHDNS
LogInit:      CURL_VERSION_LARGEFILE
LogInit:      CURL_VERSION_IDN
LogInit:  CurlRequestOptions (configurable via config and command line):
LogInit:  - bVerifyPeer = false  - Libcurl will NOT verify peer certificate
LogInit:  - bUseHttpProxy = false  - Libcurl will NOT use HTTP proxy
LogInit:  - bDontReuseConnections = false  - Libcurl will reuse connections
LogInit:  - CertBundlePath = nullptr  - Libcurl will use whatever was configured at build time.
LogInit:  - MaxHostConnections = 16  - Libcurl will limit the number of connections to a host
LogInit:  - LocalHostAddr = Default
LogInit:  - BufferSize = 65536
LogInit: WinSock: version 1.1 (2.2), MaxSocks=32767, MaxUdp=65467
LogInit: Build: ++UE4+Release-4.20-CL-4302132
LogInit: Engine Version: 4.20.2-4302132+++UE4+Release-4.20
LogInit: Compatible Engine Version: 4.20.0-4212847+++UE4+Release-4.20
LogInit: Net CL: 4212847
LogInit: OS: Windows 10 (), CPU: Intel(R) Core(TM) i5-6200U CPU @ 2.30GHz, GPU: Intel(R) HD Graphics 520
LogInit: Compiled (64-bit): Aug 21 2018 02:06:06
LogInit: Compiled with Visual C++: 19.13.26129.00
LogInit: Build Configuration: Development
LogInit: Branch Name: ++UE4+Release-4.20
LogInit: Command Line:  
LogInit: Base Directory: C:/Program Files/Epic Games/UE_4.20/Engine/Binaries/Win64/
LogInit: Installed Engine Build: 1
LogDevObjectVersion: Number of dev versions registered: 20
LogDevObjectVersion:   Dev-Blueprints (B0D832E4-1F89-4F0D-ACCF-7EB736FD4AA2): 10
LogDevObjectVersion:   Dev-Build (E1C64328-A22C-4D53-A36C-8E866417BD8C): 0
LogDevObjectVersion:   Dev-Core (375EC13C-06E4-48FB-B500-84F0262A717E): 2
LogDevObjectVersion:   Dev-Editor (E4B068ED-F494-42E9-A231-DA0B2E46BB41): 24
LogDevObjectVersion:   Dev-Framework (CFFC743F-43B0-4480-9391-14DF171D2073): 34
LogDevObjectVersion:   Dev-Mobile (B02B49B5-BB20-44E9-A304-32B752E40360): 2
LogDevObjectVersion:   Dev-Networking (A4E4105C-59A1-49B5-A7C5-40C4547EDFEE): 0
LogDevObjectVersion:   Dev-Online (39C831C9-5AE6-47DC-9A44-9C173E1C8E7C): 0
LogDevObjectVersion:   Dev-Physics (78F01B33-EBEA-4F98-B9B4-84EACCB95AA2): 0
LogDevObjectVersion:   Dev-Platform (6631380F-2D4D-43E0-8009-CF276956A95A): 0
LogDevObjectVersion:   Dev-Rendering (12F88B9F-8875-4AFC-A67C-D90C383ABD29): 26
LogDevObjectVersion:   Dev-Sequencer (7B5AE74C-D270-4C10-A958-57980B212A5A): 9
LogDevObjectVersion:   Dev-VR (D7296918-1DD6-4BDD-9DE2-64A83CC13884): 2
LogDevObjectVersion:   Dev-LoadTimes (C2A15278-BFE7-4AFE-6C17-90FF531DF755): 1
LogDevObjectVersion:   Private-Geometry (6EACA3D4-40EC-4CC1-B786-8BED09428FC5): 3
LogDevObjectVersion:   Dev-AnimPhys (29E575DD-E0A3-4627-9D10-D276232CDCEA): 17
LogDevObjectVersion:   Dev-ReflectionCapture (6B266CEC-1EC7-4B8F-A30B-E4D90942FC07): 1
LogDevObjectVersion:   Dev-Automation (0DF73D61-A23F-47EA-B727-89E90C41499A): 1
LogDevObjectVersion:   FortniteMain (601D1886-AC64-4F84-AA16-D3DE0DEAC7D6): 12
LogDevObjectVersion:   Dev-Enterprise (9DFFBCD6-494F-0158-E221-12823C92A888): 1
LogStreaming: Display: Took  0.003s to delete old logs.
LogInit: Presizing for max 8388607 objects, including 0 objects not considered by GC, pre-allocating 0 bytes for permanent pool.
LogInit: Object subsystem initialized
[2018.11.01-17.37.20:954][  0]LogInit: Selected Device Profile: [Windows]
[2018.11.01-17.37.20:954][  0]LogInit: Applying CVar settings loaded from the selected device profile: [Windows]
[2018.11.01-17.37.20:976][  0]LogHAL: Display: Platform has ~ 12 GB [12766838784 / 17179869184 / 12], which maps to Larger [LargestMinGB=32, LargerMinGB=12, DefaultMinGB=8, SmallerMinGB=6, SmallestMinGB=0)
[2018.11.01-17.37.20:976][  0]LogInit: Setting Device Profile CVar: [[r.Vulkan.UseRealUBs:1]]
[2018.11.01-17.37.20:976][  0]LogInit: Going up to parent DeviceProfile []
[2018.11.01-17.37.20:976][  0]LogInit: Computer: R6600003
[2018.11.01-17.37.20:976][  0]LogInit: User: DSU
[2018.11.01-17.37.20:976][  0]LogInit: CPU Page size=4096, Cores=2
[2018.11.01-17.37.20:977][  0]LogInit: High frequency timer resolution =2.343747 MHz
[2018.11.01-17.37.20:977][  0]LogMemory: Memory total: Physical=11.9GB (12GB approx)
[2018.11.01-17.37.20:977][  0]LogMemory: Platform Memory Stats for Windows
[2018.11.01-17.37.20:977][  0]LogMemory: Process Physical Memory: 100.77 MB used, 100.77 MB peak
[2018.11.01-17.37.20:977][  0]LogMemory: Process Virtual Memory: 84.16 MB used, 84.16 MB peak
[2018.11.01-17.37.20:977][  0]LogMemory: Physical Memory: 7119.74 MB used,  5055.66 MB free, 12175.41 MB total
[2018.11.01-17.37.20:977][  0]LogMemory: Virtual Memory: 4616.30 MB used,  5055.66 MB free, 134217728.00 MB total
[2018.11.01-17.37.20:995][  0]LogInit: Using OS detected language (en-US).
[2018.11.01-17.37.20:996][  0]LogInit: Using OS detected locale (en-US).
[2018.11.01-17.37.20:996][  0]LogTextLocalizationManager: No specific localization for 'en-US' exists, so the 'en' localization will be used.
[2018.11.01-17.37.21:461][  0]LogStreaming: Display: Took  0.465s to InitEngineTextLocalization.
[2018.11.01-17.37.21:461][  0]LogInit: Setting process to per monitor DPI aware
[2018.11.01-17.37.21:515][  0]LogSlate: New Slate User Created.  User Index 0, Is Virtual User: 0
[2018.11.01-17.37.21:515][  0]LogSlate: Slate User Registered.  User Index 0, Is Virtual User: 0
[2018.11.01-17.37.21:823][  0]LogHMD: Failed to initialize OpenVR with code 110
[2018.11.01-17.37.21:823][  0]LogD3D11RHI: D3D11 adapters:
[2018.11.01-17.37.21:833][  0]LogD3D11RHI:    0. 'Intel(R) HD Graphics 520' (Feature Level 11_0)
[2018.11.01-17.37.21:833][  0]LogD3D11RHI:       128/0/6087 MB DedicatedVideo/DedicatedSystem/SharedSystem, Outputs:1, VendorId:0x8086
[2018.11.01-17.37.21:836][  0]LogD3D11RHI:    1. 'Microsoft Basic Render Driver' (Feature Level 11_0)
[2018.11.01-17.37.21:836][  0]LogD3D11RHI:       0/0/6087 MB DedicatedVideo/DedicatedSystem/SharedSystem, Outputs:0, VendorId:0x1414
[2018.11.01-17.37.21:836][  0]LogD3D11RHI: Chosen D3D11 Adapter: 0
[2018.11.01-17.37.21:848][  0]LogD3D11RHI: Creating new Direct3DDevice
[2018.11.01-17.37.21:848][  0]LogD3D11RHI:     GPU DeviceId: 0x1916 (for the marketing name, search the web for "GPU Device Id")
[2018.11.01-17.37.21:848][  0]LogWindows: EnumDisplayDevices:
[2018.11.01-17.37.21:848][  0]LogWindows:    0. 'Intel(R) HD Graphics 520' (P:1 D:1)
[2018.11.01-17.37.21:849][  0]LogWindows:    1. 'Intel(R) HD Graphics 520' (P:0 D:0)
[2018.11.01-17.37.21:849][  0]LogWindows:    2. 'Intel(R) HD Graphics 520' (P:0 D:0)
[2018.11.01-17.37.21:849][  0]LogWindows: DebugString: FoundDriverCount:3 
[2018.11.01-17.37.21:849][  0]LogD3D11RHI:     Adapter Name: Intel(R) HD Graphics 520
[2018.11.01-17.37.21:849][  0]LogD3D11RHI:   Driver Version: 21.20.16.4639 (internal:21.20.16.4639, unified:21.20.16.4639)
[2018.11.01-17.37.21:849][  0]LogD3D11RHI:      Driver Date: 3-22-2017
[2018.11.01-17.37.21:849][  0]LogRHI: Texture pool is 1523 MB (70% of 2176 MB)
[2018.11.01-17.37.21:856][  0]LogD3D11RHI: Async texture creation enabled
[2018.11.01-17.37.21:865][  0]LogD3D11RHI: GPU Timing Frequency: 12.000000 (Debug: 2 0)
[2018.11.01-17.37.21:867][  0]LogShaderCompilers: Guid format shader working directory is -22 characters bigger than the processId version (../../../../../../Users/User/Documents/GitHub/gift/Builds/GiftGame/Intermediate/Shaders/WorkingDirectory/22940/).
[2018.11.01-17.37.21:867][  0]LogShaderCompilers: Cleaned the shader compiler working directory 'C:/Users/User/AppData/Local/Temp/UnrealShaderWorkingDir/C3CBAD9B426EFBD50CB895BB9926A757/'.
[2018.11.01-17.37.22:342][  0]LogTemp: Display: Loaded TP AllDesktopTargetPlatform
[2018.11.01-17.37.22:361][  0]LogTemp: Display: Loaded TP MacClientTargetPlatform
[2018.11.01-17.37.22:377][  0]LogTemp: Display: Loaded TP MacNoEditorTargetPlatform
[2018.11.01-17.37.22:396][  0]LogTemp: Display: Loaded TP MacServerTargetPlatform
[2018.11.01-17.37.22:417][  0]LogTemp: Display: Loaded TP MacTargetPlatform
[2018.11.01-17.37.22:437][  0]LogTemp: Display: Loaded TP WindowsClientTargetPlatform
[2018.11.01-17.37.22:454][  0]LogTemp: Display: Loaded TP WindowsNoEditorTargetPlatform
[2018.11.01-17.37.22:473][  0]LogTemp: Display: Loaded TP WindowsServerTargetPlatform
[2018.11.01-17.37.22:483][  0]LogTemp: Display: Loaded TP WindowsTargetPlatform
[2018.11.01-17.37.22:582][  0]LogTemp: Display: Loaded TP AndroidTargetPlatform
[2018.11.01-17.37.22:582][  0]LogTemp: Display: Loaded TP AndroidTargetPlatform
[2018.11.01-17.37.22:582][  0]LogTemp: Display: Loaded TP AndroidTargetPlatform
[2018.11.01-17.37.22:582][  0]LogTemp: Display: Loaded TP AndroidTargetPlatform
[2018.11.01-17.37.22:582][  0]LogTemp: Display: Loaded TP AndroidTargetPlatform
[2018.11.01-17.37.22:583][  0]LogTemp: Display: Loaded TP AndroidTargetPlatform
[2018.11.01-17.37.22:583][  0]LogTemp: Display: Loaded TP AndroidTargetPlatform
[2018.11.01-17.37.22:583][  0]LogTemp: Display: Loaded TP AndroidTargetPlatform
[2018.11.01-17.37.22:583][  0]LogTemp: Display: Loaded TP AndroidTargetPlatform
[2018.11.01-17.37.22:583][  0]LogTemp: Display: Loaded TP AndroidTargetPlatform
[2018.11.01-17.37.22:583][  0]LogTemp: Display: Loaded TP AndroidTargetPlatform
[2018.11.01-17.37.22:583][  0]LogTemp: Display: Loaded TP AndroidTargetPlatform
[2018.11.01-17.37.22:583][  0]LogTemp: Display: Loaded TP AndroidTargetPlatform
[2018.11.01-17.37.22:583][  0]LogTemp: Display: Loaded TP AndroidTargetPlatform
[2018.11.01-17.37.22:583][  0]LogTemp: Display: Loaded TP AndroidTargetPlatform
[2018.11.01-17.37.22:583][  0]LogTemp: Display: Loaded TP AndroidTargetPlatform
[2018.11.01-17.37.22:583][  0]LogTemp: Display: Loaded TP AndroidTargetPlatform
[2018.11.01-17.37.22:583][  0]LogTemp: Display: Loaded TP AndroidTargetPlatform
[2018.11.01-17.37.22:584][  0]LogTemp: Display: Loaded TP HTML5TargetPlatform
[2018.11.01-17.37.22:651][  0]LogTemp: Display: Loaded TP IOSTargetPlatform
[2018.11.01-17.37.22:651][  0]LogTemp: Display: Loaded TP IOSTargetPlatform
[2018.11.01-17.37.22:681][  0]LogTemp: Display: Loaded TP TVOSTargetPlatform
[2018.11.01-17.37.22:681][  0]LogTemp: Display: Loaded TP TVOSTargetPlatform
[2018.11.01-17.37.22:696][  0]LogTemp: Display: Loaded TP LinuxClientTargetPlatform
[2018.11.01-17.37.22:712][  0]LogTemp: Display: Loaded TP LinuxNoEditorTargetPlatform
[2018.11.01-17.37.22:726][  0]LogTemp: Display: Loaded TP LinuxServerTargetPlatform
[2018.11.01-17.37.22:742][  0]LogTemp: Display: Loaded TP LinuxTargetPlatform
[2018.11.01-17.37.22:756][  0]LogTemp: Display: Loaded TP LuminTargetPlatform
[2018.11.01-17.37.22:756][  0]LogTargetPlatformManager: Display: Building Assets For Windows
[2018.11.01-17.37.22:819][  0]LogXGEController: Cleaning working directory: C:/Users/User/AppData/Local/Temp/UnrealXGEWorkingDir/
[2018.11.01-17.37.22:819][  0]LogXGEController: Cannot use XGE Controller as Incredibuild is not installed on this machine.
[2018.11.01-17.37.22:820][  0]LogShaderCompilers: Cannot use XGE Shader Compiler as Incredibuild is not installed on this machine.
[2018.11.01-17.37.22:820][  0]LogShaderCompilers: Display: Using Local Shader Compiler.
[2018.11.01-17.37.23:705][  0]LogDerivedDataCache: Display: Max Cache Size: 512 MB
[2018.11.01-17.37.23:765][  0]LogDerivedDataCache: Loaded boot cache 0.06s 71MB C:/Users/User/AppData/Local/UnrealEngine/4.20/DerivedDataCache/Boot.ddc.
[2018.11.01-17.37.23:765][  0]LogDerivedDataCache: Display: Loaded Boot cache: C:/Users/User/AppData/Local/UnrealEngine/4.20/DerivedDataCache/Boot.ddc
[2018.11.01-17.37.23:765][  0]LogDerivedDataCache: FDerivedDataBackendGraph:  Pak pak cache file ../../../../../../Users/User/Documents/GitHub/gift/Builds/GiftGame/DerivedDataCache/DDC.ddp not found, will not use a pak cache.
[2018.11.01-17.37.23:765][  0]LogDerivedDataCache: Unable to find inner node Pak for hierarchical cache Hierarchy.
[2018.11.01-17.37.23:765][  0]LogDerivedDataCache: FDerivedDataBackendGraph:  CompressedPak pak cache file ../../../../../../Users/User/Documents/GitHub/gift/Builds/GiftGame/DerivedDataCache/Compressed.ddp not found, will not use a pak cache.
[2018.11.01-17.37.23:765][  0]LogDerivedDataCache: Unable to find inner node CompressedPak for hierarchical cache Hierarchy.
[2018.11.01-17.37.23:781][  0]LogDerivedDataCache: Display: Pak cache opened for reading ../../../Engine/DerivedDataCache/Compressed.ddp.
[2018.11.01-17.37.23:794][  0]LogDerivedDataCache: Using Local data cache path C:/Users/User/AppData/Local/UnrealEngine/Common/DerivedDataCache: Writable
[2018.11.01-17.37.23:794][  0]LogDerivedDataCache: Shared data cache path not found in *engine.ini, will not use an Shared cache.
[2018.11.01-17.37.23:794][  0]LogDerivedDataCache: Unable to find inner node Shared for hierarchical cache Hierarchy.
[2018.11.01-17.37.23:815][  0]LogMaterial: Verifying Global Shaders for PCD3D_SM5
[2018.11.01-17.37.23:816][  0]LogSlate: Using FreeType 2.6.0
[2018.11.01-17.37.23:817][  0]LogSlate: SlateFontServices - WITH_FREETYPE: 1, WITH_HARFBUZZ: 1
[2018.11.01-17.37.23:899][  0]LogAssetRegistry: FAssetRegistry took 0.0266 seconds to start up
[2018.11.01-17.37.24:328][  0]LogInit: Selected Device Profile: [Windows]
[2018.11.01-17.37.24:510][  0]LogSimplygon: Simplygon DLL not present - disabling.
[2018.11.01-17.37.24:515][  0]LogMeshReduction: Using SimplygonSwarm for distributed automatic mesh merging
[2018.11.01-17.37.24:515][  0]LogMeshReduction: Using ProxyLODMeshReduction for automatic mesh merging
[2018.11.01-17.37.24:515][  0]LogMeshReduction: Using QuadricMeshReduction for automatic static mesh reduction
[2018.11.01-17.37.24:515][  0]LogMeshReduction: No automatic skeletal mesh reduction module available
[2018.11.01-17.37.24:540][  0]LogNetVersion: GiftGame 1.0.0, NetCL: 4212847, EngineNetVer: 5, GameNetVer: 0 (Checksum: 3731779599)
[2018.11.01-17.37.25:230][  0]LogPackageLocalizationCache: Processed 11 localized package path(s) for 2 prioritized culture(s) in 0.160742 seconds
[2018.11.01-17.37.25:239][  0]LogUObjectArray: 38425 objects as part of root set at end of initial load.
[2018.11.01-17.37.25:239][  0]LogUObjectAllocator: 6690864 out of 0 bytes used by permanent object pool.
[2018.11.01-17.37.25:239][  0]LogUObjectArray: CloseDisregardForGC: 0/0 objects in disregard for GC pool
[2018.11.01-17.37.26:347][  0]LogTcpMessaging: Initializing TcpMessaging bridge
[2018.11.01-17.37.26:361][  0]LogUdpMessaging: Initializing bridge on interface 0.0.0.0:0 to multicast group 230.0.0.1:6666.
[2018.11.01-17.37.26:515][  0]SourceControl: Source control is disabled
[2018.11.01-17.37.26:515][  0]SourceControl: Source control is disabled
[2018.11.01-17.37.26:517][  0]SourceControl: Source control is disabled
[2018.11.01-17.37.26:518][  0]SourceControl: Source control is disabled
[2018.11.01-17.37.26:687][  0]LogAndroidPermission: UAndroidPermissionCallbackProxy::GetInstance
[2018.11.01-17.37.26:784][  0]LogOcInput: OculusInput pre-init called
[2018.11.01-17.37.26:867][  0]LogEngine: Initializing Engine...
[2018.11.01-17.37.26:868][  0]LogHMD: Failed to initialize OpenVR with code 110
[2018.11.01-17.37.26:871][  0]LogStats: UGameplayTagsManager::ConstructGameplayTagTree: ImportINI prefixes -  0.000 s
[2018.11.01-17.37.26:871][  0]LogStats: UGameplayTagsManager::ConstructGameplayTagTree: Construct from data asset -  0.000 s
[2018.11.01-17.37.26:871][  0]LogStats: UGameplayTagsManager::ConstructGameplayTagTree: ImportINI -  0.000 s
[2018.11.01-17.37.26:871][  0]LogStats: UGameplayTagsManager::ConstructGameplayTagTree: GameplayTagTreeChangedEvent.Broadcast -  0.000 s
[2018.11.01-17.37.27:132][  0]LogInit: Initializing FReadOnlyCVARCache
[2018.11.01-17.37.27:150][  0]LogAIModule: Creating AISystem for world Untitled
[2018.11.01-17.37.27:166][  0]LogInit: XAudio2 using 'Speakers (Realtek High Definition Audio)' : 2 channels at 48 kHz using 32 bits per sample (channel mask 0x3)
[2018.11.01-17.37.27:324][  0]LogInit: FAudioDevice initialized.
[2018.11.01-17.37.27:324][  0]LogNetVersion: Set ProjectVersion to 1.0.0.0. Version Checksum will be recalculated on next use.
[2018.11.01-17.37.27:416][  0]LogDerivedDataCache: Saved boot cache 0.09s 71MB C:/Users/User/AppData/Local/UnrealEngine/4.20/DerivedDataCache/Boot.ddc.
[2018.11.01-17.37.27:430][  0]LogInit: Texture streaming: Enabled
[2018.11.01-17.37.27:455][  0]LogEngineSessionManager: EngineSessionManager initialized
[2018.11.01-17.37.27:481][  0]LogInit: Transaction tracking system initialized
[2018.11.01-17.37.27:513][  0]BlueprintLog: New page: Editor Load
[2018.11.01-17.37.27:614][  0]LocalizationService: Localization service is disabled
[2018.11.01-17.37.28:780][  0]LogCook: Display: Max memory allowance for cook 16384mb min free memory 0mb
[2018.11.01-17.37.28:780][  0]LogCook: Display: Mobile HDR setting 0
[2018.11.01-17.37.28:780][  0]LogGameplayTags: Display: UGameplayTagsManager::DoneAddingNativeTags. DelegateIsBound: 0
[2018.11.01-17.37.28:780][  0]LogStats: UGameplayTagsManager::ConstructGameplayTagTree: ImportINI prefixes -  0.000 s
[2018.11.01-17.37.28:780][  0]LogStats: UGameplayTagsManager::ConstructGameplayTagTree: Construct from data asset -  0.000 s
[2018.11.01-17.37.28:780][  0]LogStats: UGameplayTagsManager::ConstructGameplayTagTree: ImportINI -  0.000 s
[2018.11.01-17.37.28:780][  0]LogStats: UGameplayTagsManager::ConstructGameplayTagTree: GameplayTagTreeChangedEvent.Broadcast -  0.000 s
[2018.11.01-17.37.28:949][  0]LogFileCache: Scanning file cache for directory 'C:/Users/User/Documents/GitHub/gift/Builds/GiftGame/Content/' took 0.02s
[2018.11.01-17.37.28:949][  0]SourceControl: Source control is disabled
[2018.11.01-17.37.28:949][  0]Cmd: MAP LOAD FILE="../../../Engine/Content/Maps/Templates/Template_Default.umap" TEMPLATE=1 SHOWPROGRESS=1 FEATURELEVEL=3
[2018.11.01-17.37.28:949][  0]LightingResults: New page: Lighting Build
[2018.11.01-17.37.28:953][  0]MapCheck: New page: Map Check
[2018.11.01-17.37.28:953][  0]LightingResults: New page: Lighting Build
[2018.11.01-17.37.29:213][  0]LogAIModule: Creating AISystem for world Untitled_1
[2018.11.01-17.37.29:221][  0]LogEditorServer: Finished looking for orphan Actors (0.000 secs)
[2018.11.01-17.37.29:257][  0]Cmd: MAP CHECKDEP NOCLEARLOG
[2018.11.01-17.37.29:329][  0]MapCheck: Map check complete: 0 Error(s), 0 Warning(s), took 72.246ms to complete.
[2018.11.01-17.37.29:329][  0]LogFileHelpers: Loading map 'Template_Default' took 0.380
[2018.11.01-17.37.29:574][  0]LogSlate: Updating window title bar state: overlay mode, drag disabled, window buttons hidden, title bar hidden
[2018.11.01-17.37.29:586][  0]LogSlate: Updating window title bar state: overlay mode, drag disabled, window buttons hidden, title bar hidden
[2018.11.01-17.37.29:596][  0]LogSlate: Updating window title bar state: overlay mode, drag disabled, window buttons hidden, title bar hidden
[2018.11.01-17.37.29:605][  0]LogSlate: Updating window title bar state: overlay mode, drag disabled, window buttons hidden, title bar hidden
[2018.11.01-17.37.29:620][  0]LogCollectionManager: Loaded 0 collections in 0.002044 seconds
[2018.11.01-17.37.29:663][  0]LogFileCache: Scanning file cache for directory 'C:/Users/User/Documents/GitHub/gift/Builds/GiftGame/Saved/Collections/' took 0.01s
[2018.11.01-17.37.29:663][  0]LogFileCache: Scanning file cache for directory 'C:/Users/User/Documents/GitHub/gift/Builds/GiftGame/Content/Developers/DSU/Collections/' took 0.01s
[2018.11.01-17.37.29:663][  0]LogFileCache: Scanning file cache for directory 'C:/Users/User/Documents/GitHub/gift/Builds/GiftGame/Content/Collections/' took 0.01s
[2018.11.01-17.37.29:663][  0]LogCollectionManager: Rebuilt the GUID cache for 0 collections in 0.000000 seconds
[2018.11.01-17.37.29:677][  0]LogContentBrowser: Native class hierarchy populated in 0.0128 seconds. Added 2572 classes and 603 folders.
[2018.11.01-17.37.29:684][  0]LogContentBrowser: Native class hierarchy updated for 'WidgetCarousel' in 0.0003 seconds. Added 0 classes and 0 folders.
[2018.11.01-17.37.30:267][  0]LogContentBrowser: Native class hierarchy updated for 'AddContentDialog' in 0.0003 seconds. Added 0 classes and 0 folders.
[2018.11.01-17.37.30:319][  0]LogContentBrowser: Native class hierarchy updated for 'SceneOutliner' in 0.0003 seconds. Added 1 classes and 2 folders.
[2018.11.01-17.37.30:402][  0]LogSlate: Took 0.000212 seconds to synchronously load lazily loaded font '../../../Engine/Content/Slate/Fonts/Roboto-Regular.ttf' (155K)
[2018.11.01-17.37.30:405][  0]LogSlate: Took 0.000222 seconds to synchronously load lazily loaded font '../../../Engine/Content/Slate/Fonts/Roboto-Bold.ttf' (160K)
[2018.11.01-17.37.30:421][  0]LogSlate: Took 0.008068 seconds to synchronously load lazily loaded font '../../../Engine/Content/Editor/Slate/Fonts/FontAwesome.ttf' (139K)
[2018.11.01-17.37.30:565][  0]LogRenderer: Reallocating scene render targets to support 832x380 Format 9 NumSamples 1 (Frame:1).
[2018.11.01-17.37.31:284][  0]LogContentBrowser: Native class hierarchy updated for 'HierarchicalLODOutliner' in 0.0003 seconds. Added 0 classes and 0 folders.
[2018.11.01-17.37.31:284][  0]LogLoad: (Engine Initialization) Total time: 11.91 seconds
[2018.11.01-17.37.31:284][  0]LogLoad: (Engine Initialization) Total Blueprint compile time: 0.00 seconds
[2018.11.01-17.37.31:303][  0]LogWindowsTextInputMethodSystem: Display: IME system now deactivated.
[2018.11.01-17.37.31:320][  0]LogContentStreaming: Texture pool size now 400 MB
[2018.11.01-17.37.31:341][  0]LogSlate: Took 0.007540 seconds to synchronously load lazily loaded font '../../../Engine/Content/Slate/Fonts/Roboto-Light.ttf' (167K)
[2018.11.01-17.37.36:529][204]LogAssetRegistry: Asset discovery search completed in 12.6512 seconds
[2018.11.01-17.37.36:532][204]LogCollectionManager: Rebuilt the object cache for 0 collections in 0.000000 seconds (found 0 objects)
[2018.11.01-17.37.36:532][204]LogCollectionManager: Fixed up redirectors for 0 collections in 0.000096 seconds (updated 0 objects)
[2018.11.01-17.42.49:115][387]LogSlate: FSceneViewport::OnFocusLost() reason 0
[2018.11.01-17.42.50:887][464]LogSlate: Took 0.000241 seconds to synchronously load lazily loaded font '../../../Engine/Content/Slate/Fonts/Roboto-Light.ttf' (167K)
[2018.11.01-17.42.51:132][464]LogTexture: Display: Building textures: Coal (BGRA8, 253X196)
[2018.11.01-17.42.51:132][464]LogTexture: Display: Building textures: Play (BGRA8, 1470X537)
[2018.11.01-17.42.51:132][464]LogTexture: Display: Building textures: Plus (AutoDXT, 428X544)
[2018.11.01-17.42.51:132][464]LogTexture: Display: Building textures: crystal (AutoDXT, 2100X1500)
[2018.11.01-17.42.51:872][464]LogTexture: Display: Building textures: Dead_Fish (BGRA8, 656X249)
[2018.11.01-17.42.51:872][464]LogTexture: Display: Building textures: Settings (BGRA8, 1470X537)
[2018.11.01-17.42.51:872][464]LogTexture: Display: Building textures: Start (BGRA8, 1470X547)
[2018.11.01-17.42.51:872][464]LogTexture: Display: Building textures: Exit (BGRA8, 1470X570)
[2018.11.01-17.42.51:872][464]LogTexture: Display: Building textures: MainMenu (BGRA8, 1470X537)
[2018.11.01-17.42.51:872][464]LogTexture: Display: Building textures: Socks_-_Copy (AutoDXT, 1544X1236)
[2018.11.01-17.42.51:872][464]LogTexture: Display: Building textures: Bomb (AutoDXT, 2100X1500)
[2018.11.01-17.42.51:872][464]LogTexture: Display: Building textures: Minus (BGRA8, 428X545)
[2018.11.01-17.42.51:898][464]LogMaterial: Display: Missing cached shader map for material RedMaterial, compiling. 
[2018.11.01-17.42.51:991][464]LogShaderCompilers: Display: Shaders left to compile 31
[2018.11.01-17.42.51:992][464]LogShaderCompilers: Display: Shaders left to compile 21
[2018.11.01-17.42.51:992][464]LogShaderCompilers: Display: Shaders left to compile 11
[2018.11.01-17.42.51:992][464]LogMaterial: Display: Missing cached shader map for material BlueMaterial, compiling. 
[2018.11.01-17.42.52:035][464]LogAudioDerivedData: Display: Building compressed audio format OGG hash OGG wave JB_Modified_GG...
[2018.11.01-17.42.52:043][464]LogTemp: Couldn't find amount to resample to.
[2018.11.01-17.42.53:250][464]LogAudioDerivedData: Display: Building compressed audio format OGG hash OGG wave CandyCanes...
[2018.11.01-17.42.53:250][464]LogTemp: Couldn't find amount to resample to.
[2018.11.01-17.42.53:329][464]LogMaterial: Display: Missing cached shader map for material RevealGift, compiling. 
[2018.11.01-17.42.53:420][464]LogMaterial: Display: Missing cached shader map for material RandomMaterial, compiling. 
[2018.11.01-17.42.55:655][464]LogAudioDerivedData: Display: Building compressed audio format OGG hash OGG wave Toilet...
[2018.11.01-17.42.55:656][464]LogTemp: Couldn't find amount to resample to.
[2018.11.01-17.42.55:790][464]LogAudioDerivedData: Display: Updated SoundWave->RawPCMDataSize from 0 to 628904 while cooking SoundWave /Game/Sounds/SoundEffects/Toilet.Toilet.
[2018.11.01-17.42.55:792][464]LogAudioDerivedData: Display: Building compressed audio format OGG hash OGG wave GiftCard...
[2018.11.01-17.42.55:792][464]LogTemp: Couldn't find amount to resample to.
[2018.11.01-17.42.55:838][464]LogAIModule: Creating AISystem for world MainGame
[2018.11.01-17.42.55:856][464]LogAssetEditorManager: Opening Asset editor for World /Game/Maps/MainGame.MainGame
[2018.11.01-17.42.55:897][464]Cmd: MAP LOAD FILE="../../../../../../Users/User/Documents/GitHub/gift/Builds/GiftGame/Content/Maps/MainGame.umap" TEMPLATE=0 SHOWPROGRESS=1 FEATURELEVEL=3
[2018.11.01-17.42.55:897][464]LightingResults: New page: Lighting Build
[2018.11.01-17.42.55:898][464]LoadErrors: New page: Loading map: MainGame.umap
[2018.11.01-17.42.55:899][464]MapCheck: New page: Map Check
[2018.11.01-17.42.55:899][464]LightingResults: New page: Lighting Build
[2018.11.01-17.42.56:058][464]LogEditorServer: Finished looking for orphan Actors (0.000 secs)
[2018.11.01-17.42.56:150][464]Cmd: MAP CHECKDEP NOCLEARLOG
[2018.11.01-17.42.56:267][464]MapCheck: Map check complete: 0 Error(s), 0 Warning(s), took 116.652ms to complete.
[2018.11.01-17.42.56:268][464]LogFileHelpers: Loading map 'MainGame' took 0.372
[2018.11.01-17.42.58:251][555]LogShaderCompilers: Display: Shaders left to compile 85
[2018.11.01-17.43.01:625][729]LogShaderCompilers: Display: Shaders left to compile 75
[2018.11.01-17.43.02:228][761]LogShaderCompilers: Display: Shaders left to compile 65
[2018.11.01-17.43.02:922][798]LogShaderCompilers: Display: Shaders left to compile 55
[2018.11.01-17.43.08:844][114]LogShaderCompilers: Display: Shaders left to compile 45
[2018.11.01-17.43.10:967][227]LogShaderCompilers: Display: Shaders left to compile 35
[2018.11.01-17.43.11:884][276]LogShaderCompilers: Display: Shaders left to compile 25
[2018.11.01-17.43.19:083][660]LogShaderCompilers: Display: Shaders left to compile 15
[2018.11.01-17.43.22:383][836]LogShaderCompilers: Display: Shaders left to compile 5
[2018.11.01-17.44.04:142][897]LogAssetEditorManager: Opening Asset editor for LevelScriptBlueprint /Game/Maps/MainGame.MainGame:PersistentLevel.MainGame
[2018.11.01-17.44.04:753][897]LogContentBrowser: Native class hierarchy updated for 'BlueprintGraph' in 0.0008 seconds. Added 116 classes and 0 folders.
[2018.11.01-17.44.05:644][897]LogSlate: Took 0.005993 seconds to synchronously load lazily loaded font '../../../Engine/Content/Slate/Fonts/Roboto-BoldCondensed.ttf' (158K)
[2018.11.01-17.44.05:784][898]LogSlate: Took 0.008432 seconds to synchronously load lazily loaded font '../../../Engine/Content/Slate/Fonts/Roboto-Italic.ttf' (157K)
[2018.11.01-17.45.21:061][452]BlueprintLog: New page: Compile MainGame
[2018.11.01-17.45.42:795][754]LogFactory: FactoryCreateFile: Texture with ReimportTextureFactory (0 0 ../../../../../../Users/User/Desktop/Puzzle/Really Nice Watch.png)
[2018.11.01-17.45.42:810][754]LogTexture: Display: Building textures: Really_Nice_Watch (BGRA8, 921X627)
[2018.11.01-17.45.42:846][754]LogFactory: FactoryCreateFile: Texture with ReimportTextureFactory (0 0 ../../../../../../Users/User/Desktop/Puzzle/CandyCane2.png)
[2018.11.01-17.45.42:856][754]LogTexture: Display: Building textures: CandyCane2 (BGRA8, 373X997)
[2018.11.01-17.45.42:883][754]LogFactory: FactoryCreateFile: Texture with ReimportTextureFactory (0 0 ../../../../../../Users/User/Desktop/Puzzle/CandyCane.png)
[2018.11.01-17.45.42:909][754]LogTexture: Display: Building textures: CandyCane (BGRA8, 698X1977)
[2018.11.01-17.45.42:967][754]LogFactory: FactoryCreateFile: Texture with ReimportTextureFactory (0 0 ../../../../../../Users/User/Desktop/Puzzle/500K Diamond.png)
[2018.11.01-17.45.42:976][754]LogTexture: Display: Building textures: 500K_Diamond (BGRA8, 679X508)
[2018.11.01-17.46.01:820][660]LogSlate: Window 'Save Content' being destroyed
[2018.11.01-17.46.01:892][660]Cmd: OBJ SAVEPACKAGE PACKAGE="/Game/Art/Sprites/500K_Diamond" FILE="../../../../../../Users/User/Documents/GitHub/gift/Builds/GiftGame/Content/Art/Sprites/500K_Diamond.uasset" SILENT=true
[2018.11.01-17.46.01:937][660]LogSavePackage: Moving '../../../../../../Users/User/Documents/GitHub/gift/Builds/GiftGame/Saved/500K_Diamond757F9F8741B690ED814A629C4640AB66.tmp' to '../../../../../../Users/User/Documents/GitHub/gift/Builds/GiftGame/Content/Art/Sprites/500K_Diamond.uasset'
[2018.11.01-17.46.01:961][660]Cmd: OBJ SAVEPACKAGE PACKAGE="/Game/Art/Sprites/500K_Diamond_Sprite" FILE="../../../../../../Users/User/Documents/GitHub/gift/Builds/GiftGame/Content/Art/Sprites/500K_Diamond_Sprite.uasset" SILENT=true
[2018.11.01-17.46.01:976][660]LogSavePackage: Moving '../../../../../../Users/User/Documents/GitHub/gift/Builds/GiftGame/Saved/500K_Diamond_SpriteB05A3DF347A9631C60807F9531BE7582.tmp' to '../../../../../../Users/User/Documents/GitHub/gift/Builds/GiftGame/Content/Art/Sprites/500K_Diamond_Sprite.uasset'
[2018.11.01-17.46.01:990][660]Cmd: OBJ SAVEPACKAGE PACKAGE="/Game/Art/Sprites/CandyCane" FILE="../../../../../../Users/User/Documents/GitHub/gift/Builds/GiftGame/Content/Art/Sprites/CandyCane.uasset" SILENT=true
[2018.11.01-17.46.02:074][660]LogSavePackage: Moving '../../../../../../Users/User/Documents/GitHub/gift/Builds/GiftGame/Saved/CandyCaneAE0A14164CEA45B2647E32A657B6708E.tmp' to '../../../../../../Users/User/Documents/GitHub/gift/Builds/GiftGame/Content/Art/Sprites/CandyCane.uasset'
[2018.11.01-17.46.02:086][660]Cmd: OBJ SAVEPACKAGE PACKAGE="/Game/Art/Sprites/CandyCane2" FILE="../../../../../../Users/User/Documents/GitHub/gift/Builds/GiftGame/Content/Art/Sprites/CandyCane2.uasset" SILENT=true
[2018.11.01-17.46.02:117][660]LogSavePackage: Moving '../../../../../../Users/User/Documents/GitHub/gift/Builds/GiftGame/Saved/CandyCane2E4702F304A0E6C187992F3B0B0D2585A.tmp' to '../../../../../../Users/User/Documents/GitHub/gift/Builds/GiftGame/Content/Art/Sprites/CandyCane2.uasset'
[2018.11.01-17.46.02:135][660]Cmd: OBJ SAVEPACKAGE PACKAGE="/Game/Art/Sprites/CandyCane2_Sprite" FILE="../../../../../../Users/User/Documents/GitHub/gift/Builds/GiftGame/Content/Art/Sprites/CandyCane2_Sprite.uasset" SILENT=true
[2018.11.01-17.46.02:151][660]LogSavePackage: Moving '../../../../../../Users/User/Documents/GitHub/gift/Builds/GiftGame/Saved/CandyCane2_SpriteE943E99646275E1E9FBE5E9CF2237C4E.tmp' to '../../../../../../Users/User/Documents/GitHub/gift/Builds/GiftGame/Content/Art/Sprites/CandyCane2_Sprite.uasset'
[2018.11.01-17.46.02:169][660]Cmd: OBJ SAVEPACKAGE PACKAGE="/Game/Art/Sprites/CandyCane_Sprite" FILE="../../../../../../Users/User/Documents/GitHub/gift/Builds/GiftGame/Content/Art/Sprites/CandyCane_Sprite.uasset" SILENT=true
[2018.11.01-17.46.02:183][660]LogSavePackage: Moving '../../../../../../Users/User/Documents/GitHub/gift/Builds/GiftGame/Saved/CandyCane_Sprite93F68D5D47B4572F2D2EFDA269CAF1F8.tmp' to '../../../../../../Users/User/Documents/GitHub/gift/Builds/GiftGame/Content/Art/Sprites/CandyCane_Sprite.uasset'
[2018.11.01-17.46.02:196][660]Cmd: OBJ SAVEPACKAGE PACKAGE="/Game/Art/Sprites/Really_Nice_Watch" FILE="../../../../../../Users/User/Documents/GitHub/gift/Builds/GiftGame/Content/Art/Sprites/Really_Nice_Watch.uasset" SILENT=true
[2018.11.01-17.46.02:241][660]LogSavePackage: Moving '../../../../../../Users/User/Documents/GitHub/gift/Builds/GiftGame/Saved/Really_Nice_Watch29B5CD1D41EED30A2A553EAFEEBD5F81.tmp' to '../../../../../../Users/User/Documents/GitHub/gift/Builds/GiftGame/Content/Art/Sprites/Really_Nice_Watch.uasset'
[2018.11.01-17.46.02:273][660]LogSavePackage: Moving '../../../../../../Users/User/Documents/GitHub/gift/Builds/GiftGame/Saved/Really_Nice_Watch_Sprite5A5EE2944063EAA2E83085AAF91A555C.tmp' to '../../../../../../Users/User/Documents/GitHub/gift/Builds/GiftGame/Content/Art/Sprites/Really_Nice_Watch_Sprite.uasset'
[2018.11.01-17.46.02:364][660]Cmd: OBJ SAVEPACKAGE PACKAGE="/Game/Maps/MainGame" FILE="../../../../../../Users/User/Documents/GitHub/gift/Builds/GiftGame/Content/Maps/MainGame.umap" SILENT=true AUTOSAVING=false KEEPDIRTY=false
[2018.11.01-17.46.02:659][660]LogSavePackage: Moving '../../../../../../Users/User/Documents/GitHub/gift/Builds/GiftGame/Saved/MainGameA772C50F44103AC55A99298656694A74.tmp' to '../../../../../../Users/User/Documents/GitHub/gift/Builds/GiftGame/Content/Maps/MainGame.umap'
[2018.11.01-17.46.02:702][660]LogFileHelpers: Saving map 'MainGame' took 0.421
[2018.11.01-17.47.55:055][255]BlueprintLog: New page: Compile MainGame
[2018.11.01-17.48.23:334][384]BlueprintLog: New page: Compile MainGame
[2018.11.01-17.48.43:492][311]BlueprintLog: New page: Compile MainGame
[2018.11.01-17.49.07:126][310]BlueprintLog: New page: Compile MainGame
[2018.11.01-17.49.07:973][331]Cmd: OBJ SAVEPACKAGE PACKAGE="/Game/Maps/MainGame" FILE="../../../../../../Users/User/Documents/GitHub/gift/Builds/GiftGame/Content/Maps/MainGame.umap" SILENT=true AUTOSAVING=false KEEPDIRTY=false
[2018.11.01-17.49.08:251][331]LogSavePackage: Moving '../../../../../../Users/User/Documents/GitHub/gift/Builds/GiftGame/Saved/MainGame802D1D544DD5289BCE6453AA1CDADEA5.tmp' to '../../../../../../Users/User/Documents/GitHub/gift/Builds/GiftGame/Content/Maps/MainGame.umap'
[2018.11.01-17.49.08:306][331]LogFileHelpers: Saving map 'MainGame' took 0.420
[2018.11.01-17.49.15:483][674]LogAssetEditorManager: Opening Asset editor for Blueprint /Game/Maps/MenuGameMode.MenuGameMode
[2018.11.01-17.49.21:914][920]BlueprintLog: New page: Compile MenuGameMode
[2018.11.01-17.49.24:194][  5]Cmd: OBJ SAVEPACKAGE PACKAGE="/Game/Maps/MenuGameMode" FILE="../../../../../../Users/User/Documents/GitHub/gift/Builds/GiftGame/Content/Maps/MenuGameMode.uasset" SILENT=true
[2018.11.01-17.49.24:231][  5]LogSavePackage: Moving '../../../../../../Users/User/Documents/GitHub/gift/Builds/GiftGame/Saved/MenuGameMode5382EC614A28475C4B7BB6ABFD6D07B9.tmp' to '../../../../../../Users/User/Documents/GitHub/gift/Builds/GiftGame/Content/Maps/MenuGameMode.uasset'
[2018.11.01-17.49.25:514][ 60]Cmd: OBJ SAVEPACKAGE PACKAGE="/Game/Maps/MenuGameMode" FILE="../../../../../../Users/User/Documents/GitHub/gift/Builds/GiftGame/Content/Maps/MenuGameMode.uasset" SILENT=true
[2018.11.01-17.49.25:543][ 60]LogSavePackage: Moving '../../../../../../Users/User/Documents/GitHub/gift/Builds/GiftGame/Saved/MenuGameModeF54DF7CA44BD813946B6F2BDC6BD21A0.tmp' to '../../../../../../Users/User/Documents/GitHub/gift/Builds/GiftGame/Content/Maps/MenuGameMode.uasset'
[2018.11.01-17.49.26:110][ 83]Cmd: OBJ SAVEPACKAGE PACKAGE="/Game/Maps/MenuGameMode" FILE="../../../../../../Users/User/Documents/GitHub/gift/Builds/GiftGame/Content/Maps/MenuGameMode.uasset" SILENT=true
[2018.11.01-17.49.26:142][ 83]LogSavePackage: Moving '../../../../../../Users/User/Documents/GitHub/gift/Builds/GiftGame/Saved/MenuGameMode4712B5A8445CDB2F1038FA91CCF0FD0A.tmp' to '../../../../../../Users/User/Documents/GitHub/gift/Builds/GiftGame/Content/Maps/MenuGameMode.uasset'
[2018.11.01-17.49.27:541][142]LogSlate: Window 'MenuGameMode' being destroyed
[2018.11.01-17.49.27:550][142]LogSlate: Window 'MenuGameMode' being destroyed
[2018.11.01-17.49.29:875][250]LogTemp: Repeating last play command: Selected Viewport
[2018.11.01-17.49.29:908][250]LogBlueprintUserMessages: Early PlayInEditor Detection: Level '/Game/Maps/MainGame.MainGame:PersistentLevel' has LevelScriptBlueprint '/Game/Maps/MainGame.MainGame:PersistentLevel.MainGame' with GeneratedClass '/Game/Maps/MainGame.MainGame_C' with ClassGeneratedBy '/Game/Maps/MainGame.MainGame:PersistentLevel.MainGame'
[2018.11.01-17.49.29:908][250]LogPlayLevel: PlayLevel: No blueprints needed recompiling
[2018.11.01-17.49.29:922][250]PIE: New page: PIE session: MainGame (Nov 1, 2018, 7:49:29 AM)
[2018.11.01-17.49.29:922][250]LogPlayLevel: Creating play world package: /Game/Maps/UEDPIE_0_MainGame
[2018.11.01-17.49.29:926][250]LogPlayLevel: PIE: StaticDuplicateObject took: (0.004386s)
[2018.11.01-17.49.29:927][250]LogAIModule: Creating AISystem for world MainGame
[2018.11.01-17.49.29:927][250]LogPlayLevel: PIE: World Init took: (0.000876s)
[2018.11.01-17.49.29:927][250]LogPlayLevel: PIE: Created PIE world by copying editor world from /Game/Maps/MainGame.MainGame to /Game/Maps/UEDPIE_0_MainGame.MainGame (0.005467s)
[2018.11.01-17.49.29:968][250]LogInit: XAudio2 using 'Speakers (Realtek High Definition Audio)' : 2 channels at 48 kHz using 32 bits per sample (channel mask 0x3)
[2018.11.01-17.49.29:987][250]LogInit: FAudioDevice initialized.
[2018.11.01-17.49.30:030][250]LogLoad: Game class is 'MenuGameMode_C'
[2018.11.01-17.49.30:033][250]LogWorld: Bringing World /Game/Maps/UEDPIE_0_MainGame.MainGame up for play (max tick rate 60) at 2018.11.01-12.49.30
[2018.11.01-17.49.30:033][250]LogWorld: Bringing up level for play took: 0.001264
[2018.11.01-17.49.30:057][250]LogContentBrowser: Native class hierarchy updated for 'MovieSceneCapture' in 0.0004 seconds. Added 10 classes and 0 folders.
[2018.11.01-17.49.30:060][250]PIE: Play in editor start time for /Game/Maps/UEDPIE_0_MainGame 0.474
[2018.11.01-17.49.30:060][250]LogBlueprintUserMessages: Late PlayInEditor Detection: Level '/Game/Maps/MainGame.MainGame:PersistentLevel' has LevelScriptBlueprint '/Game/Maps/MainGame.MainGame:PersistentLevel.MainGame' with GeneratedClass '/Game/Maps/MainGame.MainGame_C' with ClassGeneratedBy '/Game/Maps/MainGame.MainGame:PersistentLevel.MainGame'
[2018.11.01-17.49.37:546][693]LogBlueprintUserMessages: Early EndPlayMap Detection: Level '/Game/Maps/MainGame.MainGame:PersistentLevel' has LevelScriptBlueprint '/Game/Maps/MainGame.MainGame:PersistentLevel.MainGame' with GeneratedClass '/Game/Maps/MainGame.MainGame_C' with ClassGeneratedBy '/Game/Maps/MainGame.MainGame:PersistentLevel.MainGame'
[2018.11.01-17.49.37:546][693]LogSlate: Updating window title bar state: overlay mode, drag disabled, window buttons hidden, title bar hidden
[2018.11.01-17.49.37:585][693]LogPlayLevel: Display: Shutting down PIE online subsystems
[2018.11.01-17.49.37:585][693]LogBlueprintUserMessages: Late EndPlayMap Detection: Level '/Game/Maps/MainGame.MainGame:PersistentLevel' has LevelScriptBlueprint '/Game/Maps/MainGame.MainGame:PersistentLevel.MainGame' with GeneratedClass '/Game/Maps/MainGame.MainGame_C' with ClassGeneratedBy '/Game/Maps/MainGame.MainGame:PersistentLevel.MainGame'
[2018.11.01-17.49.37:618][693]LogSlate: Updating window title bar state: overlay mode, drag disabled, window buttons hidden, title bar hidden
[2018.11.01-17.49.37:649][695]LogPlayLevel: Display: Destroying online subsystem :Context_5
[2018.11.01-17.49.39:158][767]LogTemp: Repeating last play command: Selected Viewport
[2018.11.01-17.49.39:182][767]LogBlueprintUserMessages: Early PlayInEditor Detection: Level '/Game/Maps/MainGame.MainGame:PersistentLevel' has LevelScriptBlueprint '/Game/Maps/MainGame.MainGame:PersistentLevel.MainGame' with GeneratedClass '/Game/Maps/MainGame.MainGame_C' with ClassGeneratedBy '/Game/Maps/MainGame.MainGame:PersistentLevel.MainGame'
[2018.11.01-17.49.39:182][767]LogPlayLevel: PlayLevel: No blueprints needed recompiling
[2018.11.01-17.49.39:182][767]PIE: New page: PIE session: MainGame (Nov 1, 2018, 7:49:39 AM)
[2018.11.01-17.49.39:182][767]LogPlayLevel: Creating play world package: /Game/Maps/UEDPIE_0_MainGame
[2018.11.01-17.49.39:186][767]LogPlayLevel: PIE: StaticDuplicateObject took: (0.004060s)
[2018.11.01-17.49.39:187][767]LogAIModule: Creating AISystem for world MainGame
[2018.11.01-17.49.39:187][767]LogPlayLevel: PIE: World Init took: (0.000993s)
[2018.11.01-17.49.39:187][767]LogPlayLevel: PIE: Created PIE world by copying editor world from /Game/Maps/MainGame.MainGame to /Game/Maps/UEDPIE_0_MainGame.MainGame (0.005201s)
[2018.11.01-17.49.39:224][767]LogInit: XAudio2 using 'Speakers (Realtek High Definition Audio)' : 2 channels at 48 kHz using 32 bits per sample (channel mask 0x3)
[2018.11.01-17.49.39:245][767]LogInit: FAudioDevice initialized.
[2018.11.01-17.49.39:281][767]LogLoad: Game class is 'MenuGameMode_C'
[2018.11.01-17.49.39:282][767]LogWorld: Bringing World /Game/Maps/UEDPIE_0_MainGame.MainGame up for play (max tick rate 60) at 2018.11.01-12.49.39
[2018.11.01-17.49.39:283][767]LogWorld: Bringing up level for play took: 0.000806
[2018.11.01-17.49.39:298][767]PIE: Play in editor start time for /Game/Maps/UEDPIE_0_MainGame -0.288
[2018.11.01-17.49.39:298][767]LogBlueprintUserMessages: Late PlayInEditor Detection: Level '/Game/Maps/MainGame.MainGame:PersistentLevel' has LevelScriptBlueprint '/Game/Maps/MainGame.MainGame:PersistentLevel.MainGame' with GeneratedClass '/Game/Maps/MainGame.MainGame_C' with ClassGeneratedBy '/Game/Maps/MainGame.MainGame:PersistentLevel.MainGame'
[2018.11.01-17.49.53:288][602]LogBlueprintUserMessages: Early EndPlayMap Detection: Level '/Game/Maps/MainGame.MainGame:PersistentLevel' has LevelScriptBlueprint '/Game/Maps/MainGame.MainGame:PersistentLevel.MainGame' with GeneratedClass '/Game/Maps/MainGame.MainGame_C' with ClassGeneratedBy '/Game/Maps/MainGame.MainGame:PersistentLevel.MainGame'
[2018.11.01-17.49.53:288][602]LogSlate: Updating window title bar state: overlay mode, drag disabled, window buttons hidden, title bar hidden
[2018.11.01-17.49.53:322][602]LogPlayLevel: Display: Shutting down PIE online subsystems
[2018.11.01-17.49.53:322][602]LogBlueprintUserMessages: Late EndPlayMap Detection: Level '/Game/Maps/MainGame.MainGame:PersistentLevel' has LevelScriptBlueprint '/Game/Maps/MainGame.MainGame:PersistentLevel.MainGame' with GeneratedClass '/Game/Maps/MainGame.MainGame_C' with ClassGeneratedBy '/Game/Maps/MainGame.MainGame:PersistentLevel.MainGame'
[2018.11.01-17.49.53:361][602]LogSlate: Updating window title bar state: overlay mode, drag disabled, window buttons hidden, title bar hidden
[2018.11.01-17.49.53:391][604]LogPlayLevel: Display: Destroying online subsystem :Context_6
[2018.11.01-17.49.54:842][674]LogTemp: Repeating last play command: Selected Viewport
[2018.11.01-17.49.54:864][674]LogBlueprintUserMessages: Early PlayInEditor Detection: Level '/Game/Maps/MainGame.MainGame:PersistentLevel' has LevelScriptBlueprint '/Game/Maps/MainGame.MainGame:PersistentLevel.MainGame' with GeneratedClass '/Game/Maps/MainGame.MainGame_C' with ClassGeneratedBy '/Game/Maps/MainGame.MainGame:PersistentLevel.MainGame'
[2018.11.01-17.49.54:864][674]LogPlayLevel: PlayLevel: No blueprints needed recompiling
[2018.11.01-17.49.54:864][674]PIE: New page: PIE session: MainGame (Nov 1, 2018, 7:49:54 AM)
[2018.11.01-17.49.54:864][674]LogPlayLevel: Creating play world package: /Game/Maps/UEDPIE_0_MainGame
[2018.11.01-17.49.54:869][674]LogPlayLevel: PIE: StaticDuplicateObject took: (0.004301s)
[2018.11.01-17.49.54:869][674]LogAIModule: Creating AISystem for world MainGame
[2018.11.01-17.49.54:870][674]LogPlayLevel: PIE: World Init took: (0.000820s)
[2018.11.01-17.49.54:870][674]LogPlayLevel: PIE: Created PIE world by copying editor world from /Game/Maps/MainGame.MainGame to /Game/Maps/UEDPIE_0_MainGame.MainGame (0.005287s)
[2018.11.01-17.49.54:909][674]LogInit: XAudio2 using 'Speakers (Realtek High Definition Audio)' : 2 channels at 48 kHz using 32 bits per sample (channel mask 0x3)
[2018.11.01-17.49.54:926][674]LogInit: FAudioDevice initialized.
[2018.11.01-17.49.54:958][674]LogLoad: Game class is 'MenuGameMode_C'
[2018.11.01-17.49.54:959][674]LogWorld: Bringing World /Game/Maps/UEDPIE_0_MainGame.MainGame up for play (max tick rate 60) at 2018.11.01-12.49.54
[2018.11.01-17.49.54:959][674]LogWorld: Bringing up level for play took: 0.000817
[2018.11.01-17.49.54:974][674]PIE: Play in editor start time for /Game/Maps/UEDPIE_0_MainGame -0.612
[2018.11.01-17.49.54:974][674]LogBlueprintUserMessages: Late PlayInEditor Detection: Level '/Game/Maps/MainGame.MainGame:PersistentLevel' has LevelScriptBlueprint '/Game/Maps/MainGame.MainGame:PersistentLevel.MainGame' with GeneratedClass '/Game/Maps/MainGame.MainGame_C' with ClassGeneratedBy '/Game/Maps/MainGame.MainGame:PersistentLevel.MainGame'
[2018.11.01-17.50.06:694][371]Set new viewmode: Wireframe
[2018.11.01-17.50.08:044][452]Set new viewmode: Wireframe
[2018.11.01-17.50.08:795][497]Set new viewmode: Wireframe
[2018.11.01-17.50.09:428][535]Set new viewmode: Wireframe
[2018.11.01-17.50.09:695][551]Set new viewmode: Wireframe
[2018.11.01-17.50.09:945][566]Set new viewmode: Wireframe
[2018.11.01-17.50.10:228][583]Set new viewmode: Wireframe
[2018.11.01-17.50.10:695][611]LogSlate: FSceneViewport::OnFocusLost() reason 2
[2018.11.01-17.50.13:313][768]LogBlueprintUserMessages: Early EndPlayMap Detection: Level '/Game/Maps/MainGame.MainGame:PersistentLevel' has LevelScriptBlueprint '/Game/Maps/MainGame.MainGame:PersistentLevel.MainGame' with GeneratedClass '/Game/Maps/MainGame.MainGame_C' with ClassGeneratedBy '/Game/Maps/MainGame.MainGame:PersistentLevel.MainGame'
[2018.11.01-17.50.13:313][768]LogSlate: Updating window title bar state: overlay mode, drag disabled, window buttons hidden, title bar hidden
[2018.11.01-17.50.13:347][768]LogPlayLevel: Display: Shutting down PIE online subsystems
[2018.11.01-17.50.13:347][768]LogBlueprintUserMessages: Late EndPlayMap Detection: Level '/Game/Maps/MainGame.MainGame:PersistentLevel' has LevelScriptBlueprint '/Game/Maps/MainGame.MainGame:PersistentLevel.MainGame' with GeneratedClass '/Game/Maps/MainGame.MainGame_C' with ClassGeneratedBy '/Game/Maps/MainGame.MainGame:PersistentLevel.MainGame'
[2018.11.01-17.50.13:380][768]LogSlate: Updating window title bar state: overlay mode, drag disabled, window buttons hidden, title bar hidden
[2018.11.01-17.50.13:427][771]LogPlayLevel: Display: Destroying online subsystem :Context_7
[2018.11.01-17.50.14:803][839]LogTemp: Repeating last play command: Selected Viewport
[2018.11.01-17.50.14:826][839]LogBlueprintUserMessages: Early PlayInEditor Detection: Level '/Game/Maps/MainGame.MainGame:PersistentLevel' has LevelScriptBlueprint '/Game/Maps/MainGame.MainGame:PersistentLevel.MainGame' with GeneratedClass '/Game/Maps/MainGame.MainGame_C' with ClassGeneratedBy '/Game/Maps/MainGame.MainGame:PersistentLevel.MainGame'
[2018.11.01-17.50.14:826][839]LogPlayLevel: PlayLevel: No blueprints needed recompiling
[2018.11.01-17.50.14:826][839]PIE: New page: PIE session: MainGame (Nov 1, 2018, 7:50:14 AM)
[2018.11.01-17.50.14:826][839]LogPlayLevel: Creating play world package: /Game/Maps/UEDPIE_0_MainGame
[2018.11.01-17.50.14:830][839]LogPlayLevel: PIE: StaticDuplicateObject took: (0.003986s)
[2018.11.01-17.50.14:831][839]LogAIModule: Creating AISystem for world MainGame
[2018.11.01-17.50.14:831][839]LogPlayLevel: PIE: World Init took: (0.000775s)
[2018.11.01-17.50.14:831][839]LogPlayLevel: PIE: Created PIE world by copying editor world from /Game/Maps/MainGame.MainGame to /Game/Maps/UEDPIE_0_MainGame.MainGame (0.004925s)
[2018.11.01-17.50.14:868][839]LogInit: XAudio2 using 'Speakers (Realtek High Definition Audio)' : 2 channels at 48 kHz using 32 bits per sample (channel mask 0x3)
[2018.11.01-17.50.14:887][839]LogInit: FAudioDevice initialized.
[2018.11.01-17.50.14:919][839]LogLoad: Game class is 'MenuGameMode_C'
[2018.11.01-17.50.14:920][839]LogWorld: Bringing World /Game/Maps/UEDPIE_0_MainGame.MainGame up for play (max tick rate 60) at 2018.11.01-12.50.14
[2018.11.01-17.50.14:921][839]LogWorld: Bringing up level for play took: 0.000848
[2018.11.01-17.50.14:936][839]PIE: Play in editor start time for /Game/Maps/UEDPIE_0_MainGame -0.651
[2018.11.01-17.50.14:936][839]LogBlueprintUserMessages: Late PlayInEditor Detection: Level '/Game/Maps/MainGame.MainGame:PersistentLevel' has LevelScriptBlueprint '/Game/Maps/MainGame.MainGame:PersistentLevel.MainGame' with GeneratedClass '/Game/Maps/MainGame.MainGame_C' with ClassGeneratedBy '/Game/Maps/MainGame.MainGame:PersistentLevel.MainGame'
[2018.11.01-17.50.40:363][359]Cmd: OBJ SAVEPACKAGE PACKAGE="/Game/Maps/MainGame" FILE="../../../../../../Users/User/Documents/GitHub/gift/Builds/GiftGame/Content/Maps/MainGame.umap" SILENT=true AUTOSAVING=false KEEPDIRTY=false
[2018.11.01-17.50.40:643][359]LogSavePackage: Moving '../../../../../../Users/User/Documents/GitHub/gift/Builds/GiftGame/Saved/MainGameFCE1563849E2DCFDA1F0B68DC0F83B26.tmp' to '../../../../../../Users/User/Documents/GitHub/gift/Builds/GiftGame/Content/Maps/MainGame.umap'
[2018.11.01-17.50.42:751][483]LogBlueprintUserMessages: Early EndPlayMap Detection: Level '/Game/Maps/MainGame.MainGame:PersistentLevel' has LevelScriptBlueprint '/Game/Maps/MainGame.MainGame:PersistentLevel.MainGame' with GeneratedClass '/Game/Maps/MainGame.MainGame_C' with ClassGeneratedBy '/Game/Maps/MainGame.MainGame:PersistentLevel.MainGame'
[2018.11.01-17.50.42:752][483]LogSlate: Updating window title bar state: overlay mode, drag disabled, window buttons hidden, title bar hidden
[2018.11.01-17.50.42:789][483]LogPlayLevel: Display: Shutting down PIE online subsystems
[2018.11.01-17.50.42:789][483]LogBlueprintUserMessages: Late EndPlayMap Detection: Level '/Game/Maps/MainGame.MainGame:PersistentLevel' has LevelScriptBlueprint '/Game/Maps/MainGame.MainGame:PersistentLevel.MainGame' with GeneratedClass '/Game/Maps/MainGame.MainGame_C' with ClassGeneratedBy '/Game/Maps/MainGame.MainGame:PersistentLevel.MainGame'
[2018.11.01-17.50.42:822][483]LogSlate: Updating window title bar state: overlay mode, drag disabled, window buttons hidden, title bar hidden
[2018.11.01-17.50.42:853][485]LogPlayLevel: Display: Destroying online subsystem :Context_8
[2018.11.01-17.50.44:026][540]Cmd: OBJ SAVEPACKAGE PACKAGE="/Game/Maps/MainGame" FILE="../../../../../../Users/User/Documents/GitHub/gift/Builds/GiftGame/Content/Maps/MainGame.umap" SILENT=true AUTOSAVING=false KEEPDIRTY=false
[2018.11.01-17.50.44:304][540]LogSavePackage: Moving '../../../../../../Users/User/Documents/GitHub/gift/Builds/GiftGame/Saved/MainGame6CD137AB45A0FD5848F0CBA02EBE46AB.tmp' to '../../../../../../Users/User/Documents/GitHub/gift/Builds/GiftGame/Content/Maps/MainGame.umap'
