Log file open, 09/13/18 11:45:58
LogWindows: Failed to load 'aqProf.dll' (GetLastError=126)
LogWindows: File 'aqProf.dll' does not exist
LogWindows: Failed to load 'VtuneApi.dll' (GetLastError=126)
LogWindows: File 'VtuneApi.dll' does not exist
LogWindows: Failed to load 'VtuneApi32e.dll' (GetLastError=126)
LogWindows: File 'VtuneApi32e.dll' does not exist
LogInit: Display: Running engine for game: GiftGame
LogPlatformFile: Not using cached read wrapper
LogTaskGraph: Started task graph with 5 named threads and 11 total threads with 3 sets of task threads.
LogStats: Stats thread started at 0.188068
LogD3D11RHI: Loaded GFSDK_Aftermath_Lib.x64.dll
LogICUInternationalization: Display: ICU TimeZone Detection - Raw Offset: -6:00, Platform Override: ''
LogPluginManager: Mounting plugin Paper2D
LogPluginManager: Mounting plugin AISupport
LogPluginManager: Mounting plugin LightPropagationVolume
LogPluginManager: Mounting plugin CLionSourceCodeAccess
LogPluginManager: Mounting plugin CodeLiteSourceCodeAccess
LogPluginManager: Mounting plugin GitSourceControl
LogPluginManager: Mounting plugin KDevelopSourceCodeAccess
LogPluginManager: Mounting plugin NullSourceCodeAccess
LogPluginManager: Mounting plugin PerforceSourceControl
LogPluginManager: Mounting plugin SubversionSourceControl
LogPluginManager: Mounting plugin UObjectPlugin
LogPluginManager: Mounting plugin VisualStudioCodeSourceCodeAccess
LogPluginManager: Mounting plugin VisualStudioSourceCodeAccess
LogPluginManager: Mounting plugin XCodeSourceCodeAccess
LogPluginManager: Mounting plugin AssetManagerEditor
LogPluginManager: Mounting plugin CryptoKeys
LogPluginManager: Mounting plugin DataValidation
LogPluginManager: Mounting plugin FacialAnimation
LogPluginManager: Mounting plugin GameplayTagsEditor
LogPluginManager: Mounting plugin MacGraphicsSwitching
LogPluginManager: Mounting plugin MeshEditor
LogPluginManager: Mounting plugin MobileLauncherProfileWizard
LogPluginManager: Mounting plugin PluginBrowser
LogPluginManager: Mounting plugin SpeedTreeImporter
LogPluginManager: Mounting plugin DatasmithContent
LogPluginManager: Mounting plugin AlembicImporter
LogPluginManager: Mounting plugin AppleImageUtils
LogPluginManager: Mounting plugin AppleVision
LogPluginManager: Mounting plugin BackChannel
LogPluginManager: Mounting plugin CharacterAI
LogPluginManager: Mounting plugin GeometryCache
LogPluginManager: Mounting plugin HTML5Networking
LogPluginManager: Mounting plugin ProxyLODPlugin
LogPluginManager: Mounting plugin MagicLeap
LogPluginManager: Mounting plugin MagicLeapEmulator
LogPluginManager: Mounting plugin MagicLeapMedia
LogPluginManager: Mounting plugin AndroidMedia
LogPluginManager: Mounting plugin AvfMedia
LogPluginManager: Mounting plugin ImgMedia
LogPluginManager: Mounting plugin LinearTimecode
LogPluginManager: Mounting plugin MediaCompositing
LogPluginManager: Mounting plugin MediaPlayerEditor
LogPluginManager: Mounting plugin WmfMedia
LogPluginManager: Mounting plugin TcpMessaging
LogPluginManager: Mounting plugin UdpMessaging
LogPluginManager: Mounting plugin ActorSequence
LogPluginManager: Mounting plugin LevelSequenceEditor
LogPluginManager: Mounting plugin MatineeToLevelSequence
LogPluginManager: Mounting plugin NetcodeUnitTest
LogPluginManager: Mounting plugin NUTUnrealEngine4
LogPluginManager: Mounting plugin OnlineSubsystemGooglePlay
LogPluginManager: Mounting plugin OnlineSubsystemIOS
LogPluginManager: Mounting plugin OnlineSubsystem
LogPluginManager: Mounting plugin OnlineSubsystemNull
LogPluginManager: Mounting plugin OnlineSubsystemUtils
LogPluginManager: Mounting plugin LauncherChunkInstaller
LogPluginManager: Mounting plugin AndroidDeviceProfileSelector
LogPluginManager: Mounting plugin AndroidMoviePlayer
LogPluginManager: Mounting plugin AndroidPermission
LogPluginManager: Mounting plugin AppleMoviePlayer
LogPluginManager: Mounting plugin ArchVisCharacter
LogPluginManager: Mounting plugin AudioCapture
LogPluginManager: Mounting plugin CableComponent
LogPluginManager: Mounting plugin CustomMeshComponent
LogPluginManager: Mounting plugin EditableMesh
LogPluginManager: Mounting plugin ExampleDeviceProfileSelector
LogPluginManager: Mounting plugin GoogleCloudMessaging
LogPluginManager: Mounting plugin ImmediatePhysics
LogPluginManager: Mounting plugin IOSDeviceProfileSelector
LogPluginManager: Mounting plugin LinuxDeviceProfileSelector
LogPluginManager: Mounting plugin LocationServicesBPLibrary
LogPluginManager: Mounting plugin MobilePatchingUtils
LogPluginManager: Mounting plugin OculusVR
LogPluginManager: Plugin shader directory ../../../Engine/Plugins/Runtime/Oculus/OculusVR/Shaders found
LogPluginManager: Mapping shader source directory ../../../Engine/Plugins/Runtime/Oculus/OculusVR/Shaders to virtual directory /Plugin/OculusVR
LogPluginManager: Mounting plugin PhysXVehicles
LogPluginManager: Mounting plugin ProceduralMeshComponent
LogPluginManager: Mounting plugin RuntimePhysXCooking
LogPluginManager: Mounting plugin SteamVR
LogPluginManager: Mounting plugin WindowsMoviePlayer
LogStreaming: Display: Took  0.112s to configure plugins.
LogInit: Using libcurl 7.55.1-DEV
LogInit:  - built for x86_64-pc-win32
LogInit:  - supports SSL with OpenSSL/1.0.2h
LogInit:  - supports HTTP deflate (compression) using libz 1.2.8
LogInit:  - other features:
LogInit:      CURL_VERSION_SSL
LogInit:      CURL_VERSION_LIBZ
LogInit:      CURL_VERSION_IPV6
LogInit:      CURL_VERSION_ASYNCHDNS
LogInit:      CURL_VERSION_LARGEFILE
LogInit:      CURL_VERSION_IDN
LogInit:  CurlRequestOptions (configurable via config and command line):
LogInit:  - bVerifyPeer = false  - Libcurl will NOT verify peer certificate
LogInit:  - bUseHttpProxy = false  - Libcurl will NOT use HTTP proxy
LogInit:  - bDontReuseConnections = false  - Libcurl will reuse connections
LogInit:  - CertBundlePath = nullptr  - Libcurl will use whatever was configured at build time.
LogInit:  - MaxHostConnections = 16  - Libcurl will limit the number of connections to a host
LogInit:  - LocalHostAddr = Default
LogInit:  - BufferSize = 65536
LogInit: WinSock: version 1.1 (2.2), MaxSocks=32767, MaxUdp=65467
LogInit: Build: ++UE4+Release-4.20-CL-4302132
LogInit: Engine Version: 4.20.2-4302132+++UE4+Release-4.20
LogInit: Compatible Engine Version: 4.20.0-4212847+++UE4+Release-4.20
LogInit: Net CL: 4212847
LogInit: OS: Windows 10 (), CPU: Intel(R) Core(TM) i5-6200U CPU @ 2.30GHz, GPU: Intel(R) HD Graphics 520
LogInit: Compiled (64-bit): Aug 21 2018 02:06:06
LogInit: Compiled with Visual C++: 19.13.26129.00
LogInit: Build Configuration: Development
LogInit: Branch Name: ++UE4+Release-4.20
LogInit: Command Line: -EpicPortal 
LogInit: Base Directory: D:/Epic Games/UE_4.20/Engine/Binaries/Win64/
LogInit: Installed Engine Build: 1
LogDevObjectVersion: Number of dev versions registered: 20
LogDevObjectVersion:   Dev-Blueprints (B0D832E4-1F89-4F0D-ACCF-7EB736FD4AA2): 10
LogDevObjectVersion:   Dev-Build (E1C64328-A22C-4D53-A36C-8E866417BD8C): 0
LogDevObjectVersion:   Dev-Core (375EC13C-06E4-48FB-B500-84F0262A717E): 2
LogDevObjectVersion:   Dev-Editor (E4B068ED-F494-42E9-A231-DA0B2E46BB41): 24
LogDevObjectVersion:   Dev-Framework (CFFC743F-43B0-4480-9391-14DF171D2073): 34
LogDevObjectVersion:   Dev-Mobile (B02B49B5-BB20-44E9-A304-32B752E40360): 2
LogDevObjectVersion:   Dev-Networking (A4E4105C-59A1-49B5-A7C5-40C4547EDFEE): 0
LogDevObjectVersion:   Dev-Online (39C831C9-5AE6-47DC-9A44-9C173E1C8E7C): 0
LogDevObjectVersion:   Dev-Physics (78F01B33-EBEA-4F98-B9B4-84EACCB95AA2): 0
LogDevObjectVersion:   Dev-Platform (6631380F-2D4D-43E0-8009-CF276956A95A): 0
LogDevObjectVersion:   Dev-Rendering (12F88B9F-8875-4AFC-A67C-D90C383ABD29): 26
LogDevObjectVersion:   Dev-Sequencer (7B5AE74C-D270-4C10-A958-57980B212A5A): 9
LogDevObjectVersion:   Dev-VR (D7296918-1DD6-4BDD-9DE2-64A83CC13884): 2
LogDevObjectVersion:   Dev-LoadTimes (C2A15278-BFE7-4AFE-6C17-90FF531DF755): 1
LogDevObjectVersion:   Private-Geometry (6EACA3D4-40EC-4CC1-B786-8BED09428FC5): 3
LogDevObjectVersion:   Dev-AnimPhys (29E575DD-E0A3-4627-9D10-D276232CDCEA): 17
LogDevObjectVersion:   Dev-ReflectionCapture (6B266CEC-1EC7-4B8F-A30B-E4D90942FC07): 1
LogDevObjectVersion:   Dev-Automation (0DF73D61-A23F-47EA-B727-89E90C41499A): 1
LogDevObjectVersion:   FortniteMain (601D1886-AC64-4F84-AA16-D3DE0DEAC7D6): 12
LogDevObjectVersion:   Dev-Enterprise (9DFFBCD6-494F-0158-E221-12823C92A888): 1
LogStreaming: Display: Took  0.000s to delete old logs.
LogInit: Presizing for max 8388607 objects, including 0 objects not considered by GC, pre-allocating 0 bytes for permanent pool.
LogInit: Object subsystem initialized
[2018.09.13-16.45.59:072][  0]LogInit: Selected Device Profile: [Windows]
[2018.09.13-16.45.59:073][  0]LogInit: Applying CVar settings loaded from the selected device profile: [Windows]
[2018.09.13-16.45.59:090][  0]LogHAL: Display: Platform has ~ 12 GB [12766838784 / 17179869184 / 12], which maps to Larger [LargestMinGB=32, LargerMinGB=12, DefaultMinGB=8, SmallerMinGB=6, SmallestMinGB=0)
[2018.09.13-16.45.59:090][  0]LogInit: Setting Device Profile CVar: [[r.Vulkan.UseRealUBs:1]]
[2018.09.13-16.45.59:090][  0]LogInit: Going up to parent DeviceProfile []
[2018.09.13-16.45.59:091][  0]LogInit: Computer: R6507206
[2018.09.13-16.45.59:091][  0]LogInit: User: DSU
[2018.09.13-16.45.59:091][  0]LogInit: CPU Page size=4096, Cores=2
[2018.09.13-16.45.59:091][  0]LogInit: High frequency timer resolution =2.343750 MHz
[2018.09.13-16.45.59:091][  0]LogMemory: Memory total: Physical=11.9GB (12GB approx)
[2018.09.13-16.45.59:091][  0]LogMemory: Platform Memory Stats for Windows
[2018.09.13-16.45.59:091][  0]LogMemory: Process Physical Memory: 99.59 MB used, 99.59 MB peak
[2018.09.13-16.45.59:091][  0]LogMemory: Process Virtual Memory: 82.65 MB used, 82.65 MB peak
[2018.09.13-16.45.59:091][  0]LogMemory: Physical Memory: 5241.34 MB used,  6934.07 MB free, 12175.41 MB total
[2018.09.13-16.45.59:091][  0]LogMemory: Virtual Memory: 4615.07 MB used,  6934.07 MB free, 134217728.00 MB total
[2018.09.13-16.45.59:109][  0]LogInit: Using OS detected language (en-US).
[2018.09.13-16.45.59:109][  0]LogInit: Using OS detected locale (en-US).
[2018.09.13-16.45.59:109][  0]LogTextLocalizationManager: No specific localization for 'en-US' exists, so the 'en' localization will be used.
[2018.09.13-16.45.59:595][  0]LogStreaming: Display: Took  0.488s to InitEngineTextLocalization.
[2018.09.13-16.45.59:596][  0]LogInit: Setting process to per monitor DPI aware
[2018.09.13-16.45.59:638][  0]LogSlate: New Slate User Created.  User Index 0, Is Virtual User: 0
[2018.09.13-16.45.59:638][  0]LogSlate: Slate User Registered.  User Index 0, Is Virtual User: 0
[2018.09.13-16.45.59:884][  0]LogHMD: Failed to initialize OpenVR with code 110
[2018.09.13-16.45.59:884][  0]LogD3D11RHI: D3D11 adapters:
[2018.09.13-16.45.59:893][  0]LogD3D11RHI:    0. 'Intel(R) HD Graphics 520' (Feature Level 11_0)
[2018.09.13-16.45.59:893][  0]LogD3D11RHI:       128/0/6087 MB DedicatedVideo/DedicatedSystem/SharedSystem, Outputs:1, VendorId:0x8086
[2018.09.13-16.45.59:895][  0]LogD3D11RHI:    1. 'Microsoft Basic Render Driver' (Feature Level 11_0)
[2018.09.13-16.45.59:895][  0]LogD3D11RHI:       0/0/6087 MB DedicatedVideo/DedicatedSystem/SharedSystem, Outputs:0, VendorId:0x1414
[2018.09.13-16.45.59:895][  0]LogD3D11RHI: Chosen D3D11 Adapter: 0
[2018.09.13-16.45.59:902][  0]LogD3D11RHI: Creating new Direct3DDevice
[2018.09.13-16.45.59:902][  0]LogD3D11RHI:     GPU DeviceId: 0x1916 (for the marketing name, search the web for "GPU Device Id")
[2018.09.13-16.45.59:902][  0]LogWindows: EnumDisplayDevices:
[2018.09.13-16.45.59:902][  0]LogWindows:    0. 'Intel(R) HD Graphics 520' (P:1 D:1)
[2018.09.13-16.45.59:902][  0]LogWindows:    1. 'Intel(R) HD Graphics 520' (P:0 D:0)
[2018.09.13-16.45.59:903][  0]LogWindows:    2. 'Intel(R) HD Graphics 520' (P:0 D:0)
[2018.09.13-16.45.59:903][  0]LogWindows: DebugString: FoundDriverCount:3 
[2018.09.13-16.45.59:903][  0]LogD3D11RHI:     Adapter Name: Intel(R) HD Graphics 520
[2018.09.13-16.45.59:903][  0]LogD3D11RHI:   Driver Version: 21.20.16.4542 (internal:21.20.16.4542, unified:21.20.16.4542)
[2018.09.13-16.45.59:903][  0]LogD3D11RHI:      Driver Date: 10-24-2016
[2018.09.13-16.45.59:903][  0]LogRHI: Texture pool is 1523 MB (70% of 2176 MB)
[2018.09.13-16.45.59:909][  0]LogD3D11RHI: Async texture creation enabled
[2018.09.13-16.45.59:918][  0]LogD3D11RHI: GPU Timing Frequency: 12.000000 (Debug: 2 0)
[2018.09.13-16.45.59:919][  0]LogShaderCompilers: Guid format shader working directory is 7 characters bigger than the processId version (../../../../../Unreal Engine/GiftGame/Intermediate/Shaders/WorkingDirectory/12804/).
[2018.09.13-16.45.59:920][  0]LogShaderCompilers: Cleaned the shader compiler working directory 'C:/Users/User/AppData/Local/Temp/UnrealShaderWorkingDir/247EF7EA452A538E0EE8E6BF4BC365C9/'.
[2018.09.13-16.46.00:321][  0]LogTemp: Display: Loaded TP AllDesktopTargetPlatform
[2018.09.13-16.46.00:340][  0]LogTemp: Display: Loaded TP MacClientTargetPlatform
[2018.09.13-16.46.00:361][  0]LogTemp: Display: Loaded TP MacNoEditorTargetPlatform
[2018.09.13-16.46.00:379][  0]LogTemp: Display: Loaded TP MacServerTargetPlatform
[2018.09.13-16.46.00:399][  0]LogTemp: Display: Loaded TP MacTargetPlatform
[2018.09.13-16.46.00:418][  0]LogTemp: Display: Loaded TP WindowsClientTargetPlatform
[2018.09.13-16.46.00:434][  0]LogTemp: Display: Loaded TP WindowsNoEditorTargetPlatform
[2018.09.13-16.46.00:453][  0]LogTemp: Display: Loaded TP WindowsServerTargetPlatform
[2018.09.13-16.46.00:460][  0]LogTemp: Display: Loaded TP WindowsTargetPlatform
[2018.09.13-16.46.00:573][  0]LogTemp: Display: Loaded TP AndroidTargetPlatform
[2018.09.13-16.46.00:573][  0]LogTemp: Display: Loaded TP AndroidTargetPlatform
[2018.09.13-16.46.00:573][  0]LogTemp: Display: Loaded TP AndroidTargetPlatform
[2018.09.13-16.46.00:573][  0]LogTemp: Display: Loaded TP AndroidTargetPlatform
[2018.09.13-16.46.00:573][  0]LogTemp: Display: Loaded TP AndroidTargetPlatform
[2018.09.13-16.46.00:573][  0]LogTemp: Display: Loaded TP AndroidTargetPlatform
[2018.09.13-16.46.00:573][  0]LogTemp: Display: Loaded TP AndroidTargetPlatform
[2018.09.13-16.46.00:573][  0]LogTemp: Display: Loaded TP AndroidTargetPlatform
[2018.09.13-16.46.00:573][  0]LogTemp: Display: Loaded TP AndroidTargetPlatform
[2018.09.13-16.46.00:573][  0]LogTemp: Display: Loaded TP AndroidTargetPlatform
[2018.09.13-16.46.00:573][  0]LogTemp: Display: Loaded TP AndroidTargetPlatform
[2018.09.13-16.46.00:573][  0]LogTemp: Display: Loaded TP AndroidTargetPlatform
[2018.09.13-16.46.00:573][  0]LogTemp: Display: Loaded TP AndroidTargetPlatform
[2018.09.13-16.46.00:573][  0]LogTemp: Display: Loaded TP AndroidTargetPlatform
[2018.09.13-16.46.00:573][  0]LogTemp: Display: Loaded TP AndroidTargetPlatform
[2018.09.13-16.46.00:573][  0]LogTemp: Display: Loaded TP AndroidTargetPlatform
[2018.09.13-16.46.00:573][  0]LogTemp: Display: Loaded TP AndroidTargetPlatform
[2018.09.13-16.46.00:573][  0]LogTemp: Display: Loaded TP AndroidTargetPlatform
[2018.09.13-16.46.00:574][  0]LogTemp: Display: Loaded TP HTML5TargetPlatform
[2018.09.13-16.46.00:642][  0]LogTemp: Display: Loaded TP IOSTargetPlatform
[2018.09.13-16.46.00:642][  0]LogTemp: Display: Loaded TP IOSTargetPlatform
[2018.09.13-16.46.00:683][  0]LogTemp: Display: Loaded TP TVOSTargetPlatform
[2018.09.13-16.46.00:683][  0]LogTemp: Display: Loaded TP TVOSTargetPlatform
[2018.09.13-16.46.00:701][  0]LogTemp: Display: Loaded TP LinuxClientTargetPlatform
[2018.09.13-16.46.00:716][  0]LogTemp: Display: Loaded TP LinuxNoEditorTargetPlatform
[2018.09.13-16.46.00:731][  0]LogTemp: Display: Loaded TP LinuxServerTargetPlatform
[2018.09.13-16.46.00:746][  0]LogTemp: Display: Loaded TP LinuxTargetPlatform
[2018.09.13-16.46.00:758][  0]LogTemp: Display: Loaded TP LuminTargetPlatform
[2018.09.13-16.46.00:758][  0]LogTargetPlatformManager: Display: Building Assets For Windows
[2018.09.13-16.46.00:827][  0]LogXGEController: Cannot use XGE Controller as Incredibuild is not installed on this machine.
[2018.09.13-16.46.00:827][  0]LogShaderCompilers: Cannot use XGE Shader Compiler as Incredibuild is not installed on this machine.
[2018.09.13-16.46.00:827][  0]LogShaderCompilers: Display: Using Local Shader Compiler.
[2018.09.13-16.46.01:757][  0]LogDerivedDataCache: Display: Max Cache Size: 512 MB
[2018.09.13-16.46.01:823][  0]LogDerivedDataCache: Loaded boot cache 0.07s 71MB C:/Users/User/AppData/Local/UnrealEngine/4.20/DerivedDataCache/Boot.ddc.
[2018.09.13-16.46.01:824][  0]LogDerivedDataCache: Display: Loaded Boot cache: C:/Users/User/AppData/Local/UnrealEngine/4.20/DerivedDataCache/Boot.ddc
[2018.09.13-16.46.01:824][  0]LogDerivedDataCache: FDerivedDataBackendGraph:  Pak pak cache file ../../../../../Unreal Engine/GiftGame/DerivedDataCache/DDC.ddp not found, will not use a pak cache.
[2018.09.13-16.46.01:824][  0]LogDerivedDataCache: Unable to find inner node Pak for hierarchical cache Hierarchy.
[2018.09.13-16.46.01:824][  0]LogDerivedDataCache: FDerivedDataBackendGraph:  CompressedPak pak cache file ../../../../../Unreal Engine/GiftGame/DerivedDataCache/Compressed.ddp not found, will not use a pak cache.
[2018.09.13-16.46.01:824][  0]LogDerivedDataCache: Unable to find inner node CompressedPak for hierarchical cache Hierarchy.
[2018.09.13-16.46.01:839][  0]LogDerivedDataCache: Display: Pak cache opened for reading ../../../Engine/DerivedDataCache/Compressed.ddp.
[2018.09.13-16.46.01:851][  0]LogDerivedDataCache: Using Local data cache path C:/Users/User/AppData/Local/UnrealEngine/Common/DerivedDataCache: Writable
[2018.09.13-16.46.01:851][  0]LogDerivedDataCache: Shared data cache path not found in *engine.ini, will not use an Shared cache.
[2018.09.13-16.46.01:851][  0]LogDerivedDataCache: Unable to find inner node Shared for hierarchical cache Hierarchy.
[2018.09.13-16.46.01:876][  0]LogMaterial: Verifying Global Shaders for PCD3D_SM5
[2018.09.13-16.46.01:877][  0]LogSlate: Using FreeType 2.6.0
[2018.09.13-16.46.01:878][  0]LogSlate: SlateFontServices - WITH_FREETYPE: 1, WITH_HARFBUZZ: 1
[2018.09.13-16.46.01:963][  0]LogAssetRegistry: FAssetRegistry took 0.0267 seconds to start up
[2018.09.13-16.46.02:398][  0]LogInit: Selected Device Profile: [Windows]
[2018.09.13-16.46.02:579][  0]LogSimplygon: Simplygon DLL not present - disabling.
[2018.09.13-16.46.02:585][  0]LogMeshReduction: Using SimplygonSwarm for distributed automatic mesh merging
[2018.09.13-16.46.02:585][  0]LogMeshReduction: Using ProxyLODMeshReduction for automatic mesh merging
[2018.09.13-16.46.02:585][  0]LogMeshReduction: Using QuadricMeshReduction for automatic static mesh reduction
[2018.09.13-16.46.02:585][  0]LogMeshReduction: No automatic skeletal mesh reduction module available
[2018.09.13-16.46.02:608][  0]LogNetVersion: GiftGame 1.0.0, NetCL: 4212847, EngineNetVer: 5, GameNetVer: 0 (Checksum: 3731779599)
[2018.09.13-16.46.03:293][  0]LogPackageLocalizationCache: Processed 11 localized package path(s) for 2 prioritized culture(s) in 0.141337 seconds
[2018.09.13-16.46.03:302][  0]LogUObjectArray: 38425 objects as part of root set at end of initial load.
[2018.09.13-16.46.03:302][  0]LogUObjectAllocator: 6690864 out of 0 bytes used by permanent object pool.
[2018.09.13-16.46.03:302][  0]LogUObjectArray: CloseDisregardForGC: 0/0 objects in disregard for GC pool
[2018.09.13-16.46.04:420][  0]LogTcpMessaging: Initializing TcpMessaging bridge
[2018.09.13-16.46.04:433][  0]LogUdpMessaging: Initializing bridge on interface 0.0.0.0:0 to multicast group 230.0.0.1:6666.
[2018.09.13-16.46.04:595][  0]SourceControl: Source control is disabled
[2018.09.13-16.46.04:595][  0]SourceControl: Source control is disabled
[2018.09.13-16.46.04:597][  0]SourceControl: Source control is disabled
[2018.09.13-16.46.04:598][  0]SourceControl: Source control is disabled
[2018.09.13-16.46.04:770][  0]LogAndroidPermission: UAndroidPermissionCallbackProxy::GetInstance
[2018.09.13-16.46.04:869][  0]LogOcInput: OculusInput pre-init called
[2018.09.13-16.46.04:947][  0]LogEngine: Initializing Engine...
[2018.09.13-16.46.04:948][  0]LogHMD: Failed to initialize OpenVR with code 110
[2018.09.13-16.46.04:950][  0]LogStats: UGameplayTagsManager::ConstructGameplayTagTree: ImportINI prefixes -  0.000 s
[2018.09.13-16.46.04:950][  0]LogStats: UGameplayTagsManager::ConstructGameplayTagTree: Construct from data asset -  0.000 s
[2018.09.13-16.46.04:950][  0]LogStats: UGameplayTagsManager::ConstructGameplayTagTree: ImportINI -  0.000 s
[2018.09.13-16.46.04:950][  0]LogStats: UGameplayTagsManager::ConstructGameplayTagTree: GameplayTagTreeChangedEvent.Broadcast -  0.000 s
[2018.09.13-16.46.05:215][  0]LogInit: Initializing FReadOnlyCVARCache
[2018.09.13-16.46.05:231][  0]LogAIModule: Creating AISystem for world Untitled
[2018.09.13-16.46.05:252][  0]LogInit: XAudio2 using 'Speakers (Realtek High Definition Audio)' : 2 channels at 48 kHz using 32 bits per sample (channel mask 0x3)
[2018.09.13-16.46.05:416][  0]LogInit: FAudioDevice initialized.
[2018.09.13-16.46.05:416][  0]LogNetVersion: Set ProjectVersion to 1.0.0.0. Version Checksum will be recalculated on next use.
[2018.09.13-16.46.05:548][  0]LogDerivedDataCache: Saved boot cache 0.13s 71MB C:/Users/User/AppData/Local/UnrealEngine/4.20/DerivedDataCache/Boot.ddc.
[2018.09.13-16.46.05:562][  0]LogInit: Texture streaming: Enabled
[2018.09.13-16.46.05:586][  0]LogEngineSessionManager: EngineSessionManager initialized
[2018.09.13-16.46.05:605][  0]LogInit: Transaction tracking system initialized
[2018.09.13-16.46.05:637][  0]BlueprintLog: New page: Editor Load
[2018.09.13-16.46.05:734][  0]LocalizationService: Localization service is disabled
[2018.09.13-16.46.06:396][  0]LogCook: Display: Max memory allowance for cook 16384mb min free memory 0mb
[2018.09.13-16.46.06:396][  0]LogCook: Display: Mobile HDR setting 0
[2018.09.13-16.46.06:396][  0]LogGameplayTags: Display: UGameplayTagsManager::DoneAddingNativeTags. DelegateIsBound: 0
[2018.09.13-16.46.06:396][  0]LogStats: UGameplayTagsManager::ConstructGameplayTagTree: ImportINI prefixes -  0.000 s
[2018.09.13-16.46.06:396][  0]LogStats: UGameplayTagsManager::ConstructGameplayTagTree: Construct from data asset -  0.000 s
[2018.09.13-16.46.06:396][  0]LogFileCache: Scanning file cache for directory 'D:/Unreal Engine/GiftGame/Content/' took 0.01s
[2018.09.13-16.46.06:396][  0]LogStats: UGameplayTagsManager::ConstructGameplayTagTree: ImportINI -  0.000 s
[2018.09.13-16.46.06:396][  0]LogStats: UGameplayTagsManager::ConstructGameplayTagTree: GameplayTagTreeChangedEvent.Broadcast -  0.000 s
[2018.09.13-16.46.06:562][  0]SourceControl: Source control is disabled
[2018.09.13-16.46.06:562][  0]Cmd: MAP LOAD FILE="../../../Engine/Content/Maps/Templates/Template_Default.umap" TEMPLATE=1 SHOWPROGRESS=1 FEATURELEVEL=3
[2018.09.13-16.46.06:563][  0]LightingResults: New page: Lighting Build
[2018.09.13-16.46.06:566][  0]MapCheck: New page: Map Check
[2018.09.13-16.46.06:566][  0]LightingResults: New page: Lighting Build
[2018.09.13-16.46.06:864][  0]LogAIModule: Creating AISystem for world Untitled_1
[2018.09.13-16.46.06:872][  0]LogEditorServer: Finished looking for orphan Actors (0.000 secs)
[2018.09.13-16.46.06:909][  0]Cmd: MAP CHECKDEP NOCLEARLOG
[2018.09.13-16.46.06:964][  0]MapCheck: Map check complete: 0 Error(s), 0 Warning(s), took 55.09ms to complete.
[2018.09.13-16.46.06:964][  0]LogFileHelpers: Loading map 'Template_Default' took 0.402
[2018.09.13-16.46.07:079][  0]LogSlate: Updating window title bar state: overlay mode, drag disabled, window buttons hidden, title bar hidden
[2018.09.13-16.46.07:089][  0]LogSlate: Updating window title bar state: overlay mode, drag disabled, window buttons hidden, title bar hidden
[2018.09.13-16.46.07:099][  0]LogSlate: Updating window title bar state: overlay mode, drag disabled, window buttons hidden, title bar hidden
[2018.09.13-16.46.07:109][  0]LogSlate: Updating window title bar state: overlay mode, drag disabled, window buttons hidden, title bar hidden
[2018.09.13-16.46.07:117][  0]LogCollectionManager: Loaded 0 collections in 0.001634 seconds
[2018.09.13-16.46.07:160][  0]LogFileCache: Scanning file cache for directory 'D:/Unreal Engine/GiftGame/Saved/Collections/' took 0.01s
[2018.09.13-16.46.07:160][  0]LogFileCache: Scanning file cache for directory 'D:/Unreal Engine/GiftGame/Content/Developers/DSU/Collections/' took 0.01s
[2018.09.13-16.46.07:160][  0]LogFileCache: Scanning file cache for directory 'D:/Unreal Engine/GiftGame/Content/Collections/' took 0.01s
[2018.09.13-16.46.07:160][  0]LogCollectionManager: Rebuilt the GUID cache for 0 collections in 0.000000 seconds
[2018.09.13-16.46.07:176][  0]LogContentBrowser: Native class hierarchy populated in 0.0161 seconds. Added 2572 classes and 603 folders.
[2018.09.13-16.46.07:185][  0]LogContentBrowser: Native class hierarchy updated for 'WidgetCarousel' in 0.0004 seconds. Added 0 classes and 0 folders.
[2018.09.13-16.46.07:237][  0]LogContentBrowser: Native class hierarchy updated for 'AddContentDialog' in 0.0005 seconds. Added 0 classes and 0 folders.
[2018.09.13-16.46.07:244][  0]LogContentBrowser: Native class hierarchy updated for 'SceneOutliner' in 0.0004 seconds. Added 1 classes and 2 folders.
[2018.09.13-16.46.07:336][  0]LogSlate: Took 0.000240 seconds to synchronously load lazily loaded font '../../../Engine/Content/Slate/Fonts/Roboto-Regular.ttf' (155K)
[2018.09.13-16.46.07:339][  0]LogSlate: Took 0.000214 seconds to synchronously load lazily loaded font '../../../Engine/Content/Slate/Fonts/Roboto-Bold.ttf' (160K)
[2018.09.13-16.46.07:348][  0]LogSlate: Took 0.000254 seconds to synchronously load lazily loaded font '../../../Engine/Content/Editor/Slate/Fonts/FontAwesome.ttf' (139K)
[2018.09.13-16.46.07:455][  0]LogRenderer: Reallocating scene render targets to support 768x380 Format 10 NumSamples 1 (Frame:1).
[2018.09.13-16.46.08:239][  0]LogContentBrowser: Native class hierarchy updated for 'HierarchicalLODOutliner' in 0.0004 seconds. Added 0 classes and 0 folders.
[2018.09.13-16.46.08:239][  0]LogLoad: (Engine Initialization) Total time: 10.71 seconds
[2018.09.13-16.46.08:239][  0]LogLoad: (Engine Initialization) Total Blueprint compile time: 0.00 seconds
[2018.09.13-16.46.08:258][  0]LogWindowsTextInputMethodSystem: Display: IME system now deactivated.
[2018.09.13-16.46.08:280][  0]LogContentStreaming: Texture pool size now 1000 MB
[2018.09.13-16.46.08:287][  0]LogSlate: Took 0.000232 seconds to synchronously load lazily loaded font '../../../Engine/Content/Slate/Fonts/Roboto-Light.ttf' (167K)
[2018.09.13-16.46.08:307][  1]LogAssetRegistry: Asset discovery search completed in 6.3663 seconds
[2018.09.13-16.46.08:309][  1]LogCollectionManager: Rebuilt the object cache for 0 collections in 0.000000 seconds (found 0 objects)
[2018.09.13-16.46.08:309][  1]LogCollectionManager: Fixed up redirectors for 0 collections in 0.000066 seconds (updated 0 objects)
[2018.09.13-16.46.12:338][ 96]LogAudioDerivedData: Display: Building compressed audio format OGG hash OGG wave JB_Modified_GG...
[2018.09.13-16.46.12:357][ 96]LogTemp: Couldn't find amount to resample to.
[2018.09.13-16.46.13:208][ 96]LogAudioDerivedData: Display: Updated SoundWave->RawPCMDataSize from 0 to 6545408 while cooking SoundWave /Game/JB_Modified_GG.JB_Modified_GG.
[2018.09.13-16.46.13:217][ 97]LogSlate: FSceneViewport::OnFocusLost() reason 0
[2018.09.13-16.46.15:801][170]LogSlate: Took 0.000242 seconds to synchronously load lazily loaded font '../../../Engine/Content/Slate/Fonts/Roboto-Light.ttf' (167K)
[2018.09.13-16.46.15:861][170]LogAIModule: Creating AISystem for world GiftGame
[2018.09.13-16.46.15:867][170]LogAssetEditorManager: Opening Asset editor for World /Game/Levels/GiftGame.GiftGame
[2018.09.13-16.46.15:891][170]Cmd: MAP LOAD FILE="../../../../../Unreal Engine/GiftGame/Content/Levels/GiftGame.umap" TEMPLATE=0 SHOWPROGRESS=1 FEATURELEVEL=3
[2018.09.13-16.46.15:891][170]LightingResults: New page: Lighting Build
[2018.09.13-16.46.15:893][170]LoadErrors: New page: Loading map: GiftGame.umap
[2018.09.13-16.46.15:893][170]MapCheck: New page: Map Check
[2018.09.13-16.46.15:893][170]LightingResults: New page: Lighting Build
[2018.09.13-16.46.15:983][170]LogEditorServer: Finished looking for orphan Actors (0.000 secs)
[2018.09.13-16.46.16:034][170]Cmd: MAP CHECKDEP NOCLEARLOG
[2018.09.13-16.46.16:083][170]MapCheck: Map check complete: 0 Error(s), 0 Warning(s), took 48.715ms to complete.
[2018.09.13-16.46.16:083][170]LogFileHelpers: Loading map 'GiftGame' took 0.193
[2018.09.13-16.46.42:244][314]Cmd: OBJ SAVEPACKAGE PACKAGE="/Game/VibrationPatterns/Vibration" FILE="../../../../../Unreal Engine/GiftGame/Content/VibrationPatterns/Vibration.uasset" SILENT=true
[2018.09.13-16.46.42:255][314]LogSavePackage: Moving '../../../../../Unreal Engine/GiftGame/Saved/Vibration822C74354A7862C4F1F2B5AD6489D928.tmp' to '../../../../../Unreal Engine/GiftGame/Content/VibrationPatterns/Vibration.uasset'
[2018.09.13-16.46.44:557][404]LogAssetEditorManager: Opening Asset editor for SoundCue /Game/MainMenuQueue.MainMenuQueue
[2018.09.13-16.46.44:665][404]LogSlate: Took 0.000340 seconds to synchronously load lazily loaded font '../../../Engine/Content/Slate/Fonts/Roboto-BoldCondensed.ttf' (158K)
[2018.09.13-16.46.53:411][679]LogSlate: Window 'MainMenuQueue' being destroyed
[2018.09.13-16.46.53:434][679]LogSlate: Window 'MainMenuQueue' being destroyed
[2018.09.13-16.47.12:894][504]LogAudioDerivedData: Display: Building compressed audio format OGG hash OGG wave WHAT_...
[2018.09.13-16.47.12:894][504]LogTemp: Couldn't find amount to resample to.
[2018.09.13-16.47.12:934][504]LogAudioDerivedData: Display: Updated SoundWave->RawPCMDataSize from 0 to 220500 while cooking SoundWave /Game/WHAT_.WHAT_.
[2018.09.13-16.47.18:693][783]LogMetaData: Removing '/Game/Sounds/MainMenuQueue.MainMenuQueue:SoundCueGraph_0.SoundCueGraphNode_Root_0' ref from Metadata '/Game/MainMenuQueue.PackageMetaData'
[2018.09.13-16.47.18:721][783]Cmd: OBJ SAVEPACKAGE PACKAGE="/Game/Sounds/WHAT_" FILE="../../../../../Unreal Engine/GiftGame/Content/Sounds/WHAT_.uasset" SILENT=true
[2018.09.13-16.47.18:741][783]LogSavePackage: Moving '../../../../../Unreal Engine/GiftGame/Saved/WHAT_FDA993E042AC02C8577446A5D37AC08A.tmp' to '../../../../../Unreal Engine/GiftGame/Content/Sounds/WHAT_.uasset'
[2018.09.13-16.47.18:762][783]Cmd: OBJ SAVEPACKAGE PACKAGE="/Game/Sounds/JB_Modified_GG" FILE="../../../../../Unreal Engine/GiftGame/Content/Sounds/JB_Modified_GG.uasset" SILENT=true
[2018.09.13-16.47.18:888][783]LogSavePackage: Moving '../../../../../Unreal Engine/GiftGame/Saved/JB_Modified_GG8D77D1D441C5D9DDA22D6A975361958A.tmp' to '../../../../../Unreal Engine/GiftGame/Content/Sounds/JB_Modified_GG.uasset'
[2018.09.13-16.47.18:897][783]Cmd: OBJ SAVEPACKAGE PACKAGE="/Game/Sounds/MainMenuQueue" FILE="../../../../../Unreal Engine/GiftGame/Content/Sounds/MainMenuQueue.uasset" SILENT=true
[2018.09.13-16.47.18:910][783]LogSavePackage: Moving '../../../../../Unreal Engine/GiftGame/Saved/MainMenuQueue0CB0DD1A4FC081CA188E8891760704C8.tmp' to '../../../../../Unreal Engine/GiftGame/Content/Sounds/MainMenuQueue.uasset'
[2018.09.13-16.47.34:108][459]LogMetaData: Removing '/Game/Sounds/SoundQueues/MainMenuQueue.MainMenuQueue:SoundCueGraph_0.SoundCueGraphNode_Root_0' ref from Metadata '/Game/Sounds/MainMenuQueue.PackageMetaData'
[2018.09.13-16.47.34:124][459]Cmd: OBJ SAVEPACKAGE PACKAGE="/Game/Sounds/SoundQueues/MainMenuQueue" FILE="../../../../../Unreal Engine/GiftGame/Content/Sounds/SoundQueues/MainMenuQueue.uasset" SILENT=true
[2018.09.13-16.47.34:222][459]LogSavePackage: Moving '../../../../../Unreal Engine/GiftGame/Saved/MainMenuQueue9A544F364C6810CEB2A3948BFF633A6B.tmp' to '../../../../../Unreal Engine/GiftGame/Content/Sounds/SoundQueues/MainMenuQueue.uasset'
[2018.09.13-16.47.53:475][232]LogAssetEditorManager: Opening Asset editor for Blueprint /Game/Actors/Spectator.Spectator
[2018.09.13-16.47.54:048][232]LogContentBrowser: Native class hierarchy updated for 'BlueprintGraph' in 0.0007 seconds. Added 116 classes and 0 folders.
[2018.09.13-16.47.55:013][233]LogSlate: Took 0.000289 seconds to synchronously load lazily loaded font '../../../Engine/Content/Slate/Fonts/Roboto-Italic.ttf' (157K)
[2018.09.13-16.49.26:253][167]BlueprintLog: New page: Compile Spectator
[2018.09.13-16.49.27:248][190]Cmd: OBJ SAVEPACKAGE PACKAGE="/Game/Actors/Spectator" FILE="../../../../../Unreal Engine/GiftGame/Content/Actors/Spectator.uasset" SILENT=true
[2018.09.13-16.49.27:679][190]LogSavePackage: Moving '../../../../../Unreal Engine/GiftGame/Saved/SpectatorDC3B2A084FA5FA4B2EF980A1B26B54D0.tmp' to '../../../../../Unreal Engine/GiftGame/Content/Actors/Spectator.uasset'
[2018.09.13-16.50.05:466][552]BlueprintLog: New page: Compile Spectator
[2018.09.13-16.50.06:244][569]Cmd: OBJ SAVEPACKAGE PACKAGE="/Game/Actors/Spectator" FILE="../../../../../Unreal Engine/GiftGame/Content/Actors/Spectator.uasset" SILENT=true
[2018.09.13-16.50.06:641][569]LogSavePackage: Moving '../../../../../Unreal Engine/GiftGame/Saved/Spectator64B78CCB4E6F06A1B2E96E81C5EDC7E5.tmp' to '../../../../../Unreal Engine/GiftGame/Content/Actors/Spectator.uasset'
[2018.09.13-16.50.10:286][725]LogSlate: Window 'Spectator' being destroyed
[2018.09.13-16.50.10:319][725]LogSlate: Window 'Spectator' being destroyed
[2018.09.13-16.50.19:032][ 71]Cmd: OBJ SAVEPACKAGE PACKAGE="/Game/Levels/GiftGame" FILE="../../../../../Unreal Engine/GiftGame/Content/Levels/GiftGame.umap" SILENT=true AUTOSAVING=false KEEPDIRTY=false
[2018.09.13-16.50.19:163][ 71]LogSavePackage: Moving '../../../../../Unreal Engine/GiftGame/Saved/GiftGame11F238394BFF4E0D0E77F083653E5EB4.tmp' to '../../../../../Unreal Engine/GiftGame/Content/Levels/GiftGame.umap'
[2018.09.13-16.50.19:207][ 71]LogFileHelpers: Saving map 'GiftGame' took 0.231
[2018.09.13-16.50.21:916][179]LogAIModule: Creating AISystem for world MainMenu
[2018.09.13-16.50.21:922][179]LogAssetEditorManager: Opening Asset editor for World /Game/Levels/MainMenu/MainMenu.MainMenu
[2018.09.13-16.50.21:955][179]Cmd: MAP LOAD FILE="../../../../../Unreal Engine/GiftGame/Content/Levels/MainMenu/MainMenu.umap" TEMPLATE=0 SHOWPROGRESS=1 FEATURELEVEL=3
[2018.09.13-16.50.21:955][179]LightingResults: New page: Lighting Build
[2018.09.13-16.50.21:955][179]LoadErrors: New page: Loading map: MainMenu.umap
[2018.09.13-16.50.21:956][179]MapCheck: New page: Map Check
[2018.09.13-16.50.21:956][179]LightingResults: New page: Lighting Build
[2018.09.13-16.50.22:071][179]LogEditorServer: Finished looking for orphan Actors (0.000 secs)
[2018.09.13-16.50.22:133][179]Cmd: MAP CHECKDEP NOCLEARLOG
[2018.09.13-16.50.22:190][179]MapCheck: Map check complete: 0 Error(s), 0 Warning(s), took 56.191ms to complete.
[2018.09.13-16.50.22:190][179]LogFileHelpers: Loading map 'MainMenu' took 0.235
[2018.09.13-16.50.26:641][334]LogAssetEditorManager: Opening Asset editor for WidgetBlueprint /Game/Levels/MainMenu/MainMenuWidget.MainMenuWidget
[2018.09.13-16.51.21:169][809]Cmd: OBJ SAVEPACKAGE PACKAGE="/Game/Levels/MainMenu/MainMenuWidget" FILE="../../../../../Unreal Engine/GiftGame/Content/Levels/MainMenu/MainMenuWidget.uasset" SILENT=true
[2018.09.13-16.51.21:607][809]LogSavePackage: Moving '../../../../../Unreal Engine/GiftGame/Saved/MainMenuWidget3F72F3FB42BDC8446C905CB4200B2556.tmp' to '../../../../../Unreal Engine/GiftGame/Content/Levels/MainMenu/MainMenuWidget.uasset'
[2018.09.13-16.51.34:756][239]LogSlate: Window 'MainMenuWidget' being destroyed
[2018.09.13-16.51.34:777][239]LogSlate: Window 'MainMenuWidget' being destroyed
[2018.09.13-16.53.41:974][523]LogSlate: Window 'Pick Parent Class' being destroyed
[2018.09.13-16.53.51:771][867]Cmd: OBJ SAVEPACKAGE PACKAGE="/Game/Actors/MusicPlayer" FILE="../../../../../Unreal Engine/GiftGame/Content/Actors/MusicPlayer.uasset" SILENT=true
[2018.09.13-16.53.51:887][867]LogSavePackage: Moving '../../../../../Unreal Engine/GiftGame/Saved/MusicPlayer812F08B94E16A65F344999AA2608231E.tmp' to '../../../../../Unreal Engine/GiftGame/Content/Actors/MusicPlayer.uasset'
[2018.09.13-16.53.59:773][147]LogSlate: FSceneViewport::OnFocusLost() reason 0
[2018.09.13-16.53.59:847][148]LogAssetEditorManager: Opening Asset editor for Blueprint /Game/Actors/MusicPlayer.MusicPlayer
[2018.09.13-16.54.00:411][148]LogRenderer: Reallocating scene render targets to support 808x472 Format 10 NumSamples 1 (Frame:1).
[2018.09.13-16.54.45:533][961]BlueprintLog: New page: Compile MusicPlayer
[2018.09.13-16.54.46:654][977]Cmd: OBJ SAVEPACKAGE PACKAGE="/Game/Actors/MusicPlayer" FILE="../../../../../Unreal Engine/GiftGame/Content/Actors/MusicPlayer.uasset" SILENT=true
[2018.09.13-16.54.46:687][977]LogSavePackage: Moving '../../../../../Unreal Engine/GiftGame/Saved/MusicPlayerEF94179C470B3105B9D720A0E5DC42B2.tmp' to '../../../../../Unreal Engine/GiftGame/Content/Actors/MusicPlayer.uasset'
[2018.09.13-16.54.48:378][ 21]Cmd: OBJ SAVEPACKAGE PACKAGE="/Game/Actors/MusicPlayer" FILE="../../../../../Unreal Engine/GiftGame/Content/Actors/MusicPlayer.uasset" SILENT=true
[2018.09.13-16.54.48:487][ 21]LogSavePackage: Moving '../../../../../Unreal Engine/GiftGame/Saved/MusicPlayer04FBEBD64BEB1709E13A668A7D960262.tmp' to '../../../../../Unreal Engine/GiftGame/Content/Actors/MusicPlayer.uasset'
[2018.09.13-16.54.49:752][ 56]LogSlate: Window 'MusicPlayer' being destroyed
[2018.09.13-16.54.49:770][ 56]LogSlate: Window 'MusicPlayer' being destroyed
[2018.09.13-16.54.52:253][135]LogEditorViewport: Clicking Background
[2018.09.13-16.54.53:785][188]LogSlate: FSceneViewport::OnFocusLost() reason 0
[2018.09.13-16.54.58:381][387]Cmd: OBJ SAVEPACKAGE PACKAGE="/Game/Levels/MainMenu/MainMenu" FILE="../../../../../Unreal Engine/GiftGame/Content/Levels/MainMenu/MainMenu.umap" SILENT=true AUTOSAVING=false KEEPDIRTY=false
[2018.09.13-16.54.58:508][387]LogSavePackage: Moving '../../../../../Unreal Engine/GiftGame/Saved/MainMenu07DEC48E4578B47432ECE0A280C3033B.tmp' to '../../../../../Unreal Engine/GiftGame/Content/Levels/MainMenu/MainMenu.umap'
[2018.09.13-16.54.58:552][387]Cmd: OBJ SAVEPACKAGE PACKAGE="/Game/Levels/MainMenu/MainMenu_BuiltData" FILE="../../../../../Unreal Engine/GiftGame/Content/Levels/MainMenu/MainMenu_BuiltData.uasset" SILENT=true
[2018.09.13-16.54.58:599][387]LogSavePackage: Moving '../../../../../Unreal Engine/GiftGame/Saved/MainMenu_BuiltData6F4EA02B4F143E34A32871A11F48B9B7.tmp' to '../../../../../Unreal Engine/GiftGame/Content/Levels/MainMenu/MainMenu_BuiltData.uasset'
[2018.09.13-16.55.40:705][924]LogAIModule: Creating AISystem for world GiftGame
[2018.09.13-16.55.43:428][ 81]Cmd: OBJ SAVEPACKAGE PACKAGE="/Game/Levels/GiftGame/GiftGame" FILE="../../../../../Unreal Engine/GiftGame/Content/Levels/GiftGame/GiftGame.umap" SILENT=true AUTOSAVING=false KEEPDIRTY=false
[2018.09.13-16.55.43:488][ 81]LogSavePackage: Moving '../../../../../Unreal Engine/GiftGame/Saved/GiftGame01B1599B43727A0BF9872CBA788682F8.tmp' to '../../../../../Unreal Engine/GiftGame/Content/Levels/GiftGame/GiftGame.umap'
[2018.09.13-16.55.43:496][ 81]LogFileHelpers: Saving map 'GiftGame' took 0.125
[2018.09.13-16.55.45:999][162]LogAssetEditorManager: Opening Asset editor for World /Game/Levels/GiftGame/GiftGame.GiftGame
[2018.09.13-16.55.46:037][162]Cmd: MAP LOAD FILE="../../../../../Unreal Engine/GiftGame/Content/Levels/GiftGame/GiftGame.umap" TEMPLATE=0 SHOWPROGRESS=1 FEATURELEVEL=3
[2018.09.13-16.55.46:038][162]LightingResults: New page: Lighting Build
[2018.09.13-16.55.46:039][162]LoadErrors: New page: Loading map: GiftGame.umap
[2018.09.13-16.55.46:039][162]MapCheck: New page: Map Check
[2018.09.13-16.55.46:039][162]LightingResults: New page: Lighting Build
[2018.09.13-16.55.46:146][162]LogEditorServer: Finished looking for orphan Actors (0.000 secs)
[2018.09.13-16.55.46:218][162]Cmd: MAP CHECKDEP NOCLEARLOG
[2018.09.13-16.55.46:274][162]MapCheck: Map check complete: 0 Error(s), 0 Warning(s), took 55.624ms to complete.
[2018.09.13-16.55.46:275][162]LogFileHelpers: Loading map 'GiftGame' took 0.239
[2018.09.13-16.55.51:101][350]LogAIModule: Creating AISystem for world MainMenu
[2018.09.13-16.55.51:108][350]LogAssetEditorManager: Opening Asset editor for World /Game/Levels/MainMenu/MainMenu.MainMenu
[2018.09.13-16.55.51:140][350]Cmd: MAP LOAD FILE="../../../../../Unreal Engine/GiftGame/Content/Levels/MainMenu/MainMenu.umap" TEMPLATE=0 SHOWPROGRESS=1 FEATURELEVEL=3
[2018.09.13-16.55.51:140][350]LightingResults: New page: Lighting Build
[2018.09.13-16.55.51:140][350]LoadErrors: New page: Loading map: MainMenu.umap
[2018.09.13-16.55.51:141][350]MapCheck: New page: Map Check
[2018.09.13-16.55.51:141][350]LightingResults: New page: Lighting Build
[2018.09.13-16.55.51:256][350]LogEditorServer: Finished looking for orphan Actors (0.000 secs)
[2018.09.13-16.55.51:318][350]Cmd: MAP CHECKDEP NOCLEARLOG
[2018.09.13-16.55.51:374][350]MapCheck: Map check complete: 0 Error(s), 0 Warning(s), took 57.082ms to complete.
[2018.09.13-16.55.51:374][350]LogFileHelpers: Loading map 'MainMenu' took 0.235
[2018.09.13-16.55.53:978][432]Cmd: OBJ SAVEPACKAGE PACKAGE="/Game/Levels/MainMenu/MainMenu" FILE="../../../../../Unreal Engine/GiftGame/Content/Levels/MainMenu/MainMenu.umap" SILENT=true AUTOSAVING=false KEEPDIRTY=false
[2018.09.13-16.55.54:099][432]LogSavePackage: Moving '../../../../../Unreal Engine/GiftGame/Saved/MainMenuB00619C74295AF952AC39192A9E57696.tmp' to '../../../../../Unreal Engine/GiftGame/Content/Levels/MainMenu/MainMenu.umap'
[2018.09.13-16.55.54:161][432]LogFileHelpers: Saving map 'MainMenu' took 0.240
[2018.09.13-16.55.58:681][588]LogAssetEditorManager: Opening Asset editor for WidgetBlueprint /Game/Levels/MainMenu/MainMenuWidget.MainMenuWidget
[2018.09.13-16.56.02:313][676]LogSlate: Took 0.002188 seconds to synchronously load lazily loaded font '../../../Engine/Content/Slate/Fonts/DroidSansFallback.ttf' (3848K)
[2018.09.13-16.56.16:210][ 45]LogSlate: Window 'Color Picker' being destroyed
[2018.09.13-16.56.17:738][ 87]Cmd: TRANSACTION UNDO
[2018.09.13-16.56.17:738][ 87]LogEditorTransaction: Undo Edit Specified Color
[2018.09.13-16.59.03:004][570]BlueprintLog: New page: Compile MainMenuWidget
[2018.09.13-16.59.03:895][583]Cmd: OBJ SAVEPACKAGE PACKAGE="/Game/Levels/MainMenu/MainMenuWidget" FILE="../../../../../Unreal Engine/GiftGame/Content/Levels/MainMenu/MainMenuWidget.uasset" SILENT=true
[2018.09.13-16.59.03:944][583]LogSavePackage: Moving '../../../../../Unreal Engine/GiftGame/Saved/MainMenuWidget01CA38014EF1BF3A5C87188FD443435B.tmp' to '../../../../../Unreal Engine/GiftGame/Content/Levels/MainMenu/MainMenuWidget.uasset'
[2018.09.13-16.59.35:188][457]LogEditorTransaction: Undo Edit G
[2018.09.13-16.59.35:362][460]Cmd: TRANSACTION UNDO
[2018.09.13-16.59.35:362][460]LogEditorTransaction: Undo Edit R
[2018.09.13-17.00.02:988][279]LogSlate: Window 'Color Picker' being destroyed
[2018.09.13-17.00.06:898][394]LogEditorTransaction: Undo Edit Color Use Rule
[2018.09.13-17.00.08:579][459]Cmd: TRANSACTION UNDO
[2018.09.13-17.00.08:579][459]LogEditorTransaction: Undo Edit Specified Color
[2018.09.13-17.00.10:592][512]Cmd: TRANSACTION UNDO
[2018.09.13-17.00.10:592][512]LogEditorTransaction: Undo Edit Color Use Rule
[2018.09.13-17.00.24:791][975]LogSlate: Window 'Color Picker' being destroyed
[2018.09.13-17.00.29:391][ 99]LogEditorTransaction: Undo Edit Specified Color
[2018.09.13-17.00.29:972][119]Cmd: TRANSACTION UNDO
[2018.09.13-17.00.29:972][119]LogEditorTransaction: Undo Edit Draw As
[2018.09.13-17.01.02:333][ 22]LogSlate: Window 'Color Picker' being destroyed
[2018.09.13-17.01.16:805][476]LogSlate: Window 'Color Picker' being destroyed
[2018.09.13-17.01.27:957][790]LogSlate: Window 'Color Picker' being destroyed
[2018.09.13-17.01.29:307][827]LogEditorTransaction: Undo Edit Background Color
[2018.09.13-17.01.30:425][877]Cmd: TRANSACTION UNDO
[2018.09.13-17.01.30:425][877]LogEditorTransaction: Undo Edit Background Color
[2018.09.13-17.01.31:251][897]Cmd: TRANSACTION UNDO
[2018.09.13-17.01.31:251][897]LogEditorTransaction: Undo Edit Color and Opacity
[2018.09.13-17.01.50:418][551]LogSlate: Window 'Color Picker' being destroyed
[2018.09.13-17.02.01:578][898]LogEditorTransaction: Undo Edit A
[2018.09.13-17.02.10:993][180]LogSlate: Window 'Color Picker' being destroyed
[2018.09.13-17.02.12:292][216]LogEditorTransaction: Undo Edit Color and Opacity
[2018.09.13-17.02.35:232][835]LogSlate: Window 'Color Picker' being destroyed
[2018.09.13-17.02.51:767][268]LogSlate: Window 'Color Picker' being destroyed
[2018.09.13-17.03.02:445][547]LogSlate: Window 'Color Picker' being destroyed
[2018.09.13-17.03.06:506][656]BlueprintLog: New page: Compile MainMenuWidget
[2018.09.13-17.03.07:715][678]Cmd: OBJ SAVEPACKAGE PACKAGE="/Game/Levels/MainMenu/MainMenuWidget" FILE="../../../../../Unreal Engine/GiftGame/Content/Levels/MainMenu/MainMenuWidget.uasset" SILENT=true
[2018.09.13-17.03.07:822][678]LogSavePackage: Moving '../../../../../Unreal Engine/GiftGame/Saved/MainMenuWidget2760F04B45DBEB5255DD808BFDA4B56F.tmp' to '../../../../../Unreal Engine/GiftGame/Content/Levels/MainMenu/MainMenuWidget.uasset'
[2018.09.13-17.03.09:775][730]Cmd: OBJ SAVEPACKAGE PACKAGE="/Game/Levels/MainMenu/MainMenuWidget" FILE="../../../../../Unreal Engine/GiftGame/Content/Levels/MainMenu/MainMenuWidget.uasset" SILENT=true
[2018.09.13-17.03.09:882][730]LogSavePackage: Moving '../../../../../Unreal Engine/GiftGame/Saved/MainMenuWidgetB322C8134FE0FE57F9F328B843CEF70C.tmp' to '../../../../../Unreal Engine/GiftGame/Content/Levels/MainMenu/MainMenuWidget.uasset'
[2018.09.13-17.03.11:880][785]LogSlate: Window 'MainMenuWidget' being destroyed
[2018.09.13-17.03.11:897][785]LogSlate: Window 'MainMenuWidget' being destroyed
[2018.09.13-17.04.11:887][872]LogAIModule: Creating AISystem for world GiftGame
[2018.09.13-17.04.11:892][872]LogAssetEditorManager: Opening Asset editor for World /Game/Levels/GiftGame/GiftGame.GiftGame
[2018.09.13-17.04.11:930][872]Cmd: MAP LOAD FILE="../../../../../Unreal Engine/GiftGame/Content/Levels/GiftGame/GiftGame.umap" TEMPLATE=0 SHOWPROGRESS=1 FEATURELEVEL=3
[2018.09.13-17.04.11:930][872]LightingResults: New page: Lighting Build
[2018.09.13-17.04.11:931][872]LoadErrors: New page: Loading map: GiftGame.umap
[2018.09.13-17.04.11:931][872]MapCheck: New page: Map Check
[2018.09.13-17.04.11:932][872]LightingResults: New page: Lighting Build
[2018.09.13-17.04.12:040][872]LogEditorServer: Finished looking for orphan Actors (0.000 secs)
[2018.09.13-17.04.12:431][872]Cmd: MAP CHECKDEP NOCLEARLOG
[2018.09.13-17.04.12:494][872]MapCheck: Map check complete: 0 Error(s), 0 Warning(s), took 61.943ms to complete.
[2018.09.13-17.04.12:494][872]LogFileHelpers: Loading map 'GiftGame' took 0.565
[2018.09.13-17.04.15:523][989]LogAssetEditorManager: Opening Asset editor for Blueprint /Game/Actors/Spectator.Spectator
[2018.09.13-17.06.17:073][470]BlueprintLog: New page: Compile Spectator
[2018.09.13-17.06.18:061][493]Cmd: OBJ SAVEPACKAGE PACKAGE="/Game/Actors/Spectator" FILE="../../../../../Unreal Engine/GiftGame/Content/Actors/Spectator.uasset" SILENT=true
[2018.09.13-17.06.18:798][493]LogSavePackage: Moving '../../../../../Unreal Engine/GiftGame/Saved/Spectator93AD86674B778CBC909C24AE2B00E0DB.tmp' to '../../../../../Unreal Engine/GiftGame/Content/Actors/Spectator.uasset'
[2018.09.13-17.06.20:324][537]Cmd: OBJ SAVEPACKAGE PACKAGE="/Game/Actors/Spectator" FILE="../../../../../Unreal Engine/GiftGame/Content/Actors/Spectator.uasset" SILENT=true
[2018.09.13-17.06.20:442][537]LogSavePackage: Moving '../../../../../Unreal Engine/GiftGame/Saved/Spectator53F36AD84AF69CD0766491B6F3AA430F.tmp' to '../../../../../Unreal Engine/GiftGame/Content/Actors/Spectator.uasset'
[2018.09.13-17.06.22:770][607]LogSlate: Window 'Spectator' being destroyed
[2018.09.13-17.06.22:792][607]LogSlate: Window 'Spectator' being destroyed
[2018.09.13-17.06.26:013][730]Cmd: OBJ SAVEPACKAGE PACKAGE="/Game/Levels/GiftGame/GiftGame" FILE="../../../../../Unreal Engine/GiftGame/Content/Levels/GiftGame/GiftGame.umap" SILENT=true AUTOSAVING=false KEEPDIRTY=false
[2018.09.13-17.06.26:134][730]LogSavePackage: Moving '../../../../../Unreal Engine/GiftGame/Saved/GiftGameF8D8E4304ACC48A59D498A95C0F96DCA.tmp' to '../../../../../Unreal Engine/GiftGame/Content/Levels/GiftGame/GiftGame.umap'
[2018.09.13-17.06.27:880][793]LogSlate: Window 'GiftGame - Unreal Editor' being destroyed
[2018.09.13-17.06.27:881][793]LogWindowsTextInputMethodSystem: Display: IME system now deactivated.
[2018.09.13-17.06.28:068][794]Cmd: QUIT_EDITOR
[2018.09.13-17.06.28:123][794]LogExit: Preparing to exit.
[2018.09.13-17.06.29:143][794]LogExit: Editor shut down
[2018.09.13-17.06.29:144][794]LogExit: Transaction tracking system shut down
[2018.09.13-17.06.29:565][794]LogExit: Object subsystem successfully closed.
[2018.09.13-17.06.29:585][794]LogShaderCompilers: Display: Shaders left to compile 0
[2018.09.13-17.06.29:589][794]LogD3D11RHI: Shutdown
[2018.09.13-17.06.29:589][794]LogD3D11RHI: CleanupD3DDevice
[2018.09.13-17.06.29:636][794]LogD3D11RHI: ~FD3D11DynamicRHI
[2018.09.13-17.06.29:673][794]LogModuleManager: Shutting down and abandoning module SequencerWidgets (616)
[2018.09.13-17.06.29:673][794]LogModuleManager: Shutting down and abandoning module BlueprintGraph (614)
[2018.09.13-17.06.29:673][794]LogModuleManager: Shutting down and abandoning module HierarchicalLODOutliner (612)
[2018.09.13-17.06.29:673][794]LogModuleManager: Shutting down and abandoning module SceneOutliner (610)
[2018.09.13-17.06.29:673][794]LogModuleManager: Shutting down and abandoning module AddContentDialog (608)
[2018.09.13-17.06.29:673][794]LogModuleManager: Shutting down and abandoning module WidgetCarousel (607)
[2018.09.13-17.06.29:673][794]LogModuleManager: Shutting down and abandoning module EditorWidgets (604)
[2018.09.13-17.06.29:673][794]LogModuleManager: Shutting down and abandoning module CollectionManager (602)
[2018.09.13-17.06.29:674][794]LogModuleManager: Shutting down and abandoning module HierarchicalLODUtilities (600)
[2018.09.13-17.06.29:674][794]LogModuleManager: Shutting down and abandoning module StatsViewer (598)
[2018.09.13-17.06.29:674][794]LogModuleManager: Shutting down and abandoning module FoliageEdit (596)
[2018.09.13-17.06.29:674][794]LogModuleManager: Shutting down and abandoning module LandscapeEditor (594)
[2018.09.13-17.06.29:674][794]LogModuleManager: Shutting down and abandoning module MeshPaintMode (592)
[2018.09.13-17.06.29:674][794]LogModuleManager: Shutting down and abandoning module SceneDepthPickerMode (590)
[2018.09.13-17.06.29:674][794]LogModuleManager: Shutting down and abandoning module ActorPickerMode (588)
[2018.09.13-17.06.29:674][794]LogModuleManager: Shutting down and abandoning module GeometryMode (586)
[2018.09.13-17.06.29:674][794]LogModuleManager: Shutting down and abandoning module TextureAlignMode (584)
[2018.09.13-17.06.29:674][794]LogModuleManager: Shutting down and abandoning module BspMode (582)
[2018.09.13-17.06.29:674][794]LogModuleManager: Shutting down and abandoning module PIEPreviewDeviceProfileSelector (580)
[2018.09.13-17.06.29:674][794]LogModuleManager: Shutting down and abandoning module SequenceRecorderSections (578)
[2018.09.13-17.06.29:674][794]LogModuleManager: Shutting down and abandoning module AutomationWorker (576)
[2018.09.13-17.06.29:674][794]LogModuleManager: Shutting down and abandoning module AudioCaptureEditor (574)
[2018.09.13-17.06.29:674][794]LogModuleManager: Shutting down and abandoning module SequenceRecorder (573)
[2018.09.13-17.06.29:674][794]LogModuleManager: Shutting down and abandoning module MatineeToLevelSequence (570)
[2018.09.13-17.06.29:674][794]LogModuleManager: Shutting down and abandoning module LevelSequenceEditor (568)
[2018.09.13-17.06.29:674][794]LogModuleManager: Shutting down and abandoning module PlacementMode (567)
[2018.09.13-17.06.29:674][794]LogModuleManager: Shutting down and abandoning module MaterialEditor (566)
[2018.09.13-17.06.29:674][794]LogModuleManager: Shutting down and abandoning module WmfMediaFactory (562)
[2018.09.13-17.06.29:674][794]LogModuleManager: Shutting down and abandoning module WmfMediaEditor (560)
[2018.09.13-17.06.29:674][794]LogModuleManager: Shutting down and abandoning module MediaPlayerEditor (558)
[2018.09.13-17.06.29:675][794]LogModuleManager: Shutting down and abandoning module OpenExrWrapper (556)
[2018.09.13-17.06.29:675][794]LogModuleManager: Shutting down and abandoning module ImgMediaFactory (554)
[2018.09.13-17.06.29:675][794]LogModuleManager: Shutting down and abandoning module ImgMediaEditor (552)
[2018.09.13-17.06.29:675][794]LogModuleManager: Shutting down and abandoning module AvfMediaFactory (550)
[2018.09.13-17.06.29:675][794]LogModuleManager: Shutting down and abandoning module AvfMediaEditor (548)
[2018.09.13-17.06.29:675][794]LogModuleManager: Shutting down and abandoning module AndroidMediaFactory (546)
[2018.09.13-17.06.29:675][794]LogModuleManager: Shutting down and abandoning module AndroidMediaEditor (544)
[2018.09.13-17.06.29:675][794]LogModuleManager: Shutting down and abandoning module MagicLeapCameraPreviewFactory (542)
[2018.09.13-17.06.29:675][794]LogModuleManager: Shutting down and abandoning module MagicLeapMediaFactory (540)
[2018.09.13-17.06.29:675][794]LogModuleManager: Shutting down and abandoning module MagicLeapMediaEditor (538)
[2018.09.13-17.06.29:675][794]LogModuleManager: Shutting down and abandoning module CharacterAI (536)
[2018.09.13-17.06.29:675][794]LogModuleManager: Shutting down and abandoning module SmartSnapping (534)
[2018.09.13-17.06.29:675][794]LogModuleManager: Shutting down and abandoning module SessionServices (532)
[2018.09.13-17.06.29:675][794]LogModuleManager: Shutting down and abandoning module ViewportSnapping (530)
[2018.09.13-17.06.29:675][794]LogModuleManager: Shutting down and abandoning module ViewportInteraction (528)
[2018.09.13-17.06.29:675][794]LogModuleManager: Shutting down and abandoning module ClothPainter (526)
[2018.09.13-17.06.29:675][794]LogModuleManager: Shutting down and abandoning module SkeletalMeshEditor (525)
[2018.09.13-17.06.29:675][794]LogModuleManager: Shutting down and abandoning module LogVisualizer (522)
[2018.09.13-17.06.29:675][794]LogModuleManager: Shutting down and abandoning module IntroTutorials (520)
[2018.09.13-17.06.29:675][794]LogModuleManager: Shutting down and abandoning module GameProjectGeneration (519)
[2018.09.13-17.06.29:675][794]LogModuleManager: Shutting down and abandoning module LuminPlatformEditor (516)
[2018.09.13-17.06.29:675][794]LogModuleManager: Shutting down and abandoning module IOSPlatformEditor (514)
[2018.09.13-17.06.29:675][794]LogModuleManager: Shutting down and abandoning module HTML5PlatformEditor (512)
[2018.09.13-17.06.29:675][794]LogModuleManager: Shutting down and abandoning module AndroidPlatformEditor (510)
[2018.09.13-17.06.29:675][794]LogModuleManager: Shutting down and abandoning module AndroidDeviceDetection (509)
[2018.09.13-17.06.30:793][794]LogModuleManager: Shutting down and abandoning module WindowsPlatformEditor (506)
[2018.09.13-17.06.30:793][794]LogModuleManager: Shutting down and abandoning module LuminRuntimeSettings (504)
[2018.09.13-17.06.30:793][794]LogModuleManager: Shutting down and abandoning module IOSRuntimeSettings (502)
[2018.09.13-17.06.30:794][794]LogModuleManager: Shutting down and abandoning module AndroidRuntimeSettings (500)
[2018.09.13-17.06.30:794][794]LogModuleManager: Shutting down and abandoning module InputBindingEditor (498)
[2018.09.13-17.06.30:794][794]LogModuleManager: Shutting down and abandoning module MergeActors (496)
[2018.09.13-17.06.30:794][794]LogModuleManager: Shutting down and abandoning module LocalizationDashboard (494)
[2018.09.13-17.06.30:794][794]LogModuleManager: Shutting down and abandoning module LocalizationService (493)
[2018.09.13-17.06.30:794][794]LogModuleManager: Shutting down and abandoning module HardwareTargeting (490)
[2018.09.13-17.06.30:794][794]LogModuleManager: Shutting down and abandoning module DeviceProfileEditor (488)
[2018.09.13-17.06.30:794][794]LogModuleManager: Shutting down and abandoning module UndoHistory (486)
[2018.09.13-17.06.30:794][794]LogModuleManager: Shutting down and abandoning module XmlParser (484)
[2018.09.13-17.06.30:794][794]LogModuleManager: Shutting down and abandoning module Blutility (482)
[2018.09.13-17.06.30:794][794]LogModuleManager: Shutting down and abandoning module ProjectSettingsViewer (480)
[2018.09.13-17.06.30:794][794]LogModuleManager: Shutting down and abandoning module ProjectTargetPlatformEditor (479)
[2018.09.13-17.06.30:794][794]LogModuleManager: Shutting down and abandoning module EditorSettingsViewer (476)
[2018.09.13-17.06.30:794][794]LogModuleManager: Shutting down and abandoning module SettingsEditor (474)
[2018.09.13-17.06.30:794][794]LogModuleManager: Shutting down and abandoning module ProjectLauncher (472)
[2018.09.13-17.06.30:794][794]LogModuleManager: Shutting down and abandoning module SessionFrontend (470)
[2018.09.13-17.06.30:794][794]LogModuleManager: Shutting down and abandoning module ProfilerClient (468)
[2018.09.13-17.06.30:794][794]LogModuleManager: Shutting down and abandoning module DeviceManager (466)
[2018.09.13-17.06.30:794][794]LogModuleManager: Shutting down and abandoning module TargetDeviceServices (465)
[2018.09.13-17.06.30:861][794]LogModuleManager: Shutting down and abandoning module AutomationController (462)
[2018.09.13-17.06.30:861][794]LogModuleManager: Shutting down and abandoning module AutomationWindow (460)
[2018.09.13-17.06.30:861][794]LogModuleManager: Shutting down and abandoning module Layers (458)
[2018.09.13-17.06.30:861][794]LogModuleManager: Shutting down and abandoning module ComponentVisualizers (456)
[2018.09.13-17.06.30:861][794]LogModuleManager: Shutting down and abandoning module DetailCustomizations (454)
[2018.09.13-17.06.30:861][794]LogModuleManager: Shutting down and abandoning module PackagesDialog (452)
[2018.09.13-17.06.30:861][794]LogModuleManager: Shutting down and abandoning module Persona (450)
[2018.09.13-17.06.30:861][794]LogModuleManager: Shutting down and abandoning module AdvancedPreviewScene (449)
[2018.09.13-17.06.30:861][794]LogModuleManager: Shutting down and abandoning module AnimGraph (447)
[2018.09.13-17.06.30:861][794]LogModuleManager: Shutting down and abandoning module Kismet (444)
[2018.09.13-17.06.30:867][794]LogModuleManager: Shutting down and abandoning module GraphEditor (442)
[2018.09.13-17.06.30:867][794]LogModuleManager: Shutting down and abandoning module ClassViewer (440)
[2018.09.13-17.06.30:869][794]LogModuleManager: Shutting down and abandoning module Toolbox (438)
[2018.09.13-17.06.30:869][794]LogModuleManager: Shutting down and abandoning module ModuleUI (436)
[2018.09.13-17.06.30:869][794]LogModuleManager: Shutting down and abandoning module MovieSceneTools (434)
[2018.09.13-17.06.30:869][794]LogModuleManager: Shutting down and abandoning module OutputLog (432)
[2018.09.13-17.06.30:869][794]LogModuleManager: Shutting down and abandoning module GammaUI (430)
[2018.09.13-17.06.30:869][794]LogModuleManager: Shutting down and abandoning module Documentation (428)
[2018.09.13-17.06.30:869][794]LogModuleManager: Shutting down and abandoning module MovieSceneTracks (426)
[2018.09.13-17.06.30:869][794]LogModuleManager: Shutting down and abandoning module MovieScene (424)
[2018.09.13-17.06.30:869][794]LogModuleManager: Shutting down and abandoning module StreamingPauseRendering (422)
[2018.09.13-17.06.30:869][794]LogModuleManager: Shutting down and abandoning module LauncherPlatform (420)
[2018.09.13-17.06.30:869][794]LogModuleManager: Shutting down and abandoning module AnalyticsET (418)
[2018.09.13-17.06.30:869][794]LogModuleManager: Shutting down and abandoning module PortalServices (416)
[2018.09.13-17.06.30:869][794]LogModuleManager: Shutting down and abandoning module PortalRpc (414)
[2018.09.13-17.06.30:869][794]LogModuleManager: Shutting down and abandoning module MessagingRpc (412)
[2018.09.13-17.06.30:869][794]LogModuleManager: Shutting down and abandoning module AIModule (410)
[2018.09.13-17.06.30:870][794]LogModuleManager: Shutting down and abandoning module GameplayDebugger (409)
[2018.09.13-17.06.30:870][794]LogModuleManager: Shutting down and abandoning module AITestSuite (407)
[2018.09.13-17.06.30:870][794]LogModuleManager: Shutting down and abandoning module NavigationSystem (405)
[2018.09.13-17.06.30:870][794]LogModuleManager: Shutting down and abandoning module DesktopPlatform (402)
[2018.09.13-17.06.30:870][794]LogModuleManager: Shutting down and abandoning module ProfilerService (400)
[2018.09.13-17.06.31:120][794]LogModuleManager: Shutting down and abandoning module TaskGraph (398)
[2018.09.13-17.06.31:120][794]LogModuleManager: Shutting down and abandoning module SteamVRController (396)
[2018.09.13-17.06.31:120][794]LogModuleManager: Shutting down and abandoning module ProceduralMeshComponentEditor (394)
[2018.09.13-17.06.31:120][794]LogModuleManager: Shutting down and abandoning module ProceduralMeshComponent (392)
[2018.09.13-17.06.31:120][794]LogModuleManager: Shutting down and abandoning module OculusInput (390)
[2018.09.13-17.06.31:120][794]LogModuleManager: Shutting down and abandoning module MobilePatchingUtils (388)
[2018.09.13-17.06.31:120][794]LogModuleManager: Shutting down and abandoning module EditableMesh (386)
[2018.09.13-17.06.31:120][794]LogModuleManager: Shutting down and abandoning module CustomMeshComponent (384)
[2018.09.13-17.06.31:120][794]LogModuleManager: Shutting down and abandoning module CableComponent (382)
[2018.09.13-17.06.31:120][794]LogModuleManager: Shutting down and abandoning module AudioCapture (380)
[2018.09.13-17.06.31:120][794]LogModuleManager: Shutting down and abandoning module ArchVisCharacter (378)
[2018.09.13-17.06.31:120][794]LogModuleManager: Shutting down and abandoning module AndroidPermission (376)
[2018.09.13-17.06.31:120][794]LogModuleManager: Shutting down and abandoning module NUTUnrealEngine4 (374)
[2018.09.13-17.06.31:120][794]LogModuleManager: Shutting down and abandoning module NetcodeUnitTest (372)
[2018.09.13-17.06.31:120][794]LogModuleManager: Shutting down and abandoning module MediaCompositingEditor (370)
[2018.09.13-17.06.31:120][794]LogModuleManager: Shutting down and abandoning module MediaCompositing (368)
[2018.09.13-17.06.31:120][794]LogModuleManager: Shutting down and abandoning module LinearTimecode (366)
[2018.09.13-17.06.31:120][794]LogModuleManager: Shutting down and abandoning module ImgMedia (364)
[2018.09.13-17.06.31:125][794]LogModuleManager: Shutting down and abandoning module HTML5Networking (362)
[2018.09.13-17.06.31:125][794]LogModuleManager: Shutting down and abandoning module GeometryCacheTracks (360)
[2018.09.13-17.06.31:125][794]LogModuleManager: Shutting down and abandoning module GeometryCacheSequencer (358)
[2018.09.13-17.06.31:125][794]LogModuleManager: Shutting down and abandoning module BackChannel (356)
[2018.09.13-17.06.31:125][794]LogModuleManager: Shutting down and abandoning module AppleVision (354)
[2018.09.13-17.06.31:125][794]LogModuleManager: Shutting down and abandoning module AppleImageUtils (352)
[2018.09.13-17.06.31:125][794]LogModuleManager: Shutting down and abandoning module AlembicImporter (350)
[2018.09.13-17.06.31:125][794]LogModuleManager: Shutting down and abandoning module AlembicLibrary (349)
[2018.09.13-17.06.31:125][794]LogModuleManager: Shutting down and abandoning module GeometryCache (348)
[2018.09.13-17.06.31:125][794]LogModuleManager: Shutting down and abandoning module GeometryCacheEd (347)
[2018.09.13-17.06.31:125][794]LogModuleManager: Shutting down and abandoning module DatasmithContentEditor (342)
[2018.09.13-17.06.31:125][794]LogModuleManager: Shutting down and abandoning module DatasmithContent (340)
[2018.09.13-17.06.31:126][794]LogModuleManager: Shutting down and abandoning module SpeedTreeImporter (338)
[2018.09.13-17.06.31:126][794]LogModuleManager: Shutting down and abandoning module PluginBrowser (336)
[2018.09.13-17.06.31:126][794]LogModuleManager: Shutting down and abandoning module MobileLauncherProfileWizard (334)
[2018.09.13-17.06.31:126][794]LogModuleManager: Shutting down and abandoning module PolygonModeling (332)
[2018.09.13-17.06.31:126][794]LogModuleManager: Shutting down and abandoning module MeshEditor (330)
[2018.09.13-17.06.31:126][794]LogModuleManager: Shutting down and abandoning module CryptoKeysOpenSSL (328)
[2018.09.13-17.06.31:126][794]LogModuleManager: Shutting down and abandoning module CryptoKeys (326)
[2018.09.13-17.06.31:126][794]LogModuleManager: Shutting down and abandoning module VisualStudioSourceCodeAccess (324)
[2018.09.13-17.06.31:126][794]LogModuleManager: Shutting down and abandoning module VisualStudioCodeSourceCodeAccess (322)
[2018.09.13-17.06.31:126][794]LogModuleManager: Shutting down and abandoning module UObjectPlugin (320)
[2018.09.13-17.06.31:127][794]LogModuleManager: Shutting down and abandoning module SubversionSourceControl (318)
[2018.09.13-17.06.31:127][794]LogModuleManager: Shutting down and abandoning module PerforceSourceControl (316)
[2018.09.13-17.06.31:127][794]LogModuleManager: Shutting down and abandoning module GitSourceControl (314)
[2018.09.13-17.06.31:127][794]LogModuleManager: Shutting down and abandoning module SourceControl (313)
[2018.09.13-17.06.31:127][794]LogModuleManager: Shutting down and abandoning module CLionSourceCodeAccess (310)
[2018.09.13-17.06.31:127][794]LogModuleManager: Shutting down and abandoning module LightPropagationVolumeEditor (308)
[2018.09.13-17.06.31:127][794]LogModuleManager: Shutting down and abandoning module PaperTiledImporter (306)
[2018.09.13-17.06.31:127][794]LogModuleManager: Shutting down and abandoning module PaperSpriteSheetImporter (304)
[2018.09.13-17.06.31:127][794]LogModuleManager: Shutting down and abandoning module Paper2DEditor (302)
[2018.09.13-17.06.31:127][794]LogModuleManager: Shutting down and abandoning module MeshPaint (301)
[2018.09.13-17.06.31:127][794]LogModuleManager: Shutting down and abandoning module RuntimePhysXCooking (298)
[2018.09.13-17.06.31:127][794]LogModuleManager: Shutting down and abandoning module PhysXVehiclesEditor (296)
[2018.09.13-17.06.31:127][794]LogModuleManager: Shutting down and abandoning module PhysXVehicles (294)
[2018.09.13-17.06.31:127][794]LogModuleManager: Shutting down and abandoning module OculusEditor (292)
[2018.09.13-17.06.31:127][794]LogModuleManager: Shutting down and abandoning module LocationServicesBPLibrary (290)
[2018.09.13-17.06.31:127][794]LogModuleManager: Shutting down and abandoning module ImmediatePhysicsEditor (288)
[2018.09.13-17.06.31:127][794]LogModuleManager: Shutting down and abandoning module ImmediatePhysics (286)
[2018.09.13-17.06.31:127][794]LogModuleManager: Shutting down and abandoning module ActorSequence (284)
[2018.09.13-17.06.31:127][794]LogModuleManager: Shutting down and abandoning module UdpMessaging (282)
[2018.09.13-17.06.31:228][794]LogModuleManager: Shutting down and abandoning module TcpMessaging (280)
[2018.09.13-17.06.31:329][794]LogModuleManager: Shutting down and abandoning module MagicLeapAudio (278)
[2018.09.13-17.06.31:329][794]LogModuleManager: Shutting down and abandoning module GameplayTagsEditor (276)
[2018.09.13-17.06.31:329][794]LogModuleManager: Shutting down and abandoning module FacialAnimationEditor (274)
[2018.09.13-17.06.31:329][794]LogModuleManager: Shutting down and abandoning module FacialAnimation (272)
[2018.09.13-17.06.31:329][794]LogModuleManager: Shutting down and abandoning module DataValidation (270)
[2018.09.13-17.06.31:329][794]LogModuleManager: Shutting down and abandoning module AssetManagerEditor (268)
[2018.09.13-17.06.31:329][794]LogModuleManager: Shutting down and abandoning module LevelEditor (267)
[2018.09.13-17.06.31:329][794]LogModuleManager: Shutting down and abandoning module PixelInspectorModule (266)
[2018.09.13-17.06.31:329][794]LogModuleManager: Shutting down and abandoning module CommonMenuExtensions (264)
[2018.09.13-17.06.31:330][794]LogModuleManager: Shutting down and abandoning module MainFrame (262)
[2018.09.13-17.06.31:330][794]LogModuleManager: Shutting down and abandoning module HotReload (261)
[2018.09.13-17.06.31:330][794]LogModuleManager: Shutting down and abandoning module ContentBrowser (257)
[2018.09.13-17.06.31:331][794]LogModuleManager: Shutting down and abandoning module TreeMap (255)
[2018.09.13-17.06.31:331][794]LogModuleManager: Shutting down and abandoning module LightPropagationVolumeRuntime (252)
[2018.09.13-17.06.31:331][794]LogModuleManager: Shutting down and abandoning module AISupportModule (250)
[2018.09.13-17.06.31:331][794]LogModuleManager: Shutting down and abandoning module Paper2D (248)
[2018.09.13-17.06.31:331][794]LogModuleManager: Shutting down and abandoning module WindowsMoviePlayer (246)
[2018.09.13-17.06.31:331][794]LogModuleManager: Shutting down and abandoning module WmfMedia (244)
[2018.09.13-17.06.31:333][794]LogModuleManager: Shutting down and abandoning module Media (243)
[2018.09.13-17.06.31:339][794]LogModuleManager: Shutting down and abandoning module PacketHandler (240)
[2018.09.13-17.06.31:339][794]LogModuleManager: Shutting down and abandoning module ClothingSystemEditor (238)
[2018.09.13-17.06.31:339][794]LogModuleManager: Shutting down and abandoning module ClothingSystemRuntime (236)
[2018.09.13-17.06.31:339][794]LogModuleManager: Shutting down and abandoning module MediaAssets (234)
[2018.09.13-17.06.31:339][794]LogModuleManager: Shutting down and abandoning module Overlay (232)
[2018.09.13-17.06.31:339][794]LogModuleManager: Shutting down and abandoning module OverlayEditor (231)
[2018.09.13-17.06.31:339][794]LogModuleManager: Shutting down and abandoning module VREditor (228)
[2018.09.13-17.06.31:339][794]LogModuleManager: Shutting down and abandoning module StringTableEditor (226)
[2018.09.13-17.06.31:339][794]LogModuleManager: Shutting down and abandoning module GameplayTasksEditor (224)
[2018.09.13-17.06.31:339][794]LogModuleManager: Shutting down and abandoning module BehaviorTreeEditor (222)
[2018.09.13-17.06.31:339][794]LogModuleManager: Shutting down and abandoning module FunctionalTesting (220)
[2018.09.13-17.06.31:339][794]LogModuleManager: Shutting down and abandoning module CollisionAnalyzer (218)
[2018.09.13-17.06.31:339][794]LogModuleManager: Shutting down and abandoning module WorkspaceMenuStructure (217)
[2018.09.13-17.06.31:339][794]LogModuleManager: Shutting down and abandoning module UMG (214)
[2018.09.13-17.06.31:340][794]LogModuleManager: Shutting down and abandoning module UMGEditor (213)
[2018.09.13-17.06.31:340][794]LogModuleManager: Shutting down and abandoning module Sequencer (212)
[2018.09.13-17.06.31:340][794]LogModuleManager: Shutting down and abandoning module MessageLog (209)
[2018.09.13-17.06.31:340][794]LogModuleManager: Shutting down and abandoning module SlateReflector (204)
[2018.09.13-17.06.31:340][794]LogModuleManager: Shutting down and abandoning module Slate (202)
[2018.09.13-17.06.31:340][794]LogModuleManager: Shutting down and abandoning module EditorStyle (200)
[2018.09.13-17.06.31:342][794]LogModuleManager: Shutting down and abandoning module MRMesh (198)
[2018.09.13-17.06.31:342][794]LogModuleManager: Shutting down and abandoning module SourceCodeAccess (196)
[2018.09.13-17.06.31:342][794]LogModuleManager: Shutting down and abandoning module HeadMountedDisplay (194)
[2018.09.13-17.06.31:342][794]LogModuleManager: Shutting down and abandoning module XAudio2 (192)
[2018.09.13-17.06.31:342][794]LogModuleManager: Shutting down and abandoning module Networking (190)
[2018.09.13-17.06.31:342][794]LogModuleManager: Shutting down and abandoning module Core (188)
[2018.09.13-17.06.31:342][794]LogModuleManager: Shutting down and abandoning module LevelSequence (186)
[2018.09.13-17.06.31:342][794]LogModuleManager: Shutting down and abandoning module KismetCompiler (184)
[2018.09.13-17.06.31:342][794]LogModuleManager: Shutting down and abandoning module MeshUtilities (182)
[2018.09.13-17.06.31:342][794]LogModuleManager: Shutting down and abandoning module MeshMergeUtilities (181)
[2018.09.13-17.06.31:342][794]LogModuleManager: Shutting down and abandoning module MeshReductionInterface (180)
[2018.09.13-17.06.31:342][794]LogModuleManager: Shutting down and abandoning module SimplygonSwarm (179)
[2018.09.13-17.06.31:342][794]LogModuleManager: Shutting down and abandoning module ProxyLODMeshReduction (177)
[2018.09.13-17.06.31:342][794]LogModuleManager: Shutting down and abandoning module SimplygonMeshReduction (175)
[2018.09.13-17.06.31:342][794]LogModuleManager: Shutting down and abandoning module QuadricMeshReduction (173)
[2018.09.13-17.06.31:343][794]LogModuleManager: Shutting down and abandoning module MaterialBaking (169)
[2018.09.13-17.06.31:343][794]LogModuleManager: Shutting down and abandoning module DirectoryWatcher (165)
[2018.09.13-17.06.31:343][794]LogModuleManager: Shutting down and abandoning module DerivedDataCache (162)
[2018.09.13-17.06.31:424][794]LogDerivedDataCache: Shutdown
[2018.09.13-17.06.31:424][794]LogModuleManager: Shutting down and abandoning module XGEController (160)
[2018.09.13-17.06.31:425][794]LogModuleManager: Shutting down and abandoning module TargetPlatform (158)
[2018.09.13-17.06.31:425][794]LogModuleManager: Shutting down and abandoning module VulkanShaderFormat (157)
[2018.09.13-17.06.31:425][794]LogModuleManager: Shutting down and abandoning module ShaderFormatVectorVM (155)
[2018.09.13-17.06.31:425][794]LogModuleManager: Shutting down and abandoning module ShaderFormatOpenGL (153)
[2018.09.13-17.06.31:425][794]LogModuleManager: Shutting down and abandoning module ShaderFormatD3D (151)
[2018.09.13-17.06.31:425][794]LogModuleManager: Shutting down and abandoning module MetalShaderFormat (149)
[2018.09.13-17.06.31:425][794]LogModuleManager: Shutting down and abandoning module TextureFormatUncompressed (147)
[2018.09.13-17.06.31:425][794]LogModuleManager: Shutting down and abandoning module TextureFormatPVR (145)
[2018.09.13-17.06.31:425][794]LogModuleManager: Shutting down and abandoning module TextureFormatDXT (143)
[2018.09.13-17.06.31:425][794]LogModuleManager: Shutting down and abandoning module TextureFormatIntelISPCTexComp (141)
[2018.09.13-17.06.31:425][794]LogModuleManager: Shutting down and abandoning module TextureFormatASTC (139)
[2018.09.13-17.06.31:425][794]LogModuleManager: Shutting down and abandoning module ImageWrapper (138)
[2018.09.13-17.06.31:425][794]LogModuleManager: Shutting down and abandoning module TextureFormatAndroid (135)
[2018.09.13-17.06.31:425][794]LogModuleManager: Shutting down and abandoning module AudioFormatOpus (133)
[2018.09.13-17.06.31:425][794]LogModuleManager: Shutting down and abandoning module AudioFormatOgg (131)
[2018.09.13-17.06.31:425][794]LogModuleManager: Shutting down and abandoning module AudioFormatADPCM (129)
[2018.09.13-17.06.31:425][794]LogModuleManager: Shutting down and abandoning module LuminTargetPlatform (127)
[2018.09.13-17.06.31:425][794]LogModuleManager: Shutting down and abandoning module LinuxTargetPlatform (125)
[2018.09.13-17.06.31:425][794]LogModuleManager: Shutting down and abandoning module LinuxServerTargetPlatform (123)
[2018.09.13-17.06.31:425][794]LogModuleManager: Shutting down and abandoning module LinuxNoEditorTargetPlatform (121)
[2018.09.13-17.06.31:425][794]LogModuleManager: Shutting down and abandoning module LinuxClientTargetPlatform (119)
[2018.09.13-17.06.31:425][794]LogModuleManager: Shutting down and abandoning module TVOSTargetPlatform (117)
[2018.09.13-17.06.31:426][794]LogModuleManager: Shutting down and abandoning module Messaging (115)
[2018.09.13-17.06.31:426][794]LogModuleManager: Shutting down and abandoning module IOSTargetPlatform (113)
[2018.09.13-17.06.31:427][794]LogModuleManager: Shutting down and abandoning module HTML5TargetPlatform (111)
[2018.09.13-17.06.31:427][794]LogModuleManager: Shutting down and abandoning module AndroidTargetPlatform (109)
[2018.09.13-17.06.31:435][794]LogModuleManager: Shutting down and abandoning module WindowsTargetPlatform (107)
[2018.09.13-17.06.31:435][794]LogModuleManager: Shutting down and abandoning module WindowsServerTargetPlatform (105)
[2018.09.13-17.06.31:435][794]LogModuleManager: Shutting down and abandoning module WindowsNoEditorTargetPlatform (103)
[2018.09.13-17.06.31:435][794]LogModuleManager: Shutting down and abandoning module WindowsClientTargetPlatform (101)
[2018.09.13-17.06.31:435][794]LogModuleManager: Shutting down and abandoning module MacTargetPlatform (99)
[2018.09.13-17.06.31:435][794]LogModuleManager: Shutting down and abandoning module MacServerTargetPlatform (97)
[2018.09.13-17.06.31:435][794]LogModuleManager: Shutting down and abandoning module MacNoEditorTargetPlatform (95)
[2018.09.13-17.06.31:435][794]LogModuleManager: Shutting down and abandoning module MacClientTargetPlatform (93)
[2018.09.13-17.06.31:436][794]LogModuleManager: Shutting down and abandoning module AllDesktopTargetPlatform (91)
[2018.09.13-17.06.31:436][794]LogModuleManager: Shutting down and abandoning module InputCore (88)
[2018.09.13-17.06.31:436][794]LogModuleManager: Shutting down and abandoning module Settings (86)
[2018.09.13-17.06.31:436][794]LogModuleManager: Shutting down and abandoning module PhysXCooking (84)
[2018.09.13-17.06.31:436][794]LogModuleManager: Shutting down and abandoning module SteamVR (82)
[2018.09.13-17.06.31:436][794]LogModuleManager: Shutting down and abandoning module OculusHMD (80)
[2018.09.13-17.06.31:436][794]LogModuleManager: Shutting down and abandoning module ExampleDeviceProfileSelector (78)
[2018.09.13-17.06.31:436][794]LogModuleManager: Shutting down and abandoning module LauncherChunkInstaller (76)
[2018.09.13-17.06.31:436][794]LogModuleManager: Shutting down and abandoning module OnlineBlueprintSupport (74)
[2018.09.13-17.06.31:436][794]LogModuleManager: Shutting down and abandoning module OnlineSubsystem (70)
[2018.09.13-17.06.31:437][794]LogModuleManager: Shutting down and abandoning module XMPP (65)
[2018.09.13-17.06.31:437][794]LogModuleManager: Shutting down and abandoning module WebSockets (64)
[2018.09.13-17.06.31:464][794]LogModuleManager: Shutting down and abandoning module HTTP (61)
[2018.09.13-17.06.31:464][794]LogHttp: Display: Http module shutting down, but needs to wait on 1 outstanding Http requests:
[2018.09.13-17.06.31:464][794]LogHttp: Display: 	verb=[POST] url=[https://datarouter.ol.epicgames.com/datarouter/api/v1/public/data?SessionID=%7BE6FFB04A-470D-792B-5B32-73A38D12341E%7D&AppID=UEEditor.Rocket.Release&AppVersion=4.20.2-4302132%2B%2B%2BUE4%2BRelease-4.20&UserID=9c6a84c74345657ba11c51b8f77494d1%7C2b59540c2b9249918a2fe8fd9a40c551%7C88fff24e-e9fa-4870-849c-4ddf2c91d712&AppEnvironment=datacollector-binary&UploadType=eteventstream] status=Processing
[2018.09.13-17.06.31:498][794]LogModuleManager: Shutting down and abandoning module SSL (60)
[2018.09.13-17.06.31:499][794]LogModuleManager: Shutting down and abandoning module MagicLeapEmulator (56)
[2018.09.13-17.06.31:499][794]LogModuleManager: Shutting down and abandoning module MagicLeapPrivileges (54)
[2018.09.13-17.06.31:499][794]LogModuleManager: Shutting down and abandoning module MagicLeapIdentity (52)
[2018.09.13-17.06.31:499][794]LogModuleManager: Shutting down and abandoning module MagicLeapHelperVulkan (50)
[2018.09.13-17.06.31:499][794]LogModuleManager: Shutting down and abandoning module MagicLeapHelperOpenGL (48)
[2018.09.13-17.06.31:499][794]LogModuleManager: Shutting down and abandoning module MagicLeapSecureStorage (46)
[2018.09.13-17.06.31:499][794]LogModuleManager: Shutting down and abandoning module MagicLeapGestures (44)
[2018.09.13-17.06.31:499][794]LogModuleManager: Shutting down and abandoning module MagicLeapEyeTracker (42)
[2018.09.13-17.06.31:499][794]LogModuleManager: Shutting down and abandoning module MagicLeapController (40)
[2018.09.13-17.06.31:500][794]LogSlate: Slate User Destroyed.  User Index 0, Is Virtual User: 0
[2018.09.13-17.06.31:500][794]LogModuleManager: Shutting down and abandoning module MagicLeap (38)
[2018.09.13-17.06.31:500][794]LogModuleManager: Shutting down and abandoning module AnimationModifiers (36)
[2018.09.13-17.06.31:500][794]LogModuleManager: Shutting down and abandoning module PropertyEditor (35)
[2018.09.13-17.06.31:500][794]LogModuleManager: Shutting down and abandoning module AudioEditor (32)
[2018.09.13-17.06.31:500][794]LogModuleManager: Shutting down and abandoning module TextureCompressor (30)
[2018.09.13-17.06.31:500][794]LogModuleManager: Shutting down and abandoning module ShaderCore (28)
[2018.09.13-17.06.31:500][794]LogModuleManager: Shutting down and abandoning module Landscape (26)
[2018.09.13-17.06.31:500][794]LogModuleManager: Shutting down and abandoning module SlateRHIRenderer (24)
[2018.09.13-17.06.31:501][794]LogModuleManager: Shutting down and abandoning module OpenGLDrv (22)
[2018.09.13-17.06.31:501][794]LogModuleManager: Shutting down and abandoning module D3D11RHI (20)
[2018.09.13-17.06.31:501][794]LogModuleManager: Shutting down and abandoning module AnimGraphRuntime (18)
[2018.09.13-17.06.31:501][794]LogModuleManager: Shutting down and abandoning module Renderer (16)
[2018.09.13-17.06.31:501][794]LogModuleManager: Shutting down and abandoning module Engine (14)
[2018.09.13-17.06.31:501][794]LogModuleManager: Shutting down and abandoning module CoreUObject (12)
[2018.09.13-17.06.31:501][794]LogModuleManager: Shutting down and abandoning module NetworkFile (10)
[2018.09.13-17.06.31:501][794]LogModuleManager: Shutting down and abandoning module CookedIterativeFile (8)
[2018.09.13-17.06.31:501][794]LogModuleManager: Shutting down and abandoning module StreamingFile (6)
[2018.09.13-17.06.31:501][794]LogModuleManager: Shutting down and abandoning module SandboxFile (4)
[2018.09.13-17.06.31:501][794]LogModuleManager: Shutting down and abandoning module PakFile (2)
[2018.09.13-17.06.31:505][794]LogExit: Exiting.
[2018.09.13-17.06.31:532][794]Log file closed, 09/13/18 12:06:31
