Log file open, 10/23/18 12:41:47
LogWindows: Failed to load 'aqProf.dll' (GetLastError=126)
LogWindows: File 'aqProf.dll' does not exist
LogWindows: Failed to load 'VSPerf140.dll' (GetLastError=126)
LogWindows: File 'VSPerf140.dll' does not exist
LogWindows: Failed to load 'VtuneApi.dll' (GetLastError=126)
LogWindows: File 'VtuneApi.dll' does not exist
LogWindows: Failed to load 'VtuneApi32e.dll' (GetLastError=126)
LogWindows: File 'VtuneApi32e.dll' does not exist
LogInit: Display: Running engine for game: GiftGame
LogPlatformFile: Not using cached read wrapper
LogTaskGraph: Started task graph with 5 named threads and 47 total threads with 3 sets of task threads.
LogStats: Stats thread started at 0.577360
LogD3D11RHI: Loaded GFSDK_Aftermath_Lib.x64.dll
LogICUInternationalization: Display: ICU TimeZone Detection - Raw Offset: -6:00, Platform Override: ''
LogPluginManager: Mounting plugin Paper2D
LogPluginManager: Mounting plugin AISupport
LogPluginManager: Mounting plugin LightPropagationVolume
LogPluginManager: Mounting plugin CLionSourceCodeAccess
LogPluginManager: Mounting plugin CodeLiteSourceCodeAccess
LogPluginManager: Mounting plugin GitSourceControl
LogPluginManager: Mounting plugin KDevelopSourceCodeAccess
LogPluginManager: Mounting plugin NullSourceCodeAccess
LogPluginManager: Mounting plugin PerforceSourceControl
LogPluginManager: Mounting plugin SubversionSourceControl
LogPluginManager: Mounting plugin UObjectPlugin
LogPluginManager: Mounting plugin VisualStudioCodeSourceCodeAccess
LogPluginManager: Mounting plugin VisualStudioSourceCodeAccess
LogPluginManager: Mounting plugin XCodeSourceCodeAccess
LogPluginManager: Mounting plugin AssetManagerEditor
LogPluginManager: Mounting plugin CryptoKeys
LogPluginManager: Mounting plugin DataValidation
LogPluginManager: Mounting plugin FacialAnimation
LogPluginManager: Mounting plugin GameplayTagsEditor
LogPluginManager: Mounting plugin MacGraphicsSwitching
LogPluginManager: Mounting plugin MeshEditor
LogPluginManager: Mounting plugin MobileLauncherProfileWizard
LogPluginManager: Mounting plugin PluginBrowser
LogPluginManager: Mounting plugin SpeedTreeImporter
LogPluginManager: Mounting plugin DatasmithContent
LogPluginManager: Mounting plugin AlembicImporter
LogPluginManager: Mounting plugin AppleImageUtils
LogPluginManager: Mounting plugin AppleVision
LogPluginManager: Mounting plugin BackChannel
LogPluginManager: Mounting plugin CharacterAI
LogPluginManager: Mounting plugin GeometryCache
LogPluginManager: Mounting plugin HTML5Networking
LogPluginManager: Mounting plugin ProxyLODPlugin
LogPluginManager: Mounting plugin MagicLeap
LogPluginManager: Mounting plugin MagicLeapEmulator
LogPluginManager: Mounting plugin MagicLeapMedia
LogPluginManager: Mounting plugin AndroidMedia
LogPluginManager: Mounting plugin AvfMedia
LogPluginManager: Mounting plugin ImgMedia
LogPluginManager: Mounting plugin LinearTimecode
LogPluginManager: Mounting plugin MediaCompositing
LogPluginManager: Mounting plugin MediaPlayerEditor
LogPluginManager: Mounting plugin WmfMedia
LogPluginManager: Mounting plugin TcpMessaging
LogPluginManager: Mounting plugin UdpMessaging
LogPluginManager: Mounting plugin ActorSequence
LogPluginManager: Mounting plugin LevelSequenceEditor
LogPluginManager: Mounting plugin MatineeToLevelSequence
LogPluginManager: Mounting plugin NetcodeUnitTest
LogPluginManager: Mounting plugin NUTUnrealEngine4
LogPluginManager: Mounting plugin OnlineSubsystemGooglePlay
LogPluginManager: Mounting plugin OnlineSubsystemIOS
LogPluginManager: Mounting plugin OnlineSubsystem
LogPluginManager: Mounting plugin OnlineSubsystemNull
LogPluginManager: Mounting plugin OnlineSubsystemUtils
LogPluginManager: Mounting plugin LauncherChunkInstaller
LogPluginManager: Mounting plugin AndroidDeviceProfileSelector
LogPluginManager: Mounting plugin AndroidMoviePlayer
LogPluginManager: Mounting plugin AndroidPermission
LogPluginManager: Mounting plugin AppleMoviePlayer
LogPluginManager: Mounting plugin ArchVisCharacter
LogPluginManager: Mounting plugin AudioCapture
LogPluginManager: Mounting plugin CableComponent
LogPluginManager: Mounting plugin CustomMeshComponent
LogPluginManager: Mounting plugin EditableMesh
LogPluginManager: Mounting plugin ExampleDeviceProfileSelector
LogPluginManager: Mounting plugin GoogleCloudMessaging
LogPluginManager: Mounting plugin ImmediatePhysics
LogPluginManager: Mounting plugin IOSDeviceProfileSelector
LogPluginManager: Mounting plugin LinuxDeviceProfileSelector
LogPluginManager: Mounting plugin LocationServicesBPLibrary
LogPluginManager: Mounting plugin MobilePatchingUtils
LogPluginManager: Mounting plugin OculusVR
LogPluginManager: Plugin shader directory ../../../Engine/Plugins/Runtime/Oculus/OculusVR/Shaders found
LogPluginManager: Mapping shader source directory ../../../Engine/Plugins/Runtime/Oculus/OculusVR/Shaders to virtual directory /Plugin/OculusVR
LogPluginManager: Mounting plugin PhysXVehicles
LogPluginManager: Mounting plugin ProceduralMeshComponent
LogPluginManager: Mounting plugin RuntimePhysXCooking
LogPluginManager: Mounting plugin SteamVR
LogPluginManager: Mounting plugin WindowsMoviePlayer
LogStreaming: Display: Took  0.154s to configure plugins.
LogInit: Using libcurl 7.55.1-DEV
LogInit:  - built for x86_64-pc-win32
LogInit:  - supports SSL with OpenSSL/1.0.2h
LogInit:  - supports HTTP deflate (compression) using libz 1.2.8
LogInit:  - other features:
LogInit:      CURL_VERSION_SSL
LogInit:      CURL_VERSION_LIBZ
LogInit:      CURL_VERSION_IPV6
LogInit:      CURL_VERSION_ASYNCHDNS
LogInit:      CURL_VERSION_LARGEFILE
LogInit:      CURL_VERSION_IDN
LogInit:  CurlRequestOptions (configurable via config and command line):
LogInit:  - bVerifyPeer = false  - Libcurl will NOT verify peer certificate
LogInit:  - bUseHttpProxy = false  - Libcurl will NOT use HTTP proxy
LogInit:  - bDontReuseConnections = false  - Libcurl will reuse connections
LogInit:  - CertBundlePath = nullptr  - Libcurl will use whatever was configured at build time.
LogInit:  - MaxHostConnections = 16  - Libcurl will limit the number of connections to a host
LogInit:  - LocalHostAddr = Default
LogInit:  - BufferSize = 65536
LogModuleManager: Warning: ModuleManager: Unable to load module 'OnlineSubsystemLAN'  - 0 instances of that module name found.
LogInit: WinSock: version 1.1 (2.2), MaxSocks=32767, MaxUdp=65467
LogInit: Build: ++UE4+Release-4.20-CL-4369336
LogInit: Engine Version: 4.20.3-4369336+++UE4+Release-4.20
LogInit: Compatible Engine Version: 4.20.0-4212847+++UE4+Release-4.20
LogInit: Net CL: 4212847
LogInit: OS: Windows 10 (), CPU: Intel(R) Xeon(R) Silver 4108 CPU @ 1.80GHz, GPU: NVIDIA Quadro P4000
LogInit: Compiled (64-bit): Sep 17 2018 12:26:19
LogInit: Compiled with Visual C++: 19.13.26129.00
LogInit: Build Configuration: Development
LogInit: Branch Name: ++UE4+Release-4.20
LogInit: Command Line:  
LogInit: Base Directory: C:/Program Files/Epic Games/UE_4.20/Engine/Binaries/Win64/
LogInit: Installed Engine Build: 1
LogDevObjectVersion: Number of dev versions registered: 20
LogDevObjectVersion:   Dev-Blueprints (B0D832E4-1F89-4F0D-ACCF-7EB736FD4AA2): 10
LogDevObjectVersion:   Dev-Build (E1C64328-A22C-4D53-A36C-8E866417BD8C): 0
LogDevObjectVersion:   Dev-Core (375EC13C-06E4-48FB-B500-84F0262A717E): 2
LogDevObjectVersion:   Dev-Editor (E4B068ED-F494-42E9-A231-DA0B2E46BB41): 24
LogDevObjectVersion:   Dev-Framework (CFFC743F-43B0-4480-9391-14DF171D2073): 34
LogDevObjectVersion:   Dev-Mobile (B02B49B5-BB20-44E9-A304-32B752E40360): 2
LogDevObjectVersion:   Dev-Networking (A4E4105C-59A1-49B5-A7C5-40C4547EDFEE): 0
LogDevObjectVersion:   Dev-Online (39C831C9-5AE6-47DC-9A44-9C173E1C8E7C): 0
LogDevObjectVersion:   Dev-Physics (78F01B33-EBEA-4F98-B9B4-84EACCB95AA2): 0
LogDevObjectVersion:   Dev-Platform (6631380F-2D4D-43E0-8009-CF276956A95A): 0
LogDevObjectVersion:   Dev-Rendering (12F88B9F-8875-4AFC-A67C-D90C383ABD29): 26
LogDevObjectVersion:   Dev-Sequencer (7B5AE74C-D270-4C10-A958-57980B212A5A): 9
LogDevObjectVersion:   Dev-VR (D7296918-1DD6-4BDD-9DE2-64A83CC13884): 2
LogDevObjectVersion:   Dev-LoadTimes (C2A15278-BFE7-4AFE-6C17-90FF531DF755): 1
LogDevObjectVersion:   Private-Geometry (6EACA3D4-40EC-4CC1-B786-8BED09428FC5): 3
LogDevObjectVersion:   Dev-AnimPhys (29E575DD-E0A3-4627-9D10-D276232CDCEA): 17
LogDevObjectVersion:   Dev-ReflectionCapture (6B266CEC-1EC7-4B8F-A30B-E4D90942FC07): 1
LogDevObjectVersion:   Dev-Automation (0DF73D61-A23F-47EA-B727-89E90C41499A): 1
LogDevObjectVersion:   FortniteMain (601D1886-AC64-4F84-AA16-D3DE0DEAC7D6): 12
LogDevObjectVersion:   Dev-Enterprise (9DFFBCD6-494F-0158-E221-12823C92A888): 1
LogStreaming: Display: Took  0.003s to delete old logs.
LogInit: Presizing for max 8388607 objects, including 0 objects not considered by GC, pre-allocating 0 bytes for permanent pool.
LogInit: Object subsystem initialized
[2018.10.23-17.41.48:444][  0]LogInit: Selected Device Profile: [Windows]
[2018.10.23-17.41.48:444][  0]LogInit: Applying CVar settings loaded from the selected device profile: [Windows]
[2018.10.23-17.41.48:471][  0]LogHAL: Display: Platform has ~ 32 GB [34044518400 / 34359738368 / 32], which maps to Largest [LargestMinGB=32, LargerMinGB=12, DefaultMinGB=8, SmallerMinGB=6, SmallestMinGB=0)
[2018.10.23-17.41.48:471][  0]LogInit: Setting Device Profile CVar: [[r.Vulkan.UseRealUBs:1]]
[2018.10.23-17.41.48:471][  0]LogInit: Going up to parent DeviceProfile []
[2018.10.23-17.41.48:471][  0]LogInit: Computer: BIT133-002
[2018.10.23-17.41.48:471][  0]LogInit: User: dtconcha
[2018.10.23-17.41.48:471][  0]LogInit: CPU Page size=4096, Cores=8
[2018.10.23-17.41.48:471][  0]LogInit: High frequency timer resolution =1.753692 MHz
[2018.10.23-17.41.48:472][  0]LogMemory: Memory total: Physical=31.7GB (32GB approx)
[2018.10.23-17.41.48:472][  0]LogMemory: Platform Memory Stats for Windows
[2018.10.23-17.41.48:472][  0]LogMemory: Process Physical Memory: 101.12 MB used, 101.12 MB peak
[2018.10.23-17.41.48:472][  0]LogMemory: Process Virtual Memory: 92.83 MB used, 92.83 MB peak
[2018.10.23-17.41.48:472][  0]LogMemory: Physical Memory: 8479.80 MB used,  23987.59 MB free, 32467.38 MB total
[2018.10.23-17.41.48:472][  0]LogMemory: Virtual Memory: 4674.79 MB used,  23987.59 MB free, 134217728.00 MB total
[2018.10.23-17.41.48:491][  0]LogInit: Using OS detected language (en-US).
[2018.10.23-17.41.48:491][  0]LogInit: Using OS detected locale (en-US).
[2018.10.23-17.41.48:492][  0]LogTextLocalizationManager: No specific localization for 'en-US' exists, so the 'en' localization will be used.
[2018.10.23-17.41.49:089][  0]LogStreaming: Display: Took  0.598s to InitEngineTextLocalization.
[2018.10.23-17.41.49:089][  0]LogInit: Setting process to per monitor DPI aware
[2018.10.23-17.41.49:177][  0]LogSlate: New Slate User Created.  User Index 0, Is Virtual User: 0
[2018.10.23-17.41.49:177][  0]LogSlate: Slate User Registered.  User Index 0, Is Virtual User: 0
[2018.10.23-17.41.49:510][  0]LogHMD: Failed to initialize OpenVR with code 110
[2018.10.23-17.41.49:510][  0]LogD3D11RHI: D3D11 adapters:
[2018.10.23-17.41.49:611][  0]LogD3D11RHI:    0. 'NVIDIA Quadro P4000' (Feature Level 11_0)
[2018.10.23-17.41.49:611][  0]LogD3D11RHI:       8090/0/16233 MB DedicatedVideo/DedicatedSystem/SharedSystem, Outputs:2, VendorId:0x10de
[2018.10.23-17.41.49:614][  0]LogD3D11RHI:    1. 'Microsoft Basic Render Driver' (Feature Level 11_0)
[2018.10.23-17.41.49:614][  0]LogD3D11RHI:       0/0/16233 MB DedicatedVideo/DedicatedSystem/SharedSystem, Outputs:0, VendorId:0x1414
[2018.10.23-17.41.49:614][  0]LogD3D11RHI: Chosen D3D11 Adapter: 0
[2018.10.23-17.41.49:635][  0]LogD3D11RHI: Creating new Direct3DDevice
[2018.10.23-17.41.49:635][  0]LogD3D11RHI:     GPU DeviceId: 0x1bb1 (for the marketing name, search the web for "GPU Device Id")
[2018.10.23-17.41.49:635][  0]LogWindows: EnumDisplayDevices:
[2018.10.23-17.41.49:635][  0]LogWindows:    0. 'NVIDIA Quadro P4000' (P:1 D:1)
[2018.10.23-17.41.49:636][  0]LogWindows:    1. 'NVIDIA Quadro P4000' (P:0 D:1)
[2018.10.23-17.41.49:636][  0]LogWindows:    2. 'NVIDIA Quadro P4000' (P:0 D:0)
[2018.10.23-17.41.49:637][  0]LogWindows:    3. 'NVIDIA Quadro P4000' (P:0 D:0)
[2018.10.23-17.41.49:637][  0]LogWindows: DebugString: FoundDriverCount:4 
[2018.10.23-17.41.49:637][  0]LogD3D11RHI:     Adapter Name: NVIDIA Quadro P4000
[2018.10.23-17.41.49:637][  0]LogD3D11RHI:   Driver Version: 391.74 (internal:23.21.13.9174, unified:391.74)
[2018.10.23-17.41.49:637][  0]LogD3D11RHI:      Driver Date: 6-4-2018
[2018.10.23-17.41.49:637][  0]LogRHI: Texture pool is 5663 MB (70% of 8090 MB)
[2018.10.23-17.41.49:711][  0]LogD3D11RHI: Async texture creation enabled
[2018.10.23-17.41.49:731][  0]LogD3D11RHI: GPU Timing Frequency: 1000.000000 (Debug: 2 2)
[2018.10.23-17.41.49:739][  0]LogShaderCompilers: Guid format shader working directory is -6 characters bigger than the processId version (F:/Users/dtconcha/Documents/GitHub/gift/Builds/GiftGame/Intermediate/Shaders/WorkingDirectory/9632/).
[2018.10.23-17.41.49:740][  0]LogShaderCompilers: Cleaned the shader compiler working directory 'F:/Users/dtconcha/AppData/Local/Temp/UnrealShaderWorkingDir/80386D6B4731FCE8D8A479819FFCEE47/'.
[2018.10.23-17.41.50:339][  0]LogTemp: Display: Loaded TP AllDesktopTargetPlatform
[2018.10.23-17.41.50:359][  0]LogTemp: Display: Loaded TP MacClientTargetPlatform
[2018.10.23-17.41.50:395][  0]LogTemp: Display: Loaded TP MacNoEditorTargetPlatform
[2018.10.23-17.41.50:417][  0]LogTemp: Display: Loaded TP MacServerTargetPlatform
[2018.10.23-17.41.50:439][  0]LogTemp: Display: Loaded TP MacTargetPlatform
[2018.10.23-17.41.50:459][  0]LogTemp: Display: Loaded TP WindowsClientTargetPlatform
[2018.10.23-17.41.50:479][  0]LogTemp: Display: Loaded TP WindowsNoEditorTargetPlatform
[2018.10.23-17.41.50:500][  0]LogTemp: Display: Loaded TP WindowsServerTargetPlatform
[2018.10.23-17.41.50:510][  0]LogTemp: Display: Loaded TP WindowsTargetPlatform
[2018.10.23-17.41.50:627][  0]LogTemp: Display: Loaded TP AndroidTargetPlatform
[2018.10.23-17.41.50:627][  0]LogTemp: Display: Loaded TP AndroidTargetPlatform
[2018.10.23-17.41.50:627][  0]LogTemp: Display: Loaded TP AndroidTargetPlatform
[2018.10.23-17.41.50:627][  0]LogTemp: Display: Loaded TP AndroidTargetPlatform
[2018.10.23-17.41.50:627][  0]LogTemp: Display: Loaded TP AndroidTargetPlatform
[2018.10.23-17.41.50:627][  0]LogTemp: Display: Loaded TP AndroidTargetPlatform
[2018.10.23-17.41.50:627][  0]LogTemp: Display: Loaded TP AndroidTargetPlatform
[2018.10.23-17.41.50:627][  0]LogTemp: Display: Loaded TP AndroidTargetPlatform
[2018.10.23-17.41.50:627][  0]LogTemp: Display: Loaded TP AndroidTargetPlatform
[2018.10.23-17.41.50:627][  0]LogTemp: Display: Loaded TP AndroidTargetPlatform
[2018.10.23-17.41.50:627][  0]LogTemp: Display: Loaded TP AndroidTargetPlatform
[2018.10.23-17.41.50:627][  0]LogTemp: Display: Loaded TP AndroidTargetPlatform
[2018.10.23-17.41.50:627][  0]LogTemp: Display: Loaded TP AndroidTargetPlatform
[2018.10.23-17.41.50:627][  0]LogTemp: Display: Loaded TP AndroidTargetPlatform
[2018.10.23-17.41.50:627][  0]LogTemp: Display: Loaded TP AndroidTargetPlatform
[2018.10.23-17.41.50:627][  0]LogTemp: Display: Loaded TP AndroidTargetPlatform
[2018.10.23-17.41.50:627][  0]LogTemp: Display: Loaded TP AndroidTargetPlatform
[2018.10.23-17.41.50:627][  0]LogTemp: Display: Loaded TP AndroidTargetPlatform
[2018.10.23-17.41.50:635][  0]LogTemp: Display: Loaded TP HTML5TargetPlatform
[2018.10.23-17.41.50:728][  0]LogTemp: Display: Loaded TP IOSTargetPlatform
[2018.10.23-17.41.50:728][  0]LogTemp: Display: Loaded TP IOSTargetPlatform
[2018.10.23-17.41.50:770][  0]LogTemp: Display: Loaded TP TVOSTargetPlatform
[2018.10.23-17.41.50:770][  0]LogTemp: Display: Loaded TP TVOSTargetPlatform
[2018.10.23-17.41.50:788][  0]LogTemp: Display: Loaded TP LinuxClientTargetPlatform
[2018.10.23-17.41.50:805][  0]LogTemp: Display: Loaded TP LinuxNoEditorTargetPlatform
[2018.10.23-17.41.50:821][  0]LogTemp: Display: Loaded TP LinuxServerTargetPlatform
[2018.10.23-17.41.50:840][  0]LogTemp: Display: Loaded TP LinuxTargetPlatform
[2018.10.23-17.41.50:854][  0]LogTemp: Display: Loaded TP LuminTargetPlatform
[2018.10.23-17.41.50:854][  0]LogTargetPlatformManager: Display: Building Assets For Windows
[2018.10.23-17.41.50:934][  0]LogXGEController: Cannot use XGE Controller as Incredibuild is not installed on this machine.
[2018.10.23-17.41.50:934][  0]LogShaderCompilers: Cannot use XGE Shader Compiler as Incredibuild is not installed on this machine.
[2018.10.23-17.41.50:934][  0]LogShaderCompilers: Display: Using Local Shader Compiler.
[2018.10.23-17.41.52:084][  0]LogDerivedDataCache: Display: Max Cache Size: 512 MB
[2018.10.23-17.41.52:160][  0]LogDerivedDataCache: Loaded boot cache 0.08s 71MB F:/Users/dtconcha/AppData/Local/UnrealEngine/4.20/DerivedDataCache/Boot.ddc.
[2018.10.23-17.41.52:160][  0]LogDerivedDataCache: Display: Loaded Boot cache: F:/Users/dtconcha/AppData/Local/UnrealEngine/4.20/DerivedDataCache/Boot.ddc
[2018.10.23-17.41.52:161][  0]LogDerivedDataCache: FDerivedDataBackendGraph:  Pak pak cache file F:/Users/dtconcha/Documents/GitHub/gift/Builds/GiftGame/DerivedDataCache/DDC.ddp not found, will not use a pak cache.
[2018.10.23-17.41.52:161][  0]LogDerivedDataCache: Unable to find inner node Pak for hierarchical cache Hierarchy.
[2018.10.23-17.41.52:161][  0]LogDerivedDataCache: FDerivedDataBackendGraph:  CompressedPak pak cache file F:/Users/dtconcha/Documents/GitHub/gift/Builds/GiftGame/DerivedDataCache/Compressed.ddp not found, will not use a pak cache.
[2018.10.23-17.41.52:161][  0]LogDerivedDataCache: Unable to find inner node CompressedPak for hierarchical cache Hierarchy.
[2018.10.23-17.41.52:180][  0]LogDerivedDataCache: Display: Pak cache opened for reading ../../../Engine/DerivedDataCache/Compressed.ddp.
[2018.10.23-17.41.52:192][  0]LogDerivedDataCache: Using Local data cache path F:/Users/dtconcha/AppData/Local/UnrealEngine/Common/DerivedDataCache: Writable
[2018.10.23-17.41.52:192][  0]LogDerivedDataCache: Shared data cache path not found in *engine.ini, will not use an Shared cache.
[2018.10.23-17.41.52:192][  0]LogDerivedDataCache: Unable to find inner node Shared for hierarchical cache Hierarchy.
[2018.10.23-17.41.52:236][  0]LogMaterial: Verifying Global Shaders for PCD3D_SM5
[2018.10.23-17.41.52:238][  0]LogSlate: Using FreeType 2.6.0
[2018.10.23-17.41.52:239][  0]LogSlate: SlateFontServices - WITH_FREETYPE: 1, WITH_HARFBUZZ: 1
[2018.10.23-17.41.52:379][  0]LogAssetRegistry: FAssetRegistry took 0.0320 seconds to start up
[2018.10.23-17.41.52:928][  0]LogInit: Selected Device Profile: [Windows]
[2018.10.23-17.41.53:139][  0]LogSimplygon: Simplygon DLL not present - disabling.
[2018.10.23-17.41.53:144][  0]LogMeshReduction: Using SimplygonSwarm for distributed automatic mesh merging
[2018.10.23-17.41.53:144][  0]LogMeshReduction: Using ProxyLODMeshReduction for automatic mesh merging
[2018.10.23-17.41.53:144][  0]LogMeshReduction: Using QuadricMeshReduction for automatic static mesh reduction
[2018.10.23-17.41.53:144][  0]LogMeshReduction: No automatic skeletal mesh reduction module available
[2018.10.23-17.41.53:188][  0]LogNetVersion: GiftGame 1.0.0, NetCL: 4212847, EngineNetVer: 5, GameNetVer: 0 (Checksum: 3731779599)
[2018.10.23-17.41.54:107][  0]LogPackageLocalizationCache: Processed 11 localized package path(s) for 2 prioritized culture(s) in 0.153788 seconds
[2018.10.23-17.41.54:124][  0]LogUObjectArray: 38425 objects as part of root set at end of initial load.
[2018.10.23-17.41.54:124][  0]LogUObjectAllocator: 6690864 out of 0 bytes used by permanent object pool.
[2018.10.23-17.41.54:124][  0]LogUObjectArray: CloseDisregardForGC: 0/0 objects in disregard for GC pool
[2018.10.23-17.41.55:167][  0]LogMaterial: Display: Missing cached shader map for material DefaultSpriteMaterial, compiling. 
[2018.10.23-17.41.55:170][  0]LogMaterial: Warning: C:\Program Files\Epic Games\UE_4.20\Engine\Plugins\2D\Paper2D\Content\DefaultSpriteMaterial.uasset: Failed to compile Material for platform PCD3D_SM5, Default Material will be used in game.
[2018.10.23-17.41.55:170][  0]LogMaterial: 	(Node SpriteTextureSampler) Paper2D Sprite> Requires Texture2D
[2018.10.23-17.41.55:176][  0]LogMaterial: Display: Missing cached shader map for material DefaultSpriteMaterial, compiling. 
[2018.10.23-17.41.55:177][  0]LogMaterial: Warning: C:\Program Files\Epic Games\UE_4.20\Engine\Plugins\2D\Paper2D\Content\OpaqueUnlitSpriteMaterial.uasset: Failed to compile Material Instance with Base DefaultSpriteMaterial for platform PCD3D_SM5, Default Material will be used in game.
[2018.10.23-17.41.55:177][  0]LogMaterial: 	(Node SpriteTextureSampler) Paper2D Sprite> Requires Texture2D
[2018.10.23-17.41.55:432][  0]LogTcpMessaging: Initializing TcpMessaging bridge
[2018.10.23-17.41.55:447][  0]LogUdpMessaging: Initializing bridge on interface 0.0.0.0:0 to multicast group 230.0.0.1:6666.
[2018.10.23-17.41.55:647][  0]SourceControl: Source control is disabled
[2018.10.23-17.41.55:647][  0]SourceControl: Source control is disabled
[2018.10.23-17.41.55:648][  0]SourceControl: Source control is disabled
[2018.10.23-17.41.55:649][  0]SourceControl: Source control is disabled
[2018.10.23-17.41.55:853][  0]LogAndroidPermission: UAndroidPermissionCallbackProxy::GetInstance
[2018.10.23-17.41.55:981][  0]LogOcInput: OculusInput pre-init called
[2018.10.23-17.41.56:100][  0]LogEngine: Initializing Engine...
[2018.10.23-17.41.56:101][  0]LogHMD: Failed to initialize OpenVR with code 110
[2018.10.23-17.41.56:103][  0]LogStats: UGameplayTagsManager::ConstructGameplayTagTree: ImportINI prefixes -  0.000 s
[2018.10.23-17.41.56:103][  0]LogStats: UGameplayTagsManager::ConstructGameplayTagTree: Construct from data asset -  0.000 s
[2018.10.23-17.41.56:103][  0]LogStats: UGameplayTagsManager::ConstructGameplayTagTree: ImportINI -  0.000 s
[2018.10.23-17.41.56:103][  0]LogStats: UGameplayTagsManager::ConstructGameplayTagTree: GameplayTagTreeChangedEvent.Broadcast -  0.000 s
[2018.10.23-17.41.56:432][  0]LogInit: Initializing FReadOnlyCVARCache
[2018.10.23-17.41.56:449][  0]LogAIModule: Creating AISystem for world Untitled
[2018.10.23-17.41.56:545][  0]LogInit: XAudio2 using 'Realtek HD Audio 2nd output (Realtek High Definition Audio)' : 2 channels at 48 kHz using 32 bits per sample (channel mask 0x3)
[2018.10.23-17.41.56:573][  0]LogInit: FAudioDevice initialized.
[2018.10.23-17.41.56:574][  0]LogNetVersion: Set ProjectVersion to 1.0.0.0. Version Checksum will be recalculated on next use.
[2018.10.23-17.41.56:666][  0]LogDerivedDataCache: Saved boot cache 0.09s 71MB F:/Users/dtconcha/AppData/Local/UnrealEngine/4.20/DerivedDataCache/Boot.ddc.
[2018.10.23-17.41.56:697][  0]LogInit: Texture streaming: Enabled
[2018.10.23-17.41.56:723][  0]LogEngineSessionManager: EngineSessionManager initialized
[2018.10.23-17.41.56:764][  0]LogInit: Transaction tracking system initialized
[2018.10.23-17.41.56:810][  0]BlueprintLog: New page: Editor Load
[2018.10.23-17.41.56:915][  0]LocalizationService: Localization service is disabled
[2018.10.23-17.41.57:310][  0]LogCook: Display: Max memory allowance for cook 16384mb min free memory 0mb
[2018.10.23-17.41.57:310][  0]LogCook: Display: Mobile HDR setting 1
[2018.10.23-17.41.57:310][  0]LogGameplayTags: Display: UGameplayTagsManager::DoneAddingNativeTags. DelegateIsBound: 0
[2018.10.23-17.41.57:310][  0]LogStats: UGameplayTagsManager::ConstructGameplayTagTree: ImportINI prefixes -  0.000 s
[2018.10.23-17.41.57:310][  0]LogStats: UGameplayTagsManager::ConstructGameplayTagTree: Construct from data asset -  0.000 s
[2018.10.23-17.41.57:310][  0]LogStats: UGameplayTagsManager::ConstructGameplayTagTree: ImportINI -  0.000 s
[2018.10.23-17.41.57:310][  0]LogStats: UGameplayTagsManager::ConstructGameplayTagTree: GameplayTagTreeChangedEvent.Broadcast -  0.000 s
[2018.10.23-17.41.57:467][  0]LogFileCache: Scanning file cache for directory 'F:/Users/dtconcha/Documents/GitHub/gift/Builds/GiftGame/Content/' took 0.02s
[2018.10.23-17.41.57:467][  0]SourceControl: Source control is disabled
[2018.10.23-17.41.57:468][  0]Cmd: MAP LOAD FILE="../../../Engine/Content/Maps/Templates/Template_Default.umap" TEMPLATE=1 SHOWPROGRESS=1 FEATURELEVEL=3
[2018.10.23-17.41.57:468][  0]LightingResults: New page: Lighting Build
[2018.10.23-17.41.57:472][  0]MapCheck: New page: Map Check
[2018.10.23-17.41.57:472][  0]LightingResults: New page: Lighting Build
[2018.10.23-17.41.57:844][  0]LogAIModule: Creating AISystem for world Untitled_1
[2018.10.23-17.41.57:854][  0]LogEditorServer: Finished looking for orphan Actors (0.000 secs)
[2018.10.23-17.41.57:912][  0]Cmd: MAP CHECKDEP NOCLEARLOG
[2018.10.23-17.41.57:997][  0]MapCheck: Map check complete: 0 Error(s), 0 Warning(s), took 84.537ms to complete.
[2018.10.23-17.41.57:997][  0]LogFileHelpers: Loading map 'Template_Default' took 0.529
[2018.10.23-17.41.58:192][  0]LogSlate: Updating window title bar state: overlay mode, drag disabled, window buttons hidden, title bar hidden
[2018.10.23-17.41.58:203][  0]LogSlate: Updating window title bar state: overlay mode, drag disabled, window buttons hidden, title bar hidden
[2018.10.23-17.41.58:212][  0]LogSlate: Updating window title bar state: overlay mode, drag disabled, window buttons hidden, title bar hidden
[2018.10.23-17.41.58:222][  0]LogSlate: Updating window title bar state: overlay mode, drag disabled, window buttons hidden, title bar hidden
[2018.10.23-17.41.58:230][  0]LogCollectionManager: Loaded 0 collections in 0.002443 seconds
[2018.10.23-17.41.58:412][  0]LogFileCache: Scanning file cache for directory 'F:/Users/dtconcha/Documents/GitHub/gift/Builds/GiftGame/Saved/Collections/' took 0.01s
[2018.10.23-17.41.58:413][  0]LogFileCache: Scanning file cache for directory 'F:/Users/dtconcha/Documents/GitHub/gift/Builds/GiftGame/Content/Developers/dtconcha/Collections/' took 0.00s
[2018.10.23-17.41.58:413][  0]LogFileCache: Scanning file cache for directory 'F:/Users/dtconcha/Documents/GitHub/gift/Builds/GiftGame/Content/Collections/' took 0.01s
[2018.10.23-17.41.58:413][  0]LogCollectionManager: Rebuilt the GUID cache for 0 collections in 0.000001 seconds
[2018.10.23-17.41.58:437][  0]LogContentBrowser: Native class hierarchy populated in 0.0242 seconds. Added 2572 classes and 603 folders.
[2018.10.23-17.41.58:455][  0]LogContentBrowser: Native class hierarchy updated for 'WidgetCarousel' in 0.0004 seconds. Added 0 classes and 0 folders.
[2018.10.23-17.41.58:520][  0]LogContentBrowser: Native class hierarchy updated for 'AddContentDialog' in 0.0003 seconds. Added 0 classes and 0 folders.
[2018.10.23-17.41.58:526][  0]LogContentBrowser: Native class hierarchy updated for 'SceneOutliner' in 0.0004 seconds. Added 1 classes and 2 folders.
[2018.10.23-17.41.58:663][  0]LogSlate: Took 0.000498 seconds to synchronously load lazily loaded font '../../../Engine/Content/Slate/Fonts/Roboto-Regular.ttf' (155K)
[2018.10.23-17.41.58:668][  0]LogSlate: Took 0.000504 seconds to synchronously load lazily loaded font '../../../Engine/Content/Slate/Fonts/Roboto-Bold.ttf' (160K)
[2018.10.23-17.41.58:684][  0]LogSlate: Took 0.000626 seconds to synchronously load lazily loaded font '../../../Engine/Content/Editor/Slate/Fonts/FontAwesome.ttf' (139K)
[2018.10.23-17.41.58:802][  0]LogRenderer: Reallocating scene render targets to support 1208x576 Format 10 NumSamples 1 (Frame:1).
[2018.10.23-17.41.59:072][  0]LogContentBrowser: Native class hierarchy updated for 'HierarchicalLODOutliner' in 0.0008 seconds. Added 0 classes and 0 folders.
[2018.10.23-17.41.59:073][  0]LogLoad: (Engine Initialization) Total time: 13.42 seconds
[2018.10.23-17.41.59:073][  0]LogLoad: (Engine Initialization) Total Blueprint compile time: 0.00 seconds
[2018.10.23-17.41.59:088][  0]LogWindowsTextInputMethodSystem: Display: IME system now deactivated.
[2018.10.23-17.41.59:118][  0]LogContentStreaming: Texture pool size now 1000 MB
[2018.10.23-17.41.59:364][  2]LogAssetRegistry: Asset discovery search completed in 7.0084 seconds
[2018.10.23-17.41.59:366][  2]LogCollectionManager: Rebuilt the object cache for 0 collections in 0.000001 seconds (found 0 objects)
[2018.10.23-17.41.59:366][  2]LogCollectionManager: Fixed up redirectors for 0 collections in 0.000081 seconds (updated 0 objects)
[2018.10.23-17.42.02:822][345]LogSlate: FSceneViewport::OnFocusLost() reason 0
[2018.10.23-17.42.02:883][351]LogSlate: Took 0.000292 seconds to synchronously load lazily loaded font '../../../Engine/Content/Slate/Fonts/Roboto-Light.ttf' (167K)
[2018.10.23-17.42.07:381][817]LogSlate: Took 0.000262 seconds to synchronously load lazily loaded font '../../../Engine/Content/Slate/Fonts/Roboto-Light.ttf' (167K)
[2018.10.23-17.42.07:496][817]LogTexture: Display: Building textures: HQ_Lightmap1_2 (AutoDXT, 64X64)
[2018.10.23-17.42.07:496][817]LogTexture: Display: Building textures: HQ_Lightmap1_1 (AutoDXT, 256X256)
[2018.10.23-17.42.07:496][817]LogTexture: Display: Building textures: SkyOcclusion1_2 (AutoDXT, 64X32)
[2018.10.23-17.42.07:496][817]LogTexture: Display: Building textures: LQ_Lightmap_1_2 (DXT1, 64X64)
[2018.10.23-17.42.07:496][817]LogTexture: Display: Building textures: LQ_Lightmap_1_1 (DXT1, 256X256)
[2018.10.23-17.42.07:496][817]LogTexture: Display: Building textures: SkyOcclusion1_1 (AutoDXT, 256X128)
[2018.10.23-17.42.07:497][817]LogAIModule: Creating AISystem for world GiftGame
[2018.10.23-17.42.07:502][817]LogAssetEditorManager: Opening Asset editor for World /Game/Levels/GiftGame/GiftGame.GiftGame
[2018.10.23-17.42.07:560][817]Cmd: MAP LOAD FILE="F:/Users/dtconcha/Documents/GitHub/gift/Builds/GiftGame/Content/Levels/GiftGame/GiftGame.umap" TEMPLATE=0 SHOWPROGRESS=1 FEATURELEVEL=3
[2018.10.23-17.42.07:560][817]LightingResults: New page: Lighting Build
[2018.10.23-17.42.07:561][817]LoadErrors: New page: Loading map: GiftGame.umap
[2018.10.23-17.42.07:561][817]MapCheck: New page: Map Check
[2018.10.23-17.42.07:561][817]LightingResults: New page: Lighting Build
[2018.10.23-17.42.07:705][817]LogEditorServer: Finished looking for orphan Actors (0.000 secs)
[2018.10.23-17.42.07:813][817]Cmd: MAP CHECKDEP NOCLEARLOG
[2018.10.23-17.42.07:933][817]MapCheck: Map check complete: 0 Error(s), 0 Warning(s), took 119.365ms to complete.
[2018.10.23-17.42.07:935][817]LogFileHelpers: Loading map 'GiftGame' took 0.376
