Log file open, 10/24/18 08:29:40
LogWindows: Failed to load 'aqProf.dll' (GetLastError=126)
LogWindows: File 'aqProf.dll' does not exist
LogWindows: Failed to load 'VtuneApi.dll' (GetLastError=126)
LogWindows: File 'VtuneApi.dll' does not exist
LogWindows: Failed to load 'VtuneApi32e.dll' (GetLastError=126)
LogWindows: File 'VtuneApi32e.dll' does not exist
LogInit: Display: Running engine for game: GiftGame
LogPlatformFile: Not using cached read wrapper
LogTaskGraph: Started task graph with 5 named threads and 23 total threads with 3 sets of task threads.
LogStats: Stats thread started at 0.284983
LogD3D11RHI: Loaded GFSDK_Aftermath_Lib.x64.dll
LogICUInternationalization: Display: ICU TimeZone Detection - Raw Offset: -6:00, Platform Override: ''
LogPluginManager: Mounting plugin Paper2D
LogPluginManager: Mounting plugin AISupport
LogPluginManager: Mounting plugin LightPropagationVolume
LogPluginManager: Mounting plugin CLionSourceCodeAccess
LogPluginManager: Mounting plugin CodeLiteSourceCodeAccess
LogPluginManager: Mounting plugin GitSourceControl
LogPluginManager: Mounting plugin KDevelopSourceCodeAccess
LogPluginManager: Mounting plugin NullSourceCodeAccess
LogPluginManager: Mounting plugin PerforceSourceControl
LogPluginManager: Mounting plugin SubversionSourceControl
LogPluginManager: Mounting plugin UObjectPlugin
LogPluginManager: Mounting plugin VisualStudioCodeSourceCodeAccess
LogPluginManager: Mounting plugin VisualStudioSourceCodeAccess
LogPluginManager: Mounting plugin XCodeSourceCodeAccess
LogPluginManager: Mounting plugin AssetManagerEditor
LogPluginManager: Mounting plugin CryptoKeys
LogPluginManager: Mounting plugin DataValidation
LogPluginManager: Mounting plugin FacialAnimation
LogPluginManager: Mounting plugin GameplayTagsEditor
LogPluginManager: Mounting plugin MacGraphicsSwitching
LogPluginManager: Mounting plugin MeshEditor
LogPluginManager: Mounting plugin MobileLauncherProfileWizard
LogPluginManager: Mounting plugin PluginBrowser
LogPluginManager: Mounting plugin SpeedTreeImporter
LogPluginManager: Mounting plugin DatasmithContent
LogPluginManager: Mounting plugin AlembicImporter
LogPluginManager: Mounting plugin AppleImageUtils
LogPluginManager: Mounting plugin AppleVision
LogPluginManager: Mounting plugin BackChannel
LogPluginManager: Mounting plugin CharacterAI
LogPluginManager: Mounting plugin GeometryCache
LogPluginManager: Mounting plugin HTML5Networking
LogPluginManager: Mounting plugin ProxyLODPlugin
LogPluginManager: Mounting plugin MagicLeap
LogPluginManager: Mounting plugin MagicLeapEmulator
LogPluginManager: Mounting plugin MagicLeapMedia
LogPluginManager: Mounting plugin AndroidMedia
LogPluginManager: Mounting plugin AvfMedia
LogPluginManager: Mounting plugin ImgMedia
LogPluginManager: Mounting plugin LinearTimecode
LogPluginManager: Mounting plugin MediaCompositing
LogPluginManager: Mounting plugin MediaPlayerEditor
LogPluginManager: Mounting plugin WmfMedia
LogPluginManager: Mounting plugin TcpMessaging
LogPluginManager: Mounting plugin UdpMessaging
LogPluginManager: Mounting plugin ActorSequence
LogPluginManager: Mounting plugin LevelSequenceEditor
LogPluginManager: Mounting plugin MatineeToLevelSequence
LogPluginManager: Mounting plugin NetcodeUnitTest
LogPluginManager: Mounting plugin NUTUnrealEngine4
LogPluginManager: Mounting plugin OnlineSubsystemGooglePlay
LogPluginManager: Mounting plugin OnlineSubsystemIOS
LogPluginManager: Mounting plugin OnlineSubsystem
LogPluginManager: Mounting plugin OnlineSubsystemNull
LogPluginManager: Mounting plugin OnlineSubsystemUtils
LogPluginManager: Mounting plugin LauncherChunkInstaller
LogPluginManager: Mounting plugin AndroidDeviceProfileSelector
LogPluginManager: Mounting plugin AndroidMoviePlayer
LogPluginManager: Mounting plugin AndroidPermission
LogPluginManager: Mounting plugin AppleMoviePlayer
LogPluginManager: Mounting plugin ArchVisCharacter
LogPluginManager: Mounting plugin AudioCapture
LogPluginManager: Mounting plugin CableComponent
LogPluginManager: Mounting plugin CustomMeshComponent
LogPluginManager: Mounting plugin EditableMesh
LogPluginManager: Mounting plugin ExampleDeviceProfileSelector
LogPluginManager: Mounting plugin GoogleCloudMessaging
LogPluginManager: Mounting plugin ImmediatePhysics
LogPluginManager: Mounting plugin IOSDeviceProfileSelector
LogPluginManager: Mounting plugin LinuxDeviceProfileSelector
LogPluginManager: Mounting plugin LocationServicesBPLibrary
LogPluginManager: Mounting plugin MobilePatchingUtils
LogPluginManager: Mounting plugin OculusVR
LogPluginManager: Plugin shader directory ../../../Engine/Plugins/Runtime/Oculus/OculusVR/Shaders found
LogPluginManager: Mapping shader source directory ../../../Engine/Plugins/Runtime/Oculus/OculusVR/Shaders to virtual directory /Plugin/OculusVR
LogPluginManager: Mounting plugin PhysXVehicles
LogPluginManager: Mounting plugin ProceduralMeshComponent
LogPluginManager: Mounting plugin RuntimePhysXCooking
LogPluginManager: Mounting plugin SteamVR
LogPluginManager: Mounting plugin WindowsMoviePlayer
LogStreaming: Display: Took  0.263s to configure plugins.
LogInit: Using libcurl 7.55.1-DEV
LogInit:  - built for x86_64-pc-win32
LogInit:  - supports SSL with OpenSSL/1.0.2h
LogInit:  - supports HTTP deflate (compression) using libz 1.2.8
LogInit:  - other features:
LogInit:      CURL_VERSION_SSL
LogInit:      CURL_VERSION_LIBZ
LogInit:      CURL_VERSION_IPV6
LogInit:      CURL_VERSION_ASYNCHDNS
LogInit:      CURL_VERSION_LARGEFILE
LogInit:      CURL_VERSION_IDN
LogInit:  CurlRequestOptions (configurable via config and command line):
LogInit:  - bVerifyPeer = false  - Libcurl will NOT verify peer certificate
LogInit:  - bUseHttpProxy = false  - Libcurl will NOT use HTTP proxy
LogInit:  - bDontReuseConnections = false  - Libcurl will reuse connections
LogInit:  - CertBundlePath = nullptr  - Libcurl will use whatever was configured at build time.
LogInit:  - MaxHostConnections = 16  - Libcurl will limit the number of connections to a host
LogInit:  - LocalHostAddr = Default
LogInit:  - BufferSize = 65536
LogModuleManager: Warning: ModuleManager: Unable to load module 'OnlineSubsystemLAN'  - 0 instances of that module name found.
LogInit: WinSock: version 1.1 (2.2), MaxSocks=32767, MaxUdp=65467
LogInit: Build: ++UE4+Release-4.20-CL-4302132
LogInit: Engine Version: 4.20.2-4302132+++UE4+Release-4.20
LogInit: Compatible Engine Version: 4.20.0-4212847+++UE4+Release-4.20
LogInit: Net CL: 4212847
LogInit: OS: Windows 10 (), CPU: Intel(R) Core(TM) i7-7700HQ CPU @ 2.80GHz, GPU: Intel(R) HD Graphics 630
LogInit: Compiled (64-bit): Aug 21 2018 02:06:06
LogInit: Compiled with Visual C++: 19.13.26129.00
LogInit: Build Configuration: Development
LogInit: Branch Name: ++UE4+Release-4.20
LogInit: Command Line: 
LogInit: Base Directory: C:/Program Files/Epic Games/UE_4.20/Engine/Binaries/Win64/
LogInit: Installed Engine Build: 1
LogDevObjectVersion: Number of dev versions registered: 20
LogDevObjectVersion:   Dev-Blueprints (B0D832E4-1F89-4F0D-ACCF-7EB736FD4AA2): 10
LogDevObjectVersion:   Dev-Build (E1C64328-A22C-4D53-A36C-8E866417BD8C): 0
LogDevObjectVersion:   Dev-Core (375EC13C-06E4-48FB-B500-84F0262A717E): 2
LogDevObjectVersion:   Dev-Editor (E4B068ED-F494-42E9-A231-DA0B2E46BB41): 24
LogDevObjectVersion:   Dev-Framework (CFFC743F-43B0-4480-9391-14DF171D2073): 34
LogDevObjectVersion:   Dev-Mobile (B02B49B5-BB20-44E9-A304-32B752E40360): 2
LogDevObjectVersion:   Dev-Networking (A4E4105C-59A1-49B5-A7C5-40C4547EDFEE): 0
LogDevObjectVersion:   Dev-Online (39C831C9-5AE6-47DC-9A44-9C173E1C8E7C): 0
LogDevObjectVersion:   Dev-Physics (78F01B33-EBEA-4F98-B9B4-84EACCB95AA2): 0
LogDevObjectVersion:   Dev-Platform (6631380F-2D4D-43E0-8009-CF276956A95A): 0
LogDevObjectVersion:   Dev-Rendering (12F88B9F-8875-4AFC-A67C-D90C383ABD29): 26
LogDevObjectVersion:   Dev-Sequencer (7B5AE74C-D270-4C10-A958-57980B212A5A): 9
LogDevObjectVersion:   Dev-VR (D7296918-1DD6-4BDD-9DE2-64A83CC13884): 2
LogDevObjectVersion:   Dev-LoadTimes (C2A15278-BFE7-4AFE-6C17-90FF531DF755): 1
LogDevObjectVersion:   Private-Geometry (6EACA3D4-40EC-4CC1-B786-8BED09428FC5): 3
LogDevObjectVersion:   Dev-AnimPhys (29E575DD-E0A3-4627-9D10-D276232CDCEA): 17
LogDevObjectVersion:   Dev-ReflectionCapture (6B266CEC-1EC7-4B8F-A30B-E4D90942FC07): 1
LogDevObjectVersion:   Dev-Automation (0DF73D61-A23F-47EA-B727-89E90C41499A): 1
LogDevObjectVersion:   FortniteMain (601D1886-AC64-4F84-AA16-D3DE0DEAC7D6): 12
LogDevObjectVersion:   Dev-Enterprise (9DFFBCD6-494F-0158-E221-12823C92A888): 1
LogStreaming: Display: Took  0.001s to delete old logs.
LogInit: Presizing for max 8388607 objects, including 0 objects not considered by GC, pre-allocating 0 bytes for permanent pool.
LogInit: Object subsystem initialized
[2018.10.24-13.29.40:801][  0]LogInit: Selected Device Profile: [Windows]
[2018.10.24-13.29.40:801][  0]LogInit: Applying CVar settings loaded from the selected device profile: [Windows]
[2018.10.24-13.29.40:826][  0]LogHAL: Display: Platform has ~ 16 GB [17065697280 / 17179869184 / 16], which maps to Larger [LargestMinGB=32, LargerMinGB=12, DefaultMinGB=8, SmallerMinGB=6, SmallestMinGB=0)
[2018.10.24-13.29.40:827][  0]LogInit: Setting Device Profile CVar: [[r.Vulkan.UseRealUBs:1]]
[2018.10.24-13.29.40:827][  0]LogInit: Going up to parent DeviceProfile []
[2018.10.24-13.29.40:827][  0]LogInit: Computer: RAZER-BLADE
[2018.10.24-13.29.40:827][  0]LogInit: User: Phenrear
[2018.10.24-13.29.40:827][  0]LogInit: CPU Page size=4096, Cores=4
[2018.10.24-13.29.40:827][  0]LogInit: High frequency timer resolution =2.742190 MHz
[2018.10.24-13.29.40:827][  0]LogMemory: Memory total: Physical=15.9GB (16GB approx)
[2018.10.24-13.29.40:827][  0]LogMemory: Platform Memory Stats for Windows
[2018.10.24-13.29.40:827][  0]LogMemory: Process Physical Memory: 103.76 MB used, 103.76 MB peak
[2018.10.24-13.29.40:827][  0]LogMemory: Process Virtual Memory: 91.34 MB used, 91.34 MB peak
[2018.10.24-13.29.40:827][  0]LogMemory: Physical Memory: 7018.11 MB used,  9257.00 MB free, 16275.12 MB total
[2018.10.24-13.29.40:827][  0]LogMemory: Virtual Memory: 4645.75 MB used,  9257.00 MB free, 134217728.00 MB total
[2018.10.24-13.29.40:851][  0]LogInit: Using OS detected language (en-US).
[2018.10.24-13.29.40:851][  0]LogInit: Using OS detected locale (en-US).
[2018.10.24-13.29.40:852][  0]LogTextLocalizationManager: No specific localization for 'en-US' exists, so the 'en' localization will be used.
[2018.10.24-13.29.41:234][  0]LogStreaming: Display: Took  0.383s to InitEngineTextLocalization.
[2018.10.24-13.29.41:234][  0]LogInit: Setting process to per monitor DPI aware
[2018.10.24-13.29.41:286][  0]LogSlate: New Slate User Created.  User Index 0, Is Virtual User: 0
[2018.10.24-13.29.41:286][  0]LogSlate: Slate User Registered.  User Index 0, Is Virtual User: 0
[2018.10.24-13.29.41:498][  0]LogHMD: Failed to initialize OpenVR with code 110
[2018.10.24-13.29.41:498][  0]LogD3D11RHI: D3D11 adapters:
[2018.10.24-13.29.41:574][  0]LogD3D11RHI:    0. 'NVIDIA GeForce GTX 1060' (Feature Level 11_0)
[2018.10.24-13.29.41:574][  0]LogD3D11RHI:       6052/0/8137 MB DedicatedVideo/DedicatedSystem/SharedSystem, Outputs:1, VendorId:0x10de
[2018.10.24-13.29.41:586][  0]LogD3D11RHI:    1. 'Intel(R) HD Graphics 630' (Feature Level 11_0)
[2018.10.24-13.29.41:586][  0]LogD3D11RHI:       128/0/8137 MB DedicatedVideo/DedicatedSystem/SharedSystem, Outputs:0, VendorId:0x8086
[2018.10.24-13.29.41:589][  0]LogD3D11RHI:    2. 'Microsoft Basic Render Driver' (Feature Level 11_0)
[2018.10.24-13.29.41:589][  0]LogD3D11RHI:       0/0/8137 MB DedicatedVideo/DedicatedSystem/SharedSystem, Outputs:0, VendorId:0x1414
[2018.10.24-13.29.41:589][  0]LogD3D11RHI: Chosen D3D11 Adapter: 0
[2018.10.24-13.29.41:601][  0]LogD3D11RHI: Creating new Direct3DDevice
[2018.10.24-13.29.41:601][  0]LogD3D11RHI:     GPU DeviceId: 0x1c20 (for the marketing name, search the web for "GPU Device Id")
[2018.10.24-13.29.41:601][  0]LogWindows: EnumDisplayDevices:
[2018.10.24-13.29.41:602][  0]LogWindows:    0. 'Intel(R) HD Graphics 630' (P:1 D:1)
[2018.10.24-13.29.41:602][  0]LogWindows:    1. 'Intel(R) HD Graphics 630' (P:0 D:0)
[2018.10.24-13.29.41:602][  0]LogWindows:    2. 'Intel(R) HD Graphics 630' (P:0 D:0)
[2018.10.24-13.29.41:602][  0]LogWindows:    3. 'NVIDIA GeForce GTX 1060' (P:0 D:0)
[2018.10.24-13.29.41:603][  0]LogWindows: DebugString: PrimaryIsNotTheChoosenAdapter PrimaryIsNotTheChoosenAdapter PrimaryIsNotTheChoosenAdapter 
[2018.10.24-13.29.41:603][  0]LogD3D11RHI:     Adapter Name: NVIDIA GeForce GTX 1060
[2018.10.24-13.29.41:603][  0]LogD3D11RHI:   Driver Version: 416.34 (internal:25.21.14.1634, unified:416.34)
[2018.10.24-13.29.41:603][  0]LogD3D11RHI:      Driver Date: 10-10-2018
[2018.10.24-13.29.41:603][  0]LogRHI: Texture pool is 4236 MB (70% of 6052 MB)
[2018.10.24-13.29.41:643][  0]LogD3D11RHI: Async texture creation enabled
[2018.10.24-13.29.41:661][  0]LogD3D11RHI: GPU Timing Frequency: 1000.000000 (Debug: 2 2)
[2018.10.24-13.29.41:662][  0]LogShaderCompilers: Guid format shader working directory is -19 characters bigger than the processId version (../../../../../../Users/Phenrear/Desktop/School/gift/Builds/GiftGame/Intermediate/Shaders/WorkingDirectory/2280/).
[2018.10.24-13.29.41:662][  0]LogShaderCompilers: Cleaned the shader compiler working directory 'C:/Users/Phenrear/AppData/Local/Temp/UnrealShaderWorkingDir/57C57E5140D26053AD79BE97128FABB2/'.
[2018.10.24-13.29.41:945][  0]LogTemp: Display: Loaded TP AllDesktopTargetPlatform
[2018.10.24-13.29.41:959][  0]LogTemp: Display: Loaded TP MacClientTargetPlatform
[2018.10.24-13.29.41:972][  0]LogTemp: Display: Loaded TP MacNoEditorTargetPlatform
[2018.10.24-13.29.41:987][  0]LogTemp: Display: Loaded TP MacServerTargetPlatform
[2018.10.24-13.29.42:002][  0]LogTemp: Display: Loaded TP MacTargetPlatform
[2018.10.24-13.29.42:016][  0]LogTemp: Display: Loaded TP WindowsClientTargetPlatform
[2018.10.24-13.29.42:038][  0]LogTemp: Display: Loaded TP WindowsNoEditorTargetPlatform
[2018.10.24-13.29.42:057][  0]LogTemp: Display: Loaded TP WindowsServerTargetPlatform
[2018.10.24-13.29.42:065][  0]LogTemp: Display: Loaded TP WindowsTargetPlatform
[2018.10.24-13.29.42:145][  0]LogTemp: Display: Loaded TP AndroidTargetPlatform
[2018.10.24-13.29.42:145][  0]LogTemp: Display: Loaded TP AndroidTargetPlatform
[2018.10.24-13.29.42:145][  0]LogTemp: Display: Loaded TP AndroidTargetPlatform
[2018.10.24-13.29.42:145][  0]LogTemp: Display: Loaded TP AndroidTargetPlatform
[2018.10.24-13.29.42:145][  0]LogTemp: Display: Loaded TP AndroidTargetPlatform
[2018.10.24-13.29.42:145][  0]LogTemp: Display: Loaded TP AndroidTargetPlatform
[2018.10.24-13.29.42:145][  0]LogTemp: Display: Loaded TP AndroidTargetPlatform
[2018.10.24-13.29.42:145][  0]LogTemp: Display: Loaded TP AndroidTargetPlatform
[2018.10.24-13.29.42:145][  0]LogTemp: Display: Loaded TP AndroidTargetPlatform
[2018.10.24-13.29.42:145][  0]LogTemp: Display: Loaded TP AndroidTargetPlatform
[2018.10.24-13.29.42:145][  0]LogTemp: Display: Loaded TP AndroidTargetPlatform
[2018.10.24-13.29.42:145][  0]LogTemp: Display: Loaded TP AndroidTargetPlatform
[2018.10.24-13.29.42:145][  0]LogTemp: Display: Loaded TP AndroidTargetPlatform
[2018.10.24-13.29.42:145][  0]LogTemp: Display: Loaded TP AndroidTargetPlatform
[2018.10.24-13.29.42:145][  0]LogTemp: Display: Loaded TP AndroidTargetPlatform
[2018.10.24-13.29.42:145][  0]LogTemp: Display: Loaded TP AndroidTargetPlatform
[2018.10.24-13.29.42:145][  0]LogTemp: Display: Loaded TP AndroidTargetPlatform
[2018.10.24-13.29.42:145][  0]LogTemp: Display: Loaded TP AndroidTargetPlatform
[2018.10.24-13.29.42:147][  0]LogTemp: Display: Loaded TP HTML5TargetPlatform
[2018.10.24-13.29.42:209][  0]LogTemp: Display: Loaded TP IOSTargetPlatform
[2018.10.24-13.29.42:209][  0]LogTemp: Display: Loaded TP IOSTargetPlatform
[2018.10.24-13.29.42:231][  0]LogTemp: Display: Loaded TP TVOSTargetPlatform
[2018.10.24-13.29.42:231][  0]LogTemp: Display: Loaded TP TVOSTargetPlatform
[2018.10.24-13.29.42:243][  0]LogTemp: Display: Loaded TP LinuxClientTargetPlatform
[2018.10.24-13.29.42:256][  0]LogTemp: Display: Loaded TP LinuxNoEditorTargetPlatform
[2018.10.24-13.29.42:267][  0]LogTemp: Display: Loaded TP LinuxServerTargetPlatform
[2018.10.24-13.29.42:280][  0]LogTemp: Display: Loaded TP LinuxTargetPlatform
[2018.10.24-13.29.42:291][  0]LogTemp: Display: Loaded TP LuminTargetPlatform
[2018.10.24-13.29.42:291][  0]LogTargetPlatformManager: Display: Building Assets For Windows
[2018.10.24-13.29.42:351][  0]LogXGEController: Cannot use XGE Controller as Incredibuild is not installed on this machine.
[2018.10.24-13.29.42:351][  0]LogShaderCompilers: Cannot use XGE Shader Compiler as Incredibuild is not installed on this machine.
[2018.10.24-13.29.42:351][  0]LogShaderCompilers: Display: Using Local Shader Compiler.
[2018.10.24-13.29.43:070][  0]LogDerivedDataCache: Display: Max Cache Size: 512 MB
[2018.10.24-13.29.43:121][  0]LogDerivedDataCache: Loaded boot cache 0.05s 71MB C:/Users/Phenrear/AppData/Local/UnrealEngine/4.20/DerivedDataCache/Boot.ddc.
[2018.10.24-13.29.43:122][  0]LogDerivedDataCache: Display: Loaded Boot cache: C:/Users/Phenrear/AppData/Local/UnrealEngine/4.20/DerivedDataCache/Boot.ddc
[2018.10.24-13.29.43:122][  0]LogDerivedDataCache: FDerivedDataBackendGraph:  Pak pak cache file ../../../../../../Users/Phenrear/Desktop/School/gift/Builds/GiftGame/DerivedDataCache/DDC.ddp not found, will not use a pak cache.
[2018.10.24-13.29.43:122][  0]LogDerivedDataCache: Unable to find inner node Pak for hierarchical cache Hierarchy.
[2018.10.24-13.29.43:122][  0]LogDerivedDataCache: FDerivedDataBackendGraph:  CompressedPak pak cache file ../../../../../../Users/Phenrear/Desktop/School/gift/Builds/GiftGame/DerivedDataCache/Compressed.ddp not found, will not use a pak cache.
[2018.10.24-13.29.43:122][  0]LogDerivedDataCache: Unable to find inner node CompressedPak for hierarchical cache Hierarchy.
[2018.10.24-13.29.43:136][  0]LogDerivedDataCache: Display: Pak cache opened for reading ../../../Engine/DerivedDataCache/Compressed.ddp.
[2018.10.24-13.29.43:154][  0]LogDerivedDataCache: Using Local data cache path C:/Users/Phenrear/AppData/Local/UnrealEngine/Common/DerivedDataCache: Writable
[2018.10.24-13.29.43:154][  0]LogDerivedDataCache: Shared data cache path not found in *engine.ini, will not use an Shared cache.
[2018.10.24-13.29.43:154][  0]LogDerivedDataCache: Unable to find inner node Shared for hierarchical cache Hierarchy.
[2018.10.24-13.29.43:172][  0]LogMaterial: Verifying Global Shaders for PCD3D_SM5
[2018.10.24-13.29.43:174][  0]LogSlate: Using FreeType 2.6.0
[2018.10.24-13.29.43:174][  0]LogSlate: SlateFontServices - WITH_FREETYPE: 1, WITH_HARFBUZZ: 1
[2018.10.24-13.29.43:246][  0]LogAssetRegistry: FAssetRegistry took 0.0262 seconds to start up
[2018.10.24-13.29.43:594][  0]LogInit: Selected Device Profile: [Windows]
[2018.10.24-13.29.43:739][  0]LogSimplygon: Simplygon DLL not present - disabling.
[2018.10.24-13.29.43:744][  0]LogMeshReduction: Using SimplygonSwarm for distributed automatic mesh merging
[2018.10.24-13.29.43:744][  0]LogMeshReduction: Using ProxyLODMeshReduction for automatic mesh merging
[2018.10.24-13.29.43:744][  0]LogMeshReduction: Using QuadricMeshReduction for automatic static mesh reduction
[2018.10.24-13.29.43:744][  0]LogMeshReduction: No automatic skeletal mesh reduction module available
[2018.10.24-13.29.43:764][  0]LogNetVersion: GiftGame 1.0.0, NetCL: 4212847, EngineNetVer: 5, GameNetVer: 0 (Checksum: 3731779599)
[2018.10.24-13.29.44:564][  0]LogPackageLocalizationCache: Processed 11 localized package path(s) for 2 prioritized culture(s) in 0.334717 seconds
[2018.10.24-13.29.44:572][  0]LogUObjectArray: 38425 objects as part of root set at end of initial load.
[2018.10.24-13.29.44:572][  0]LogUObjectAllocator: 6690864 out of 0 bytes used by permanent object pool.
[2018.10.24-13.29.44:572][  0]LogUObjectArray: CloseDisregardForGC: 0/0 objects in disregard for GC pool
[2018.10.24-13.29.45:489][  0]LogTcpMessaging: Initializing TcpMessaging bridge
[2018.10.24-13.29.45:503][  0]LogUdpMessaging: Initializing bridge on interface 0.0.0.0:0 to multicast group 230.0.0.1:6666.
[2018.10.24-13.29.45:657][  0]SourceControl: Source control is disabled
[2018.10.24-13.29.45:657][  0]SourceControl: Source control is disabled
[2018.10.24-13.29.45:659][  0]SourceControl: Source control is disabled
[2018.10.24-13.29.45:660][  0]SourceControl: Source control is disabled
[2018.10.24-13.29.45:831][  0]LogAndroidPermission: UAndroidPermissionCallbackProxy::GetInstance
[2018.10.24-13.29.45:955][  0]LogOcInput: OculusInput pre-init called
[2018.10.24-13.29.46:020][  0]LogEngine: Initializing Engine...
[2018.10.24-13.29.46:021][  0]LogHMD: Failed to initialize OpenVR with code 110
[2018.10.24-13.29.46:022][  0]LogStats: UGameplayTagsManager::ConstructGameplayTagTree: ImportINI prefixes -  0.000 s
[2018.10.24-13.29.46:022][  0]LogStats: UGameplayTagsManager::ConstructGameplayTagTree: Construct from data asset -  0.000 s
[2018.10.24-13.29.46:022][  0]LogStats: UGameplayTagsManager::ConstructGameplayTagTree: ImportINI -  0.000 s
[2018.10.24-13.29.46:022][  0]LogStats: UGameplayTagsManager::ConstructGameplayTagTree: GameplayTagTreeChangedEvent.Broadcast -  0.000 s
[2018.10.24-13.29.46:249][  0]LogInit: Initializing FReadOnlyCVARCache
[2018.10.24-13.29.46:262][  0]LogAIModule: Creating AISystem for world Untitled
[2018.10.24-13.29.46:285][  0]LogInit: XAudio2 using 'Speakers (Razer Surround Audio Controller)' : 6 channels at 48 kHz using 16 bits per sample (channel mask 0x3f)
[2018.10.24-13.29.46:306][  0]LogInit: FAudioDevice initialized.
[2018.10.24-13.29.46:306][  0]LogNetVersion: Set ProjectVersion to 1.0.0.0. Version Checksum will be recalculated on next use.
[2018.10.24-13.29.46:362][  0]LogDerivedDataCache: Saved boot cache 0.06s 71MB C:/Users/Phenrear/AppData/Local/UnrealEngine/4.20/DerivedDataCache/Boot.ddc.
[2018.10.24-13.29.46:388][  0]LogInit: Texture streaming: Enabled
[2018.10.24-13.29.46:406][  0]LogEngineSessionManager: EngineSessionManager initialized
[2018.10.24-13.29.46:425][  0]LogInit: Transaction tracking system initialized
[2018.10.24-13.29.46:449][  0]BlueprintLog: New page: Editor Load
[2018.10.24-13.29.46:534][  0]LocalizationService: Localization service is disabled
[2018.10.24-13.29.47:069][  0]LogCook: Display: Max memory allowance for cook 16384mb min free memory 0mb
[2018.10.24-13.29.47:069][  0]LogCook: Display: Mobile HDR setting 1
[2018.10.24-13.29.47:069][  0]LogGameplayTags: Display: UGameplayTagsManager::DoneAddingNativeTags. DelegateIsBound: 0
[2018.10.24-13.29.47:069][  0]LogStats: UGameplayTagsManager::ConstructGameplayTagTree: ImportINI prefixes -  0.000 s
[2018.10.24-13.29.47:069][  0]LogStats: UGameplayTagsManager::ConstructGameplayTagTree: Construct from data asset -  0.000 s
[2018.10.24-13.29.47:069][  0]LogStats: UGameplayTagsManager::ConstructGameplayTagTree: ImportINI -  0.000 s
[2018.10.24-13.29.47:069][  0]LogStats: UGameplayTagsManager::ConstructGameplayTagTree: GameplayTagTreeChangedEvent.Broadcast -  0.000 s
[2018.10.24-13.29.47:196][  0]LogFileCache: Scanning file cache for directory 'C:/Users/Phenrear/Desktop/School/gift/Builds/GiftGame/Content/' took 0.01s
[2018.10.24-13.29.47:196][  0]SourceControl: Source control is disabled
[2018.10.24-13.29.47:196][  0]Cmd: MAP LOAD FILE="../../../Engine/Content/Maps/Templates/Template_Default.umap" TEMPLATE=1 SHOWPROGRESS=1 FEATURELEVEL=3
[2018.10.24-13.29.47:197][  0]LightingResults: New page: Lighting Build
[2018.10.24-13.29.47:199][  0]MapCheck: New page: Map Check
[2018.10.24-13.29.47:199][  0]LightingResults: New page: Lighting Build
[2018.10.24-13.29.47:405][  0]LogAIModule: Creating AISystem for world Untitled_1
[2018.10.24-13.29.47:411][  0]LogEditorServer: Finished looking for orphan Actors (0.000 secs)
[2018.10.24-13.29.47:434][  0]Cmd: MAP CHECKDEP NOCLEARLOG
[2018.10.24-13.29.47:502][  0]MapCheck: Map check complete: 0 Error(s), 0 Warning(s), took 68.129ms to complete.
[2018.10.24-13.29.47:502][  0]LogFileHelpers: Loading map 'Template_Default' took 0.306
[2018.10.24-13.29.47:634][  0]LogSlate: Updating window title bar state: overlay mode, drag disabled, window buttons hidden, title bar hidden
[2018.10.24-13.29.47:642][  0]LogSlate: Updating window title bar state: overlay mode, drag disabled, window buttons hidden, title bar hidden
[2018.10.24-13.29.47:651][  0]LogSlate: Updating window title bar state: overlay mode, drag disabled, window buttons hidden, title bar hidden
[2018.10.24-13.29.47:658][  0]LogSlate: Updating window title bar state: overlay mode, drag disabled, window buttons hidden, title bar hidden
[2018.10.24-13.29.47:665][  0]LogCollectionManager: Loaded 0 collections in 0.001938 seconds
[2018.10.24-13.29.47:707][  0]LogFileCache: Scanning file cache for directory 'C:/Users/Phenrear/Desktop/School/gift/Builds/GiftGame/Saved/Collections/' took 0.01s
[2018.10.24-13.29.47:707][  0]LogFileCache: Scanning file cache for directory 'C:/Users/Phenrear/Desktop/School/gift/Builds/GiftGame/Content/Developers/Phenrear/Collections/' took 0.01s
[2018.10.24-13.29.47:707][  0]LogFileCache: Scanning file cache for directory 'C:/Users/Phenrear/Desktop/School/gift/Builds/GiftGame/Content/Collections/' took 0.01s
[2018.10.24-13.29.47:707][  0]LogCollectionManager: Rebuilt the GUID cache for 0 collections in 0.000000 seconds
[2018.10.24-13.29.47:715][  0]LogContentBrowser: Native class hierarchy populated in 0.0087 seconds. Added 2572 classes and 603 folders.
[2018.10.24-13.29.47:723][  0]LogContentBrowser: Native class hierarchy updated for 'WidgetCarousel' in 0.0003 seconds. Added 0 classes and 0 folders.
[2018.10.24-13.29.47:768][  0]LogContentBrowser: Native class hierarchy updated for 'AddContentDialog' in 0.0002 seconds. Added 0 classes and 0 folders.
[2018.10.24-13.29.47:773][  0]LogContentBrowser: Native class hierarchy updated for 'SceneOutliner' in 0.0002 seconds. Added 1 classes and 2 folders.
[2018.10.24-13.29.47:790][  0]LogSlate: Took 0.000190 seconds to synchronously load lazily loaded font '../../../Engine/Content/Slate/Fonts/Roboto-Regular.ttf' (155K)
[2018.10.24-13.29.47:792][  0]LogSlate: Took 0.000218 seconds to synchronously load lazily loaded font '../../../Engine/Content/Slate/Fonts/Roboto-Bold.ttf' (160K)
[2018.10.24-13.29.47:797][  0]LogSlate: Took 0.000208 seconds to synchronously load lazily loaded font '../../../Engine/Content/Editor/Slate/Fonts/FontAwesome.ttf' (139K)
[2018.10.24-13.29.47:881][  0]LogRenderer: Reallocating scene render targets to support 944x436 Format 10 NumSamples 1 (Frame:1).
[2018.10.24-13.29.48:042][  0]LogContentBrowser: Native class hierarchy updated for 'HierarchicalLODOutliner' in 0.0002 seconds. Added 0 classes and 0 folders.
[2018.10.24-13.29.48:043][  0]LogLoad: (Engine Initialization) Total time: 9.28 seconds
[2018.10.24-13.29.48:043][  0]LogLoad: (Engine Initialization) Total Blueprint compile time: 0.00 seconds
[2018.10.24-13.29.48:053][  0]LogWindowsTextInputMethodSystem: Display: IME system now deactivated.
[2018.10.24-13.29.48:073][  0]LogContentStreaming: Texture pool size now 1000 MB
[2018.10.24-13.29.48:084][  0]LogSlate: Took 0.000177 seconds to synchronously load lazily loaded font '../../../Engine/Content/Slate/Fonts/Roboto-Light.ttf' (167K)
[2018.10.24-13.29.48:098][  1]LogAssetRegistry: Asset discovery search completed in 4.8747 seconds
[2018.10.24-13.29.48:100][  1]LogCollectionManager: Rebuilt the object cache for 0 collections in 0.000000 seconds (found 0 objects)
[2018.10.24-13.29.48:100][  1]LogCollectionManager: Fixed up redirectors for 0 collections in 0.000050 seconds (updated 0 objects)
[2018.10.24-13.29.50:583][ 82]LogSlate: FSceneViewport::OnFocusLost() reason 0
[2018.10.24-13.29.53:148][183]LogSlate: Took 0.000181 seconds to synchronously load lazily loaded font '../../../Engine/Content/Slate/Fonts/Roboto-Light.ttf' (167K)
[2018.10.24-13.29.53:243][183]LogAIModule: Creating AISystem for world GiftGame
[2018.10.24-13.29.53:249][183]LogAssetEditorManager: Opening Asset editor for World /Game/Levels/GiftGame/GiftGame.GiftGame
[2018.10.24-13.29.53:272][183]Cmd: MAP LOAD FILE="../../../../../../Users/Phenrear/Desktop/School/gift/Builds/GiftGame/Content/Levels/GiftGame/GiftGame.umap" TEMPLATE=0 SHOWPROGRESS=1 FEATURELEVEL=3
[2018.10.24-13.29.53:272][183]LightingResults: New page: Lighting Build
[2018.10.24-13.29.53:272][183]LoadErrors: New page: Loading map: GiftGame.umap
[2018.10.24-13.29.53:273][183]MapCheck: New page: Map Check
[2018.10.24-13.29.53:273][183]LightingResults: New page: Lighting Build
[2018.10.24-13.29.53:302][183]LogEditorServer: Finished looking for orphan Actors (0.000 secs)
[2018.10.24-13.29.53:364][183]Cmd: MAP CHECKDEP NOCLEARLOG
[2018.10.24-13.29.53:426][183]MapCheck: Map check complete: 0 Error(s), 0 Warning(s), took 60.51ms to complete.
[2018.10.24-13.29.53:426][183]LogFileHelpers: Loading map 'GiftGame' took 0.155
[2018.10.24-13.30.06:597][610]LogAssetEditorManager: Opening Asset editor for Blueprint /Game/Blueprints/ShakeControl.ShakeControl
[2018.10.24-13.30.07:408][610]LogContentBrowser: Native class hierarchy updated for 'BlueprintGraph' in 0.0006 seconds. Added 116 classes and 0 folders.
[2018.10.24-13.30.08:200][610]LogSlate: Took 0.000198 seconds to synchronously load lazily loaded font '../../../Engine/Content/Slate/Fonts/Roboto-BoldCondensed.ttf' (158K)
[2018.10.24-13.30.08:260][611]LogSlate: Took 0.000286 seconds to synchronously load lazily loaded font '../../../Engine/Content/Slate/Fonts/Roboto-Italic.ttf' (157K)
[2018.10.24-13.30.13:330][748]LogSlate: Window 'ShakeControl' being destroyed
[2018.10.24-13.30.13:369][748]LogSlate: Window 'ShakeControl' being destroyed
[2018.10.24-13.30.17:169][861]LogD3D11RHI: Error: Result failed 
 at D:\Build\++UE4\Sync\Engine\Source\Runtime\Windows\D3D11RHI\Private\D3D11Query.cpp:146 
 with error DXGI_ERROR_DEVICE_REMOVED DXGI_ERROR_DEVICE_HUNG
[2018.10.24-13.30.17:169][861]LogD3D11RHI: [Aftermath] GDynamicRHI=000001FA54D68100, GDX11NVAfterMathEnabled=0, Result=0xFFFFFFFF, bDeviceActive=0
[2018.10.24-13.30.17:169][861]LogWindows: Windows GetLastError: The operation completed successfully. (0)
[2018.10.24-13.30.17:952][861]LogWindows: Windows GetLastError: The operation completed successfully. (0)
[2018.10.24-13.30.17:952][861]LogWindows: Error: === Critical error: ===
[2018.10.24-13.30.17:952][861]LogWindows: Error: 
[2018.10.24-13.30.17:952][861]LogWindows: Error: Fatal error: [File:D:\Build\++UE4\Sync\Engine\Source\Runtime\RenderCore\Private\RenderingThread.cpp] [Line: 826] 
[2018.10.24-13.30.17:952][861]LogWindows: Error: Rendering thread exception:
[2018.10.24-13.30.17:952][861]LogWindows: Error: Fatal error: [File:D:\Build\++UE4\Sync\Engine\Source\Runtime\Windows\D3D11RHI\Private\D3D11Util.cpp] [Line: 200] 
[2018.10.24-13.30.17:952][861]LogWindows: Error: Unreal Engine is exiting due to D3D device being lost. (Error: 0x887A0006 - 'HUNG')
[2018.10.24-13.30.17:952][861]LogWindows: Error: 
[2018.10.24-13.30.17:952][861]LogWindows: Error: 
[2018.10.24-13.30.17:952][861]LogWindows: Error: [Callstack] 0x00007ff914d0a388 KERNELBASE.dll!UnknownFunction []
[2018.10.24-13.30.17:952][861]LogWindows: Error: [Callstack] 0x00007ff905a96850 UE4Editor-ApplicationCore.dll!UnknownFunction []
[2018.10.24-13.30.17:952][861]LogWindows: Error: [Callstack] 0x00007ff8c9e162ec UE4Editor-Core.dll!UnknownFunction []
[2018.10.24-13.30.17:952][861]LogWindows: Error: [Callstack] 0x00007ff8c9da51cb UE4Editor-Core.dll!UnknownFunction []
[2018.10.24-13.30.17:952][861]LogWindows: Error: [Callstack] 0x00007ff8c415adea UE4Editor-D3D11RHI.dll!UnknownFunction []
[2018.10.24-13.30.17:952][861]LogWindows: Error: [Callstack] 0x00007ff8c415e6e4 UE4Editor-D3D11RHI.dll!UnknownFunction []
[2018.10.24-13.30.17:952][861]LogWindows: Error: [Callstack] 0x00007ff8c4135951 UE4Editor-D3D11RHI.dll!UnknownFunction []
[2018.10.24-13.30.17:952][861]LogWindows: Error: [Callstack] 0x00007ff8c414abf8 UE4Editor-D3D11RHI.dll!UnknownFunction []
[2018.10.24-13.30.17:952][861]LogWindows: Error: [Callstack] 0x00007ff905d5b106 UE4Editor-RHI.dll!UnknownFunction []
[2018.10.24-13.30.17:952][861]LogWindows: Error: [Callstack] 0x00007ff8bf4f1b42 UE4Editor-SlateRHIRenderer.dll!UnknownFunction []
[2018.10.24-13.30.17:952][861]LogWindows: Error: [Callstack] 0x00007ff8bf4f7d0a UE4Editor-SlateRHIRenderer.dll!UnknownFunction []
[2018.10.24-13.30.17:952][861]LogWindows: Error: [Callstack] 0x00007ff8c9c31f92 UE4Editor-Core.dll!UnknownFunction []
[2018.10.24-13.30.17:952][861]LogWindows: Error: [Callstack] 0x00007ff8c9c32456 UE4Editor-Core.dll!UnknownFunction []
[2018.10.24-13.30.17:952][861]LogWindows: Error: [Callstack] 0x00007ff905ee75f9 UE4Editor-RenderCore.dll!UnknownFunction []
[2018.10.24-13.30.17:952][861]LogWindows: Error: [Callstack] 0x00007ff905ee8574 UE4Editor-RenderCore.dll!UnknownFunction []
[2018.10.24-13.30.17:952][861]LogWindows: Error: [Callstack] 0x00007ff8ca076b6c UE4Editor-Core.dll!UnknownFunction []
[2018.10.24-13.30.17:952][861]LogWindows: Error: [Callstack] 0x00007ff8ca0717b7 UE4Editor-Core.dll!UnknownFunction []
[2018.10.24-13.30.17:952][861]LogWindows: Error: [Callstack] 0x00007ff915273034 KERNEL32.DLL!UnknownFunction []
[2018.10.24-13.30.17:952][861]LogWindows: Error: [Callstack] 0x00007ff917c51461 ntdll.dll!UnknownFunction []
[2018.10.24-13.30.17:952][861]LogWindows: Error: 
[2018.10.24-13.30.17:952][861]LogWindows: Error: 
[2018.10.24-13.30.17:952][861]LogWindows: Error: 
[2018.10.24-13.30.17:952][861]LogWindows: Error: 
[2018.10.24-13.30.17:969][861]LogExit: Executing StaticShutdownAfterError
[2018.10.24-13.30.17:972][861]LogWindows: FPlatformMisc::RequestExit(1)
[2018.10.24-13.30.17:978][861]Log file closed, 10/24/18 08:30:17
