Log file open, 10/23/18 12:51:40
LogWindows: Failed to load 'aqProf.dll' (GetLastError=126)
LogWindows: File 'aqProf.dll' does not exist
LogWindows: Failed to load 'VSPerf140.dll' (GetLastError=126)
LogWindows: File 'VSPerf140.dll' does not exist
LogWindows: Failed to load 'VtuneApi.dll' (GetLastError=126)
LogWindows: File 'VtuneApi.dll' does not exist
LogWindows: Failed to load 'VtuneApi32e.dll' (GetLastError=126)
LogWindows: File 'VtuneApi32e.dll' does not exist
LogInit: Display: Running engine for game: GiftGame
LogPlatformFile: Not using cached read wrapper
LogTaskGraph: Started task graph with 5 named threads and 47 total threads with 3 sets of task threads.
LogStats: Stats thread started at 0.644874
LogD3D11RHI: Loaded GFSDK_Aftermath_Lib.x64.dll
LogICUInternationalization: Display: ICU TimeZone Detection - Raw Offset: -6:00, Platform Override: ''
LogPluginManager: Mounting plugin Paper2D
LogPluginManager: Mounting plugin AISupport
LogPluginManager: Mounting plugin LightPropagationVolume
LogPluginManager: Mounting plugin CLionSourceCodeAccess
LogPluginManager: Mounting plugin CodeLiteSourceCodeAccess
LogPluginManager: Mounting plugin GitSourceControl
LogPluginManager: Mounting plugin KDevelopSourceCodeAccess
LogPluginManager: Mounting plugin NullSourceCodeAccess
LogPluginManager: Mounting plugin PerforceSourceControl
LogPluginManager: Mounting plugin SubversionSourceControl
LogPluginManager: Mounting plugin UObjectPlugin
LogPluginManager: Mounting plugin VisualStudioCodeSourceCodeAccess
LogPluginManager: Mounting plugin VisualStudioSourceCodeAccess
LogPluginManager: Mounting plugin XCodeSourceCodeAccess
LogPluginManager: Mounting plugin AssetManagerEditor
LogPluginManager: Mounting plugin CryptoKeys
LogPluginManager: Mounting plugin DataValidation
LogPluginManager: Mounting plugin FacialAnimation
LogPluginManager: Mounting plugin GameplayTagsEditor
LogPluginManager: Mounting plugin MacGraphicsSwitching
LogPluginManager: Mounting plugin MeshEditor
LogPluginManager: Mounting plugin MobileLauncherProfileWizard
LogPluginManager: Mounting plugin PluginBrowser
LogPluginManager: Mounting plugin SpeedTreeImporter
LogPluginManager: Mounting plugin DatasmithContent
LogPluginManager: Mounting plugin AlembicImporter
LogPluginManager: Mounting plugin AppleImageUtils
LogPluginManager: Mounting plugin AppleVision
LogPluginManager: Mounting plugin BackChannel
LogPluginManager: Mounting plugin CharacterAI
LogPluginManager: Mounting plugin GeometryCache
LogPluginManager: Mounting plugin HTML5Networking
LogPluginManager: Mounting plugin ProxyLODPlugin
LogPluginManager: Mounting plugin MagicLeap
LogPluginManager: Mounting plugin MagicLeapEmulator
LogPluginManager: Mounting plugin MagicLeapMedia
LogPluginManager: Mounting plugin AndroidMedia
LogPluginManager: Mounting plugin AvfMedia
LogPluginManager: Mounting plugin ImgMedia
LogPluginManager: Mounting plugin LinearTimecode
LogPluginManager: Mounting plugin MediaCompositing
LogPluginManager: Mounting plugin MediaPlayerEditor
LogPluginManager: Mounting plugin WmfMedia
LogPluginManager: Mounting plugin TcpMessaging
LogPluginManager: Mounting plugin UdpMessaging
LogPluginManager: Mounting plugin ActorSequence
LogPluginManager: Mounting plugin LevelSequenceEditor
LogPluginManager: Mounting plugin MatineeToLevelSequence
LogPluginManager: Mounting plugin NetcodeUnitTest
LogPluginManager: Mounting plugin NUTUnrealEngine4
LogPluginManager: Mounting plugin OnlineSubsystemGooglePlay
LogPluginManager: Mounting plugin OnlineSubsystemIOS
LogPluginManager: Mounting plugin OnlineSubsystem
LogPluginManager: Mounting plugin OnlineSubsystemNull
LogPluginManager: Mounting plugin OnlineSubsystemUtils
LogPluginManager: Mounting plugin LauncherChunkInstaller
LogPluginManager: Mounting plugin AndroidDeviceProfileSelector
LogPluginManager: Mounting plugin AndroidMoviePlayer
LogPluginManager: Mounting plugin AndroidPermission
LogPluginManager: Mounting plugin AppleMoviePlayer
LogPluginManager: Mounting plugin ArchVisCharacter
LogPluginManager: Mounting plugin AudioCapture
LogPluginManager: Mounting plugin CableComponent
LogPluginManager: Mounting plugin CustomMeshComponent
LogPluginManager: Mounting plugin EditableMesh
LogPluginManager: Mounting plugin ExampleDeviceProfileSelector
LogPluginManager: Mounting plugin GoogleCloudMessaging
LogPluginManager: Mounting plugin ImmediatePhysics
LogPluginManager: Mounting plugin IOSDeviceProfileSelector
LogPluginManager: Mounting plugin LinuxDeviceProfileSelector
LogPluginManager: Mounting plugin LocationServicesBPLibrary
LogPluginManager: Mounting plugin MobilePatchingUtils
LogPluginManager: Mounting plugin OculusVR
LogPluginManager: Plugin shader directory ../../../Engine/Plugins/Runtime/Oculus/OculusVR/Shaders found
LogPluginManager: Mapping shader source directory ../../../Engine/Plugins/Runtime/Oculus/OculusVR/Shaders to virtual directory /Plugin/OculusVR
LogPluginManager: Mounting plugin PhysXVehicles
LogPluginManager: Mounting plugin ProceduralMeshComponent
LogPluginManager: Mounting plugin RuntimePhysXCooking
LogPluginManager: Mounting plugin SteamVR
LogPluginManager: Mounting plugin WindowsMoviePlayer
LogStreaming: Display: Took  0.145s to configure plugins.
LogInit: Using libcurl 7.55.1-DEV
LogInit:  - built for x86_64-pc-win32
LogInit:  - supports SSL with OpenSSL/1.0.2h
LogInit:  - supports HTTP deflate (compression) using libz 1.2.8
LogInit:  - other features:
LogInit:      CURL_VERSION_SSL
LogInit:      CURL_VERSION_LIBZ
LogInit:      CURL_VERSION_IPV6
LogInit:      CURL_VERSION_ASYNCHDNS
LogInit:      CURL_VERSION_LARGEFILE
LogInit:      CURL_VERSION_IDN
LogInit:  CurlRequestOptions (configurable via config and command line):
LogInit:  - bVerifyPeer = false  - Libcurl will NOT verify peer certificate
LogInit:  - bUseHttpProxy = false  - Libcurl will NOT use HTTP proxy
LogInit:  - bDontReuseConnections = false  - Libcurl will reuse connections
LogInit:  - CertBundlePath = nullptr  - Libcurl will use whatever was configured at build time.
LogInit:  - MaxHostConnections = 16  - Libcurl will limit the number of connections to a host
LogInit:  - LocalHostAddr = Default
LogInit:  - BufferSize = 65536
LogModuleManager: Warning: ModuleManager: Unable to load module 'OnlineSubsystemLAN'  - 0 instances of that module name found.
LogInit: WinSock: version 1.1 (2.2), MaxSocks=32767, MaxUdp=65467
LogInit: Build: ++UE4+Release-4.20-CL-4369336
LogInit: Engine Version: 4.20.3-4369336+++UE4+Release-4.20
LogInit: Compatible Engine Version: 4.20.0-4212847+++UE4+Release-4.20
LogInit: Net CL: 4212847
LogInit: OS: Windows 10 (), CPU: Intel(R) Xeon(R) Silver 4108 CPU @ 1.80GHz, GPU: NVIDIA Quadro P4000
LogInit: Compiled (64-bit): Sep 17 2018 12:26:19
LogInit: Compiled with Visual C++: 19.13.26129.00
LogInit: Build Configuration: Development
LogInit: Branch Name: ++UE4+Release-4.20
LogInit: Command Line:  
LogInit: Base Directory: C:/Program Files/Epic Games/UE_4.20/Engine/Binaries/Win64/
LogInit: Installed Engine Build: 1
LogDevObjectVersion: Number of dev versions registered: 20
LogDevObjectVersion:   Dev-Blueprints (B0D832E4-1F89-4F0D-ACCF-7EB736FD4AA2): 10
LogDevObjectVersion:   Dev-Build (E1C64328-A22C-4D53-A36C-8E866417BD8C): 0
LogDevObjectVersion:   Dev-Core (375EC13C-06E4-48FB-B500-84F0262A717E): 2
LogDevObjectVersion:   Dev-Editor (E4B068ED-F494-42E9-A231-DA0B2E46BB41): 24
LogDevObjectVersion:   Dev-Framework (CFFC743F-43B0-4480-9391-14DF171D2073): 34
LogDevObjectVersion:   Dev-Mobile (B02B49B5-BB20-44E9-A304-32B752E40360): 2
LogDevObjectVersion:   Dev-Networking (A4E4105C-59A1-49B5-A7C5-40C4547EDFEE): 0
LogDevObjectVersion:   Dev-Online (39C831C9-5AE6-47DC-9A44-9C173E1C8E7C): 0
LogDevObjectVersion:   Dev-Physics (78F01B33-EBEA-4F98-B9B4-84EACCB95AA2): 0
LogDevObjectVersion:   Dev-Platform (6631380F-2D4D-43E0-8009-CF276956A95A): 0
LogDevObjectVersion:   Dev-Rendering (12F88B9F-8875-4AFC-A67C-D90C383ABD29): 26
LogDevObjectVersion:   Dev-Sequencer (7B5AE74C-D270-4C10-A958-57980B212A5A): 9
LogDevObjectVersion:   Dev-VR (D7296918-1DD6-4BDD-9DE2-64A83CC13884): 2
LogDevObjectVersion:   Dev-LoadTimes (C2A15278-BFE7-4AFE-6C17-90FF531DF755): 1
LogDevObjectVersion:   Private-Geometry (6EACA3D4-40EC-4CC1-B786-8BED09428FC5): 3
LogDevObjectVersion:   Dev-AnimPhys (29E575DD-E0A3-4627-9D10-D276232CDCEA): 17
LogDevObjectVersion:   Dev-ReflectionCapture (6B266CEC-1EC7-4B8F-A30B-E4D90942FC07): 1
LogDevObjectVersion:   Dev-Automation (0DF73D61-A23F-47EA-B727-89E90C41499A): 1
LogDevObjectVersion:   FortniteMain (601D1886-AC64-4F84-AA16-D3DE0DEAC7D6): 12
LogDevObjectVersion:   Dev-Enterprise (9DFFBCD6-494F-0158-E221-12823C92A888): 1
LogStreaming: Display: Took  0.003s to delete old logs.
LogInit: Presizing for max 8388607 objects, including 0 objects not considered by GC, pre-allocating 0 bytes for permanent pool.
LogInit: Object subsystem initialized
[2018.10.23-17.51.41:119][  0]LogInit: Selected Device Profile: [Windows]
[2018.10.23-17.51.41:119][  0]LogInit: Applying CVar settings loaded from the selected device profile: [Windows]
[2018.10.23-17.51.41:146][  0]LogHAL: Display: Platform has ~ 32 GB [34044518400 / 34359738368 / 32], which maps to Largest [LargestMinGB=32, LargerMinGB=12, DefaultMinGB=8, SmallerMinGB=6, SmallestMinGB=0)
[2018.10.23-17.51.41:146][  0]LogInit: Setting Device Profile CVar: [[r.Vulkan.UseRealUBs:1]]
[2018.10.23-17.51.41:146][  0]LogInit: Going up to parent DeviceProfile []
[2018.10.23-17.51.41:147][  0]LogInit: Computer: BIT133-002
[2018.10.23-17.51.41:147][  0]LogInit: User: dtconcha
[2018.10.23-17.51.41:147][  0]LogInit: CPU Page size=4096, Cores=8
[2018.10.23-17.51.41:147][  0]LogInit: High frequency timer resolution =1.753692 MHz
[2018.10.23-17.51.41:148][  0]LogMemory: Memory total: Physical=31.7GB (32GB approx)
[2018.10.23-17.51.41:148][  0]LogMemory: Platform Memory Stats for Windows
[2018.10.23-17.51.41:148][  0]LogMemory: Process Physical Memory: 101.01 MB used, 101.01 MB peak
[2018.10.23-17.51.41:148][  0]LogMemory: Process Virtual Memory: 92.68 MB used, 92.68 MB peak
[2018.10.23-17.51.41:148][  0]LogMemory: Physical Memory: 9099.63 MB used,  23367.76 MB free, 32467.38 MB total
[2018.10.23-17.51.41:148][  0]LogMemory: Virtual Memory: 4674.79 MB used,  23367.76 MB free, 134217728.00 MB total
[2018.10.23-17.51.41:175][  0]LogInit: Using OS detected language (en-US).
[2018.10.23-17.51.41:175][  0]LogInit: Using OS detected locale (en-US).
[2018.10.23-17.51.41:176][  0]LogTextLocalizationManager: No specific localization for 'en-US' exists, so the 'en' localization will be used.
[2018.10.23-17.51.41:807][  0]LogStreaming: Display: Took  0.632s to InitEngineTextLocalization.
[2018.10.23-17.51.41:807][  0]LogInit: Setting process to per monitor DPI aware
[2018.10.23-17.51.41:894][  0]LogSlate: New Slate User Created.  User Index 0, Is Virtual User: 0
[2018.10.23-17.51.41:894][  0]LogSlate: Slate User Registered.  User Index 0, Is Virtual User: 0
[2018.10.23-17.51.42:221][  0]LogHMD: Failed to initialize OpenVR with code 110
[2018.10.23-17.51.42:221][  0]LogD3D11RHI: D3D11 adapters:
[2018.10.23-17.51.42:336][  0]LogD3D11RHI:    0. 'NVIDIA Quadro P4000' (Feature Level 11_0)
[2018.10.23-17.51.42:336][  0]LogD3D11RHI:       8090/0/16233 MB DedicatedVideo/DedicatedSystem/SharedSystem, Outputs:2, VendorId:0x10de
[2018.10.23-17.51.42:340][  0]LogD3D11RHI:    1. 'Microsoft Basic Render Driver' (Feature Level 11_0)
[2018.10.23-17.51.42:340][  0]LogD3D11RHI:       0/0/16233 MB DedicatedVideo/DedicatedSystem/SharedSystem, Outputs:0, VendorId:0x1414
[2018.10.23-17.51.42:340][  0]LogD3D11RHI: Chosen D3D11 Adapter: 0
[2018.10.23-17.51.42:352][  0]LogD3D11RHI: Creating new Direct3DDevice
[2018.10.23-17.51.42:352][  0]LogD3D11RHI:     GPU DeviceId: 0x1bb1 (for the marketing name, search the web for "GPU Device Id")
[2018.10.23-17.51.42:352][  0]LogWindows: EnumDisplayDevices:
[2018.10.23-17.51.42:353][  0]LogWindows:    0. 'NVIDIA Quadro P4000' (P:1 D:1)
[2018.10.23-17.51.42:353][  0]LogWindows:    1. 'NVIDIA Quadro P4000' (P:0 D:1)
[2018.10.23-17.51.42:353][  0]LogWindows:    2. 'NVIDIA Quadro P4000' (P:0 D:0)
[2018.10.23-17.51.42:354][  0]LogWindows:    3. 'NVIDIA Quadro P4000' (P:0 D:0)
[2018.10.23-17.51.42:354][  0]LogWindows: DebugString: FoundDriverCount:4 
[2018.10.23-17.51.42:354][  0]LogD3D11RHI:     Adapter Name: NVIDIA Quadro P4000
[2018.10.23-17.51.42:354][  0]LogD3D11RHI:   Driver Version: 391.74 (internal:23.21.13.9174, unified:391.74)
[2018.10.23-17.51.42:355][  0]LogD3D11RHI:      Driver Date: 6-4-2018
[2018.10.23-17.51.42:355][  0]LogRHI: Texture pool is 5663 MB (70% of 8090 MB)
[2018.10.23-17.51.42:430][  0]LogD3D11RHI: Async texture creation enabled
[2018.10.23-17.51.42:449][  0]LogD3D11RHI: GPU Timing Frequency: 1000.000000 (Debug: 2 2)
[2018.10.23-17.51.42:456][  0]LogShaderCompilers: Guid format shader working directory is -7 characters bigger than the processId version (F:/Users/dtconcha/Documents/GitHub/gift/Builds/GiftGame/Intermediate/Shaders/WorkingDirectory/14172/).
[2018.10.23-17.51.42:456][  0]LogShaderCompilers: Cleaned the shader compiler working directory 'F:/Users/dtconcha/AppData/Local/Temp/UnrealShaderWorkingDir/929A97D14F8735FDEFE33FBC35F3BDF6/'.
[2018.10.23-17.51.43:057][  0]LogTemp: Display: Loaded TP AllDesktopTargetPlatform
[2018.10.23-17.51.43:079][  0]LogTemp: Display: Loaded TP MacClientTargetPlatform
[2018.10.23-17.51.43:100][  0]LogTemp: Display: Loaded TP MacNoEditorTargetPlatform
[2018.10.23-17.51.43:120][  0]LogTemp: Display: Loaded TP MacServerTargetPlatform
[2018.10.23-17.51.43:140][  0]LogTemp: Display: Loaded TP MacTargetPlatform
[2018.10.23-17.51.43:161][  0]LogTemp: Display: Loaded TP WindowsClientTargetPlatform
[2018.10.23-17.51.43:180][  0]LogTemp: Display: Loaded TP WindowsNoEditorTargetPlatform
[2018.10.23-17.51.43:200][  0]LogTemp: Display: Loaded TP WindowsServerTargetPlatform
[2018.10.23-17.51.43:212][  0]LogTemp: Display: Loaded TP WindowsTargetPlatform
[2018.10.23-17.51.43:351][  0]LogTemp: Display: Loaded TP AndroidTargetPlatform
[2018.10.23-17.51.43:351][  0]LogTemp: Display: Loaded TP AndroidTargetPlatform
[2018.10.23-17.51.43:351][  0]LogTemp: Display: Loaded TP AndroidTargetPlatform
[2018.10.23-17.51.43:351][  0]LogTemp: Display: Loaded TP AndroidTargetPlatform
[2018.10.23-17.51.43:351][  0]LogTemp: Display: Loaded TP AndroidTargetPlatform
[2018.10.23-17.51.43:351][  0]LogTemp: Display: Loaded TP AndroidTargetPlatform
[2018.10.23-17.51.43:351][  0]LogTemp: Display: Loaded TP AndroidTargetPlatform
[2018.10.23-17.51.43:351][  0]LogTemp: Display: Loaded TP AndroidTargetPlatform
[2018.10.23-17.51.43:351][  0]LogTemp: Display: Loaded TP AndroidTargetPlatform
[2018.10.23-17.51.43:351][  0]LogTemp: Display: Loaded TP AndroidTargetPlatform
[2018.10.23-17.51.43:351][  0]LogTemp: Display: Loaded TP AndroidTargetPlatform
[2018.10.23-17.51.43:351][  0]LogTemp: Display: Loaded TP AndroidTargetPlatform
[2018.10.23-17.51.43:351][  0]LogTemp: Display: Loaded TP AndroidTargetPlatform
[2018.10.23-17.51.43:351][  0]LogTemp: Display: Loaded TP AndroidTargetPlatform
[2018.10.23-17.51.43:351][  0]LogTemp: Display: Loaded TP AndroidTargetPlatform
[2018.10.23-17.51.43:351][  0]LogTemp: Display: Loaded TP AndroidTargetPlatform
[2018.10.23-17.51.43:351][  0]LogTemp: Display: Loaded TP AndroidTargetPlatform
[2018.10.23-17.51.43:351][  0]LogTemp: Display: Loaded TP AndroidTargetPlatform
[2018.10.23-17.51.43:353][  0]LogTemp: Display: Loaded TP HTML5TargetPlatform
[2018.10.23-17.51.43:445][  0]LogTemp: Display: Loaded TP IOSTargetPlatform
[2018.10.23-17.51.43:445][  0]LogTemp: Display: Loaded TP IOSTargetPlatform
[2018.10.23-17.51.43:480][  0]LogTemp: Display: Loaded TP TVOSTargetPlatform
[2018.10.23-17.51.43:480][  0]LogTemp: Display: Loaded TP TVOSTargetPlatform
[2018.10.23-17.51.43:512][  0]LogTemp: Display: Loaded TP LinuxClientTargetPlatform
[2018.10.23-17.51.43:535][  0]LogTemp: Display: Loaded TP LinuxNoEditorTargetPlatform
[2018.10.23-17.51.43:553][  0]LogTemp: Display: Loaded TP LinuxServerTargetPlatform
[2018.10.23-17.51.43:573][  0]LogTemp: Display: Loaded TP LinuxTargetPlatform
[2018.10.23-17.51.43:586][  0]LogTemp: Display: Loaded TP LuminTargetPlatform
[2018.10.23-17.51.43:586][  0]LogTargetPlatformManager: Display: Building Assets For Windows
[2018.10.23-17.51.43:686][  0]LogXGEController: Cannot use XGE Controller as Incredibuild is not installed on this machine.
[2018.10.23-17.51.43:686][  0]LogShaderCompilers: Cannot use XGE Shader Compiler as Incredibuild is not installed on this machine.
[2018.10.23-17.51.43:686][  0]LogShaderCompilers: Display: Using Local Shader Compiler.
[2018.10.23-17.51.44:892][  0]LogDerivedDataCache: Display: Max Cache Size: 512 MB
[2018.10.23-17.51.44:976][  0]LogDerivedDataCache: Loaded boot cache 0.08s 71MB F:/Users/dtconcha/AppData/Local/UnrealEngine/4.20/DerivedDataCache/Boot.ddc.
[2018.10.23-17.51.44:977][  0]LogDerivedDataCache: Display: Loaded Boot cache: F:/Users/dtconcha/AppData/Local/UnrealEngine/4.20/DerivedDataCache/Boot.ddc
[2018.10.23-17.51.44:977][  0]LogDerivedDataCache: FDerivedDataBackendGraph:  Pak pak cache file F:/Users/dtconcha/Documents/GitHub/gift/Builds/GiftGame/DerivedDataCache/DDC.ddp not found, will not use a pak cache.
[2018.10.23-17.51.44:977][  0]LogDerivedDataCache: Unable to find inner node Pak for hierarchical cache Hierarchy.
[2018.10.23-17.51.44:977][  0]LogDerivedDataCache: FDerivedDataBackendGraph:  CompressedPak pak cache file F:/Users/dtconcha/Documents/GitHub/gift/Builds/GiftGame/DerivedDataCache/Compressed.ddp not found, will not use a pak cache.
[2018.10.23-17.51.44:977][  0]LogDerivedDataCache: Unable to find inner node CompressedPak for hierarchical cache Hierarchy.
[2018.10.23-17.51.44:997][  0]LogDerivedDataCache: Display: Pak cache opened for reading ../../../Engine/DerivedDataCache/Compressed.ddp.
[2018.10.23-17.51.45:010][  0]LogDerivedDataCache: Using Local data cache path F:/Users/dtconcha/AppData/Local/UnrealEngine/Common/DerivedDataCache: Writable
[2018.10.23-17.51.45:010][  0]LogDerivedDataCache: Shared data cache path not found in *engine.ini, will not use an Shared cache.
[2018.10.23-17.51.45:010][  0]LogDerivedDataCache: Unable to find inner node Shared for hierarchical cache Hierarchy.
[2018.10.23-17.51.45:058][  0]LogMaterial: Verifying Global Shaders for PCD3D_SM5
[2018.10.23-17.51.45:060][  0]LogSlate: Using FreeType 2.6.0
[2018.10.23-17.51.45:061][  0]LogSlate: SlateFontServices - WITH_FREETYPE: 1, WITH_HARFBUZZ: 1
[2018.10.23-17.51.45:156][  0]LogAssetRegistry: FAssetRegistry took 0.0293 seconds to start up
[2018.10.23-17.51.45:719][  0]LogInit: Selected Device Profile: [Windows]
[2018.10.23-17.51.45:959][  0]LogSimplygon: Simplygon DLL not present - disabling.
[2018.10.23-17.51.45:964][  0]LogMeshReduction: Using SimplygonSwarm for distributed automatic mesh merging
[2018.10.23-17.51.45:964][  0]LogMeshReduction: Using ProxyLODMeshReduction for automatic mesh merging
[2018.10.23-17.51.45:964][  0]LogMeshReduction: Using QuadricMeshReduction for automatic static mesh reduction
[2018.10.23-17.51.45:964][  0]LogMeshReduction: No automatic skeletal mesh reduction module available
[2018.10.23-17.51.46:025][  0]LogNetVersion: GiftGame 1.0.0, NetCL: 4212847, EngineNetVer: 5, GameNetVer: 0 (Checksum: 3731779599)
[2018.10.23-17.51.46:985][  0]LogPackageLocalizationCache: Processed 11 localized package path(s) for 2 prioritized culture(s) in 0.206355 seconds
[2018.10.23-17.51.47:000][  0]LogUObjectArray: 38425 objects as part of root set at end of initial load.
[2018.10.23-17.51.47:000][  0]LogUObjectAllocator: 6690864 out of 0 bytes used by permanent object pool.
[2018.10.23-17.51.47:000][  0]LogUObjectArray: CloseDisregardForGC: 0/0 objects in disregard for GC pool
[2018.10.23-17.51.48:077][  0]LogMaterial: Display: Missing cached shader map for material DefaultSpriteMaterial, compiling. 
[2018.10.23-17.51.48:078][  0]LogMaterial: Warning: C:\Program Files\Epic Games\UE_4.20\Engine\Plugins\2D\Paper2D\Content\DefaultSpriteMaterial.uasset: Failed to compile Material for platform PCD3D_SM5, Default Material will be used in game.
[2018.10.23-17.51.48:078][  0]LogMaterial: 	(Node SpriteTextureSampler) Paper2D Sprite> Requires Texture2D
[2018.10.23-17.51.48:083][  0]LogMaterial: Display: Missing cached shader map for material DefaultSpriteMaterial, compiling. 
[2018.10.23-17.51.48:084][  0]LogMaterial: Warning: C:\Program Files\Epic Games\UE_4.20\Engine\Plugins\2D\Paper2D\Content\OpaqueUnlitSpriteMaterial.uasset: Failed to compile Material Instance with Base DefaultSpriteMaterial for platform PCD3D_SM5, Default Material will be used in game.
[2018.10.23-17.51.48:084][  0]LogMaterial: 	(Node SpriteTextureSampler) Paper2D Sprite> Requires Texture2D
[2018.10.23-17.51.48:325][  0]LogTcpMessaging: Initializing TcpMessaging bridge
[2018.10.23-17.51.48:339][  0]LogUdpMessaging: Initializing bridge on interface 0.0.0.0:0 to multicast group 230.0.0.1:6666.
[2018.10.23-17.51.48:549][  0]SourceControl: Source control is disabled
[2018.10.23-17.51.48:549][  0]SourceControl: Source control is disabled
[2018.10.23-17.51.48:551][  0]SourceControl: Source control is disabled
[2018.10.23-17.51.48:552][  0]SourceControl: Source control is disabled
[2018.10.23-17.51.48:769][  0]LogAndroidPermission: UAndroidPermissionCallbackProxy::GetInstance
[2018.10.23-17.51.48:889][  0]LogOcInput: OculusInput pre-init called
[2018.10.23-17.51.48:985][  0]LogEngine: Initializing Engine...
[2018.10.23-17.51.48:987][  0]LogHMD: Failed to initialize OpenVR with code 110
[2018.10.23-17.51.48:988][  0]LogStats: UGameplayTagsManager::ConstructGameplayTagTree: ImportINI prefixes -  0.000 s
[2018.10.23-17.51.48:988][  0]LogStats: UGameplayTagsManager::ConstructGameplayTagTree: Construct from data asset -  0.000 s
[2018.10.23-17.51.48:989][  0]LogStats: UGameplayTagsManager::ConstructGameplayTagTree: ImportINI -  0.000 s
[2018.10.23-17.51.48:989][  0]LogStats: UGameplayTagsManager::ConstructGameplayTagTree: GameplayTagTreeChangedEvent.Broadcast -  0.000 s
[2018.10.23-17.51.49:316][  0]LogInit: Initializing FReadOnlyCVARCache
[2018.10.23-17.51.49:337][  0]LogAIModule: Creating AISystem for world Untitled
[2018.10.23-17.51.49:549][  0]LogInit: XAudio2 using 'Realtek HD Audio 2nd output (Realtek High Definition Audio)' : 2 channels at 48 kHz using 32 bits per sample (channel mask 0x3)
[2018.10.23-17.51.49:594][  0]LogInit: FAudioDevice initialized.
[2018.10.23-17.51.49:594][  0]LogNetVersion: Set ProjectVersion to 1.0.0.0. Version Checksum will be recalculated on next use.
[2018.10.23-17.51.49:701][  0]LogDerivedDataCache: Saved boot cache 0.11s 71MB F:/Users/dtconcha/AppData/Local/UnrealEngine/4.20/DerivedDataCache/Boot.ddc.
[2018.10.23-17.51.49:713][  0]LogInit: Texture streaming: Enabled
[2018.10.23-17.51.49:757][  0]LogEngineSessionManager: EngineSessionManager initialized
[2018.10.23-17.51.49:792][  0]LogInit: Transaction tracking system initialized
[2018.10.23-17.51.49:867][  0]BlueprintLog: New page: Editor Load
[2018.10.23-17.51.50:140][  0]LocalizationService: Localization service is disabled
[2018.10.23-17.51.50:620][  0]LogCook: Display: Max memory allowance for cook 16384mb min free memory 0mb
[2018.10.23-17.51.50:620][  0]LogCook: Display: Mobile HDR setting 1
[2018.10.23-17.51.50:620][  0]LogGameplayTags: Display: UGameplayTagsManager::DoneAddingNativeTags. DelegateIsBound: 0
[2018.10.23-17.51.50:620][  0]LogStats: UGameplayTagsManager::ConstructGameplayTagTree: ImportINI prefixes -  0.000 s
[2018.10.23-17.51.50:620][  0]LogStats: UGameplayTagsManager::ConstructGameplayTagTree: Construct from data asset -  0.000 s
[2018.10.23-17.51.50:620][  0]LogStats: UGameplayTagsManager::ConstructGameplayTagTree: ImportINI -  0.000 s
[2018.10.23-17.51.50:620][  0]LogStats: UGameplayTagsManager::ConstructGameplayTagTree: GameplayTagTreeChangedEvent.Broadcast -  0.000 s
[2018.10.23-17.51.50:802][  0]LogFileCache: Scanning file cache for directory 'F:/Users/dtconcha/Documents/GitHub/gift/Builds/GiftGame/Content/' took 0.01s
[2018.10.23-17.51.50:802][  0]SourceControl: Source control is disabled
[2018.10.23-17.51.50:953][  0]LogWindowsTextInputMethodSystem: Display: IME system now deactivated.
[2018.10.23-17.51.50:956][  0]LogSlate: Took 0.000290 seconds to synchronously load lazily loaded font '../../../Engine/Content/Slate/Fonts/Roboto-Regular.ttf' (155K)
[2018.10.23-17.51.55:463][  0]LogSlate: Window 'Restore Packages' being destroyed
[2018.10.23-17.51.55:464][  0]LogWindowsTextInputMethodSystem: Display: IME system now deactivated.
[2018.10.23-17.51.55:467][  0]LogWindowsTextInputMethodSystem: Display: IME system now deactivated.
[2018.10.23-17.51.55:474][  0]Cmd: MAP LOAD FILE="../../../Engine/Content/Maps/Templates/Template_Default.umap" TEMPLATE=1 SHOWPROGRESS=1 FEATURELEVEL=3
[2018.10.23-17.51.55:475][  0]LightingResults: New page: Lighting Build
[2018.10.23-17.51.55:480][  0]MapCheck: New page: Map Check
[2018.10.23-17.51.55:480][  0]LightingResults: New page: Lighting Build
[2018.10.23-17.51.55:834][  0]LogAIModule: Creating AISystem for world Untitled_1
[2018.10.23-17.51.55:844][  0]LogEditorServer: Finished looking for orphan Actors (0.000 secs)
[2018.10.23-17.51.55:901][  0]Cmd: MAP CHECKDEP NOCLEARLOG
[2018.10.23-17.51.55:995][  0]MapCheck: Map check complete: 0 Error(s), 0 Warning(s), took 94.411ms to complete.
[2018.10.23-17.51.55:995][  0]LogFileHelpers: Loading map 'Template_Default' took 0.521
[2018.10.23-17.51.56:278][  0]LogSlate: Updating window title bar state: overlay mode, drag disabled, window buttons hidden, title bar hidden
[2018.10.23-17.51.56:295][  0]LogSlate: Updating window title bar state: overlay mode, drag disabled, window buttons hidden, title bar hidden
[2018.10.23-17.51.56:305][  0]LogSlate: Updating window title bar state: overlay mode, drag disabled, window buttons hidden, title bar hidden
[2018.10.23-17.51.56:315][  0]LogSlate: Updating window title bar state: overlay mode, drag disabled, window buttons hidden, title bar hidden
[2018.10.23-17.51.56:328][  0]LogCollectionManager: Loaded 0 collections in 0.006059 seconds
[2018.10.23-17.51.56:406][  0]LogFileCache: Scanning file cache for directory 'F:/Users/dtconcha/Documents/GitHub/gift/Builds/GiftGame/Saved/Collections/' took 0.01s
[2018.10.23-17.51.56:406][  0]LogFileCache: Scanning file cache for directory 'F:/Users/dtconcha/Documents/GitHub/gift/Builds/GiftGame/Content/Developers/dtconcha/Collections/' took 0.01s
[2018.10.23-17.51.56:406][  0]LogFileCache: Scanning file cache for directory 'F:/Users/dtconcha/Documents/GitHub/gift/Builds/GiftGame/Content/Collections/' took 0.01s
[2018.10.23-17.51.56:406][  0]LogCollectionManager: Rebuilt the GUID cache for 0 collections in 0.000001 seconds
[2018.10.23-17.51.56:420][  0]LogContentBrowser: Native class hierarchy populated in 0.0140 seconds. Added 2572 classes and 603 folders.
[2018.10.23-17.51.56:429][  0]LogContentBrowser: Native class hierarchy updated for 'WidgetCarousel' in 0.0003 seconds. Added 0 classes and 0 folders.
[2018.10.23-17.51.56:534][  0]LogContentBrowser: Native class hierarchy updated for 'AddContentDialog' in 0.0004 seconds. Added 0 classes and 0 folders.
[2018.10.23-17.51.56:540][  0]LogContentBrowser: Native class hierarchy updated for 'SceneOutliner' in 0.0004 seconds. Added 1 classes and 2 folders.
[2018.10.23-17.51.56:626][  0]LogSlate: Took 0.000547 seconds to synchronously load lazily loaded font '../../../Engine/Content/Slate/Fonts/Roboto-Bold.ttf' (160K)
[2018.10.23-17.51.56:641][  0]LogSlate: Took 0.000752 seconds to synchronously load lazily loaded font '../../../Engine/Content/Editor/Slate/Fonts/FontAwesome.ttf' (139K)
[2018.10.23-17.51.56:765][  0]LogRenderer: Reallocating scene render targets to support 1208x576 Format 10 NumSamples 1 (Frame:1).
[2018.10.23-17.51.56:939][  0]LogContentBrowser: Native class hierarchy updated for 'HierarchicalLODOutliner' in 0.0007 seconds. Added 0 classes and 0 folders.
[2018.10.23-17.51.56:939][  0]LogLoad: (Engine Initialization) Total time: 18.96 seconds
[2018.10.23-17.51.56:939][  0]LogLoad: (Engine Initialization) Total Blueprint compile time: 0.00 seconds
[2018.10.23-17.51.56:977][  0]LogContentStreaming: Texture pool size now 1000 MB
[2018.10.23-17.51.57:018][  1]LogAssetRegistry: Asset discovery search completed in 11.8852 seconds
[2018.10.23-17.51.57:020][  1]LogCollectionManager: Rebuilt the object cache for 0 collections in 0.000001 seconds (found 0 objects)
[2018.10.23-17.51.57:020][  1]LogCollectionManager: Fixed up redirectors for 0 collections in 0.000074 seconds (updated 0 objects)
[2018.10.23-17.51.58:123][109]LogSlate: FSceneViewport::OnFocusLost() reason 0
[2018.10.23-17.51.58:381][120]LogSlate: Window 'GiftGame - Unreal Editor' being destroyed
[2018.10.23-17.51.58:407][120]LogWindowsTextInputMethodSystem: Display: IME system now deactivated.
[2018.10.23-17.51.58:412][120]LogWindowsTextInputMethodSystem: Display: IME system now deactivated.
[2018.10.23-17.51.58:652][121]Cmd: QUIT_EDITOR
[2018.10.23-17.51.58:697][121]LogExit: Preparing to exit.
[2018.10.23-17.51.59:557][121]LogExit: Editor shut down
[2018.10.23-17.51.59:558][121]LogExit: Transaction tracking system shut down
[2018.10.23-17.52.00:377][121]LogExit: Object subsystem successfully closed.
[2018.10.23-17.52.00:435][121]LogShaderCompilers: Display: Shaders left to compile 0
[2018.10.23-17.52.00:443][121]LogD3D11RHI: Shutdown
[2018.10.23-17.52.00:443][121]LogD3D11RHI: CleanupD3DDevice
[2018.10.23-17.52.00:448][121]LogD3D11RHI: ~FD3D11DynamicRHI
[2018.10.23-17.52.00:519][121]LogModuleManager: Shutting down and abandoning module HierarchicalLODOutliner (613)
[2018.10.23-17.52.00:519][121]LogModuleManager: Shutting down and abandoning module SceneOutliner (611)
[2018.10.23-17.52.00:519][121]LogModuleManager: Shutting down and abandoning module AddContentDialog (609)
[2018.10.23-17.52.00:520][121]LogModuleManager: Shutting down and abandoning module WidgetCarousel (608)
[2018.10.23-17.52.00:520][121]LogModuleManager: Shutting down and abandoning module EditorWidgets (605)
[2018.10.23-17.52.00:520][121]LogModuleManager: Shutting down and abandoning module CollectionManager (603)
[2018.10.23-17.52.00:521][121]LogModuleManager: Shutting down and abandoning module HierarchicalLODUtilities (601)
[2018.10.23-17.52.00:521][121]LogModuleManager: Shutting down and abandoning module StatsViewer (599)
[2018.10.23-17.52.00:521][121]LogModuleManager: Shutting down and abandoning module FoliageEdit (597)
[2018.10.23-17.52.00:521][121]LogModuleManager: Shutting down and abandoning module LandscapeEditor (595)
[2018.10.23-17.52.00:522][121]LogModuleManager: Shutting down and abandoning module MeshPaintMode (593)
[2018.10.23-17.52.00:522][121]LogModuleManager: Shutting down and abandoning module SceneDepthPickerMode (591)
[2018.10.23-17.52.00:522][121]LogModuleManager: Shutting down and abandoning module ActorPickerMode (589)
[2018.10.23-17.52.00:522][121]LogModuleManager: Shutting down and abandoning module GeometryMode (587)
[2018.10.23-17.52.00:522][121]LogModuleManager: Shutting down and abandoning module TextureAlignMode (585)
[2018.10.23-17.52.00:522][121]LogModuleManager: Shutting down and abandoning module BspMode (583)
[2018.10.23-17.52.00:522][121]LogModuleManager: Shutting down and abandoning module PIEPreviewDeviceProfileSelector (581)
[2018.10.23-17.52.00:522][121]LogModuleManager: Shutting down and abandoning module SequenceRecorderSections (579)
[2018.10.23-17.52.00:522][121]LogModuleManager: Shutting down and abandoning module AutomationWorker (577)
[2018.10.23-17.52.00:522][121]LogModuleManager: Shutting down and abandoning module AudioCaptureEditor (575)
[2018.10.23-17.52.00:522][121]LogModuleManager: Shutting down and abandoning module SequenceRecorder (574)
[2018.10.23-17.52.00:522][121]LogModuleManager: Shutting down and abandoning module MatineeToLevelSequence (571)
[2018.10.23-17.52.00:522][121]LogModuleManager: Shutting down and abandoning module LevelSequenceEditor (569)
[2018.10.23-17.52.00:523][121]LogModuleManager: Shutting down and abandoning module PlacementMode (568)
[2018.10.23-17.52.00:523][121]LogModuleManager: Shutting down and abandoning module MaterialEditor (567)
[2018.10.23-17.52.00:523][121]LogModuleManager: Shutting down and abandoning module WmfMediaFactory (563)
[2018.10.23-17.52.00:523][121]LogModuleManager: Shutting down and abandoning module WmfMediaEditor (561)
[2018.10.23-17.52.00:523][121]LogModuleManager: Shutting down and abandoning module MediaPlayerEditor (559)
[2018.10.23-17.52.00:523][121]LogModuleManager: Shutting down and abandoning module OpenExrWrapper (557)
[2018.10.23-17.52.00:523][121]LogModuleManager: Shutting down and abandoning module ImgMediaFactory (555)
[2018.10.23-17.52.00:523][121]LogModuleManager: Shutting down and abandoning module ImgMediaEditor (553)
[2018.10.23-17.52.00:523][121]LogModuleManager: Shutting down and abandoning module AvfMediaFactory (551)
[2018.10.23-17.52.00:524][121]LogModuleManager: Shutting down and abandoning module AvfMediaEditor (549)
[2018.10.23-17.52.00:524][121]LogModuleManager: Shutting down and abandoning module AndroidMediaFactory (547)
[2018.10.23-17.52.00:524][121]LogModuleManager: Shutting down and abandoning module AndroidMediaEditor (545)
[2018.10.23-17.52.00:524][121]LogModuleManager: Shutting down and abandoning module MagicLeapCameraPreviewFactory (543)
[2018.10.23-17.52.00:524][121]LogModuleManager: Shutting down and abandoning module MagicLeapMediaFactory (541)
[2018.10.23-17.52.00:524][121]LogModuleManager: Shutting down and abandoning module MagicLeapMediaEditor (539)
[2018.10.23-17.52.00:524][121]LogModuleManager: Shutting down and abandoning module CharacterAI (537)
[2018.10.23-17.52.00:524][121]LogModuleManager: Shutting down and abandoning module SmartSnapping (535)
[2018.10.23-17.52.00:524][121]LogModuleManager: Shutting down and abandoning module SessionServices (533)
[2018.10.23-17.52.00:524][121]LogModuleManager: Shutting down and abandoning module ViewportSnapping (531)
[2018.10.23-17.52.00:524][121]LogModuleManager: Shutting down and abandoning module ViewportInteraction (529)
[2018.10.23-17.52.00:524][121]LogModuleManager: Shutting down and abandoning module ClothPainter (527)
[2018.10.23-17.52.00:524][121]LogModuleManager: Shutting down and abandoning module SkeletalMeshEditor (526)
[2018.10.23-17.52.00:524][121]LogModuleManager: Shutting down and abandoning module LogVisualizer (523)
[2018.10.23-17.52.00:525][121]LogModuleManager: Shutting down and abandoning module IntroTutorials (521)
[2018.10.23-17.52.00:525][121]LogModuleManager: Shutting down and abandoning module GameProjectGeneration (520)
[2018.10.23-17.52.00:525][121]LogModuleManager: Shutting down and abandoning module LuminPlatformEditor (517)
[2018.10.23-17.52.00:525][121]LogModuleManager: Shutting down and abandoning module IOSPlatformEditor (515)
[2018.10.23-17.52.00:525][121]LogModuleManager: Shutting down and abandoning module HTML5PlatformEditor (513)
[2018.10.23-17.52.00:525][121]LogModuleManager: Shutting down and abandoning module AndroidPlatformEditor (511)
[2018.10.23-17.52.00:525][121]LogModuleManager: Shutting down and abandoning module AndroidDeviceDetection (510)
[2018.10.23-17.52.01:246][121]LogModuleManager: Shutting down and abandoning module WindowsPlatformEditor (507)
[2018.10.23-17.52.01:246][121]LogModuleManager: Shutting down and abandoning module LuminRuntimeSettings (505)
[2018.10.23-17.52.01:246][121]LogModuleManager: Shutting down and abandoning module IOSRuntimeSettings (503)
[2018.10.23-17.52.01:246][121]LogModuleManager: Shutting down and abandoning module AndroidRuntimeSettings (501)
[2018.10.23-17.52.01:246][121]LogModuleManager: Shutting down and abandoning module InputBindingEditor (499)
[2018.10.23-17.52.01:247][121]LogModuleManager: Shutting down and abandoning module MergeActors (497)
[2018.10.23-17.52.01:247][121]LogModuleManager: Shutting down and abandoning module LocalizationDashboard (495)
[2018.10.23-17.52.01:247][121]LogModuleManager: Shutting down and abandoning module LocalizationService (494)
[2018.10.23-17.52.01:247][121]LogModuleManager: Shutting down and abandoning module HardwareTargeting (491)
[2018.10.23-17.52.01:247][121]LogModuleManager: Shutting down and abandoning module DeviceProfileEditor (489)
[2018.10.23-17.52.01:247][121]LogModuleManager: Shutting down and abandoning module UndoHistory (487)
[2018.10.23-17.52.01:247][121]LogModuleManager: Shutting down and abandoning module XmlParser (485)
[2018.10.23-17.52.01:247][121]LogModuleManager: Shutting down and abandoning module Blutility (483)
[2018.10.23-17.52.01:247][121]LogModuleManager: Shutting down and abandoning module ProjectSettingsViewer (481)
[2018.10.23-17.52.01:247][121]LogModuleManager: Shutting down and abandoning module ProjectTargetPlatformEditor (480)
[2018.10.23-17.52.01:248][121]LogModuleManager: Shutting down and abandoning module EditorSettingsViewer (477)
[2018.10.23-17.52.01:248][121]LogModuleManager: Shutting down and abandoning module SettingsEditor (475)
[2018.10.23-17.52.01:248][121]LogModuleManager: Shutting down and abandoning module ProjectLauncher (473)
[2018.10.23-17.52.01:248][121]LogModuleManager: Shutting down and abandoning module SessionFrontend (471)
[2018.10.23-17.52.01:248][121]LogModuleManager: Shutting down and abandoning module ProfilerClient (469)
[2018.10.23-17.52.01:248][121]LogModuleManager: Shutting down and abandoning module DeviceManager (467)
[2018.10.23-17.52.01:248][121]LogModuleManager: Shutting down and abandoning module TargetDeviceServices (466)
[2018.10.23-17.52.01:315][121]LogModuleManager: Shutting down and abandoning module AutomationController (463)
[2018.10.23-17.52.01:315][121]LogModuleManager: Shutting down and abandoning module AutomationWindow (461)
[2018.10.23-17.52.01:315][121]LogModuleManager: Shutting down and abandoning module Layers (459)
[2018.10.23-17.52.01:315][121]LogModuleManager: Shutting down and abandoning module ComponentVisualizers (457)
[2018.10.23-17.52.01:315][121]LogModuleManager: Shutting down and abandoning module DetailCustomizations (455)
[2018.10.23-17.52.01:316][121]LogModuleManager: Shutting down and abandoning module PackagesDialog (453)
[2018.10.23-17.52.01:316][121]LogModuleManager: Shutting down and abandoning module Persona (451)
[2018.10.23-17.52.01:316][121]LogModuleManager: Shutting down and abandoning module AdvancedPreviewScene (450)
[2018.10.23-17.52.01:316][121]LogModuleManager: Shutting down and abandoning module AnimGraph (448)
[2018.10.23-17.52.01:316][121]LogModuleManager: Shutting down and abandoning module Kismet (445)
[2018.10.23-17.52.01:317][121]LogModuleManager: Shutting down and abandoning module GraphEditor (443)
[2018.10.23-17.52.01:317][121]LogModuleManager: Shutting down and abandoning module ClassViewer (441)
[2018.10.23-17.52.01:317][121]LogModuleManager: Shutting down and abandoning module Toolbox (439)
[2018.10.23-17.52.01:317][121]LogModuleManager: Shutting down and abandoning module ModuleUI (437)
[2018.10.23-17.52.01:317][121]LogModuleManager: Shutting down and abandoning module MovieSceneTools (435)
[2018.10.23-17.52.01:317][121]LogModuleManager: Shutting down and abandoning module OutputLog (433)
[2018.10.23-17.52.01:317][121]LogModuleManager: Shutting down and abandoning module GammaUI (431)
[2018.10.23-17.52.01:317][121]LogModuleManager: Shutting down and abandoning module Documentation (429)
[2018.10.23-17.52.01:317][121]LogModuleManager: Shutting down and abandoning module MovieSceneTracks (427)
[2018.10.23-17.52.01:318][121]LogModuleManager: Shutting down and abandoning module MovieScene (425)
[2018.10.23-17.52.01:318][121]LogModuleManager: Shutting down and abandoning module StreamingPauseRendering (423)
[2018.10.23-17.52.01:318][121]LogModuleManager: Shutting down and abandoning module LauncherPlatform (421)
[2018.10.23-17.52.01:318][121]LogModuleManager: Shutting down and abandoning module AnalyticsET (419)
[2018.10.23-17.52.01:318][121]LogModuleManager: Shutting down and abandoning module PortalServices (417)
[2018.10.23-17.52.01:318][121]LogModuleManager: Shutting down and abandoning module PortalRpc (415)
[2018.10.23-17.52.01:318][121]LogModuleManager: Shutting down and abandoning module MessagingRpc (413)
[2018.10.23-17.52.01:318][121]LogModuleManager: Shutting down and abandoning module AIModule (411)
[2018.10.23-17.52.01:318][121]LogModuleManager: Shutting down and abandoning module GameplayDebugger (410)
[2018.10.23-17.52.01:318][121]LogModuleManager: Shutting down and abandoning module AITestSuite (408)
[2018.10.23-17.52.01:319][121]LogModuleManager: Shutting down and abandoning module NavigationSystem (406)
[2018.10.23-17.52.01:319][121]LogModuleManager: Shutting down and abandoning module DesktopPlatform (403)
[2018.10.23-17.52.01:319][121]LogModuleManager: Shutting down and abandoning module ProfilerService (401)
[2018.10.23-17.52.01:452][121]LogModuleManager: Shutting down and abandoning module TaskGraph (399)
[2018.10.23-17.52.01:452][121]LogModuleManager: Shutting down and abandoning module SteamVRController (397)
[2018.10.23-17.52.01:452][121]LogModuleManager: Shutting down and abandoning module ProceduralMeshComponentEditor (395)
[2018.10.23-17.52.01:453][121]LogModuleManager: Shutting down and abandoning module ProceduralMeshComponent (393)
[2018.10.23-17.52.01:453][121]LogModuleManager: Shutting down and abandoning module OculusInput (391)
[2018.10.23-17.52.01:453][121]LogModuleManager: Shutting down and abandoning module MobilePatchingUtils (389)
[2018.10.23-17.52.01:453][121]LogModuleManager: Shutting down and abandoning module EditableMesh (387)
[2018.10.23-17.52.01:453][121]LogModuleManager: Shutting down and abandoning module CustomMeshComponent (385)
[2018.10.23-17.52.01:453][121]LogModuleManager: Shutting down and abandoning module CableComponent (383)
[2018.10.23-17.52.01:453][121]LogModuleManager: Shutting down and abandoning module AudioCapture (381)
[2018.10.23-17.52.01:453][121]LogModuleManager: Shutting down and abandoning module ArchVisCharacter (379)
[2018.10.23-17.52.01:453][121]LogModuleManager: Shutting down and abandoning module AndroidPermission (377)
[2018.10.23-17.52.01:453][121]LogModuleManager: Shutting down and abandoning module NUTUnrealEngine4 (375)
[2018.10.23-17.52.01:453][121]LogModuleManager: Shutting down and abandoning module NetcodeUnitTest (373)
[2018.10.23-17.52.01:453][121]LogModuleManager: Shutting down and abandoning module MediaCompositingEditor (371)
[2018.10.23-17.52.01:453][121]LogModuleManager: Shutting down and abandoning module MediaCompositing (369)
[2018.10.23-17.52.01:453][121]LogModuleManager: Shutting down and abandoning module LinearTimecode (367)
[2018.10.23-17.52.01:453][121]LogModuleManager: Shutting down and abandoning module ImgMedia (365)
[2018.10.23-17.52.01:465][121]LogModuleManager: Shutting down and abandoning module HTML5Networking (363)
[2018.10.23-17.52.01:465][121]LogModuleManager: Shutting down and abandoning module GeometryCacheTracks (361)
[2018.10.23-17.52.01:465][121]LogModuleManager: Shutting down and abandoning module GeometryCacheSequencer (359)
[2018.10.23-17.52.01:465][121]LogModuleManager: Shutting down and abandoning module BackChannel (357)
[2018.10.23-17.52.01:465][121]LogModuleManager: Shutting down and abandoning module AppleVision (355)
[2018.10.23-17.52.01:465][121]LogModuleManager: Shutting down and abandoning module AppleImageUtils (353)
[2018.10.23-17.52.01:465][121]LogModuleManager: Shutting down and abandoning module AlembicImporter (351)
[2018.10.23-17.52.01:465][121]LogModuleManager: Shutting down and abandoning module AlembicLibrary (350)
[2018.10.23-17.52.01:465][121]LogModuleManager: Shutting down and abandoning module GeometryCache (349)
[2018.10.23-17.52.01:465][121]LogModuleManager: Shutting down and abandoning module GeometryCacheEd (348)
[2018.10.23-17.52.01:465][121]LogModuleManager: Shutting down and abandoning module DatasmithContentEditor (343)
[2018.10.23-17.52.01:465][121]LogModuleManager: Shutting down and abandoning module DatasmithContent (341)
[2018.10.23-17.52.01:467][121]LogModuleManager: Shutting down and abandoning module SpeedTreeImporter (339)
[2018.10.23-17.52.01:467][121]LogModuleManager: Shutting down and abandoning module PluginBrowser (337)
[2018.10.23-17.52.01:467][121]LogModuleManager: Shutting down and abandoning module MobileLauncherProfileWizard (335)
[2018.10.23-17.52.01:467][121]LogModuleManager: Shutting down and abandoning module PolygonModeling (333)
[2018.10.23-17.52.01:467][121]LogModuleManager: Shutting down and abandoning module MeshEditor (331)
[2018.10.23-17.52.01:467][121]LogModuleManager: Shutting down and abandoning module CryptoKeysOpenSSL (329)
[2018.10.23-17.52.01:467][121]LogModuleManager: Shutting down and abandoning module CryptoKeys (327)
[2018.10.23-17.52.01:467][121]LogModuleManager: Shutting down and abandoning module VisualStudioSourceCodeAccess (325)
[2018.10.23-17.52.01:468][121]LogModuleManager: Shutting down and abandoning module VisualStudioCodeSourceCodeAccess (323)
[2018.10.23-17.52.01:468][121]LogModuleManager: Shutting down and abandoning module UObjectPlugin (321)
[2018.10.23-17.52.01:468][121]LogModuleManager: Shutting down and abandoning module SubversionSourceControl (319)
[2018.10.23-17.52.01:468][121]LogModuleManager: Shutting down and abandoning module PerforceSourceControl (317)
[2018.10.23-17.52.01:468][121]LogModuleManager: Shutting down and abandoning module GitSourceControl (315)
[2018.10.23-17.52.01:468][121]LogModuleManager: Shutting down and abandoning module SourceControl (314)
[2018.10.23-17.52.01:468][121]LogModuleManager: Shutting down and abandoning module CLionSourceCodeAccess (311)
[2018.10.23-17.52.01:469][121]LogModuleManager: Shutting down and abandoning module LightPropagationVolumeEditor (309)
[2018.10.23-17.52.01:469][121]LogModuleManager: Shutting down and abandoning module PaperTiledImporter (307)
[2018.10.23-17.52.01:469][121]LogModuleManager: Shutting down and abandoning module PaperSpriteSheetImporter (305)
[2018.10.23-17.52.01:469][121]LogModuleManager: Shutting down and abandoning module Paper2DEditor (303)
[2018.10.23-17.52.01:469][121]LogModuleManager: Shutting down and abandoning module MeshPaint (302)
[2018.10.23-17.52.01:469][121]LogModuleManager: Shutting down and abandoning module RuntimePhysXCooking (299)
[2018.10.23-17.52.01:469][121]LogModuleManager: Shutting down and abandoning module PhysXVehiclesEditor (297)
[2018.10.23-17.52.01:469][121]LogModuleManager: Shutting down and abandoning module PhysXVehicles (295)
[2018.10.23-17.52.01:469][121]LogModuleManager: Shutting down and abandoning module OculusEditor (293)
[2018.10.23-17.52.01:469][121]LogModuleManager: Shutting down and abandoning module LocationServicesBPLibrary (291)
[2018.10.23-17.52.01:469][121]LogModuleManager: Shutting down and abandoning module ImmediatePhysicsEditor (289)
[2018.10.23-17.52.01:469][121]LogModuleManager: Shutting down and abandoning module ImmediatePhysics (287)
[2018.10.23-17.52.01:470][121]LogModuleManager: Shutting down and abandoning module ActorSequence (285)
[2018.10.23-17.52.01:470][121]LogModuleManager: Shutting down and abandoning module UdpMessaging (283)
[2018.10.23-17.52.01:571][121]LogModuleManager: Shutting down and abandoning module TcpMessaging (281)
[2018.10.23-17.52.01:671][121]LogModuleManager: Shutting down and abandoning module MagicLeapAudio (279)
[2018.10.23-17.52.01:671][121]LogModuleManager: Shutting down and abandoning module GameplayTagsEditor (277)
[2018.10.23-17.52.01:671][121]LogModuleManager: Shutting down and abandoning module FacialAnimationEditor (275)
[2018.10.23-17.52.01:671][121]LogModuleManager: Shutting down and abandoning module FacialAnimation (273)
[2018.10.23-17.52.01:671][121]LogModuleManager: Shutting down and abandoning module DataValidation (271)
[2018.10.23-17.52.01:671][121]LogModuleManager: Shutting down and abandoning module AssetManagerEditor (269)
[2018.10.23-17.52.01:671][121]LogModuleManager: Shutting down and abandoning module LevelEditor (268)
[2018.10.23-17.52.01:673][121]LogModuleManager: Shutting down and abandoning module PixelInspectorModule (267)
[2018.10.23-17.52.01:673][121]LogModuleManager: Shutting down and abandoning module CommonMenuExtensions (265)
[2018.10.23-17.52.01:674][121]LogModuleManager: Shutting down and abandoning module MainFrame (263)
[2018.10.23-17.52.01:674][121]LogModuleManager: Shutting down and abandoning module HotReload (262)
[2018.10.23-17.52.01:675][121]LogModuleManager: Shutting down and abandoning module ContentBrowser (258)
[2018.10.23-17.52.01:678][121]LogModuleManager: Shutting down and abandoning module TreeMap (256)
[2018.10.23-17.52.01:678][121]LogModuleManager: Shutting down and abandoning module LightPropagationVolumeRuntime (253)
[2018.10.23-17.52.01:678][121]LogModuleManager: Shutting down and abandoning module AISupportModule (251)
[2018.10.23-17.52.01:678][121]LogModuleManager: Shutting down and abandoning module Paper2D (249)
[2018.10.23-17.52.01:678][121]LogModuleManager: Shutting down and abandoning module WindowsMoviePlayer (247)
[2018.10.23-17.52.01:678][121]LogModuleManager: Shutting down and abandoning module WmfMedia (245)
[2018.10.23-17.52.01:682][121]LogModuleManager: Shutting down and abandoning module Media (244)
[2018.10.23-17.52.01:689][121]LogModuleManager: Shutting down and abandoning module PacketHandler (241)
[2018.10.23-17.52.01:689][121]LogModuleManager: Shutting down and abandoning module ClothingSystemEditor (239)
[2018.10.23-17.52.01:689][121]LogModuleManager: Shutting down and abandoning module ClothingSystemRuntime (237)
[2018.10.23-17.52.01:689][121]LogModuleManager: Shutting down and abandoning module MediaAssets (235)
[2018.10.23-17.52.01:689][121]LogModuleManager: Shutting down and abandoning module Overlay (233)
[2018.10.23-17.52.01:689][121]LogModuleManager: Shutting down and abandoning module OverlayEditor (232)
[2018.10.23-17.52.01:689][121]LogModuleManager: Shutting down and abandoning module VREditor (229)
[2018.10.23-17.52.01:689][121]LogModuleManager: Shutting down and abandoning module StringTableEditor (227)
[2018.10.23-17.52.01:690][121]LogModuleManager: Shutting down and abandoning module GameplayTasksEditor (225)
[2018.10.23-17.52.01:690][121]LogModuleManager: Shutting down and abandoning module BehaviorTreeEditor (223)
[2018.10.23-17.52.01:690][121]LogModuleManager: Shutting down and abandoning module FunctionalTesting (221)
[2018.10.23-17.52.01:690][121]LogModuleManager: Shutting down and abandoning module CollisionAnalyzer (219)
[2018.10.23-17.52.01:690][121]LogModuleManager: Shutting down and abandoning module WorkspaceMenuStructure (218)
[2018.10.23-17.52.01:690][121]LogModuleManager: Shutting down and abandoning module UMG (215)
[2018.10.23-17.52.01:690][121]LogModuleManager: Shutting down and abandoning module UMGEditor (214)
[2018.10.23-17.52.01:690][121]LogModuleManager: Shutting down and abandoning module Sequencer (213)
[2018.10.23-17.52.01:691][121]LogModuleManager: Shutting down and abandoning module MessageLog (210)
[2018.10.23-17.52.01:691][121]LogModuleManager: Shutting down and abandoning module SlateReflector (205)
[2018.10.23-17.52.01:691][121]LogModuleManager: Shutting down and abandoning module Slate (203)
[2018.10.23-17.52.01:691][121]LogModuleManager: Shutting down and abandoning module EditorStyle (201)
[2018.10.23-17.52.01:696][121]LogModuleManager: Shutting down and abandoning module MRMesh (199)
[2018.10.23-17.52.01:696][121]LogModuleManager: Shutting down and abandoning module SourceCodeAccess (197)
[2018.10.23-17.52.01:697][121]LogModuleManager: Shutting down and abandoning module HeadMountedDisplay (195)
[2018.10.23-17.52.01:697][121]LogModuleManager: Shutting down and abandoning module XAudio2 (193)
[2018.10.23-17.52.01:697][121]LogModuleManager: Shutting down and abandoning module Networking (191)
[2018.10.23-17.52.01:697][121]LogModuleManager: Shutting down and abandoning module Core (189)
[2018.10.23-17.52.01:697][121]LogModuleManager: Shutting down and abandoning module LevelSequence (187)
[2018.10.23-17.52.01:697][121]LogModuleManager: Shutting down and abandoning module KismetCompiler (185)
[2018.10.23-17.52.01:697][121]LogModuleManager: Shutting down and abandoning module MeshUtilities (183)
[2018.10.23-17.52.01:697][121]LogModuleManager: Shutting down and abandoning module MeshMergeUtilities (182)
[2018.10.23-17.52.01:697][121]LogModuleManager: Shutting down and abandoning module MeshReductionInterface (181)
[2018.10.23-17.52.01:697][121]LogModuleManager: Shutting down and abandoning module SimplygonSwarm (180)
[2018.10.23-17.52.01:697][121]LogModuleManager: Shutting down and abandoning module ProxyLODMeshReduction (178)
[2018.10.23-17.52.01:697][121]LogModuleManager: Shutting down and abandoning module SimplygonMeshReduction (176)
[2018.10.23-17.52.01:698][121]LogModuleManager: Shutting down and abandoning module QuadricMeshReduction (174)
[2018.10.23-17.52.01:698][121]LogModuleManager: Shutting down and abandoning module MaterialBaking (170)
[2018.10.23-17.52.01:698][121]LogModuleManager: Shutting down and abandoning module DirectoryWatcher (166)
[2018.10.23-17.52.01:698][121]LogModuleManager: Shutting down and abandoning module DerivedDataCache (163)
[2018.10.23-17.52.02:023][121]LogDerivedDataCache: Shutdown
[2018.10.23-17.52.02:024][121]LogModuleManager: Shutting down and abandoning module XGEController (161)
[2018.10.23-17.52.02:024][121]LogModuleManager: Shutting down and abandoning module TargetPlatform (159)
[2018.10.23-17.52.02:024][121]LogModuleManager: Shutting down and abandoning module VulkanShaderFormat (158)
[2018.10.23-17.52.02:024][121]LogModuleManager: Shutting down and abandoning module ShaderFormatVectorVM (156)
[2018.10.23-17.52.02:024][121]LogModuleManager: Shutting down and abandoning module ShaderFormatOpenGL (154)
[2018.10.23-17.52.02:024][121]LogModuleManager: Shutting down and abandoning module ShaderFormatD3D (152)
[2018.10.23-17.52.02:024][121]LogModuleManager: Shutting down and abandoning module MetalShaderFormat (150)
[2018.10.23-17.52.02:024][121]LogModuleManager: Shutting down and abandoning module TextureFormatUncompressed (148)
[2018.10.23-17.52.02:024][121]LogModuleManager: Shutting down and abandoning module TextureFormatPVR (146)
[2018.10.23-17.52.02:024][121]LogModuleManager: Shutting down and abandoning module TextureFormatDXT (144)
[2018.10.23-17.52.02:024][121]LogModuleManager: Shutting down and abandoning module TextureFormatIntelISPCTexComp (142)
[2018.10.23-17.52.02:025][121]LogModuleManager: Shutting down and abandoning module TextureFormatASTC (140)
[2018.10.23-17.52.02:025][121]LogModuleManager: Shutting down and abandoning module ImageWrapper (139)
[2018.10.23-17.52.02:025][121]LogModuleManager: Shutting down and abandoning module TextureFormatAndroid (136)
[2018.10.23-17.52.02:025][121]LogModuleManager: Shutting down and abandoning module AudioFormatOpus (134)
[2018.10.23-17.52.02:025][121]LogModuleManager: Shutting down and abandoning module AudioFormatOgg (132)
[2018.10.23-17.52.02:025][121]LogModuleManager: Shutting down and abandoning module AudioFormatADPCM (130)
[2018.10.23-17.52.02:025][121]LogModuleManager: Shutting down and abandoning module LuminTargetPlatform (128)
[2018.10.23-17.52.02:025][121]LogModuleManager: Shutting down and abandoning module LinuxTargetPlatform (126)
[2018.10.23-17.52.02:025][121]LogModuleManager: Shutting down and abandoning module LinuxServerTargetPlatform (124)
[2018.10.23-17.52.02:025][121]LogModuleManager: Shutting down and abandoning module LinuxNoEditorTargetPlatform (122)
[2018.10.23-17.52.02:025][121]LogModuleManager: Shutting down and abandoning module LinuxClientTargetPlatform (120)
[2018.10.23-17.52.02:025][121]LogModuleManager: Shutting down and abandoning module TVOSTargetPlatform (118)
[2018.10.23-17.52.02:027][121]LogModuleManager: Shutting down and abandoning module Messaging (116)
[2018.10.23-17.52.02:027][121]LogModuleManager: Shutting down and abandoning module IOSTargetPlatform (114)
[2018.10.23-17.52.02:029][121]LogModuleManager: Shutting down and abandoning module HTML5TargetPlatform (112)
[2018.10.23-17.52.02:029][121]LogModuleManager: Shutting down and abandoning module AndroidTargetPlatform (110)
[2018.10.23-17.52.02:045][121]LogModuleManager: Shutting down and abandoning module WindowsTargetPlatform (108)
[2018.10.23-17.52.02:045][121]LogModuleManager: Shutting down and abandoning module WindowsServerTargetPlatform (106)
[2018.10.23-17.52.02:045][121]LogModuleManager: Shutting down and abandoning module WindowsNoEditorTargetPlatform (104)
[2018.10.23-17.52.02:045][121]LogModuleManager: Shutting down and abandoning module WindowsClientTargetPlatform (102)
[2018.10.23-17.52.02:045][121]LogModuleManager: Shutting down and abandoning module MacTargetPlatform (100)
[2018.10.23-17.52.02:045][121]LogModuleManager: Shutting down and abandoning module MacServerTargetPlatform (98)
[2018.10.23-17.52.02:045][121]LogModuleManager: Shutting down and abandoning module MacNoEditorTargetPlatform (96)
[2018.10.23-17.52.02:045][121]LogModuleManager: Shutting down and abandoning module MacClientTargetPlatform (94)
[2018.10.23-17.52.02:045][121]LogModuleManager: Shutting down and abandoning module AllDesktopTargetPlatform (92)
[2018.10.23-17.52.02:045][121]LogModuleManager: Shutting down and abandoning module InputCore (89)
[2018.10.23-17.52.02:045][121]LogModuleManager: Shutting down and abandoning module Settings (87)
[2018.10.23-17.52.02:045][121]LogModuleManager: Shutting down and abandoning module PhysXCooking (85)
[2018.10.23-17.52.02:046][121]LogModuleManager: Shutting down and abandoning module SteamVR (83)
[2018.10.23-17.52.02:046][121]LogModuleManager: Shutting down and abandoning module OculusHMD (81)
[2018.10.23-17.52.02:046][121]LogModuleManager: Shutting down and abandoning module ExampleDeviceProfileSelector (79)
[2018.10.23-17.52.02:046][121]LogModuleManager: Shutting down and abandoning module LauncherChunkInstaller (77)
[2018.10.23-17.52.02:046][121]LogModuleManager: Shutting down and abandoning module OnlineBlueprintSupport (75)
[2018.10.23-17.52.02:046][121]LogModuleManager: Shutting down and abandoning module OnlineSubsystem (71)
[2018.10.23-17.52.02:048][121]LogModuleManager: Shutting down and abandoning module XMPP (65)
[2018.10.23-17.52.02:048][121]LogModuleManager: Shutting down and abandoning module WebSockets (64)
[2018.10.23-17.52.02:085][121]LogModuleManager: Shutting down and abandoning module HTTP (61)
[2018.10.23-17.52.02:085][121]LogHttp: Display: Http module shutting down, but needs to wait on 1 outstanding Http requests:
[2018.10.23-17.52.02:085][121]LogHttp: Display: 	verb=[POST] url=[https://datarouter.ol.epicgames.com/datarouter/api/v1/public/data?SessionID=%7B87B5D85A-422F-9681-62F3-F5835FB5DA13%7D&AppID=UEEditor.Rocket.Release&AppVersion=4.20.3-4369336%2B%2B%2BUE4%2BRelease-4.20&UserID=53ac2d6c4e5fe9754ac511b98f83584c%7C0d2f410442804b2293a573439cb3519e%7C341c3786-bd0c-4e82-bc7b-043ebadb5662&AppEnvironment=datacollector-binary&UploadType=eteventstream] status=Processing
[2018.10.23-17.52.02:092][121]LogModuleManager: Shutting down and abandoning module SSL (60)
[2018.10.23-17.52.02:097][121]LogModuleManager: Shutting down and abandoning module MagicLeapEmulator (56)
[2018.10.23-17.52.02:097][121]LogModuleManager: Shutting down and abandoning module MagicLeapPrivileges (54)
[2018.10.23-17.52.02:097][121]LogModuleManager: Shutting down and abandoning module MagicLeapIdentity (52)
[2018.10.23-17.52.02:097][121]LogModuleManager: Shutting down and abandoning module MagicLeapHelperVulkan (50)
[2018.10.23-17.52.02:097][121]LogModuleManager: Shutting down and abandoning module MagicLeapHelperOpenGL (48)
[2018.10.23-17.52.02:097][121]LogModuleManager: Shutting down and abandoning module MagicLeapSecureStorage (46)
[2018.10.23-17.52.02:097][121]LogModuleManager: Shutting down and abandoning module MagicLeapGestures (44)
[2018.10.23-17.52.02:097][121]LogModuleManager: Shutting down and abandoning module MagicLeapEyeTracker (42)
[2018.10.23-17.52.02:097][121]LogModuleManager: Shutting down and abandoning module MagicLeapController (40)
[2018.10.23-17.52.02:097][121]LogSlate: Slate User Destroyed.  User Index 0, Is Virtual User: 0
[2018.10.23-17.52.02:097][121]LogModuleManager: Shutting down and abandoning module MagicLeap (38)
[2018.10.23-17.52.02:097][121]LogModuleManager: Shutting down and abandoning module AnimationModifiers (36)
[2018.10.23-17.52.02:098][121]LogModuleManager: Shutting down and abandoning module PropertyEditor (35)
[2018.10.23-17.52.02:098][121]LogModuleManager: Shutting down and abandoning module AudioEditor (32)
[2018.10.23-17.52.02:098][121]LogModuleManager: Shutting down and abandoning module TextureCompressor (30)
[2018.10.23-17.52.02:098][121]LogModuleManager: Shutting down and abandoning module ShaderCore (28)
[2018.10.23-17.52.02:099][121]LogModuleManager: Shutting down and abandoning module Landscape (26)
[2018.10.23-17.52.02:099][121]LogModuleManager: Shutting down and abandoning module SlateRHIRenderer (24)
[2018.10.23-17.52.02:099][121]LogModuleManager: Shutting down and abandoning module OpenGLDrv (22)
[2018.10.23-17.52.02:099][121]LogModuleManager: Shutting down and abandoning module D3D11RHI (20)
[2018.10.23-17.52.02:099][121]LogModuleManager: Shutting down and abandoning module AnimGraphRuntime (18)
[2018.10.23-17.52.02:099][121]LogModuleManager: Shutting down and abandoning module Renderer (16)
[2018.10.23-17.52.02:099][121]LogModuleManager: Shutting down and abandoning module Engine (14)
[2018.10.23-17.52.02:099][121]LogModuleManager: Shutting down and abandoning module CoreUObject (12)
[2018.10.23-17.52.02:099][121]LogModuleManager: Shutting down and abandoning module NetworkFile (10)
[2018.10.23-17.52.02:100][121]LogModuleManager: Shutting down and abandoning module CookedIterativeFile (8)
[2018.10.23-17.52.02:100][121]LogModuleManager: Shutting down and abandoning module StreamingFile (6)
[2018.10.23-17.52.02:100][121]LogModuleManager: Shutting down and abandoning module SandboxFile (4)
[2018.10.23-17.52.02:100][121]LogModuleManager: Shutting down and abandoning module PakFile (2)
[2018.10.23-17.52.02:146][121]LogExit: Exiting.
[2018.10.23-17.52.02:205][121]Log file closed, 10/23/18 12:52:02
