Log file open, 11/07/18 18:35:56
LogWindows: Failed to load 'aqProf.dll' (GetLastError=126)
LogWindows: File 'aqProf.dll' does not exist
LogWindows: Failed to load 'VtuneApi.dll' (GetLastError=126)
LogWindows: File 'VtuneApi.dll' does not exist
LogWindows: Failed to load 'VtuneApi32e.dll' (GetLastError=126)
LogWindows: File 'VtuneApi32e.dll' does not exist
LogInit: Display: Running engine for game: GiftGame
LogPlatformFile: Not using cached read wrapper
LogTaskGraph: Started task graph with 5 named threads and 11 total threads with 3 sets of task threads.
LogStats: Stats thread started at 0.181342
LogD3D11RHI: Loaded GFSDK_Aftermath_Lib.x64.dll
LogICUInternationalization: Display: ICU TimeZone Detection - Raw Offset: -6:00, Platform Override: ''
LogPluginManager: Mounting plugin Paper2D
LogPluginManager: Mounting plugin AISupport
LogPluginManager: Mounting plugin LightPropagationVolume
LogPluginManager: Mounting plugin CLionSourceCodeAccess
LogPluginManager: Mounting plugin CodeLiteSourceCodeAccess
LogPluginManager: Mounting plugin GitSourceControl
LogPluginManager: Mounting plugin KDevelopSourceCodeAccess
LogPluginManager: Mounting plugin NullSourceCodeAccess
LogPluginManager: Mounting plugin PerforceSourceControl
LogPluginManager: Mounting plugin SubversionSourceControl
LogPluginManager: Mounting plugin UObjectPlugin
LogPluginManager: Mounting plugin VisualStudioCodeSourceCodeAccess
LogPluginManager: Mounting plugin VisualStudioSourceCodeAccess
LogPluginManager: Mounting plugin XCodeSourceCodeAccess
LogPluginManager: Mounting plugin AssetManagerEditor
LogPluginManager: Mounting plugin CryptoKeys
LogPluginManager: Mounting plugin DataValidation
LogPluginManager: Mounting plugin FacialAnimation
LogPluginManager: Mounting plugin GameplayTagsEditor
LogPluginManager: Mounting plugin MacGraphicsSwitching
LogPluginManager: Mounting plugin MeshEditor
LogPluginManager: Mounting plugin MobileLauncherProfileWizard
LogPluginManager: Mounting plugin PluginBrowser
LogPluginManager: Mounting plugin SpeedTreeImporter
LogPluginManager: Mounting plugin DatasmithContent
LogPluginManager: Mounting plugin AlembicImporter
LogPluginManager: Mounting plugin AppleImageUtils
LogPluginManager: Mounting plugin AppleVision
LogPluginManager: Mounting plugin BackChannel
LogPluginManager: Mounting plugin CharacterAI
LogPluginManager: Mounting plugin GeometryCache
LogPluginManager: Mounting plugin HTML5Networking
LogPluginManager: Mounting plugin ProxyLODPlugin
LogPluginManager: Mounting plugin MagicLeap
LogPluginManager: Mounting plugin MagicLeapEmulator
LogPluginManager: Mounting plugin MagicLeapMedia
LogPluginManager: Mounting plugin AndroidMedia
LogPluginManager: Mounting plugin AvfMedia
LogPluginManager: Mounting plugin ImgMedia
LogPluginManager: Mounting plugin LinearTimecode
LogPluginManager: Mounting plugin MediaCompositing
LogPluginManager: Mounting plugin MediaPlayerEditor
LogPluginManager: Mounting plugin WmfMedia
LogPluginManager: Mounting plugin TcpMessaging
LogPluginManager: Mounting plugin UdpMessaging
LogPluginManager: Mounting plugin ActorSequence
LogPluginManager: Mounting plugin LevelSequenceEditor
LogPluginManager: Mounting plugin MatineeToLevelSequence
LogPluginManager: Mounting plugin NetcodeUnitTest
LogPluginManager: Mounting plugin NUTUnrealEngine4
LogPluginManager: Mounting plugin OnlineSubsystemGooglePlay
LogPluginManager: Mounting plugin OnlineSubsystemIOS
LogPluginManager: Mounting plugin OnlineSubsystem
LogPluginManager: Mounting plugin OnlineSubsystemNull
LogPluginManager: Mounting plugin OnlineSubsystemUtils
LogPluginManager: Mounting plugin LauncherChunkInstaller
LogPluginManager: Mounting plugin AndroidDeviceProfileSelector
LogPluginManager: Mounting plugin AndroidMoviePlayer
LogPluginManager: Mounting plugin AndroidPermission
LogPluginManager: Mounting plugin AppleMoviePlayer
LogPluginManager: Mounting plugin ArchVisCharacter
LogPluginManager: Mounting plugin AudioCapture
LogPluginManager: Mounting plugin CableComponent
LogPluginManager: Mounting plugin CustomMeshComponent
LogPluginManager: Mounting plugin EditableMesh
LogPluginManager: Mounting plugin ExampleDeviceProfileSelector
LogPluginManager: Mounting plugin GoogleCloudMessaging
LogPluginManager: Mounting plugin ImmediatePhysics
LogPluginManager: Mounting plugin IOSDeviceProfileSelector
LogPluginManager: Mounting plugin LinuxDeviceProfileSelector
LogPluginManager: Mounting plugin LocationServicesBPLibrary
LogPluginManager: Mounting plugin MobilePatchingUtils
LogPluginManager: Mounting plugin OculusVR
LogPluginManager: Plugin shader directory ../../../Engine/Plugins/Runtime/Oculus/OculusVR/Shaders found
LogPluginManager: Mapping shader source directory ../../../Engine/Plugins/Runtime/Oculus/OculusVR/Shaders to virtual directory /Plugin/OculusVR
LogPluginManager: Mounting plugin PhysXVehicles
LogPluginManager: Mounting plugin ProceduralMeshComponent
LogPluginManager: Mounting plugin RuntimePhysXCooking
LogPluginManager: Mounting plugin SteamVR
LogPluginManager: Mounting plugin WindowsMoviePlayer
LogStreaming: Display: Took  0.181s to configure plugins.
LogInit: Using libcurl 7.55.1-DEV
LogInit:  - built for x86_64-pc-win32
LogInit:  - supports SSL with OpenSSL/1.0.2h
LogInit:  - supports HTTP deflate (compression) using libz 1.2.8
LogInit:  - other features:
LogInit:      CURL_VERSION_SSL
LogInit:      CURL_VERSION_LIBZ
LogInit:      CURL_VERSION_IPV6
LogInit:      CURL_VERSION_ASYNCHDNS
LogInit:      CURL_VERSION_LARGEFILE
LogInit:      CURL_VERSION_IDN
LogInit:  CurlRequestOptions (configurable via config and command line):
LogInit:  - bVerifyPeer = false  - Libcurl will NOT verify peer certificate
LogInit:  - bUseHttpProxy = false  - Libcurl will NOT use HTTP proxy
LogInit:  - bDontReuseConnections = false  - Libcurl will reuse connections
LogInit:  - CertBundlePath = nullptr  - Libcurl will use whatever was configured at build time.
LogInit:  - MaxHostConnections = 16  - Libcurl will limit the number of connections to a host
LogInit:  - LocalHostAddr = Default
LogInit:  - BufferSize = 65536
LogInit: WinSock: version 1.1 (2.2), MaxSocks=32767, MaxUdp=65467
LogInit: Build: ++UE4+Release-4.20-CL-4369336
LogInit: Engine Version: 4.20.3-4369336+++UE4+Release-4.20
LogInit: Compatible Engine Version: 4.20.0-4212847+++UE4+Release-4.20
LogInit: Net CL: 4212847
LogInit: OS: Windows 10 (), CPU: Intel(R) Core(TM) i5-6200U CPU @ 2.30GHz, GPU: Intel(R) HD Graphics 520
LogInit: Compiled (64-bit): Sep 17 2018 12:26:19
LogInit: Compiled with Visual C++: 19.13.26129.00
LogInit: Build Configuration: Development
LogInit: Branch Name: ++UE4+Release-4.20
LogInit: Command Line: -EpicPortal -epicusername="OWNSAUCEPIMP" -epicuserid=2b59540c2b9249918a2fe8fd9a40c551 -epiclocale=en-US
LogInit: Base Directory: D:/Epic Games/UE_4.20/Engine/Binaries/Win64/
LogInit: Installed Engine Build: 1
LogDevObjectVersion: Number of dev versions registered: 20
LogDevObjectVersion:   Dev-Blueprints (B0D832E4-1F89-4F0D-ACCF-7EB736FD4AA2): 10
LogDevObjectVersion:   Dev-Build (E1C64328-A22C-4D53-A36C-8E866417BD8C): 0
LogDevObjectVersion:   Dev-Core (375EC13C-06E4-48FB-B500-84F0262A717E): 2
LogDevObjectVersion:   Dev-Editor (E4B068ED-F494-42E9-A231-DA0B2E46BB41): 24
LogDevObjectVersion:   Dev-Framework (CFFC743F-43B0-4480-9391-14DF171D2073): 34
LogDevObjectVersion:   Dev-Mobile (B02B49B5-BB20-44E9-A304-32B752E40360): 2
LogDevObjectVersion:   Dev-Networking (A4E4105C-59A1-49B5-A7C5-40C4547EDFEE): 0
LogDevObjectVersion:   Dev-Online (39C831C9-5AE6-47DC-9A44-9C173E1C8E7C): 0
LogDevObjectVersion:   Dev-Physics (78F01B33-EBEA-4F98-B9B4-84EACCB95AA2): 0
LogDevObjectVersion:   Dev-Platform (6631380F-2D4D-43E0-8009-CF276956A95A): 0
LogDevObjectVersion:   Dev-Rendering (12F88B9F-8875-4AFC-A67C-D90C383ABD29): 26
LogDevObjectVersion:   Dev-Sequencer (7B5AE74C-D270-4C10-A958-57980B212A5A): 9
LogDevObjectVersion:   Dev-VR (D7296918-1DD6-4BDD-9DE2-64A83CC13884): 2
LogDevObjectVersion:   Dev-LoadTimes (C2A15278-BFE7-4AFE-6C17-90FF531DF755): 1
LogDevObjectVersion:   Private-Geometry (6EACA3D4-40EC-4CC1-B786-8BED09428FC5): 3
LogDevObjectVersion:   Dev-AnimPhys (29E575DD-E0A3-4627-9D10-D276232CDCEA): 17
LogDevObjectVersion:   Dev-ReflectionCapture (6B266CEC-1EC7-4B8F-A30B-E4D90942FC07): 1
LogDevObjectVersion:   Dev-Automation (0DF73D61-A23F-47EA-B727-89E90C41499A): 1
LogDevObjectVersion:   FortniteMain (601D1886-AC64-4F84-AA16-D3DE0DEAC7D6): 12
LogDevObjectVersion:   Dev-Enterprise (9DFFBCD6-494F-0158-E221-12823C92A888): 1
LogStreaming: Display: Took  0.002s to delete old logs.
LogInit: Presizing for max 8388607 objects, including 0 objects not considered by GC, pre-allocating 0 bytes for permanent pool.
LogInit: Object subsystem initialized
[2018.11.08-00.35.57:116][  0]LogInit: Selected Device Profile: [Windows]
[2018.11.08-00.35.57:116][  0]LogInit: Applying CVar settings loaded from the selected device profile: [Windows]
[2018.11.08-00.35.57:133][  0]LogHAL: Display: Platform has ~ 12 GB [12766838784 / 17179869184 / 12], which maps to Larger [LargestMinGB=32, LargerMinGB=12, DefaultMinGB=8, SmallerMinGB=6, SmallestMinGB=0)
[2018.11.08-00.35.57:133][  0]LogInit: Setting Device Profile CVar: [[r.Vulkan.UseRealUBs:1]]
[2018.11.08-00.35.57:133][  0]LogInit: Going up to parent DeviceProfile []
[2018.11.08-00.35.57:133][  0]LogInit: Computer: R6507206
[2018.11.08-00.35.57:134][  0]LogInit: User: DSU
[2018.11.08-00.35.57:134][  0]LogInit: CPU Page size=4096, Cores=2
[2018.11.08-00.35.57:134][  0]LogInit: High frequency timer resolution =2.343746 MHz
[2018.11.08-00.35.57:134][  0]LogMemory: Memory total: Physical=11.9GB (12GB approx)
[2018.11.08-00.35.57:134][  0]LogMemory: Platform Memory Stats for Windows
[2018.11.08-00.35.57:134][  0]LogMemory: Process Physical Memory: 100.77 MB used, 100.77 MB peak
[2018.11.08-00.35.57:134][  0]LogMemory: Process Virtual Memory: 84.31 MB used, 84.31 MB peak
[2018.11.08-00.35.57:134][  0]LogMemory: Physical Memory: 3876.07 MB used,  8299.33 MB free, 12175.41 MB total
[2018.11.08-00.35.57:134][  0]LogMemory: Virtual Memory: 4616.64 MB used,  8299.33 MB free, 134217728.00 MB total
[2018.11.08-00.35.57:160][  0]LogInit: Using OS detected language (en-US).
[2018.11.08-00.35.57:160][  0]LogInit: Using OS detected locale (en-US).
[2018.11.08-00.35.57:161][  0]LogTextLocalizationManager: No specific localization for 'en-US' exists, so the 'en' localization will be used.
[2018.11.08-00.35.57:665][  0]LogStreaming: Display: Took  0.504s to InitEngineTextLocalization.
[2018.11.08-00.35.57:665][  0]LogInit: Setting process to per monitor DPI aware
[2018.11.08-00.35.57:733][  0]LogSlate: New Slate User Created.  User Index 0, Is Virtual User: 0
[2018.11.08-00.35.57:733][  0]LogSlate: Slate User Registered.  User Index 0, Is Virtual User: 0
[2018.11.08-00.35.58:020][  0]LogHMD: Failed to initialize OpenVR with code 110
[2018.11.08-00.35.58:021][  0]LogD3D11RHI: D3D11 adapters:
[2018.11.08-00.35.58:031][  0]LogD3D11RHI:    0. 'Intel(R) HD Graphics 520' (Feature Level 11_0)
[2018.11.08-00.35.58:031][  0]LogD3D11RHI:       128/0/6087 MB DedicatedVideo/DedicatedSystem/SharedSystem, Outputs:2, VendorId:0x8086
[2018.11.08-00.35.58:034][  0]LogD3D11RHI:    1. 'Microsoft Basic Render Driver' (Feature Level 11_0)
[2018.11.08-00.35.58:034][  0]LogD3D11RHI:       0/0/6087 MB DedicatedVideo/DedicatedSystem/SharedSystem, Outputs:0, VendorId:0x1414
[2018.11.08-00.35.58:034][  0]LogD3D11RHI: Chosen D3D11 Adapter: 0
[2018.11.08-00.35.58:041][  0]LogD3D11RHI: Creating new Direct3DDevice
[2018.11.08-00.35.58:041][  0]LogD3D11RHI:     GPU DeviceId: 0x1916 (for the marketing name, search the web for "GPU Device Id")
[2018.11.08-00.35.58:041][  0]LogWindows: EnumDisplayDevices:
[2018.11.08-00.35.58:041][  0]LogWindows:    0. 'Intel(R) HD Graphics 520' (P:1 D:1)
[2018.11.08-00.35.58:042][  0]LogWindows:    1. 'Intel(R) HD Graphics 520' (P:0 D:1)
[2018.11.08-00.35.58:042][  0]LogWindows:    2. 'Intel(R) HD Graphics 520' (P:0 D:0)
[2018.11.08-00.35.58:042][  0]LogWindows: DebugString: FoundDriverCount:3 
[2018.11.08-00.35.58:043][  0]LogD3D11RHI:     Adapter Name: Intel(R) HD Graphics 520
[2018.11.08-00.35.58:043][  0]LogD3D11RHI:   Driver Version: 21.20.16.4542 (internal:21.20.16.4542, unified:21.20.16.4542)
[2018.11.08-00.35.58:043][  0]LogD3D11RHI:      Driver Date: 10-24-2016
[2018.11.08-00.35.58:043][  0]LogRHI: Texture pool is 1523 MB (70% of 2176 MB)
[2018.11.08-00.35.58:050][  0]LogD3D11RHI: Async texture creation enabled
[2018.11.08-00.35.58:059][  0]LogD3D11RHI: GPU Timing Frequency: 12.000000 (Debug: 2 0)
[2018.11.08-00.35.58:061][  0]LogShaderCompilers: Guid format shader working directory is 3 characters bigger than the processId version (../../../../../Github/gift/Builds/GiftGame/Intermediate/Shaders/WorkingDirectory/3708/).
[2018.11.08-00.35.58:061][  0]LogShaderCompilers: Cleaned the shader compiler working directory 'C:/Users/User/AppData/Local/Temp/UnrealShaderWorkingDir/D4596871447A99111A485DB484ED7C09/'.
[2018.11.08-00.35.58:508][  0]LogTemp: Display: Loaded TP AllDesktopTargetPlatform
[2018.11.08-00.35.58:525][  0]LogTemp: Display: Loaded TP MacClientTargetPlatform
[2018.11.08-00.35.58:546][  0]LogTemp: Display: Loaded TP MacNoEditorTargetPlatform
[2018.11.08-00.35.58:565][  0]LogTemp: Display: Loaded TP MacServerTargetPlatform
[2018.11.08-00.35.58:585][  0]LogTemp: Display: Loaded TP MacTargetPlatform
[2018.11.08-00.35.58:603][  0]LogTemp: Display: Loaded TP WindowsClientTargetPlatform
[2018.11.08-00.35.58:624][  0]LogTemp: Display: Loaded TP WindowsNoEditorTargetPlatform
[2018.11.08-00.35.58:646][  0]LogTemp: Display: Loaded TP WindowsServerTargetPlatform
[2018.11.08-00.35.58:657][  0]LogTemp: Display: Loaded TP WindowsTargetPlatform
[2018.11.08-00.35.58:782][  0]LogTemp: Display: Loaded TP AndroidTargetPlatform
[2018.11.08-00.35.58:782][  0]LogTemp: Display: Loaded TP AndroidTargetPlatform
[2018.11.08-00.35.58:782][  0]LogTemp: Display: Loaded TP AndroidTargetPlatform
[2018.11.08-00.35.58:782][  0]LogTemp: Display: Loaded TP AndroidTargetPlatform
[2018.11.08-00.35.58:782][  0]LogTemp: Display: Loaded TP AndroidTargetPlatform
[2018.11.08-00.35.58:782][  0]LogTemp: Display: Loaded TP AndroidTargetPlatform
[2018.11.08-00.35.58:782][  0]LogTemp: Display: Loaded TP AndroidTargetPlatform
[2018.11.08-00.35.58:782][  0]LogTemp: Display: Loaded TP AndroidTargetPlatform
[2018.11.08-00.35.58:783][  0]LogTemp: Display: Loaded TP AndroidTargetPlatform
[2018.11.08-00.35.58:783][  0]LogTemp: Display: Loaded TP AndroidTargetPlatform
[2018.11.08-00.35.58:783][  0]LogTemp: Display: Loaded TP AndroidTargetPlatform
[2018.11.08-00.35.58:783][  0]LogTemp: Display: Loaded TP AndroidTargetPlatform
[2018.11.08-00.35.58:783][  0]LogTemp: Display: Loaded TP AndroidTargetPlatform
[2018.11.08-00.35.58:783][  0]LogTemp: Display: Loaded TP AndroidTargetPlatform
[2018.11.08-00.35.58:783][  0]LogTemp: Display: Loaded TP AndroidTargetPlatform
[2018.11.08-00.35.58:783][  0]LogTemp: Display: Loaded TP AndroidTargetPlatform
[2018.11.08-00.35.58:783][  0]LogTemp: Display: Loaded TP AndroidTargetPlatform
[2018.11.08-00.35.58:783][  0]LogTemp: Display: Loaded TP AndroidTargetPlatform
[2018.11.08-00.35.58:784][  0]LogTemp: Display: Loaded TP HTML5TargetPlatform
[2018.11.08-00.35.58:861][  0]LogTemp: Display: Loaded TP IOSTargetPlatform
[2018.11.08-00.35.58:861][  0]LogTemp: Display: Loaded TP IOSTargetPlatform
[2018.11.08-00.35.58:899][  0]LogTemp: Display: Loaded TP TVOSTargetPlatform
[2018.11.08-00.35.58:899][  0]LogTemp: Display: Loaded TP TVOSTargetPlatform
[2018.11.08-00.35.58:918][  0]LogTemp: Display: Loaded TP LinuxClientTargetPlatform
[2018.11.08-00.35.58:944][  0]LogTemp: Display: Loaded TP LinuxNoEditorTargetPlatform
[2018.11.08-00.35.58:970][  0]LogTemp: Display: Loaded TP LinuxServerTargetPlatform
[2018.11.08-00.35.58:997][  0]LogTemp: Display: Loaded TP LinuxTargetPlatform
[2018.11.08-00.35.59:015][  0]LogTemp: Display: Loaded TP LuminTargetPlatform
[2018.11.08-00.35.59:015][  0]LogTargetPlatformManager: Display: Building Assets For Windows
[2018.11.08-00.35.59:103][  0]LogXGEController: Cleaning working directory: C:/Users/User/AppData/Local/Temp/UnrealXGEWorkingDir/
[2018.11.08-00.35.59:103][  0]LogXGEController: Cannot use XGE Controller as Incredibuild is not installed on this machine.
[2018.11.08-00.35.59:103][  0]LogShaderCompilers: Cannot use XGE Shader Compiler as Incredibuild is not installed on this machine.
[2018.11.08-00.35.59:103][  0]LogShaderCompilers: Display: Using Local Shader Compiler.
[2018.11.08-00.36.00:217][  0]LogDerivedDataCache: Display: Max Cache Size: 512 MB
[2018.11.08-00.36.00:300][  0]LogDerivedDataCache: Loaded boot cache 0.08s 71MB C:/Users/User/AppData/Local/UnrealEngine/4.20/DerivedDataCache/Boot.ddc.
[2018.11.08-00.36.00:300][  0]LogDerivedDataCache: Display: Loaded Boot cache: C:/Users/User/AppData/Local/UnrealEngine/4.20/DerivedDataCache/Boot.ddc
[2018.11.08-00.36.00:300][  0]LogDerivedDataCache: FDerivedDataBackendGraph:  Pak pak cache file ../../../../../Github/gift/Builds/GiftGame/DerivedDataCache/DDC.ddp not found, will not use a pak cache.
[2018.11.08-00.36.00:300][  0]LogDerivedDataCache: Unable to find inner node Pak for hierarchical cache Hierarchy.
[2018.11.08-00.36.00:300][  0]LogDerivedDataCache: FDerivedDataBackendGraph:  CompressedPak pak cache file ../../../../../Github/gift/Builds/GiftGame/DerivedDataCache/Compressed.ddp not found, will not use a pak cache.
[2018.11.08-00.36.00:300][  0]LogDerivedDataCache: Unable to find inner node CompressedPak for hierarchical cache Hierarchy.
[2018.11.08-00.36.00:319][  0]LogDerivedDataCache: Display: Pak cache opened for reading ../../../Engine/DerivedDataCache/Compressed.ddp.
[2018.11.08-00.36.00:332][  0]LogDerivedDataCache: Using Local data cache path C:/Users/User/AppData/Local/UnrealEngine/Common/DerivedDataCache: Writable
[2018.11.08-00.36.00:332][  0]LogDerivedDataCache: Shared data cache path not found in *engine.ini, will not use an Shared cache.
[2018.11.08-00.36.00:332][  0]LogDerivedDataCache: Unable to find inner node Shared for hierarchical cache Hierarchy.
[2018.11.08-00.36.00:359][  0]LogMaterial: Verifying Global Shaders for PCD3D_SM5
[2018.11.08-00.36.00:361][  0]LogSlate: Using FreeType 2.6.0
[2018.11.08-00.36.00:362][  0]LogSlate: SlateFontServices - WITH_FREETYPE: 1, WITH_HARFBUZZ: 1
[2018.11.08-00.36.00:452][  0]LogAssetRegistry: FAssetRegistry took 0.0274 seconds to start up
[2018.11.08-00.36.01:016][  0]LogInit: Selected Device Profile: [Windows]
[2018.11.08-00.36.01:237][  0]LogSimplygon: Simplygon DLL not present - disabling.
[2018.11.08-00.36.01:242][  0]LogMeshReduction: Using SimplygonSwarm for distributed automatic mesh merging
[2018.11.08-00.36.01:243][  0]LogMeshReduction: Using ProxyLODMeshReduction for automatic mesh merging
[2018.11.08-00.36.01:243][  0]LogMeshReduction: Using QuadricMeshReduction for automatic static mesh reduction
[2018.11.08-00.36.01:243][  0]LogMeshReduction: No automatic skeletal mesh reduction module available
[2018.11.08-00.36.01:276][  0]LogNetVersion: GiftGame 1.0.0, NetCL: 4212847, EngineNetVer: 5, GameNetVer: 0 (Checksum: 3731779599)
[2018.11.08-00.36.02:160][  0]LogPackageLocalizationCache: Processed 11 localized package path(s) for 2 prioritized culture(s) in 0.201982 seconds
[2018.11.08-00.36.02:173][  0]LogUObjectArray: 38425 objects as part of root set at end of initial load.
[2018.11.08-00.36.02:173][  0]LogUObjectAllocator: 6690872 out of 0 bytes used by permanent object pool.
[2018.11.08-00.36.02:173][  0]LogUObjectArray: CloseDisregardForGC: 0/0 objects in disregard for GC pool
[2018.11.08-00.36.03:529][  0]LogTcpMessaging: Initializing TcpMessaging bridge
[2018.11.08-00.36.03:542][  0]LogUdpMessaging: Initializing bridge on interface 0.0.0.0:0 to multicast group 230.0.0.1:6666.
[2018.11.08-00.36.03:751][  0]SourceControl: Source control is disabled
[2018.11.08-00.36.03:751][  0]SourceControl: Source control is disabled
[2018.11.08-00.36.03:753][  0]SourceControl: Source control is disabled
[2018.11.08-00.36.03:754][  0]SourceControl: Source control is disabled
[2018.11.08-00.36.03:945][  0]LogAndroidPermission: UAndroidPermissionCallbackProxy::GetInstance
[2018.11.08-00.36.04:087][  0]LogOcInput: OculusInput pre-init called
[2018.11.08-00.36.04:160][  0]LogEngine: Initializing Engine...
[2018.11.08-00.36.04:161][  0]LogHMD: Failed to initialize OpenVR with code 110
[2018.11.08-00.36.04:164][  0]LogStats: UGameplayTagsManager::ConstructGameplayTagTree: ImportINI prefixes -  0.000 s
[2018.11.08-00.36.04:164][  0]LogStats: UGameplayTagsManager::ConstructGameplayTagTree: Construct from data asset -  0.000 s
[2018.11.08-00.36.04:164][  0]LogStats: UGameplayTagsManager::ConstructGameplayTagTree: ImportINI -  0.000 s
[2018.11.08-00.36.04:164][  0]LogStats: UGameplayTagsManager::ConstructGameplayTagTree: GameplayTagTreeChangedEvent.Broadcast -  0.000 s
[2018.11.08-00.36.04:433][  0]LogInit: Initializing FReadOnlyCVARCache
[2018.11.08-00.36.04:452][  0]LogAIModule: Creating AISystem for world Untitled
[2018.11.08-00.36.04:482][  0]LogInit: XAudio2 using 'Speakers (Realtek High Definition Audio)' : 2 channels at 48 kHz using 32 bits per sample (channel mask 0x3)
[2018.11.08-00.36.04:685][  0]LogInit: FAudioDevice initialized.
[2018.11.08-00.36.04:686][  0]LogNetVersion: Set ProjectVersion to 1.0.0.0. Version Checksum will be recalculated on next use.
[2018.11.08-00.36.04:805][  0]LogDerivedDataCache: Saved boot cache 0.12s 71MB C:/Users/User/AppData/Local/UnrealEngine/4.20/DerivedDataCache/Boot.ddc.
[2018.11.08-00.36.04:817][  0]LogInit: Texture streaming: Enabled
[2018.11.08-00.36.04:838][  0]LogEngineSessionManager: EngineSessionManager initialized
[2018.11.08-00.36.04:838][  0]LogEngineSessionManager: EngineSessionManager sent abnormal shutdown report. Type=Crashed, SessionId={C074987F-429D-F95E-D3E3-53BD76132D65}
[2018.11.08-00.36.04:855][  0]LogInit: Transaction tracking system initialized
[2018.11.08-00.36.04:885][  0]BlueprintLog: New page: Editor Load
[2018.11.08-00.36.04:985][  0]LocalizationService: Localization service is disabled
[2018.11.08-00.36.05:768][  0]LogCook: Display: Max memory allowance for cook 16384mb min free memory 0mb
[2018.11.08-00.36.05:768][  0]LogCook: Display: Mobile HDR setting 0
[2018.11.08-00.36.05:768][  0]LogGameplayTags: Display: UGameplayTagsManager::DoneAddingNativeTags. DelegateIsBound: 0
[2018.11.08-00.36.05:768][  0]LogStats: UGameplayTagsManager::ConstructGameplayTagTree: ImportINI prefixes -  0.000 s
[2018.11.08-00.36.05:768][  0]LogStats: UGameplayTagsManager::ConstructGameplayTagTree: Construct from data asset -  0.000 s
[2018.11.08-00.36.05:768][  0]LogStats: UGameplayTagsManager::ConstructGameplayTagTree: ImportINI -  0.000 s
[2018.11.08-00.36.05:769][  0]LogStats: UGameplayTagsManager::ConstructGameplayTagTree: GameplayTagTreeChangedEvent.Broadcast -  0.000 s
[2018.11.08-00.36.05:945][  0]LogFileCache: Scanning file cache for directory 'D:/Github/gift/Builds/GiftGame/Content/' took 0.01s
[2018.11.08-00.36.05:945][  0]SourceControl: Source control is disabled
[2018.11.08-00.36.05:945][  0]Cmd: MAP LOAD FILE="../../../Engine/Content/Maps/Templates/Template_Default.umap" TEMPLATE=1 SHOWPROGRESS=1 FEATURELEVEL=3
[2018.11.08-00.36.05:946][  0]LightingResults: New page: Lighting Build
[2018.11.08-00.36.05:949][  0]MapCheck: New page: Map Check
[2018.11.08-00.36.05:949][  0]LightingResults: New page: Lighting Build
[2018.11.08-00.36.06:227][  0]LogAIModule: Creating AISystem for world Untitled_1
[2018.11.08-00.36.06:235][  0]LogEditorServer: Finished looking for orphan Actors (0.000 secs)
[2018.11.08-00.36.06:275][  0]Cmd: MAP CHECKDEP NOCLEARLOG
[2018.11.08-00.36.06:341][  0]MapCheck: Map check complete: 0 Error(s), 0 Warning(s), took 64.232ms to complete.
[2018.11.08-00.36.06:341][  0]LogFileHelpers: Loading map 'Template_Default' took 0.395
[2018.11.08-00.36.06:478][  0]LogSlate: Updating window title bar state: overlay mode, drag disabled, window buttons hidden, title bar hidden
[2018.11.08-00.36.06:488][  0]LogSlate: Updating window title bar state: overlay mode, drag disabled, window buttons hidden, title bar hidden
[2018.11.08-00.36.06:497][  0]LogSlate: Updating window title bar state: overlay mode, drag disabled, window buttons hidden, title bar hidden
[2018.11.08-00.36.06:509][  0]LogSlate: Updating window title bar state: overlay mode, drag disabled, window buttons hidden, title bar hidden
[2018.11.08-00.36.06:518][  0]LogCollectionManager: Loaded 0 collections in 0.002596 seconds
[2018.11.08-00.36.06:564][  0]LogFileCache: Scanning file cache for directory 'D:/Github/gift/Builds/GiftGame/Saved/Collections/' took 0.01s
[2018.11.08-00.36.06:564][  0]LogFileCache: Scanning file cache for directory 'D:/Github/gift/Builds/GiftGame/Content/Developers/DSU/Collections/' took 0.01s
[2018.11.08-00.36.06:564][  0]LogFileCache: Scanning file cache for directory 'D:/Github/gift/Builds/GiftGame/Content/Collections/' took 0.01s
[2018.11.08-00.36.06:564][  0]LogCollectionManager: Rebuilt the GUID cache for 0 collections in 0.000000 seconds
[2018.11.08-00.36.06:578][  0]LogContentBrowser: Native class hierarchy populated in 0.0136 seconds. Added 2572 classes and 603 folders.
[2018.11.08-00.36.06:587][  0]LogContentBrowser: Native class hierarchy updated for 'WidgetCarousel' in 0.0003 seconds. Added 0 classes and 0 folders.
[2018.11.08-00.36.06:642][  0]LogContentBrowser: Native class hierarchy updated for 'AddContentDialog' in 0.0004 seconds. Added 0 classes and 0 folders.
[2018.11.08-00.36.06:649][  0]LogContentBrowser: Native class hierarchy updated for 'SceneOutliner' in 0.0004 seconds. Added 1 classes and 2 folders.
[2018.11.08-00.36.06:743][  0]LogSlate: Took 0.000281 seconds to synchronously load lazily loaded font '../../../Engine/Content/Slate/Fonts/Roboto-Regular.ttf' (155K)
[2018.11.08-00.36.06:747][  0]LogSlate: Took 0.000250 seconds to synchronously load lazily loaded font '../../../Engine/Content/Slate/Fonts/Roboto-Bold.ttf' (160K)
[2018.11.08-00.36.06:757][  0]LogSlate: Took 0.000277 seconds to synchronously load lazily loaded font '../../../Engine/Content/Editor/Slate/Fonts/FontAwesome.ttf' (139K)
[2018.11.08-00.36.06:871][  0]LogRenderer: Reallocating scene render targets to support 848x420 Format 10 NumSamples 1 (Frame:1).
[2018.11.08-00.36.07:614][  0]LogContentBrowser: Native class hierarchy updated for 'HierarchicalLODOutliner' in 0.0003 seconds. Added 0 classes and 0 folders.
[2018.11.08-00.36.07:614][  0]LogLoad: (Engine Initialization) Total time: 12.37 seconds
[2018.11.08-00.36.07:614][  0]LogLoad: (Engine Initialization) Total Blueprint compile time: 0.00 seconds
[2018.11.08-00.36.07:633][  0]LogWindowsTextInputMethodSystem: Display: IME system now deactivated.
[2018.11.08-00.36.07:668][  0]LogContentStreaming: Texture pool size now 1000 MB
[2018.11.08-00.36.07:686][  1]LogFileCache: Retrieving MD5 hashes for directory 'D:/Github/gift/Builds/GiftGame/Content/' took 0.04s
[2018.11.08-00.36.07:703][  1]LogAssetRegistry: Asset discovery search completed in 7.2731 seconds
[2018.11.08-00.36.07:706][  1]LogCollectionManager: Rebuilt the object cache for 0 collections in 0.000000 seconds (found 0 objects)
[2018.11.08-00.36.07:706][  1]LogCollectionManager: Fixed up redirectors for 0 collections in 0.000069 seconds (updated 0 objects)
[2018.11.08-00.36.08:676][  7]LogSlate: Took 0.000244 seconds to synchronously load lazily loaded font '../../../Engine/Content/Slate/Fonts/Roboto-Light.ttf' (167K)
[2018.11.08-00.36.11:700][121]LogSlate: Took 0.000296 seconds to synchronously load lazily loaded font '../../../Engine/Content/Slate/Fonts/Roboto-Light.ttf' (167K)
[2018.11.08-00.36.12:433][140]LogSlate: FSceneViewport::OnFocusLost() reason 0
[2018.11.08-00.36.12:535][142]LogLinker: Warning: Can't resolve asset name
[2018.11.08-00.36.12:790][142]LogAssetEditorManager: Opening Asset editor for Blueprint /Game/Blueprints/ShakeControl.ShakeControl
[2018.11.08-00.36.13:541][142]LogContentBrowser: Native class hierarchy updated for 'BlueprintGraph' in 0.0011 seconds. Added 116 classes and 0 folders.
[2018.11.08-00.36.14:640][142]LogSlate: Took 0.000290 seconds to synchronously load lazily loaded font '../../../Engine/Content/Slate/Fonts/Roboto-BoldCondensed.ttf' (158K)
[2018.11.08-00.36.14:761][143]LogSlate: Took 0.000268 seconds to synchronously load lazily loaded font '../../../Engine/Content/Slate/Fonts/Roboto-Italic.ttf' (157K)
[2018.11.08-00.36.22:860][298]LogAIModule: Creating AISystem for world MainGame
[2018.11.08-00.36.22:879][298]LogAssetEditorManager: Opening Asset editor for World /Game/Maps/MainGame.MainGame
[2018.11.08-00.36.22:922][298]Cmd: MAP LOAD FILE="../../../../../Github/gift/Builds/GiftGame/Content/Maps/MainGame.umap" TEMPLATE=0 SHOWPROGRESS=1 FEATURELEVEL=3
[2018.11.08-00.36.22:922][298]LightingResults: New page: Lighting Build
[2018.11.08-00.36.22:923][298]LoadErrors: New page: Loading map: MainGame.umap
[2018.11.08-00.36.22:924][298]MapCheck: New page: Map Check
[2018.11.08-00.36.22:924][298]LightingResults: New page: Lighting Build
[2018.11.08-00.36.23:047][298]LogEditorServer: Finished looking for orphan Actors (0.000 secs)
[2018.11.08-00.36.23:137][298]Cmd: MAP CHECKDEP NOCLEARLOG
[2018.11.08-00.36.23:219][298]MapCheck: Map check complete: 0 Error(s), 0 Warning(s), took 81.159ms to complete.
[2018.11.08-00.36.23:219][298]LogFileHelpers: Loading map 'MainGame' took 0.298
[2018.11.08-00.36.28:471][390]LogRenderer: Reallocating scene render targets to support 1196x720 Format 10 NumSamples 1 (Frame:1).
[2018.11.08-00.36.31:877][422]LogSlate: Window 'ShakeControl' being destroyed
[2018.11.08-00.36.31:992][422]LogSlate: Window 'ShakeControl' being destroyed
[2018.11.08-00.36.34:757][509]LogAssetEditorManager: Opening Asset editor for LevelScriptBlueprint /Game/Maps/MainGame.MainGame:PersistentLevel.MainGame
[2018.11.08-00.36.41:495][642]LogTemp: Repeating last play command: Selected Viewport
[2018.11.08-00.36.41:624][642]LogBlueprintUserMessages: Early PlayInEditor Detection: Level '/Game/Maps/MainGame.MainGame:PersistentLevel' has LevelScriptBlueprint '/Game/Maps/MainGame.MainGame:PersistentLevel.MainGame' with GeneratedClass '/Game/Maps/MainGame.MainGame_C' with ClassGeneratedBy '/Game/Maps/MainGame.MainGame:PersistentLevel.MainGame'
[2018.11.08-00.36.41:624][642]LogPlayLevel: PlayLevel: No blueprints needed recompiling
[2018.11.08-00.36.41:636][642]PIE: New page: PIE session: MainGame (Nov 7, 2018, 12:36:41 PM)
[2018.11.08-00.36.41:636][642]LogPlayLevel: Creating play world package: /Game/Maps/UEDPIE_0_MainGame
[2018.11.08-00.36.41:643][642]LogPlayLevel: PIE: StaticDuplicateObject took: (0.006230s)
[2018.11.08-00.36.41:643][642]LogAIModule: Creating AISystem for world MainGame
[2018.11.08-00.36.41:644][642]LogPlayLevel: PIE: World Init took: (0.001114s)
[2018.11.08-00.36.41:644][642]LogPlayLevel: PIE: Created PIE world by copying editor world from /Game/Maps/MainGame.MainGame to /Game/Maps/UEDPIE_0_MainGame.MainGame (0.007551s)
[2018.11.08-00.36.41:693][642]LogInit: XAudio2 using 'Speakers (Realtek High Definition Audio)' : 2 channels at 48 kHz using 32 bits per sample (channel mask 0x3)
[2018.11.08-00.36.41:720][642]LogInit: FAudioDevice initialized.
[2018.11.08-00.36.41:766][642]LogLoad: Game class is 'MenuGameMode_C'
[2018.11.08-00.36.41:768][642]LogWorld: Bringing World /Game/Maps/UEDPIE_0_MainGame.MainGame up for play (max tick rate 60) at 2018.11.07-18.36.41
[2018.11.08-00.36.41:769][642]LogWorld: Bringing up level for play took: 0.001129
[2018.11.08-00.36.41:786][642]LogContentBrowser: Native class hierarchy updated for 'MovieSceneCapture' in 0.0003 seconds. Added 10 classes and 0 folders.
[2018.11.08-00.36.41:789][642]PIE: Play in editor start time for /Game/Maps/UEDPIE_0_MainGame 0.985
[2018.11.08-00.36.41:789][642]LogBlueprintUserMessages: Late PlayInEditor Detection: Level '/Game/Maps/MainGame.MainGame:PersistentLevel' has LevelScriptBlueprint '/Game/Maps/MainGame.MainGame:PersistentLevel.MainGame' with GeneratedClass '/Game/Maps/MainGame.MainGame_C' with ClassGeneratedBy '/Game/Maps/MainGame.MainGame:PersistentLevel.MainGame'
[2018.11.08-00.36.47:429][763]LogSlate: FSceneViewport::OnFocusLost() reason 0
[2018.11.08-00.36.48:718][792]LogSlate: FSceneViewport::OnFocusLost() reason 0
[2018.11.08-00.36.49:451][808]LogSlate: FSceneViewport::OnFocusLost() reason 0
[2018.11.08-00.36.49:773][815]LogSlate: FSceneViewport::OnFocusLost() reason 0
[2018.11.08-00.36.50:010][820]LogSlate: FSceneViewport::OnFocusLost() reason 0
[2018.11.08-00.36.50:285][826]LogSlate: FSceneViewport::OnFocusLost() reason 0
[2018.11.08-00.36.50:525][831]LogSlate: FSceneViewport::OnFocusLost() reason 0
[2018.11.08-00.36.53:036][886]LogSlate: FSceneViewport::OnFocusLost() reason 0
[2018.11.08-00.36.53:129][887]LogBlueprintUserMessages: Early EndPlayMap Detection: Level '/Game/Maps/MainGame.MainGame:PersistentLevel' has LevelScriptBlueprint '/Game/Maps/MainGame.MainGame:PersistentLevel.MainGame' with GeneratedClass '/Game/Maps/MainGame.MainGame_C' with ClassGeneratedBy '/Game/Maps/MainGame.MainGame:PersistentLevel.MainGame'
[2018.11.08-00.36.53:130][887]LogSlate: Updating window title bar state: overlay mode, drag disabled, window buttons hidden, title bar hidden
[2018.11.08-00.36.53:176][887]LogPlayLevel: Display: Shutting down PIE online subsystems
[2018.11.08-00.36.53:176][887]LogBlueprintUserMessages: Late EndPlayMap Detection: Level '/Game/Maps/MainGame.MainGame:PersistentLevel' has LevelScriptBlueprint '/Game/Maps/MainGame.MainGame:PersistentLevel.MainGame' with GeneratedClass '/Game/Maps/MainGame.MainGame_C' with ClassGeneratedBy '/Game/Maps/MainGame.MainGame:PersistentLevel.MainGame'
[2018.11.08-00.36.53:214][887]LogSlate: Updating window title bar state: overlay mode, drag disabled, window buttons hidden, title bar hidden
[2018.11.08-00.36.53:363][888]LogPlayLevel: Display: Destroying online subsystem :Context_4
[2018.11.08-00.39.05:428][531]BlueprintLog: New page: Compile MainGame
[2018.11.08-00.39.05:494][531]LogBlueprint: Warning: [Compiler PersistentLevel.MainGame] 'Actor' does not inherit from 'Paper Sprite Component' ( Cast To Actor  would always fail).
[2018.11.08-00.39.05:676][531]LogBlueprint: Warning: [Compiler PersistentLevel.MainGame] [0190.43] Compile of PersistentLevel.MainGame successful, but with 1 Warning(s) [in 248 ms] (/Game/Maps/MainGame.MainGame:PersistentLevel.MainGame)
[2018.11.08-00.39.49:909][789]LogEditorTransaction: Undo Add Node
[2018.11.08-00.39.59:881][104]BlueprintLog: New page: Compile MainGame
[2018.11.08-00.40.38:337][  0]LogTemp: Repeating last play command: Selected Viewport
[2018.11.08-00.40.38:695][  0]LogBlueprintUserMessages: Early PlayInEditor Detection: Level '/Game/Maps/MainGame.MainGame:PersistentLevel' has LevelScriptBlueprint '/Game/Maps/MainGame.MainGame:PersistentLevel.MainGame' with GeneratedClass '/Game/Maps/MainGame.MainGame_C' with ClassGeneratedBy '/Game/Maps/MainGame.MainGame:PersistentLevel.MainGame'
[2018.11.08-00.40.38:695][  0]LogPlayLevel: PlayLevel: No blueprints needed recompiling
[2018.11.08-00.40.38:695][  0]PIE: New page: PIE session: MainGame (Nov 7, 2018, 12:40:38 PM)
[2018.11.08-00.40.38:695][  0]LogPlayLevel: Creating play world package: /Game/Maps/UEDPIE_0_MainGame
[2018.11.08-00.40.38:701][  0]LogPlayLevel: PIE: StaticDuplicateObject took: (0.005890s)
[2018.11.08-00.40.38:702][  0]LogAIModule: Creating AISystem for world MainGame
[2018.11.08-00.40.38:702][  0]LogPlayLevel: PIE: World Init took: (0.000858s)
[2018.11.08-00.40.38:702][  0]LogPlayLevel: PIE: Created PIE world by copying editor world from /Game/Maps/MainGame.MainGame to /Game/Maps/UEDPIE_0_MainGame.MainGame (0.006892s)
[2018.11.08-00.40.38:752][  0]LogInit: XAudio2 using 'Speakers (Realtek High Definition Audio)' : 2 channels at 48 kHz using 32 bits per sample (channel mask 0x3)
[2018.11.08-00.40.38:780][  0]LogInit: FAudioDevice initialized.
[2018.11.08-00.40.38:813][  0]LogLoad: Game class is 'MenuGameMode_C'
[2018.11.08-00.40.38:815][  0]LogWorld: Bringing World /Game/Maps/UEDPIE_0_MainGame.MainGame up for play (max tick rate 60) at 2018.11.07-18.40.38
[2018.11.08-00.40.38:815][  0]LogWorld: Bringing up level for play took: 0.000827
[2018.11.08-00.40.38:830][  0]PIE: Play in editor start time for /Game/Maps/UEDPIE_0_MainGame 0.026
[2018.11.08-00.40.38:831][  0]LogBlueprintUserMessages: Late PlayInEditor Detection: Level '/Game/Maps/MainGame.MainGame:PersistentLevel' has LevelScriptBlueprint '/Game/Maps/MainGame.MainGame:PersistentLevel.MainGame' with GeneratedClass '/Game/Maps/MainGame.MainGame_C' with ClassGeneratedBy '/Game/Maps/MainGame.MainGame:PersistentLevel.MainGame'
[2018.11.08-00.40.46:639][169]LogBlueprintUserMessages: Early EndPlayMap Detection: Level '/Game/Maps/MainGame.MainGame:PersistentLevel' has LevelScriptBlueprint '/Game/Maps/MainGame.MainGame:PersistentLevel.MainGame' with GeneratedClass '/Game/Maps/MainGame.MainGame_C' with ClassGeneratedBy '/Game/Maps/MainGame.MainGame:PersistentLevel.MainGame'
[2018.11.08-00.40.46:640][169]LogSlate: Updating window title bar state: overlay mode, drag disabled, window buttons hidden, title bar hidden
[2018.11.08-00.40.46:687][169]LogPlayLevel: Display: Shutting down PIE online subsystems
[2018.11.08-00.40.46:687][169]LogBlueprintUserMessages: Late EndPlayMap Detection: Level '/Game/Maps/MainGame.MainGame:PersistentLevel' has LevelScriptBlueprint '/Game/Maps/MainGame.MainGame:PersistentLevel.MainGame' with GeneratedClass '/Game/Maps/MainGame.MainGame_C' with ClassGeneratedBy '/Game/Maps/MainGame.MainGame:PersistentLevel.MainGame'
[2018.11.08-00.40.46:727][169]LogSlate: Updating window title bar state: overlay mode, drag disabled, window buttons hidden, title bar hidden
[2018.11.08-00.40.46:803][170]LogPlayLevel: Display: Destroying online subsystem :Context_6
[2018.11.08-00.45.44:302][288]LogEditorTransaction: Undo Comment Bubble Visibility
[2018.11.08-00.45.44:906][305]LogEditorTransaction: Undo Add Node
[2018.11.08-00.47.00:463][588]Cmd: OBJ SAVEPACKAGE PACKAGE="/Game/Maps/MainGame" FILE="../../../../../Github/gift/Builds/GiftGame/Saved/Autosaves/Game/Maps/MainGame_Auto1.umap" SILENT=true AUTOSAVING=true KEEPDIRTY=false
[2018.11.08-00.47.00:652][588]LogBlueprint: Error: [Compiler PersistentLevel.MainGame] The type of  Object  is undetermined.  Connect something to  Cast To Actor  to imply a specific type.
[2018.11.08-00.47.00:654][588]LogBlueprint: Error: [Compiler PersistentLevel.MainGame] The current value of the ' Object ' pin is invalid: Unsupported type Wildcard on pin Object
[2018.11.08-00.47.01:540][588]LogStats: FPlatformStackWalk::StackWalkAndDump -  0.885 s
[2018.11.08-00.47.01:540][588]LogOutputDevice: Error: === Handled ensure: ===
[2018.11.08-00.47.01:540][588]LogOutputDevice: Error: 
[2018.11.08-00.47.01:540][588]LogOutputDevice: Error: Ensure condition failed: Component && (Component->GetOuter() == GeneratedClass) [File:D:\Build\++UE4\Sync\Engine\Source\Runtime\Engine\Private\Blueprint.cpp] [Line: 1154]
[2018.11.08-00.47.01:540][588]LogOutputDevice: Error: 
[2018.11.08-00.47.01:540][588]LogOutputDevice: Error: Stack: 
[2018.11.08-00.47.01:540][588]LogOutputDevice: Error: [Callstack] 0x00007ffc84cd71f6 UE4Editor-Core.dll!UnknownFunction []
[2018.11.08-00.47.01:540][588]LogOutputDevice: Error: [Callstack] 0x00007ffc84a10c92 UE4Editor-Core.dll!UnknownFunction []
[2018.11.08-00.47.01:540][588]LogOutputDevice: Error: [Callstack] 0x00007ffc84a2b356 UE4Editor-Core.dll!UnknownFunction []
[2018.11.08-00.47.01:540][588]LogOutputDevice: Error: [Callstack] 0x00007ffc77a0ec6a UE4Editor-Engine.dll!UnknownFunction []
[2018.11.08-00.47.01:540][588]LogOutputDevice: Error: [Callstack] 0x00007ffc8b5d4c38 UE4Editor-KismetCompiler.dll!UnknownFunction []
[2018.11.08-00.47.01:540][588]LogOutputDevice: Error: [Callstack] 0x00007ffc81cbc9a4 UE4Editor-Kismet.dll!UnknownFunction []
[2018.11.08-00.47.01:540][588]LogOutputDevice: Error: [Callstack] 0x00007ffc81c4fee1 UE4Editor-Kismet.dll!UnknownFunction []
[2018.11.08-00.47.01:540][588]LogOutputDevice: Error: [Callstack] 0x00007ffc7e6edf4c UE4Editor-UnrealEd.dll!UnknownFunction []
[2018.11.08-00.47.01:540][588]LogOutputDevice: Error: [Callstack] 0x00007ffc78a1aea3 UE4Editor-Engine.dll!UnknownFunction []
[2018.11.08-00.47.01:540][588]LogOutputDevice: Error: [Callstack] 0x00007ffc844ee036 UE4Editor-CoreUObject.dll!UnknownFunction []
[2018.11.08-00.47.01:540][588]LogOutputDevice: Error: [Callstack] 0x00007ffc7e28ecd6 UE4Editor-UnrealEd.dll!UnknownFunction []
[2018.11.08-00.47.01:540][588]LogOutputDevice: Error: [Callstack] 0x00007ffc7e28f640 UE4Editor-UnrealEd.dll!UnknownFunction []
[2018.11.08-00.47.01:540][588]LogOutputDevice: Error: [Callstack] 0x00007ffc7e2d2e13 UE4Editor-UnrealEd.dll!UnknownFunction []
[2018.11.08-00.47.01:540][588]LogOutputDevice: Error: [Callstack] 0x00007ffc7e2cf60b UE4Editor-UnrealEd.dll!UnknownFunction []
[2018.11.08-00.47.01:540][588]LogOutputDevice: Error: [Callstack] 0x00007ffc7ebada43 UE4Editor-UnrealEd.dll!UnknownFunction []
[2018.11.08-00.47.01:540][588]LogOutputDevice: Error: [Callstack] 0x00007ffc7e6bbac7 UE4Editor-UnrealEd.dll!UnknownFunction []
[2018.11.08-00.47.01:541][588]LogOutputDevice: Error: [Callstack] 0x00007ffc7e654412 UE4Editor-UnrealEd.dll!UnknownFunction []
[2018.11.08-00.47.01:541][588]LogOutputDevice: Error: [Callstack] 0x00007ffc7e826ae6 UE4Editor-UnrealEd.dll!UnknownFunction []
[2018.11.08-00.47.01:541][588]LogOutputDevice: Error: [Callstack] 0x00007ffc7eb8f6e1 UE4Editor-UnrealEd.dll!UnknownFunction []
[2018.11.08-00.47.01:541][588]LogOutputDevice: Error: [Callstack] 0x00007ff765b45cbd UE4Editor.exe!UnknownFunction []
[2018.11.08-00.47.01:541][588]LogOutputDevice: Error: [Callstack] 0x00007ff765b55b3c UE4Editor.exe!UnknownFunction []
[2018.11.08-00.47.01:541][588]LogOutputDevice: Error: [Callstack] 0x00007ff765b55bba UE4Editor.exe!UnknownFunction []
[2018.11.08-00.47.01:541][588]LogOutputDevice: Error: [Callstack] 0x00007ff765b63dac UE4Editor.exe!UnknownFunction []
[2018.11.08-00.47.01:541][588]LogOutputDevice: Error: [Callstack] 0x00007ff765b65aaa UE4Editor.exe!UnknownFunction []
[2018.11.08-00.47.01:541][588]LogOutputDevice: Error: [Callstack] 0x00007ffccc843034 KERNEL32.DLL!UnknownFunction []
[2018.11.08-00.47.01:541][588]LogOutputDevice: Error: [Callstack] 0x00007ffcce5d1461 ntdll.dll!UnknownFunction []
[2018.11.08-00.47.01:541][588]LogOutputDevice: Error: 
[2018.11.08-00.47.01:547][588]LogStats:                SubmitErrorReport -  0.000 s
[2018.11.08-00.47.02:115][588]LogStats:                    SendNewReport -  0.568 s
[2018.11.08-00.47.02:115][588]LogStats:             FDebug::EnsureFailed -  1.460 s
[2018.11.08-00.47.02:115][588]LogBlueprint: Warning: [Compiler PersistentLevel.MainGame] [0666.87] Compile of PersistentLevel.MainGame failed. 2 Fatal Issue(s) 0 Warning(s) [in 1,515 ms] (/Game/Maps/MainGame.MainGame:PersistentLevel.MainGame)
[2018.11.08-00.47.02:426][588]LogSavePackage: Moving '../../../../../Github/gift/Builds/GiftGame/Saved/MainGame_Auto1768DD6AF48E48934C95A22BADE3CD08B.tmp' to '../../../../../Github/gift/Builds/GiftGame/Saved/Autosaves/Game/Maps/MainGame_Auto1.umap'
[2018.11.08-00.47.02:433][588]LogFileHelpers: Editor autosave (incl. sublevels) for '/Game/Maps/MainGame' took 2.011
[2018.11.08-00.47.02:433][588]LogFileHelpers: Editor autosave (incl. sublevels) for all levels took 2.011
[2018.11.08-00.48.00:706][676]LogEditorTransaction: Undo Move Node
[2018.11.08-00.48.00:904][678]LogEditorTransaction: Undo Delete current selection
[2018.11.08-00.48.01:192][684]LogEditorTransaction: Undo Add Node
[2018.11.08-00.52.48:368][ 31]LogTemp: Repeating last play command: Selected Viewport
[2018.11.08-00.52.48:746][ 31]LogBlueprintUserMessages: Early PlayInEditor Detection: Level '/Game/Maps/MainGame.MainGame:PersistentLevel' has LevelScriptBlueprint '/Game/Maps/MainGame.MainGame:PersistentLevel.MainGame' with GeneratedClass '/Game/Maps/MainGame.MainGame_C' with ClassGeneratedBy '/Game/Maps/MainGame.MainGame:PersistentLevel.MainGame'
[2018.11.08-00.52.48:747][ 31]BlueprintLog: New page: Pre-Play auto-recompile
[2018.11.08-00.52.48:789][ 31]LogPlayLevel: [PlayLevel] Compiling MainGame before play...
[2018.11.08-00.52.48:817][ 31]LogBlueprint: Error: [Compiler PersistentLevel.MainGame] The type of  Object  is undetermined.  Connect something to  Cast To Actor  to imply a specific type.
[2018.11.08-00.52.48:819][ 31]LogBlueprint: Error: [Compiler PersistentLevel.MainGame] The current value of the ' Object ' pin is invalid: Unsupported type Wildcard on pin Object
[2018.11.08-00.52.48:820][ 31]LogBlueprint: Warning: [Compiler PersistentLevel.MainGame] [1013.58] Compile of PersistentLevel.MainGame failed. 2 Fatal Issue(s) 0 Warning(s) [in 31 ms] (/Game/Maps/MainGame.MainGame:PersistentLevel.MainGame)
[2018.11.08-00.52.48:997][ 31]LogPlayLevel: PlayLevel: Blueprint regeneration took 250 ms (1 blueprints)
[2018.11.08-00.52.48:997][ 31]BlueprintLog: Blueprint MainGame failed to compile
[2018.11.08-00.52.54:618][ 31]LogSlate: Window 'Message' being destroyed
[2018.11.08-00.52.54:624][ 31]PIE: New page: PIE session: MainGame (Nov 7, 2018, 12:52:54 PM)
[2018.11.08-00.52.54:625][ 31]LogPlayLevel: Creating play world package: /Game/Maps/UEDPIE_0_MainGame
[2018.11.08-00.52.54:634][ 31]LogPlayLevel: PIE: StaticDuplicateObject took: (0.009451s)
[2018.11.08-00.52.54:635][ 31]LogAIModule: Creating AISystem for world MainGame
[2018.11.08-00.52.54:635][ 31]LogPlayLevel: PIE: World Init took: (0.001195s)
[2018.11.08-00.52.54:636][ 31]LogPlayLevel: PIE: Created PIE world by copying editor world from /Game/Maps/MainGame.MainGame to /Game/Maps/UEDPIE_0_MainGame.MainGame (0.010890s)
[2018.11.08-00.52.54:694][ 31]LogInit: XAudio2 using 'Speakers (Realtek High Definition Audio)' : 2 channels at 48 kHz using 32 bits per sample (channel mask 0x3)
[2018.11.08-00.52.54:722][ 31]LogInit: FAudioDevice initialized.
[2018.11.08-00.52.54:752][ 31]LogLoad: Game class is 'MenuGameMode_C'
[2018.11.08-00.52.54:753][ 31]LogWorld: Bringing World /Game/Maps/UEDPIE_0_MainGame.MainGame up for play (max tick rate 60) at 2018.11.07-18.52.54
[2018.11.08-00.52.54:753][ 31]LogWorld: Bringing up level for play took: 0.000899
[2018.11.08-00.52.54:769][ 31]PIE: Play in editor start time for /Game/Maps/UEDPIE_0_MainGame 5.966
[2018.11.08-00.52.54:770][ 31]LogBlueprintUserMessages: Late PlayInEditor Detection: Level '/Game/Maps/MainGame.MainGame:PersistentLevel' has LevelScriptBlueprint '/Game/Maps/MainGame.MainGame:PersistentLevel.MainGame' with GeneratedClass '/Game/Maps/MainGame.MainGame_C' with ClassGeneratedBy '/Game/Maps/MainGame.MainGame:PersistentLevel.MainGame'
[2018.11.08-00.53.00:311][146]LogSlate: FSceneViewport::OnFocusLost() reason 2
[2018.11.08-00.53.09:069][333]LogBlueprintUserMessages: Early EndPlayMap Detection: Level '/Game/Maps/MainGame.MainGame:PersistentLevel' has LevelScriptBlueprint '/Game/Maps/MainGame.MainGame:PersistentLevel.MainGame' with GeneratedClass '/Game/Maps/MainGame.MainGame_C' with ClassGeneratedBy '/Game/Maps/MainGame.MainGame:PersistentLevel.MainGame'
[2018.11.08-00.53.09:070][333]LogSlate: Updating window title bar state: overlay mode, drag disabled, window buttons hidden, title bar hidden
[2018.11.08-00.53.09:170][333]LogPlayLevel: Display: Shutting down PIE online subsystems
[2018.11.08-00.53.09:170][333]LogBlueprintUserMessages: Late EndPlayMap Detection: Level '/Game/Maps/MainGame.MainGame:PersistentLevel' has LevelScriptBlueprint '/Game/Maps/MainGame.MainGame:PersistentLevel.MainGame' with GeneratedClass '/Game/Maps/MainGame.MainGame_C' with ClassGeneratedBy '/Game/Maps/MainGame.MainGame:PersistentLevel.MainGame'
[2018.11.08-00.53.09:224][333]LogSlate: Updating window title bar state: overlay mode, drag disabled, window buttons hidden, title bar hidden
[2018.11.08-00.53.09:295][334]LogPlayLevel: Display: Destroying online subsystem :Context_7
[2018.11.08-00.53.21:681][541]BlueprintLog: New page: Compile MainGame
[2018.11.08-00.53.22:879][555]Cmd: OBJ SAVEPACKAGE PACKAGE="/Game/Maps/MainGame" FILE="../../../../../Github/gift/Builds/GiftGame/Content/Maps/MainGame.umap" SILENT=true AUTOSAVING=false KEEPDIRTY=false
[2018.11.08-00.53.23:323][555]LogSavePackage: Moving '../../../../../Github/gift/Builds/GiftGame/Saved/MainGameFC63975642EFC75102FED5BEE36422CF.tmp' to '../../../../../Github/gift/Builds/GiftGame/Content/Maps/MainGame.umap'
[2018.11.08-00.53.23:383][555]LogFileHelpers: Saving map 'MainGame' took 0.592
[2018.11.08-00.53.23:818][564]LogTemp: Repeating last play command: Selected Viewport
[2018.11.08-00.53.23:846][564]LogBlueprintUserMessages: Early PlayInEditor Detection: Level '/Game/Maps/MainGame.MainGame:PersistentLevel' has LevelScriptBlueprint '/Game/Maps/MainGame.MainGame:PersistentLevel.MainGame' with GeneratedClass '/Game/Maps/MainGame.MainGame_C' with ClassGeneratedBy '/Game/Maps/MainGame.MainGame:PersistentLevel.MainGame'
[2018.11.08-00.53.23:846][564]LogPlayLevel: PlayLevel: No blueprints needed recompiling
[2018.11.08-00.53.23:846][564]PIE: New page: PIE session: MainGame (Nov 7, 2018, 12:53:23 PM)
[2018.11.08-00.53.23:846][564]LogPlayLevel: Creating play world package: /Game/Maps/UEDPIE_0_MainGame
[2018.11.08-00.53.23:853][564]LogPlayLevel: PIE: StaticDuplicateObject took: (0.006592s)
[2018.11.08-00.53.23:854][564]LogAIModule: Creating AISystem for world MainGame
[2018.11.08-00.53.23:854][564]LogPlayLevel: PIE: World Init took: (0.000841s)
[2018.11.08-00.53.23:854][564]LogPlayLevel: PIE: Created PIE world by copying editor world from /Game/Maps/MainGame.MainGame to /Game/Maps/UEDPIE_0_MainGame.MainGame (0.007595s)
[2018.11.08-00.53.23:921][564]LogInit: XAudio2 using 'Speakers (Realtek High Definition Audio)' : 2 channels at 48 kHz using 32 bits per sample (channel mask 0x3)
[2018.11.08-00.53.23:954][564]LogInit: FAudioDevice initialized.
[2018.11.08-00.53.23:996][564]LogLoad: Game class is 'MenuGameMode_C'
[2018.11.08-00.53.23:998][564]LogWorld: Bringing World /Game/Maps/UEDPIE_0_MainGame.MainGame up for play (max tick rate 60) at 2018.11.07-18.53.23
[2018.11.08-00.53.23:998][564]LogWorld: Bringing up level for play took: 0.001252
[2018.11.08-00.53.24:013][564]PIE: Play in editor start time for /Game/Maps/UEDPIE_0_MainGame -0.791
[2018.11.08-00.53.24:013][564]LogBlueprintUserMessages: Late PlayInEditor Detection: Level '/Game/Maps/MainGame.MainGame:PersistentLevel' has LevelScriptBlueprint '/Game/Maps/MainGame.MainGame:PersistentLevel.MainGame' with GeneratedClass '/Game/Maps/MainGame.MainGame_C' with ClassGeneratedBy '/Game/Maps/MainGame.MainGame:PersistentLevel.MainGame'
[2018.11.08-00.53.45:029][ 35]LogBlueprintUserMessages: Early EndPlayMap Detection: Level '/Game/Maps/MainGame.MainGame:PersistentLevel' has LevelScriptBlueprint '/Game/Maps/MainGame.MainGame:PersistentLevel.MainGame' with GeneratedClass '/Game/Maps/MainGame.MainGame_C' with ClassGeneratedBy '/Game/Maps/MainGame.MainGame:PersistentLevel.MainGame'
[2018.11.08-00.53.45:029][ 35]LogSlate: Updating window title bar state: overlay mode, drag disabled, window buttons hidden, title bar hidden
[2018.11.08-00.53.45:073][ 35]LogPlayLevel: Display: Shutting down PIE online subsystems
[2018.11.08-00.53.45:073][ 35]LogBlueprintUserMessages: Late EndPlayMap Detection: Level '/Game/Maps/MainGame.MainGame:PersistentLevel' has LevelScriptBlueprint '/Game/Maps/MainGame.MainGame:PersistentLevel.MainGame' with GeneratedClass '/Game/Maps/MainGame.MainGame_C' with ClassGeneratedBy '/Game/Maps/MainGame.MainGame:PersistentLevel.MainGame'
[2018.11.08-00.53.45:113][ 35]LogSlate: Updating window title bar state: overlay mode, drag disabled, window buttons hidden, title bar hidden
[2018.11.08-00.53.45:180][ 36]LogPlayLevel: Display: Destroying online subsystem :Context_8
[2018.11.08-00.59.00:314][ 40]BlueprintLog: New page: Compile MainGame
[2018.11.08-00.59.01:093][ 47]Cmd: OBJ SAVEPACKAGE PACKAGE="/Game/Maps/MainGame" FILE="../../../../../Github/gift/Builds/GiftGame/Content/Maps/MainGame.umap" SILENT=true AUTOSAVING=false KEEPDIRTY=false
[2018.11.08-00.59.02:150][ 47]LogSavePackage: Moving '../../../../../Github/gift/Builds/GiftGame/Saved/MainGame817777784B26AB5461E0AAA1578B49C3.tmp' to '../../../../../Github/gift/Builds/GiftGame/Content/Maps/MainGame.umap'
[2018.11.08-00.59.02:215][ 47]LogFileHelpers: Saving map 'MainGame' took 1.217
[2018.11.08-00.59.07:435][168]LogSlate: Window 'MainGame - Level Blueprint Editor' being destroyed
[2018.11.08-00.59.07:504][168]LogSlate: Window 'MainGame - Level Blueprint Editor' being destroyed
[2018.11.08-00.59.10:402][228]LogSlate: Window 'GiftGame - Unreal Editor' being destroyed
[2018.11.08-00.59.10:403][228]LogWindowsTextInputMethodSystem: Display: IME system now deactivated.
[2018.11.08-00.59.10:652][229]Cmd: QUIT_EDITOR
[2018.11.08-00.59.11:389][229]LogExit: Preparing to exit.
[2018.11.08-00.59.12:614][229]LogExit: Editor shut down
[2018.11.08-00.59.12:615][229]LogExit: Transaction tracking system shut down
[2018.11.08-00.59.13:006][229]LogExit: Object subsystem successfully closed.
[2018.11.08-00.59.13:025][229]LogShaderCompilers: Display: Shaders left to compile 0
[2018.11.08-00.59.13:029][229]LogD3D11RHI: Shutdown
[2018.11.08-00.59.13:029][229]LogD3D11RHI: CleanupD3DDevice
[2018.11.08-00.59.13:047][229]LogD3D11RHI: ~FD3D11DynamicRHI
[2018.11.08-00.59.13:060][229]LogModuleManager: Shutting down and abandoning module MovieSceneCapture (618)
[2018.11.08-00.59.13:060][229]LogModuleManager: Shutting down and abandoning module Voice (616)
[2018.11.08-00.59.13:060][229]LogModuleManager: Shutting down and abandoning module BlueprintGraph (614)
[2018.11.08-00.59.13:060][229]LogModuleManager: Shutting down and abandoning module HierarchicalLODOutliner (612)
[2018.11.08-00.59.13:060][229]LogModuleManager: Shutting down and abandoning module SceneOutliner (610)
[2018.11.08-00.59.13:060][229]LogModuleManager: Shutting down and abandoning module AddContentDialog (608)
[2018.11.08-00.59.13:061][229]LogModuleManager: Shutting down and abandoning module WidgetCarousel (607)
[2018.11.08-00.59.13:061][229]LogModuleManager: Shutting down and abandoning module EditorWidgets (604)
[2018.11.08-00.59.13:061][229]LogModuleManager: Shutting down and abandoning module CollectionManager (602)
[2018.11.08-00.59.13:061][229]LogModuleManager: Shutting down and abandoning module HierarchicalLODUtilities (600)
[2018.11.08-00.59.13:061][229]LogModuleManager: Shutting down and abandoning module StatsViewer (598)
[2018.11.08-00.59.13:061][229]LogModuleManager: Shutting down and abandoning module FoliageEdit (596)
[2018.11.08-00.59.13:061][229]LogModuleManager: Shutting down and abandoning module LandscapeEditor (594)
[2018.11.08-00.59.13:061][229]LogModuleManager: Shutting down and abandoning module MeshPaintMode (592)
[2018.11.08-00.59.13:061][229]LogModuleManager: Shutting down and abandoning module SceneDepthPickerMode (590)
[2018.11.08-00.59.13:061][229]LogModuleManager: Shutting down and abandoning module ActorPickerMode (588)
[2018.11.08-00.59.13:061][229]LogModuleManager: Shutting down and abandoning module GeometryMode (586)
[2018.11.08-00.59.13:061][229]LogModuleManager: Shutting down and abandoning module TextureAlignMode (584)
[2018.11.08-00.59.13:061][229]LogModuleManager: Shutting down and abandoning module BspMode (582)
[2018.11.08-00.59.13:061][229]LogModuleManager: Shutting down and abandoning module PIEPreviewDeviceProfileSelector (580)
[2018.11.08-00.59.13:061][229]LogModuleManager: Shutting down and abandoning module SequenceRecorderSections (578)
[2018.11.08-00.59.13:061][229]LogModuleManager: Shutting down and abandoning module AutomationWorker (576)
[2018.11.08-00.59.13:061][229]LogModuleManager: Shutting down and abandoning module AudioCaptureEditor (574)
[2018.11.08-00.59.13:061][229]LogModuleManager: Shutting down and abandoning module SequenceRecorder (573)
[2018.11.08-00.59.13:061][229]LogModuleManager: Shutting down and abandoning module MatineeToLevelSequence (570)
[2018.11.08-00.59.13:061][229]LogModuleManager: Shutting down and abandoning module LevelSequenceEditor (568)
[2018.11.08-00.59.13:061][229]LogModuleManager: Shutting down and abandoning module PlacementMode (567)
[2018.11.08-00.59.13:061][229]LogModuleManager: Shutting down and abandoning module MaterialEditor (566)
[2018.11.08-00.59.13:061][229]LogModuleManager: Shutting down and abandoning module WmfMediaFactory (562)
[2018.11.08-00.59.13:062][229]LogModuleManager: Shutting down and abandoning module WmfMediaEditor (560)
[2018.11.08-00.59.13:062][229]LogModuleManager: Shutting down and abandoning module MediaPlayerEditor (558)
[2018.11.08-00.59.13:062][229]LogModuleManager: Shutting down and abandoning module OpenExrWrapper (556)
[2018.11.08-00.59.13:062][229]LogModuleManager: Shutting down and abandoning module ImgMediaFactory (554)
[2018.11.08-00.59.13:062][229]LogModuleManager: Shutting down and abandoning module ImgMediaEditor (552)
[2018.11.08-00.59.13:062][229]LogModuleManager: Shutting down and abandoning module AvfMediaFactory (550)
[2018.11.08-00.59.13:062][229]LogModuleManager: Shutting down and abandoning module AvfMediaEditor (548)
[2018.11.08-00.59.13:062][229]LogModuleManager: Shutting down and abandoning module AndroidMediaFactory (546)
[2018.11.08-00.59.13:062][229]LogModuleManager: Shutting down and abandoning module AndroidMediaEditor (544)
[2018.11.08-00.59.13:062][229]LogModuleManager: Shutting down and abandoning module MagicLeapCameraPreviewFactory (542)
[2018.11.08-00.59.13:062][229]LogModuleManager: Shutting down and abandoning module MagicLeapMediaFactory (540)
[2018.11.08-00.59.13:062][229]LogModuleManager: Shutting down and abandoning module MagicLeapMediaEditor (538)
[2018.11.08-00.59.13:062][229]LogModuleManager: Shutting down and abandoning module CharacterAI (536)
[2018.11.08-00.59.13:062][229]LogModuleManager: Shutting down and abandoning module SmartSnapping (534)
[2018.11.08-00.59.13:062][229]LogModuleManager: Shutting down and abandoning module SessionServices (532)
[2018.11.08-00.59.13:062][229]LogModuleManager: Shutting down and abandoning module ViewportSnapping (530)
[2018.11.08-00.59.13:062][229]LogModuleManager: Shutting down and abandoning module ViewportInteraction (528)
[2018.11.08-00.59.13:062][229]LogModuleManager: Shutting down and abandoning module ClothPainter (526)
[2018.11.08-00.59.13:062][229]LogModuleManager: Shutting down and abandoning module SkeletalMeshEditor (525)
[2018.11.08-00.59.13:062][229]LogModuleManager: Shutting down and abandoning module LogVisualizer (522)
[2018.11.08-00.59.13:062][229]LogModuleManager: Shutting down and abandoning module IntroTutorials (520)
[2018.11.08-00.59.13:062][229]LogModuleManager: Shutting down and abandoning module GameProjectGeneration (519)
[2018.11.08-00.59.13:062][229]LogModuleManager: Shutting down and abandoning module LuminPlatformEditor (516)
[2018.11.08-00.59.13:062][229]LogModuleManager: Shutting down and abandoning module IOSPlatformEditor (514)
[2018.11.08-00.59.13:062][229]LogModuleManager: Shutting down and abandoning module HTML5PlatformEditor (512)
[2018.11.08-00.59.13:062][229]LogModuleManager: Shutting down and abandoning module AndroidPlatformEditor (510)
[2018.11.08-00.59.13:062][229]LogModuleManager: Shutting down and abandoning module AndroidDeviceDetection (509)
[2018.11.08-00.59.14:470][229]LogModuleManager: Shutting down and abandoning module WindowsPlatformEditor (506)
[2018.11.08-00.59.14:470][229]LogModuleManager: Shutting down and abandoning module LuminRuntimeSettings (504)
[2018.11.08-00.59.14:470][229]LogModuleManager: Shutting down and abandoning module IOSRuntimeSettings (502)
[2018.11.08-00.59.14:470][229]LogModuleManager: Shutting down and abandoning module AndroidRuntimeSettings (500)
[2018.11.08-00.59.14:470][229]LogModuleManager: Shutting down and abandoning module InputBindingEditor (498)
[2018.11.08-00.59.14:470][229]LogModuleManager: Shutting down and abandoning module MergeActors (496)
[2018.11.08-00.59.14:470][229]LogModuleManager: Shutting down and abandoning module LocalizationDashboard (494)
[2018.11.08-00.59.14:470][229]LogModuleManager: Shutting down and abandoning module LocalizationService (493)
[2018.11.08-00.59.14:471][229]LogModuleManager: Shutting down and abandoning module HardwareTargeting (490)
[2018.11.08-00.59.14:471][229]LogModuleManager: Shutting down and abandoning module DeviceProfileEditor (488)
[2018.11.08-00.59.14:471][229]LogModuleManager: Shutting down and abandoning module UndoHistory (486)
[2018.11.08-00.59.14:471][229]LogModuleManager: Shutting down and abandoning module XmlParser (484)
[2018.11.08-00.59.14:471][229]LogModuleManager: Shutting down and abandoning module Blutility (482)
[2018.11.08-00.59.14:471][229]LogModuleManager: Shutting down and abandoning module ProjectSettingsViewer (480)
[2018.11.08-00.59.14:471][229]LogModuleManager: Shutting down and abandoning module ProjectTargetPlatformEditor (479)
[2018.11.08-00.59.14:472][229]LogModuleManager: Shutting down and abandoning module EditorSettingsViewer (476)
[2018.11.08-00.59.14:472][229]LogModuleManager: Shutting down and abandoning module SettingsEditor (474)
[2018.11.08-00.59.14:472][229]LogModuleManager: Shutting down and abandoning module ProjectLauncher (472)
[2018.11.08-00.59.14:472][229]LogModuleManager: Shutting down and abandoning module SessionFrontend (470)
[2018.11.08-00.59.14:472][229]LogModuleManager: Shutting down and abandoning module ProfilerClient (468)
[2018.11.08-00.59.14:472][229]LogModuleManager: Shutting down and abandoning module DeviceManager (466)
[2018.11.08-00.59.14:472][229]LogModuleManager: Shutting down and abandoning module TargetDeviceServices (465)
[2018.11.08-00.59.14:539][229]LogModuleManager: Shutting down and abandoning module AutomationController (462)
[2018.11.08-00.59.14:539][229]LogModuleManager: Shutting down and abandoning module AutomationWindow (460)
[2018.11.08-00.59.14:539][229]LogModuleManager: Shutting down and abandoning module Layers (458)
[2018.11.08-00.59.14:539][229]LogModuleManager: Shutting down and abandoning module ComponentVisualizers (456)
[2018.11.08-00.59.14:539][229]LogModuleManager: Shutting down and abandoning module DetailCustomizations (454)
[2018.11.08-00.59.14:539][229]LogModuleManager: Shutting down and abandoning module PackagesDialog (452)
[2018.11.08-00.59.14:540][229]LogModuleManager: Shutting down and abandoning module Persona (450)
[2018.11.08-00.59.14:540][229]LogModuleManager: Shutting down and abandoning module AdvancedPreviewScene (449)
[2018.11.08-00.59.14:540][229]LogModuleManager: Shutting down and abandoning module AnimGraph (447)
[2018.11.08-00.59.14:540][229]LogModuleManager: Shutting down and abandoning module Kismet (444)
[2018.11.08-00.59.14:561][229]LogModuleManager: Shutting down and abandoning module GraphEditor (442)
[2018.11.08-00.59.14:561][229]LogModuleManager: Shutting down and abandoning module ClassViewer (440)
[2018.11.08-00.59.14:561][229]LogModuleManager: Shutting down and abandoning module Toolbox (438)
[2018.11.08-00.59.14:561][229]LogModuleManager: Shutting down and abandoning module ModuleUI (436)
[2018.11.08-00.59.14:561][229]LogModuleManager: Shutting down and abandoning module MovieSceneTools (434)
[2018.11.08-00.59.14:562][229]LogModuleManager: Shutting down and abandoning module OutputLog (432)
[2018.11.08-00.59.14:562][229]LogModuleManager: Shutting down and abandoning module GammaUI (430)
[2018.11.08-00.59.14:562][229]LogModuleManager: Shutting down and abandoning module Documentation (428)
[2018.11.08-00.59.14:562][229]LogModuleManager: Shutting down and abandoning module MovieSceneTracks (426)
[2018.11.08-00.59.14:562][229]LogModuleManager: Shutting down and abandoning module MovieScene (424)
[2018.11.08-00.59.14:563][229]LogModuleManager: Shutting down and abandoning module StreamingPauseRendering (422)
[2018.11.08-00.59.14:563][229]LogModuleManager: Shutting down and abandoning module LauncherPlatform (420)
[2018.11.08-00.59.14:563][229]LogModuleManager: Shutting down and abandoning module AnalyticsET (418)
[2018.11.08-00.59.14:563][229]LogModuleManager: Shutting down and abandoning module PortalServices (416)
[2018.11.08-00.59.14:563][229]LogModuleManager: Shutting down and abandoning module PortalRpc (414)
[2018.11.08-00.59.14:563][229]LogModuleManager: Shutting down and abandoning module MessagingRpc (412)
[2018.11.08-00.59.14:563][229]LogModuleManager: Shutting down and abandoning module AIModule (410)
[2018.11.08-00.59.14:563][229]LogModuleManager: Shutting down and abandoning module GameplayDebugger (409)
[2018.11.08-00.59.14:563][229]LogModuleManager: Shutting down and abandoning module AITestSuite (407)
[2018.11.08-00.59.14:564][229]LogModuleManager: Shutting down and abandoning module NavigationSystem (405)
[2018.11.08-00.59.14:564][229]LogModuleManager: Shutting down and abandoning module DesktopPlatform (402)
[2018.11.08-00.59.14:564][229]LogModuleManager: Shutting down and abandoning module ProfilerService (400)
[2018.11.08-00.59.14:805][229]LogModuleManager: Shutting down and abandoning module TaskGraph (398)
[2018.11.08-00.59.14:805][229]LogModuleManager: Shutting down and abandoning module SteamVRController (396)
[2018.11.08-00.59.14:806][229]LogModuleManager: Shutting down and abandoning module ProceduralMeshComponentEditor (394)
[2018.11.08-00.59.14:806][229]LogModuleManager: Shutting down and abandoning module ProceduralMeshComponent (392)
[2018.11.08-00.59.14:806][229]LogModuleManager: Shutting down and abandoning module OculusInput (390)
[2018.11.08-00.59.14:806][229]LogModuleManager: Shutting down and abandoning module MobilePatchingUtils (388)
[2018.11.08-00.59.14:806][229]LogModuleManager: Shutting down and abandoning module EditableMesh (386)
[2018.11.08-00.59.14:806][229]LogModuleManager: Shutting down and abandoning module CustomMeshComponent (384)
[2018.11.08-00.59.14:807][229]LogModuleManager: Shutting down and abandoning module CableComponent (382)
[2018.11.08-00.59.14:807][229]LogModuleManager: Shutting down and abandoning module AudioCapture (380)
[2018.11.08-00.59.14:807][229]LogModuleManager: Shutting down and abandoning module ArchVisCharacter (378)
[2018.11.08-00.59.14:807][229]LogModuleManager: Shutting down and abandoning module AndroidPermission (376)
[2018.11.08-00.59.14:808][229]LogModuleManager: Shutting down and abandoning module NUTUnrealEngine4 (374)
[2018.11.08-00.59.14:808][229]LogModuleManager: Shutting down and abandoning module NetcodeUnitTest (372)
[2018.11.08-00.59.14:809][229]LogModuleManager: Shutting down and abandoning module MediaCompositingEditor (370)
[2018.11.08-00.59.14:809][229]LogModuleManager: Shutting down and abandoning module MediaCompositing (368)
[2018.11.08-00.59.14:810][229]LogModuleManager: Shutting down and abandoning module LinearTimecode (366)
[2018.11.08-00.59.14:810][229]LogModuleManager: Shutting down and abandoning module ImgMedia (364)
[2018.11.08-00.59.14:831][229]LogModuleManager: Shutting down and abandoning module HTML5Networking (362)
[2018.11.08-00.59.14:831][229]LogModuleManager: Shutting down and abandoning module GeometryCacheTracks (360)
[2018.11.08-00.59.14:831][229]LogModuleManager: Shutting down and abandoning module GeometryCacheSequencer (358)
[2018.11.08-00.59.14:831][229]LogModuleManager: Shutting down and abandoning module BackChannel (356)
[2018.11.08-00.59.14:832][229]LogModuleManager: Shutting down and abandoning module AppleVision (354)
[2018.11.08-00.59.14:832][229]LogModuleManager: Shutting down and abandoning module AppleImageUtils (352)
[2018.11.08-00.59.14:832][229]LogModuleManager: Shutting down and abandoning module AlembicImporter (350)
[2018.11.08-00.59.14:832][229]LogModuleManager: Shutting down and abandoning module AlembicLibrary (349)
[2018.11.08-00.59.14:833][229]LogModuleManager: Shutting down and abandoning module GeometryCache (348)
[2018.11.08-00.59.14:833][229]LogModuleManager: Shutting down and abandoning module GeometryCacheEd (347)
[2018.11.08-00.59.14:833][229]LogModuleManager: Shutting down and abandoning module DatasmithContentEditor (342)
[2018.11.08-00.59.14:833][229]LogModuleManager: Shutting down and abandoning module DatasmithContent (340)
[2018.11.08-00.59.14:836][229]LogModuleManager: Shutting down and abandoning module SpeedTreeImporter (338)
[2018.11.08-00.59.14:837][229]LogModuleManager: Shutting down and abandoning module PluginBrowser (336)
[2018.11.08-00.59.14:838][229]LogModuleManager: Shutting down and abandoning module MobileLauncherProfileWizard (334)
[2018.11.08-00.59.14:838][229]LogModuleManager: Shutting down and abandoning module PolygonModeling (332)
[2018.11.08-00.59.14:838][229]LogModuleManager: Shutting down and abandoning module MeshEditor (330)
[2018.11.08-00.59.14:838][229]LogModuleManager: Shutting down and abandoning module CryptoKeysOpenSSL (328)
[2018.11.08-00.59.14:839][229]LogModuleManager: Shutting down and abandoning module CryptoKeys (326)
[2018.11.08-00.59.14:839][229]LogModuleManager: Shutting down and abandoning module VisualStudioSourceCodeAccess (324)
[2018.11.08-00.59.14:839][229]LogModuleManager: Shutting down and abandoning module VisualStudioCodeSourceCodeAccess (322)
[2018.11.08-00.59.14:839][229]LogModuleManager: Shutting down and abandoning module UObjectPlugin (320)
[2018.11.08-00.59.14:839][229]LogModuleManager: Shutting down and abandoning module SubversionSourceControl (318)
[2018.11.08-00.59.14:840][229]LogModuleManager: Shutting down and abandoning module PerforceSourceControl (316)
[2018.11.08-00.59.14:840][229]LogModuleManager: Shutting down and abandoning module GitSourceControl (314)
[2018.11.08-00.59.14:840][229]LogModuleManager: Shutting down and abandoning module SourceControl (313)
[2018.11.08-00.59.14:841][229]LogModuleManager: Shutting down and abandoning module CLionSourceCodeAccess (310)
[2018.11.08-00.59.14:841][229]LogModuleManager: Shutting down and abandoning module LightPropagationVolumeEditor (308)
[2018.11.08-00.59.14:841][229]LogModuleManager: Shutting down and abandoning module PaperTiledImporter (306)
[2018.11.08-00.59.14:841][229]LogModuleManager: Shutting down and abandoning module PaperSpriteSheetImporter (304)
[2018.11.08-00.59.14:841][229]LogModuleManager: Shutting down and abandoning module Paper2DEditor (302)
[2018.11.08-00.59.14:842][229]LogModuleManager: Shutting down and abandoning module MeshPaint (301)
[2018.11.08-00.59.14:842][229]LogModuleManager: Shutting down and abandoning module RuntimePhysXCooking (298)
[2018.11.08-00.59.14:842][229]LogModuleManager: Shutting down and abandoning module PhysXVehiclesEditor (296)
[2018.11.08-00.59.14:843][229]LogModuleManager: Shutting down and abandoning module PhysXVehicles (294)
[2018.11.08-00.59.14:843][229]LogModuleManager: Shutting down and abandoning module OculusEditor (292)
[2018.11.08-00.59.14:844][229]LogModuleManager: Shutting down and abandoning module LocationServicesBPLibrary (290)
[2018.11.08-00.59.14:844][229]LogModuleManager: Shutting down and abandoning module ImmediatePhysicsEditor (288)
[2018.11.08-00.59.14:845][229]LogModuleManager: Shutting down and abandoning module ImmediatePhysics (286)
[2018.11.08-00.59.14:845][229]LogModuleManager: Shutting down and abandoning module ActorSequence (284)
[2018.11.08-00.59.14:845][229]LogModuleManager: Shutting down and abandoning module UdpMessaging (282)
[2018.11.08-00.59.14:946][229]LogModuleManager: Shutting down and abandoning module TcpMessaging (280)
[2018.11.08-00.59.15:047][229]LogModuleManager: Shutting down and abandoning module MagicLeapAudio (278)
[2018.11.08-00.59.15:047][229]LogModuleManager: Shutting down and abandoning module GameplayTagsEditor (276)
[2018.11.08-00.59.15:047][229]LogModuleManager: Shutting down and abandoning module FacialAnimationEditor (274)
[2018.11.08-00.59.15:048][229]LogModuleManager: Shutting down and abandoning module FacialAnimation (272)
[2018.11.08-00.59.15:048][229]LogModuleManager: Shutting down and abandoning module DataValidation (270)
[2018.11.08-00.59.15:048][229]LogModuleManager: Shutting down and abandoning module AssetManagerEditor (268)
[2018.11.08-00.59.15:049][229]LogModuleManager: Shutting down and abandoning module LevelEditor (267)
[2018.11.08-00.59.15:053][229]LogModuleManager: Shutting down and abandoning module PixelInspectorModule (266)
[2018.11.08-00.59.15:053][229]LogModuleManager: Shutting down and abandoning module CommonMenuExtensions (264)
[2018.11.08-00.59.15:055][229]LogModuleManager: Shutting down and abandoning module MainFrame (262)
[2018.11.08-00.59.15:055][229]LogModuleManager: Shutting down and abandoning module HotReload (261)
[2018.11.08-00.59.15:058][229]LogModuleManager: Shutting down and abandoning module ContentBrowser (257)
[2018.11.08-00.59.15:063][229]LogModuleManager: Shutting down and abandoning module TreeMap (255)
[2018.11.08-00.59.15:064][229]LogModuleManager: Shutting down and abandoning module LightPropagationVolumeRuntime (252)
[2018.11.08-00.59.15:064][229]LogModuleManager: Shutting down and abandoning module AISupportModule (250)
[2018.11.08-00.59.15:064][229]LogModuleManager: Shutting down and abandoning module Paper2D (248)
[2018.11.08-00.59.15:064][229]LogModuleManager: Shutting down and abandoning module WindowsMoviePlayer (246)
[2018.11.08-00.59.15:064][229]LogModuleManager: Shutting down and abandoning module WmfMedia (244)
[2018.11.08-00.59.15:078][229]LogModuleManager: Shutting down and abandoning module Media (243)
[2018.11.08-00.59.15:087][229]LogModuleManager: Shutting down and abandoning module PacketHandler (240)
[2018.11.08-00.59.15:087][229]LogModuleManager: Shutting down and abandoning module ClothingSystemEditor (238)
[2018.11.08-00.59.15:088][229]LogModuleManager: Shutting down and abandoning module ClothingSystemRuntime (236)
[2018.11.08-00.59.15:088][229]LogModuleManager: Shutting down and abandoning module MediaAssets (234)
[2018.11.08-00.59.15:088][229]LogModuleManager: Shutting down and abandoning module Overlay (232)
[2018.11.08-00.59.15:088][229]LogModuleManager: Shutting down and abandoning module OverlayEditor (231)
[2018.11.08-00.59.15:088][229]LogModuleManager: Shutting down and abandoning module VREditor (228)
[2018.11.08-00.59.15:088][229]LogModuleManager: Shutting down and abandoning module StringTableEditor (226)
[2018.11.08-00.59.15:088][229]LogModuleManager: Shutting down and abandoning module GameplayTasksEditor (224)
[2018.11.08-00.59.15:088][229]LogModuleManager: Shutting down and abandoning module BehaviorTreeEditor (222)
[2018.11.08-00.59.15:089][229]LogModuleManager: Shutting down and abandoning module FunctionalTesting (220)
[2018.11.08-00.59.15:089][229]LogModuleManager: Shutting down and abandoning module CollisionAnalyzer (218)
[2018.11.08-00.59.15:089][229]LogModuleManager: Shutting down and abandoning module WorkspaceMenuStructure (217)
[2018.11.08-00.59.15:089][229]LogModuleManager: Shutting down and abandoning module UMG (214)
[2018.11.08-00.59.15:089][229]LogModuleManager: Shutting down and abandoning module UMGEditor (213)
[2018.11.08-00.59.15:089][229]LogModuleManager: Shutting down and abandoning module Sequencer (212)
[2018.11.08-00.59.15:090][229]LogModuleManager: Shutting down and abandoning module MessageLog (209)
[2018.11.08-00.59.15:090][229]LogModuleManager: Shutting down and abandoning module SlateReflector (204)
[2018.11.08-00.59.15:090][229]LogModuleManager: Shutting down and abandoning module Slate (202)
[2018.11.08-00.59.15:090][229]LogModuleManager: Shutting down and abandoning module EditorStyle (200)
[2018.11.08-00.59.15:097][229]LogModuleManager: Shutting down and abandoning module MRMesh (198)
[2018.11.08-00.59.15:097][229]LogModuleManager: Shutting down and abandoning module SourceCodeAccess (196)
[2018.11.08-00.59.15:097][229]LogModuleManager: Shutting down and abandoning module HeadMountedDisplay (194)
[2018.11.08-00.59.15:097][229]LogModuleManager: Shutting down and abandoning module XAudio2 (192)
[2018.11.08-00.59.15:097][229]LogModuleManager: Shutting down and abandoning module Networking (190)
[2018.11.08-00.59.15:098][229]LogModuleManager: Shutting down and abandoning module Core (188)
[2018.11.08-00.59.15:098][229]LogModuleManager: Shutting down and abandoning module LevelSequence (186)
[2018.11.08-00.59.15:098][229]LogModuleManager: Shutting down and abandoning module KismetCompiler (184)
[2018.11.08-00.59.15:098][229]LogModuleManager: Shutting down and abandoning module MeshUtilities (182)
[2018.11.08-00.59.15:098][229]LogModuleManager: Shutting down and abandoning module MeshMergeUtilities (181)
[2018.11.08-00.59.15:099][229]LogModuleManager: Shutting down and abandoning module MeshReductionInterface (180)
[2018.11.08-00.59.15:099][229]LogModuleManager: Shutting down and abandoning module SimplygonSwarm (179)
[2018.11.08-00.59.15:099][229]LogModuleManager: Shutting down and abandoning module ProxyLODMeshReduction (177)
[2018.11.08-00.59.15:099][229]LogModuleManager: Shutting down and abandoning module SimplygonMeshReduction (175)
[2018.11.08-00.59.15:099][229]LogModuleManager: Shutting down and abandoning module QuadricMeshReduction (173)
[2018.11.08-00.59.15:099][229]LogModuleManager: Shutting down and abandoning module MaterialBaking (169)
[2018.11.08-00.59.15:099][229]LogModuleManager: Shutting down and abandoning module DirectoryWatcher (165)
[2018.11.08-00.59.15:100][229]LogModuleManager: Shutting down and abandoning module DerivedDataCache (162)
[2018.11.08-00.59.15:178][229]LogDerivedDataCache: Shutdown
[2018.11.08-00.59.15:178][229]LogModuleManager: Shutting down and abandoning module XGEController (160)
[2018.11.08-00.59.15:179][229]LogXGEController: Cleaning working directory: C:/Users/User/AppData/Local/Temp/UnrealXGEWorkingDir/
[2018.11.08-00.59.15:180][229]LogModuleManager: Shutting down and abandoning module TargetPlatform (158)
[2018.11.08-00.59.15:180][229]LogModuleManager: Shutting down and abandoning module VulkanShaderFormat (157)
[2018.11.08-00.59.15:180][229]LogModuleManager: Shutting down and abandoning module ShaderFormatVectorVM (155)
[2018.11.08-00.59.15:180][229]LogModuleManager: Shutting down and abandoning module ShaderFormatOpenGL (153)
[2018.11.08-00.59.15:180][229]LogModuleManager: Shutting down and abandoning module ShaderFormatD3D (151)
[2018.11.08-00.59.15:180][229]LogModuleManager: Shutting down and abandoning module MetalShaderFormat (149)
[2018.11.08-00.59.15:181][229]LogModuleManager: Shutting down and abandoning module TextureFormatUncompressed (147)
[2018.11.08-00.59.15:181][229]LogModuleManager: Shutting down and abandoning module TextureFormatPVR (145)
[2018.11.08-00.59.15:181][229]LogModuleManager: Shutting down and abandoning module TextureFormatDXT (143)
[2018.11.08-00.59.15:181][229]LogModuleManager: Shutting down and abandoning module TextureFormatIntelISPCTexComp (141)
[2018.11.08-00.59.15:182][229]LogModuleManager: Shutting down and abandoning module TextureFormatASTC (139)
[2018.11.08-00.59.15:182][229]LogModuleManager: Shutting down and abandoning module ImageWrapper (138)
[2018.11.08-00.59.15:182][229]LogModuleManager: Shutting down and abandoning module TextureFormatAndroid (135)
[2018.11.08-00.59.15:182][229]LogModuleManager: Shutting down and abandoning module AudioFormatOpus (133)
[2018.11.08-00.59.15:182][229]LogModuleManager: Shutting down and abandoning module AudioFormatOgg (131)
[2018.11.08-00.59.15:183][229]LogModuleManager: Shutting down and abandoning module AudioFormatADPCM (129)
[2018.11.08-00.59.15:183][229]LogModuleManager: Shutting down and abandoning module LuminTargetPlatform (127)
[2018.11.08-00.59.15:183][229]LogModuleManager: Shutting down and abandoning module LinuxTargetPlatform (125)
[2018.11.08-00.59.15:183][229]LogModuleManager: Shutting down and abandoning module LinuxServerTargetPlatform (123)
[2018.11.08-00.59.15:183][229]LogModuleManager: Shutting down and abandoning module LinuxNoEditorTargetPlatform (121)
[2018.11.08-00.59.15:183][229]LogModuleManager: Shutting down and abandoning module LinuxClientTargetPlatform (119)
[2018.11.08-00.59.15:184][229]LogModuleManager: Shutting down and abandoning module TVOSTargetPlatform (117)
[2018.11.08-00.59.15:189][229]LogModuleManager: Shutting down and abandoning module Messaging (115)
[2018.11.08-00.59.15:189][229]LogModuleManager: Shutting down and abandoning module IOSTargetPlatform (113)
[2018.11.08-00.59.15:193][229]LogModuleManager: Shutting down and abandoning module HTML5TargetPlatform (111)
[2018.11.08-00.59.15:194][229]LogModuleManager: Shutting down and abandoning module AndroidTargetPlatform (109)
[2018.11.08-00.59.15:227][229]LogModuleManager: Shutting down and abandoning module WindowsTargetPlatform (107)
[2018.11.08-00.59.15:227][229]LogModuleManager: Shutting down and abandoning module WindowsServerTargetPlatform (105)
[2018.11.08-00.59.15:227][229]LogModuleManager: Shutting down and abandoning module WindowsNoEditorTargetPlatform (103)
[2018.11.08-00.59.15:227][229]LogModuleManager: Shutting down and abandoning module WindowsClientTargetPlatform (101)
[2018.11.08-00.59.15:227][229]LogModuleManager: Shutting down and abandoning module MacTargetPlatform (99)
[2018.11.08-00.59.15:228][229]LogModuleManager: Shutting down and abandoning module MacServerTargetPlatform (97)
[2018.11.08-00.59.15:228][229]LogModuleManager: Shutting down and abandoning module MacNoEditorTargetPlatform (95)
[2018.11.08-00.59.15:228][229]LogModuleManager: Shutting down and abandoning module MacClientTargetPlatform (93)
[2018.11.08-00.59.15:228][229]LogModuleManager: Shutting down and abandoning module AllDesktopTargetPlatform (91)
[2018.11.08-00.59.15:228][229]LogModuleManager: Shutting down and abandoning module InputCore (88)
[2018.11.08-00.59.15:228][229]LogModuleManager: Shutting down and abandoning module Settings (86)
[2018.11.08-00.59.15:228][229]LogModuleManager: Shutting down and abandoning module PhysXCooking (84)
[2018.11.08-00.59.15:228][229]LogModuleManager: Shutting down and abandoning module SteamVR (82)
[2018.11.08-00.59.15:228][229]LogModuleManager: Shutting down and abandoning module OculusHMD (80)
[2018.11.08-00.59.15:228][229]LogModuleManager: Shutting down and abandoning module ExampleDeviceProfileSelector (78)
[2018.11.08-00.59.15:228][229]LogModuleManager: Shutting down and abandoning module LauncherChunkInstaller (76)
[2018.11.08-00.59.15:228][229]LogModuleManager: Shutting down and abandoning module OnlineBlueprintSupport (74)
[2018.11.08-00.59.15:228][229]LogModuleManager: Shutting down and abandoning module OnlineSubsystem (70)
[2018.11.08-00.59.15:229][229]LogModuleManager: Shutting down and abandoning module XMPP (65)
[2018.11.08-00.59.15:229][229]LogModuleManager: Shutting down and abandoning module WebSockets (64)
[2018.11.08-00.59.15:256][229]LogModuleManager: Shutting down and abandoning module HTTP (61)
[2018.11.08-00.59.15:256][229]LogHttp: Display: Http module shutting down, but needs to wait on 1 outstanding Http requests:
[2018.11.08-00.59.15:256][229]LogHttp: Display: 	verb=[POST] url=[https://datarouter.ol.epicgames.com/datarouter/api/v1/public/data?SessionID=%7BDD10EE77-4F57-E115-8E1F-5691935BC8C2%7D&AppID=UEEditor.Rocket.Release&AppVersion=4.20.3-4369336%2B%2B%2BUE4%2BRelease-4.20&UserID=9c6a84c74345657ba11c51b8f77494d1%7C2b59540c2b9249918a2fe8fd9a40c551%7C88fff24e-e9fa-4870-849c-4ddf2c91d712&AppEnvironment=datacollector-binary&UploadType=eteventstream] status=Processing
[2018.11.08-00.59.15:292][229]LogModuleManager: Shutting down and abandoning module SSL (60)
[2018.11.08-00.59.15:298][229]LogModuleManager: Shutting down and abandoning module MagicLeapEmulator (56)
[2018.11.08-00.59.15:299][229]LogModuleManager: Shutting down and abandoning module MagicLeapPrivileges (54)
[2018.11.08-00.59.15:299][229]LogModuleManager: Shutting down and abandoning module MagicLeapIdentity (52)
[2018.11.08-00.59.15:299][229]LogModuleManager: Shutting down and abandoning module MagicLeapHelperVulkan (50)
[2018.11.08-00.59.15:299][229]LogModuleManager: Shutting down and abandoning module MagicLeapHelperOpenGL (48)
[2018.11.08-00.59.15:299][229]LogModuleManager: Shutting down and abandoning module MagicLeapSecureStorage (46)
[2018.11.08-00.59.15:299][229]LogModuleManager: Shutting down and abandoning module MagicLeapGestures (44)
[2018.11.08-00.59.15:300][229]LogModuleManager: Shutting down and abandoning module MagicLeapEyeTracker (42)
[2018.11.08-00.59.15:300][229]LogModuleManager: Shutting down and abandoning module MagicLeapController (40)
[2018.11.08-00.59.15:300][229]LogSlate: Slate User Destroyed.  User Index 0, Is Virtual User: 0
[2018.11.08-00.59.15:301][229]LogModuleManager: Shutting down and abandoning module MagicLeap (38)
[2018.11.08-00.59.15:301][229]LogModuleManager: Shutting down and abandoning module AnimationModifiers (36)
[2018.11.08-00.59.15:302][229]LogModuleManager: Shutting down and abandoning module PropertyEditor (35)
[2018.11.08-00.59.15:302][229]LogModuleManager: Shutting down and abandoning module AudioEditor (32)
[2018.11.08-00.59.15:302][229]LogModuleManager: Shutting down and abandoning module TextureCompressor (30)
[2018.11.08-00.59.15:304][229]LogModuleManager: Shutting down and abandoning module ShaderCore (28)
[2018.11.08-00.59.15:304][229]LogModuleManager: Shutting down and abandoning module Landscape (26)
[2018.11.08-00.59.15:304][229]LogModuleManager: Shutting down and abandoning module SlateRHIRenderer (24)
[2018.11.08-00.59.15:307][229]LogModuleManager: Shutting down and abandoning module OpenGLDrv (22)
[2018.11.08-00.59.15:308][229]LogModuleManager: Shutting down and abandoning module D3D11RHI (20)
[2018.11.08-00.59.15:308][229]LogModuleManager: Shutting down and abandoning module AnimGraphRuntime (18)
[2018.11.08-00.59.15:308][229]LogModuleManager: Shutting down and abandoning module Renderer (16)
[2018.11.08-00.59.15:308][229]LogModuleManager: Shutting down and abandoning module Engine (14)
[2018.11.08-00.59.15:308][229]LogModuleManager: Shutting down and abandoning module CoreUObject (12)
[2018.11.08-00.59.15:308][229]LogModuleManager: Shutting down and abandoning module NetworkFile (10)
[2018.11.08-00.59.15:309][229]LogModuleManager: Shutting down and abandoning module CookedIterativeFile (8)
[2018.11.08-00.59.15:309][229]LogModuleManager: Shutting down and abandoning module StreamingFile (6)
[2018.11.08-00.59.15:309][229]LogModuleManager: Shutting down and abandoning module SandboxFile (4)
[2018.11.08-00.59.15:310][229]LogModuleManager: Shutting down and abandoning module PakFile (2)
[2018.11.08-00.59.15:329][229]LogExit: Exiting.
[2018.11.08-00.59.15:346][229]Log file closed, 11/07/18 18:59:15
