Log file open, 09/13/18 11:22:08
LogWindows: Failed to load 'aqProf.dll' (GetLastError=126)
LogWindows: File 'aqProf.dll' does not exist
LogWindows: Failed to load 'VtuneApi.dll' (GetLastError=126)
LogWindows: File 'VtuneApi.dll' does not exist
LogWindows: Failed to load 'VtuneApi32e.dll' (GetLastError=126)
LogWindows: File 'VtuneApi32e.dll' does not exist
LogInit: Display: Running engine for game: GiftGame
LogPlatformFile: Not using cached read wrapper
LogTaskGraph: Started task graph with 5 named threads and 11 total threads with 3 sets of task threads.
LogStats: Stats thread started at 0.172053
LogD3D11RHI: Loaded GFSDK_Aftermath_Lib.x64.dll
LogICUInternationalization: Display: ICU TimeZone Detection - Raw Offset: -6:00, Platform Override: ''
LogPluginManager: Mounting plugin Paper2D
LogPluginManager: Mounting plugin AISupport
LogPluginManager: Mounting plugin LightPropagationVolume
LogPluginManager: Mounting plugin CLionSourceCodeAccess
LogPluginManager: Mounting plugin CodeLiteSourceCodeAccess
LogPluginManager: Mounting plugin GitSourceControl
LogPluginManager: Mounting plugin KDevelopSourceCodeAccess
LogPluginManager: Mounting plugin NullSourceCodeAccess
LogPluginManager: Mounting plugin PerforceSourceControl
LogPluginManager: Mounting plugin SubversionSourceControl
LogPluginManager: Mounting plugin UObjectPlugin
LogPluginManager: Mounting plugin VisualStudioCodeSourceCodeAccess
LogPluginManager: Mounting plugin VisualStudioSourceCodeAccess
LogPluginManager: Mounting plugin XCodeSourceCodeAccess
LogPluginManager: Mounting plugin AssetManagerEditor
LogPluginManager: Mounting plugin CryptoKeys
LogPluginManager: Mounting plugin DataValidation
LogPluginManager: Mounting plugin FacialAnimation
LogPluginManager: Mounting plugin GameplayTagsEditor
LogPluginManager: Mounting plugin MacGraphicsSwitching
LogPluginManager: Mounting plugin MeshEditor
LogPluginManager: Mounting plugin MobileLauncherProfileWizard
LogPluginManager: Mounting plugin PluginBrowser
LogPluginManager: Mounting plugin SpeedTreeImporter
LogPluginManager: Mounting plugin DatasmithContent
LogPluginManager: Mounting plugin AlembicImporter
LogPluginManager: Mounting plugin AppleImageUtils
LogPluginManager: Mounting plugin AppleVision
LogPluginManager: Mounting plugin BackChannel
LogPluginManager: Mounting plugin CharacterAI
LogPluginManager: Mounting plugin GeometryCache
LogPluginManager: Mounting plugin HTML5Networking
LogPluginManager: Mounting plugin ProxyLODPlugin
LogPluginManager: Mounting plugin MagicLeap
LogPluginManager: Mounting plugin MagicLeapEmulator
LogPluginManager: Mounting plugin MagicLeapMedia
LogPluginManager: Mounting plugin AndroidMedia
LogPluginManager: Mounting plugin AvfMedia
LogPluginManager: Mounting plugin ImgMedia
LogPluginManager: Mounting plugin LinearTimecode
LogPluginManager: Mounting plugin MediaCompositing
LogPluginManager: Mounting plugin MediaPlayerEditor
LogPluginManager: Mounting plugin WmfMedia
LogPluginManager: Mounting plugin TcpMessaging
LogPluginManager: Mounting plugin UdpMessaging
LogPluginManager: Mounting plugin ActorSequence
LogPluginManager: Mounting plugin LevelSequenceEditor
LogPluginManager: Mounting plugin MatineeToLevelSequence
LogPluginManager: Mounting plugin NetcodeUnitTest
LogPluginManager: Mounting plugin NUTUnrealEngine4
LogPluginManager: Mounting plugin OnlineSubsystemGooglePlay
LogPluginManager: Mounting plugin OnlineSubsystemIOS
LogPluginManager: Mounting plugin OnlineSubsystem
LogPluginManager: Mounting plugin OnlineSubsystemNull
LogPluginManager: Mounting plugin OnlineSubsystemUtils
LogPluginManager: Mounting plugin LauncherChunkInstaller
LogPluginManager: Mounting plugin AndroidDeviceProfileSelector
LogPluginManager: Mounting plugin AndroidMoviePlayer
LogPluginManager: Mounting plugin AndroidPermission
LogPluginManager: Mounting plugin AppleMoviePlayer
LogPluginManager: Mounting plugin ArchVisCharacter
LogPluginManager: Mounting plugin AudioCapture
LogPluginManager: Mounting plugin CableComponent
LogPluginManager: Mounting plugin CustomMeshComponent
LogPluginManager: Mounting plugin EditableMesh
LogPluginManager: Mounting plugin ExampleDeviceProfileSelector
LogPluginManager: Mounting plugin GoogleCloudMessaging
LogPluginManager: Mounting plugin ImmediatePhysics
LogPluginManager: Mounting plugin IOSDeviceProfileSelector
LogPluginManager: Mounting plugin LinuxDeviceProfileSelector
LogPluginManager: Mounting plugin LocationServicesBPLibrary
LogPluginManager: Mounting plugin MobilePatchingUtils
LogPluginManager: Mounting plugin OculusVR
LogPluginManager: Plugin shader directory ../../../Engine/Plugins/Runtime/Oculus/OculusVR/Shaders found
LogPluginManager: Mapping shader source directory ../../../Engine/Plugins/Runtime/Oculus/OculusVR/Shaders to virtual directory /Plugin/OculusVR
LogPluginManager: Mounting plugin PhysXVehicles
LogPluginManager: Mounting plugin ProceduralMeshComponent
LogPluginManager: Mounting plugin RuntimePhysXCooking
LogPluginManager: Mounting plugin SteamVR
LogPluginManager: Mounting plugin WindowsMoviePlayer
LogStreaming: Display: Took  0.127s to configure plugins.
LogInit: Using libcurl 7.55.1-DEV
LogInit:  - built for x86_64-pc-win32
LogInit:  - supports SSL with OpenSSL/1.0.2h
LogInit:  - supports HTTP deflate (compression) using libz 1.2.8
LogInit:  - other features:
LogInit:      CURL_VERSION_SSL
LogInit:      CURL_VERSION_LIBZ
LogInit:      CURL_VERSION_IPV6
LogInit:      CURL_VERSION_ASYNCHDNS
LogInit:      CURL_VERSION_LARGEFILE
LogInit:      CURL_VERSION_IDN
LogInit:  CurlRequestOptions (configurable via config and command line):
LogInit:  - bVerifyPeer = false  - Libcurl will NOT verify peer certificate
LogInit:  - bUseHttpProxy = false  - Libcurl will NOT use HTTP proxy
LogInit:  - bDontReuseConnections = false  - Libcurl will reuse connections
LogInit:  - CertBundlePath = nullptr  - Libcurl will use whatever was configured at build time.
LogInit:  - MaxHostConnections = 16  - Libcurl will limit the number of connections to a host
LogInit:  - LocalHostAddr = Default
LogInit:  - BufferSize = 65536
LogInit: WinSock: version 1.1 (2.2), MaxSocks=32767, MaxUdp=65467
LogInit: Build: ++UE4+Release-4.20-CL-4302132
LogInit: Engine Version: 4.20.2-4302132+++UE4+Release-4.20
LogInit: Compatible Engine Version: 4.20.0-4212847+++UE4+Release-4.20
LogInit: Net CL: 4212847
LogInit: OS: Windows 10 (), CPU: Intel(R) Core(TM) i5-6200U CPU @ 2.30GHz, GPU: Intel(R) HD Graphics 520
LogInit: Compiled (64-bit): Aug 21 2018 02:06:06
LogInit: Compiled with Visual C++: 19.13.26129.00
LogInit: Build Configuration: Development
LogInit: Branch Name: ++UE4+Release-4.20
LogInit: Command Line: -EpicPortal 
LogInit: Base Directory: D:/Epic Games/UE_4.20/Engine/Binaries/Win64/
LogInit: Installed Engine Build: 1
LogDevObjectVersion: Number of dev versions registered: 20
LogDevObjectVersion:   Dev-Blueprints (B0D832E4-1F89-4F0D-ACCF-7EB736FD4AA2): 10
LogDevObjectVersion:   Dev-Build (E1C64328-A22C-4D53-A36C-8E866417BD8C): 0
LogDevObjectVersion:   Dev-Core (375EC13C-06E4-48FB-B500-84F0262A717E): 2
LogDevObjectVersion:   Dev-Editor (E4B068ED-F494-42E9-A231-DA0B2E46BB41): 24
LogDevObjectVersion:   Dev-Framework (CFFC743F-43B0-4480-9391-14DF171D2073): 34
LogDevObjectVersion:   Dev-Mobile (B02B49B5-BB20-44E9-A304-32B752E40360): 2
LogDevObjectVersion:   Dev-Networking (A4E4105C-59A1-49B5-A7C5-40C4547EDFEE): 0
LogDevObjectVersion:   Dev-Online (39C831C9-5AE6-47DC-9A44-9C173E1C8E7C): 0
LogDevObjectVersion:   Dev-Physics (78F01B33-EBEA-4F98-B9B4-84EACCB95AA2): 0
LogDevObjectVersion:   Dev-Platform (6631380F-2D4D-43E0-8009-CF276956A95A): 0
LogDevObjectVersion:   Dev-Rendering (12F88B9F-8875-4AFC-A67C-D90C383ABD29): 26
LogDevObjectVersion:   Dev-Sequencer (7B5AE74C-D270-4C10-A958-57980B212A5A): 9
LogDevObjectVersion:   Dev-VR (D7296918-1DD6-4BDD-9DE2-64A83CC13884): 2
LogDevObjectVersion:   Dev-LoadTimes (C2A15278-BFE7-4AFE-6C17-90FF531DF755): 1
LogDevObjectVersion:   Private-Geometry (6EACA3D4-40EC-4CC1-B786-8BED09428FC5): 3
LogDevObjectVersion:   Dev-AnimPhys (29E575DD-E0A3-4627-9D10-D276232CDCEA): 17
LogDevObjectVersion:   Dev-ReflectionCapture (6B266CEC-1EC7-4B8F-A30B-E4D90942FC07): 1
LogDevObjectVersion:   Dev-Automation (0DF73D61-A23F-47EA-B727-89E90C41499A): 1
LogDevObjectVersion:   FortniteMain (601D1886-AC64-4F84-AA16-D3DE0DEAC7D6): 12
LogDevObjectVersion:   Dev-Enterprise (9DFFBCD6-494F-0158-E221-12823C92A888): 1
LogStreaming: Display: Took  0.000s to delete old logs.
LogInit: Presizing for max 8388607 objects, including 0 objects not considered by GC, pre-allocating 0 bytes for permanent pool.
LogInit: Object subsystem initialized
[2018.09.13-16.22.08:743][  0]LogInit: Selected Device Profile: [Windows]
[2018.09.13-16.22.08:743][  0]LogInit: Applying CVar settings loaded from the selected device profile: [Windows]
[2018.09.13-16.22.08:761][  0]LogHAL: Display: Platform has ~ 12 GB [12766838784 / 17179869184 / 12], which maps to Larger [LargestMinGB=32, LargerMinGB=12, DefaultMinGB=8, SmallerMinGB=6, SmallestMinGB=0)
[2018.09.13-16.22.08:761][  0]LogInit: Setting Device Profile CVar: [[r.Vulkan.UseRealUBs:1]]
[2018.09.13-16.22.08:761][  0]LogInit: Going up to parent DeviceProfile []
[2018.09.13-16.22.08:762][  0]LogInit: Computer: R6507206
[2018.09.13-16.22.08:762][  0]LogInit: User: DSU
[2018.09.13-16.22.08:762][  0]LogInit: CPU Page size=4096, Cores=2
[2018.09.13-16.22.08:762][  0]LogInit: High frequency timer resolution =2.343750 MHz
[2018.09.13-16.22.08:762][  0]LogMemory: Memory total: Physical=11.9GB (12GB approx)
[2018.09.13-16.22.08:762][  0]LogMemory: Platform Memory Stats for Windows
[2018.09.13-16.22.08:762][  0]LogMemory: Process Physical Memory: 99.71 MB used, 99.71 MB peak
[2018.09.13-16.22.08:762][  0]LogMemory: Process Virtual Memory: 82.86 MB used, 82.86 MB peak
[2018.09.13-16.22.08:762][  0]LogMemory: Physical Memory: 5954.10 MB used,  6221.30 MB free, 12175.41 MB total
[2018.09.13-16.22.08:762][  0]LogMemory: Virtual Memory: 4615.07 MB used,  6221.30 MB free, 134217728.00 MB total
[2018.09.13-16.22.08:783][  0]LogInit: Using OS detected language (en-US).
[2018.09.13-16.22.08:783][  0]LogInit: Using OS detected locale (en-US).
[2018.09.13-16.22.08:784][  0]LogTextLocalizationManager: No specific localization for 'en-US' exists, so the 'en' localization will be used.
[2018.09.13-16.22.09:246][  0]LogStreaming: Display: Took  0.463s to InitEngineTextLocalization.
[2018.09.13-16.22.09:246][  0]LogInit: Setting process to per monitor DPI aware
[2018.09.13-16.22.09:288][  0]LogSlate: New Slate User Created.  User Index 0, Is Virtual User: 0
[2018.09.13-16.22.09:288][  0]LogSlate: Slate User Registered.  User Index 0, Is Virtual User: 0
[2018.09.13-16.22.09:524][  0]LogHMD: Failed to initialize OpenVR with code 110
[2018.09.13-16.22.09:524][  0]LogD3D11RHI: D3D11 adapters:
[2018.09.13-16.22.09:533][  0]LogD3D11RHI:    0. 'Intel(R) HD Graphics 520' (Feature Level 11_0)
[2018.09.13-16.22.09:533][  0]LogD3D11RHI:       128/0/6087 MB DedicatedVideo/DedicatedSystem/SharedSystem, Outputs:1, VendorId:0x8086
[2018.09.13-16.22.09:535][  0]LogD3D11RHI:    1. 'Microsoft Basic Render Driver' (Feature Level 11_0)
[2018.09.13-16.22.09:535][  0]LogD3D11RHI:       0/0/6087 MB DedicatedVideo/DedicatedSystem/SharedSystem, Outputs:0, VendorId:0x1414
[2018.09.13-16.22.09:535][  0]LogD3D11RHI: Chosen D3D11 Adapter: 0
[2018.09.13-16.22.09:540][  0]LogD3D11RHI: Creating new Direct3DDevice
[2018.09.13-16.22.09:540][  0]LogD3D11RHI:     GPU DeviceId: 0x1916 (for the marketing name, search the web for "GPU Device Id")
[2018.09.13-16.22.09:540][  0]LogWindows: EnumDisplayDevices:
[2018.09.13-16.22.09:541][  0]LogWindows:    0. 'Intel(R) HD Graphics 520' (P:1 D:1)
[2018.09.13-16.22.09:541][  0]LogWindows:    1. 'Intel(R) HD Graphics 520' (P:0 D:0)
[2018.09.13-16.22.09:541][  0]LogWindows:    2. 'Intel(R) HD Graphics 520' (P:0 D:0)
[2018.09.13-16.22.09:542][  0]LogWindows: DebugString: FoundDriverCount:3 
[2018.09.13-16.22.09:542][  0]LogD3D11RHI:     Adapter Name: Intel(R) HD Graphics 520
[2018.09.13-16.22.09:542][  0]LogD3D11RHI:   Driver Version: 21.20.16.4542 (internal:21.20.16.4542, unified:21.20.16.4542)
[2018.09.13-16.22.09:542][  0]LogD3D11RHI:      Driver Date: 10-24-2016
[2018.09.13-16.22.09:542][  0]LogRHI: Texture pool is 1523 MB (70% of 2176 MB)
[2018.09.13-16.22.09:547][  0]LogD3D11RHI: Async texture creation enabled
[2018.09.13-16.22.09:554][  0]LogD3D11RHI: GPU Timing Frequency: 12.000000 (Debug: 2 0)
[2018.09.13-16.22.09:556][  0]LogShaderCompilers: Guid format shader working directory is 8 characters bigger than the processId version (../../../../../Unreal Engine/GiftGame/Intermediate/Shaders/WorkingDirectory/3524/).
[2018.09.13-16.22.09:556][  0]LogShaderCompilers: Cleaned the shader compiler working directory 'C:/Users/User/AppData/Local/Temp/UnrealShaderWorkingDir/A873B54F4F32CD78A2688D85799D953E/'.
[2018.09.13-16.22.09:972][  0]LogTemp: Display: Loaded TP AllDesktopTargetPlatform
[2018.09.13-16.22.09:996][  0]LogTemp: Display: Loaded TP MacClientTargetPlatform
[2018.09.13-16.22.10:018][  0]LogTemp: Display: Loaded TP MacNoEditorTargetPlatform
[2018.09.13-16.22.10:043][  0]LogTemp: Display: Loaded TP MacServerTargetPlatform
[2018.09.13-16.22.10:070][  0]LogTemp: Display: Loaded TP MacTargetPlatform
[2018.09.13-16.22.10:096][  0]LogTemp: Display: Loaded TP WindowsClientTargetPlatform
[2018.09.13-16.22.10:121][  0]LogTemp: Display: Loaded TP WindowsNoEditorTargetPlatform
[2018.09.13-16.22.10:148][  0]LogTemp: Display: Loaded TP WindowsServerTargetPlatform
[2018.09.13-16.22.10:159][  0]LogTemp: Display: Loaded TP WindowsTargetPlatform
[2018.09.13-16.22.10:308][  0]LogTemp: Display: Loaded TP AndroidTargetPlatform
[2018.09.13-16.22.10:309][  0]LogTemp: Display: Loaded TP AndroidTargetPlatform
[2018.09.13-16.22.10:309][  0]LogTemp: Display: Loaded TP AndroidTargetPlatform
[2018.09.13-16.22.10:309][  0]LogTemp: Display: Loaded TP AndroidTargetPlatform
[2018.09.13-16.22.10:309][  0]LogTemp: Display: Loaded TP AndroidTargetPlatform
[2018.09.13-16.22.10:309][  0]LogTemp: Display: Loaded TP AndroidTargetPlatform
[2018.09.13-16.22.10:309][  0]LogTemp: Display: Loaded TP AndroidTargetPlatform
[2018.09.13-16.22.10:309][  0]LogTemp: Display: Loaded TP AndroidTargetPlatform
[2018.09.13-16.22.10:309][  0]LogTemp: Display: Loaded TP AndroidTargetPlatform
[2018.09.13-16.22.10:309][  0]LogTemp: Display: Loaded TP AndroidTargetPlatform
[2018.09.13-16.22.10:309][  0]LogTemp: Display: Loaded TP AndroidTargetPlatform
[2018.09.13-16.22.10:309][  0]LogTemp: Display: Loaded TP AndroidTargetPlatform
[2018.09.13-16.22.10:309][  0]LogTemp: Display: Loaded TP AndroidTargetPlatform
[2018.09.13-16.22.10:309][  0]LogTemp: Display: Loaded TP AndroidTargetPlatform
[2018.09.13-16.22.10:309][  0]LogTemp: Display: Loaded TP AndroidTargetPlatform
[2018.09.13-16.22.10:309][  0]LogTemp: Display: Loaded TP AndroidTargetPlatform
[2018.09.13-16.22.10:309][  0]LogTemp: Display: Loaded TP AndroidTargetPlatform
[2018.09.13-16.22.10:309][  0]LogTemp: Display: Loaded TP AndroidTargetPlatform
[2018.09.13-16.22.10:310][  0]LogTemp: Display: Loaded TP HTML5TargetPlatform
[2018.09.13-16.22.10:386][  0]LogTemp: Display: Loaded TP IOSTargetPlatform
[2018.09.13-16.22.10:386][  0]LogTemp: Display: Loaded TP IOSTargetPlatform
[2018.09.13-16.22.10:414][  0]LogTemp: Display: Loaded TP TVOSTargetPlatform
[2018.09.13-16.22.10:414][  0]LogTemp: Display: Loaded TP TVOSTargetPlatform
[2018.09.13-16.22.10:430][  0]LogTemp: Display: Loaded TP LinuxClientTargetPlatform
[2018.09.13-16.22.10:445][  0]LogTemp: Display: Loaded TP LinuxNoEditorTargetPlatform
[2018.09.13-16.22.10:462][  0]LogTemp: Display: Loaded TP LinuxServerTargetPlatform
[2018.09.13-16.22.10:477][  0]LogTemp: Display: Loaded TP LinuxTargetPlatform
[2018.09.13-16.22.10:489][  0]LogTemp: Display: Loaded TP LuminTargetPlatform
[2018.09.13-16.22.10:489][  0]LogTargetPlatformManager: Display: Building Assets For Windows
[2018.09.13-16.22.10:555][  0]LogXGEController: Cannot use XGE Controller as Incredibuild is not installed on this machine.
[2018.09.13-16.22.10:555][  0]LogShaderCompilers: Cannot use XGE Shader Compiler as Incredibuild is not installed on this machine.
[2018.09.13-16.22.10:555][  0]LogShaderCompilers: Display: Using Local Shader Compiler.
[2018.09.13-16.22.11:453][  0]LogDerivedDataCache: Display: Max Cache Size: 512 MB
[2018.09.13-16.22.11:521][  0]LogDerivedDataCache: Loaded boot cache 0.07s 71MB C:/Users/User/AppData/Local/UnrealEngine/4.20/DerivedDataCache/Boot.ddc.
[2018.09.13-16.22.11:521][  0]LogDerivedDataCache: Display: Loaded Boot cache: C:/Users/User/AppData/Local/UnrealEngine/4.20/DerivedDataCache/Boot.ddc
[2018.09.13-16.22.11:521][  0]LogDerivedDataCache: FDerivedDataBackendGraph:  Pak pak cache file ../../../../../Unreal Engine/GiftGame/DerivedDataCache/DDC.ddp not found, will not use a pak cache.
[2018.09.13-16.22.11:522][  0]LogDerivedDataCache: Unable to find inner node Pak for hierarchical cache Hierarchy.
[2018.09.13-16.22.11:522][  0]LogDerivedDataCache: FDerivedDataBackendGraph:  CompressedPak pak cache file ../../../../../Unreal Engine/GiftGame/DerivedDataCache/Compressed.ddp not found, will not use a pak cache.
[2018.09.13-16.22.11:522][  0]LogDerivedDataCache: Unable to find inner node CompressedPak for hierarchical cache Hierarchy.
[2018.09.13-16.22.11:538][  0]LogDerivedDataCache: Display: Pak cache opened for reading ../../../Engine/DerivedDataCache/Compressed.ddp.
[2018.09.13-16.22.11:550][  0]LogDerivedDataCache: Using Local data cache path C:/Users/User/AppData/Local/UnrealEngine/Common/DerivedDataCache: Writable
[2018.09.13-16.22.11:550][  0]LogDerivedDataCache: Shared data cache path not found in *engine.ini, will not use an Shared cache.
[2018.09.13-16.22.11:550][  0]LogDerivedDataCache: Unable to find inner node Shared for hierarchical cache Hierarchy.
[2018.09.13-16.22.11:576][  0]LogMaterial: Verifying Global Shaders for PCD3D_SM5
[2018.09.13-16.22.11:578][  0]LogSlate: Using FreeType 2.6.0
[2018.09.13-16.22.11:579][  0]LogSlate: SlateFontServices - WITH_FREETYPE: 1, WITH_HARFBUZZ: 1
[2018.09.13-16.22.11:667][  0]LogAssetRegistry: FAssetRegistry took 0.0297 seconds to start up
[2018.09.13-16.22.12:090][  0]LogInit: Selected Device Profile: [Windows]
[2018.09.13-16.22.12:249][  0]LogSimplygon: Simplygon DLL not present - disabling.
[2018.09.13-16.22.12:253][  0]LogMeshReduction: Using SimplygonSwarm for distributed automatic mesh merging
[2018.09.13-16.22.12:253][  0]LogMeshReduction: Using ProxyLODMeshReduction for automatic mesh merging
[2018.09.13-16.22.12:253][  0]LogMeshReduction: Using QuadricMeshReduction for automatic static mesh reduction
[2018.09.13-16.22.12:253][  0]LogMeshReduction: No automatic skeletal mesh reduction module available
[2018.09.13-16.22.12:274][  0]LogNetVersion: GiftGame 1.0.0, NetCL: 4212847, EngineNetVer: 5, GameNetVer: 0 (Checksum: 3731779599)
[2018.09.13-16.22.13:152][  0]LogPackageLocalizationCache: Processed 11 localized package path(s) for 2 prioritized culture(s) in 0.345923 seconds
[2018.09.13-16.22.13:165][  0]LogUObjectArray: 38425 objects as part of root set at end of initial load.
[2018.09.13-16.22.13:165][  0]LogUObjectAllocator: 6690872 out of 0 bytes used by permanent object pool.
[2018.09.13-16.22.13:165][  0]LogUObjectArray: CloseDisregardForGC: 0/0 objects in disregard for GC pool
[2018.09.13-16.22.14:175][  0]LogTcpMessaging: Initializing TcpMessaging bridge
[2018.09.13-16.22.14:189][  0]LogUdpMessaging: Initializing bridge on interface 0.0.0.0:0 to multicast group 230.0.0.1:6666.
[2018.09.13-16.22.14:362][  0]SourceControl: Source control is disabled
[2018.09.13-16.22.14:363][  0]SourceControl: Source control is disabled
[2018.09.13-16.22.14:364][  0]SourceControl: Source control is disabled
[2018.09.13-16.22.14:365][  0]SourceControl: Source control is disabled
[2018.09.13-16.22.14:566][  0]LogAndroidPermission: UAndroidPermissionCallbackProxy::GetInstance
[2018.09.13-16.22.14:652][  0]LogOcInput: OculusInput pre-init called
[2018.09.13-16.22.14:720][  0]LogEngine: Initializing Engine...
[2018.09.13-16.22.14:721][  0]LogHMD: Failed to initialize OpenVR with code 110
[2018.09.13-16.22.14:723][  0]LogStats: UGameplayTagsManager::ConstructGameplayTagTree: ImportINI prefixes -  0.000 s
[2018.09.13-16.22.14:723][  0]LogStats: UGameplayTagsManager::ConstructGameplayTagTree: Construct from data asset -  0.000 s
[2018.09.13-16.22.14:723][  0]LogStats: UGameplayTagsManager::ConstructGameplayTagTree: ImportINI -  0.000 s
[2018.09.13-16.22.14:723][  0]LogStats: UGameplayTagsManager::ConstructGameplayTagTree: GameplayTagTreeChangedEvent.Broadcast -  0.000 s
[2018.09.13-16.22.14:987][  0]LogInit: Initializing FReadOnlyCVARCache
[2018.09.13-16.22.15:004][  0]LogAIModule: Creating AISystem for world Untitled
[2018.09.13-16.22.15:026][  0]LogInit: XAudio2 using 'Speakers (Realtek High Definition Audio)' : 2 channels at 48 kHz using 32 bits per sample (channel mask 0x3)
[2018.09.13-16.22.15:192][  0]LogInit: FAudioDevice initialized.
[2018.09.13-16.22.15:192][  0]LogNetVersion: Set ProjectVersion to 1.0.0.0. Version Checksum will be recalculated on next use.
[2018.09.13-16.22.15:319][  0]LogDerivedDataCache: Saved boot cache 0.13s 71MB C:/Users/User/AppData/Local/UnrealEngine/4.20/DerivedDataCache/Boot.ddc.
[2018.09.13-16.22.15:332][  0]LogInit: Texture streaming: Enabled
[2018.09.13-16.22.15:357][  0]LogEngineSessionManager: EngineSessionManager initialized
[2018.09.13-16.22.15:377][  0]LogInit: Transaction tracking system initialized
[2018.09.13-16.22.15:402][  0]BlueprintLog: New page: Editor Load
[2018.09.13-16.22.15:504][  0]LocalizationService: Localization service is disabled
[2018.09.13-16.22.16:166][  0]LogCook: Display: Max memory allowance for cook 16384mb min free memory 0mb
[2018.09.13-16.22.16:166][  0]LogCook: Display: Mobile HDR setting 0
[2018.09.13-16.22.16:166][  0]LogGameplayTags: Display: UGameplayTagsManager::DoneAddingNativeTags. DelegateIsBound: 0
[2018.09.13-16.22.16:166][  0]LogStats: UGameplayTagsManager::ConstructGameplayTagTree: ImportINI prefixes -  0.000 s
[2018.09.13-16.22.16:166][  0]LogStats: UGameplayTagsManager::ConstructGameplayTagTree: Construct from data asset -  0.000 s
[2018.09.13-16.22.16:166][  0]LogFileCache: Scanning file cache for directory 'D:/Unreal Engine/GiftGame/Content/' took 0.01s
[2018.09.13-16.22.16:166][  0]LogStats: UGameplayTagsManager::ConstructGameplayTagTree: ImportINI -  0.000 s
[2018.09.13-16.22.16:166][  0]LogStats: UGameplayTagsManager::ConstructGameplayTagTree: GameplayTagTreeChangedEvent.Broadcast -  0.000 s
[2018.09.13-16.22.16:297][  0]SourceControl: Source control is disabled
[2018.09.13-16.22.16:297][  0]Cmd: MAP LOAD FILE="../../../Engine/Content/Maps/Templates/Template_Default.umap" TEMPLATE=1 SHOWPROGRESS=1 FEATURELEVEL=3
[2018.09.13-16.22.16:298][  0]LightingResults: New page: Lighting Build
[2018.09.13-16.22.16:301][  0]MapCheck: New page: Map Check
[2018.09.13-16.22.16:301][  0]LightingResults: New page: Lighting Build
[2018.09.13-16.22.16:554][  0]LogAIModule: Creating AISystem for world Untitled_1
[2018.09.13-16.22.16:563][  0]LogEditorServer: Finished looking for orphan Actors (0.000 secs)
[2018.09.13-16.22.16:606][  0]Cmd: MAP CHECKDEP NOCLEARLOG
[2018.09.13-16.22.16:654][  0]MapCheck: Map check complete: 0 Error(s), 0 Warning(s), took 47.916ms to complete.
[2018.09.13-16.22.16:654][  0]LogFileHelpers: Loading map 'Template_Default' took 0.357
[2018.09.13-16.22.16:766][  0]LogSlate: Updating window title bar state: overlay mode, drag disabled, window buttons hidden, title bar hidden
[2018.09.13-16.22.16:778][  0]LogSlate: Updating window title bar state: overlay mode, drag disabled, window buttons hidden, title bar hidden
[2018.09.13-16.22.16:787][  0]LogSlate: Updating window title bar state: overlay mode, drag disabled, window buttons hidden, title bar hidden
[2018.09.13-16.22.16:796][  0]LogSlate: Updating window title bar state: overlay mode, drag disabled, window buttons hidden, title bar hidden
[2018.09.13-16.22.16:803][  0]LogCollectionManager: Loaded 0 collections in 0.001706 seconds
[2018.09.13-16.22.16:845][  0]LogFileCache: Scanning file cache for directory 'D:/Unreal Engine/GiftGame/Saved/Collections/' took 0.01s
[2018.09.13-16.22.16:845][  0]LogFileCache: Scanning file cache for directory 'D:/Unreal Engine/GiftGame/Content/Developers/DSU/Collections/' took 0.01s
[2018.09.13-16.22.16:845][  0]LogFileCache: Scanning file cache for directory 'D:/Unreal Engine/GiftGame/Content/Collections/' took 0.01s
[2018.09.13-16.22.16:845][  0]LogCollectionManager: Rebuilt the GUID cache for 0 collections in 0.000000 seconds
[2018.09.13-16.22.16:856][  0]LogContentBrowser: Native class hierarchy populated in 0.0108 seconds. Added 2572 classes and 603 folders.
[2018.09.13-16.22.16:864][  0]LogContentBrowser: Native class hierarchy updated for 'WidgetCarousel' in 0.0003 seconds. Added 0 classes and 0 folders.
[2018.09.13-16.22.16:904][  0]LogContentBrowser: Native class hierarchy updated for 'AddContentDialog' in 0.0005 seconds. Added 0 classes and 0 folders.
[2018.09.13-16.22.16:910][  0]LogContentBrowser: Native class hierarchy updated for 'SceneOutliner' in 0.0003 seconds. Added 1 classes and 2 folders.
[2018.09.13-16.22.16:984][  0]LogSlate: Took 0.000287 seconds to synchronously load lazily loaded font '../../../Engine/Content/Slate/Fonts/Roboto-Regular.ttf' (155K)
[2018.09.13-16.22.16:986][  0]LogSlate: Took 0.000213 seconds to synchronously load lazily loaded font '../../../Engine/Content/Slate/Fonts/Roboto-Bold.ttf' (160K)
[2018.09.13-16.22.16:995][  0]LogSlate: Took 0.000237 seconds to synchronously load lazily loaded font '../../../Engine/Content/Editor/Slate/Fonts/FontAwesome.ttf' (139K)
[2018.09.13-16.22.17:109][  0]LogRenderer: Reallocating scene render targets to support 768x380 Format 10 NumSamples 1 (Frame:1).
[2018.09.13-16.22.17:792][  0]LogContentBrowser: Native class hierarchy updated for 'HierarchicalLODOutliner' in 0.0003 seconds. Added 0 classes and 0 folders.
[2018.09.13-16.22.17:792][  0]LogLoad: (Engine Initialization) Total time: 10.68 seconds
[2018.09.13-16.22.17:792][  0]LogLoad: (Engine Initialization) Total Blueprint compile time: 0.00 seconds
[2018.09.13-16.22.17:810][  0]LogWindowsTextInputMethodSystem: Display: IME system now deactivated.
[2018.09.13-16.22.17:833][  0]LogContentStreaming: Texture pool size now 1000 MB
[2018.09.13-16.22.17:845][  0]LogSlate: Took 0.000194 seconds to synchronously load lazily loaded font '../../../Engine/Content/Slate/Fonts/Roboto-Light.ttf' (167K)
[2018.09.13-16.22.17:862][  1]LogAssetRegistry: Asset discovery search completed in 6.2173 seconds
[2018.09.13-16.22.17:865][  1]LogCollectionManager: Rebuilt the object cache for 0 collections in 0.000000 seconds (found 0 objects)
[2018.09.13-16.22.17:865][  1]LogCollectionManager: Fixed up redirectors for 0 collections in 0.000083 seconds (updated 0 objects)
[2018.09.13-16.22.25:270][193]LogSlate: FSceneViewport::OnFocusLost() reason 0
[2018.09.13-16.23.08:364][846]LogAIModule: Creating AISystem for world MainMenu
[2018.09.13-16.23.12:763][103]LogSlate: Took 0.000234 seconds to synchronously load lazily loaded font '../../../Engine/Content/Slate/Fonts/Roboto-Light.ttf' (167K)
[2018.09.13-16.23.12:914][103]LogMetaData: Removing '/Game/Levels/MainMenu/MainMenuHUD.MainMenuHUD:UserConstructionScript.K2Node_FunctionEntry_0' ref from Metadata '/Game/Levels/MainMenuHUD.PackageMetaData'
[2018.09.13-16.23.12:914][103]LogMetaData: Removing '/Game/Levels/MainMenu/MainMenuHUD.MainMenuHUD_C' ref from Metadata '/Game/Levels/MainMenuHUD.PackageMetaData'
[2018.09.13-16.23.12:914][103]LogMetaData: Removing '/Game/Levels/MainMenu/MainMenuHUD.MainMenuHUD:EventGraph.K2Node_Event_0' ref from Metadata '/Game/Levels/MainMenuHUD.PackageMetaData'
[2018.09.13-16.23.12:914][103]LogMetaData: Removing '/Game/Levels/MainMenu/MainMenuHUD.MainMenuHUD:EventGraph.K2Node_Event_1' ref from Metadata '/Game/Levels/MainMenuHUD.PackageMetaData'
[2018.09.13-16.23.12:914][103]LogMetaData: Removing '/Game/Levels/MainMenu/MainMenuHUD.MainMenuHUD:EventGraph.K2Node_Event_2' ref from Metadata '/Game/Levels/MainMenuHUD.PackageMetaData'
[2018.09.13-16.23.12:914][103]LogMetaData: Removing '/Game/Levels/MainMenu/MainMenuHUD.SKEL_MainMenuHUD_C:ReceiveBeginPlay' ref from Metadata '/Game/Levels/MainMenuHUD.PackageMetaData'
[2018.09.13-16.23.12:914][103]LogMetaData: Removing '/Game/Levels/MainMenu/MainMenuHUD.SKEL_MainMenuHUD_C:ReceiveActorBeginOverlap' ref from Metadata '/Game/Levels/MainMenuHUD.PackageMetaData'
[2018.09.13-16.23.12:914][103]LogMetaData: Removing '/Game/Levels/MainMenu/MainMenuHUD.SKEL_MainMenuHUD_C:ReceiveTick' ref from Metadata '/Game/Levels/MainMenuHUD.PackageMetaData'
[2018.09.13-16.23.12:915][103]LogMetaData: Removing '/Game/Levels/MainMenu/MainMenuHUD.SKEL_MainMenuHUD_C:DefaultSceneRoot' ref from Metadata '/Game/Levels/MainMenuHUD.PackageMetaData'
[2018.09.13-16.23.12:915][103]LogMetaData: Removing '/Game/Levels/MainMenu/MainMenuHUD.SKEL_MainMenuHUD_C:UserConstructionScript' ref from Metadata '/Game/Levels/MainMenuHUD.PackageMetaData'
[2018.09.13-16.23.12:915][103]LogMetaData: Removing '/Game/Levels/MainMenu/MainMenuHUD.SKEL_MainMenuHUD_C' ref from Metadata '/Game/Levels/MainMenuHUD.PackageMetaData'
[2018.09.13-16.23.12:915][103]LogMetaData: Removing '/Game/Levels/MainMenu/MainMenuHUD.MainMenuHUD_C:DefaultSceneRoot' ref from Metadata '/Game/Levels/MainMenuHUD.PackageMetaData'
[2018.09.13-16.23.12:915][103]LogMetaData: Removing '/Game/Levels/MainMenu/MainMenuHUD.MainMenuHUD_C:ReceiveBeginPlay' ref from Metadata '/Game/Levels/MainMenuHUD.PackageMetaData'
[2018.09.13-16.23.12:915][103]LogMetaData: Removing '/Game/Levels/MainMenu/MainMenuHUD.MainMenuHUD_C:UserConstructionScript' ref from Metadata '/Game/Levels/MainMenuHUD.PackageMetaData'
[2018.09.13-16.23.12:930][103]LogMetaData: Removing '/Game/Levels/MainMenu/MainMenuWidget.MainMenuWidget_C' ref from Metadata '/Game/Levels/MainMenuWidget.PackageMetaData'
[2018.09.13-16.23.12:930][103]LogMetaData: Removing '/Game/Levels/MainMenu/MainMenuWidget.MainMenuWidget:EventGraph.K2Node_Event_0' ref from Metadata '/Game/Levels/MainMenuWidget.PackageMetaData'
[2018.09.13-16.23.12:930][103]LogMetaData: Removing '/Game/Levels/MainMenu/MainMenuWidget.MainMenuWidget:EventGraph.K2Node_Event_1' ref from Metadata '/Game/Levels/MainMenuWidget.PackageMetaData'
[2018.09.13-16.23.12:930][103]LogMetaData: Removing '/Game/Levels/MainMenu/MainMenuWidget.MainMenuWidget:EventGraph.K2Node_Event_2' ref from Metadata '/Game/Levels/MainMenuWidget.PackageMetaData'
[2018.09.13-16.23.12:930][103]LogMetaData: Removing '/Game/Levels/MainMenu/MainMenuWidget.SKEL_MainMenuWidget_C:PreConstruct' ref from Metadata '/Game/Levels/MainMenuWidget.PackageMetaData'
[2018.09.13-16.23.12:930][103]LogMetaData: Removing '/Game/Levels/MainMenu/MainMenuWidget.SKEL_MainMenuWidget_C:Construct' ref from Metadata '/Game/Levels/MainMenuWidget.PackageMetaData'
[2018.09.13-16.23.12:930][103]LogMetaData: Removing '/Game/Levels/MainMenu/MainMenuWidget.SKEL_MainMenuWidget_C:Tick' ref from Metadata '/Game/Levels/MainMenuWidget.PackageMetaData'
[2018.09.13-16.23.12:930][103]LogMetaData: Removing '/Game/Levels/MainMenu/MainMenuWidget.SKEL_MainMenuWidget_C:BndEvt__StartButton_K2Node_ComponentBoundEvent_0_OnButtonClickedEvent__DelegateSignature' ref from Metadata '/Game/Levels/MainMenuWidget.PackageMetaData'
[2018.09.13-16.23.12:930][103]LogMetaData: Removing '/Game/Levels/MainMenu/MainMenuWidget.SKEL_MainMenuWidget_C:BndEvt__SettingsButton_K2Node_ComponentBoundEvent_1_OnButtonClickedEvent__DelegateSignature' ref from Metadata '/Game/Levels/MainMenuWidget.PackageMetaData'
[2018.09.13-16.23.12:930][103]LogMetaData: Removing '/Game/Levels/MainMenu/MainMenuWidget.SKEL_MainMenuWidget_C:BndEvt__ExitButton_K2Node_ComponentBoundEvent_2_OnButtonClickedEvent__DelegateSignature' ref from Metadata '/Game/Levels/MainMenuWidget.PackageMetaData'
[2018.09.13-16.23.12:930][103]LogMetaData: Removing '/Game/Levels/MainMenu/MainMenuWidget.SKEL_MainMenuWidget_C:BndEvt__Back_K2Node_ComponentBoundEvent_3_OnButtonClickedEvent__DelegateSignature' ref from Metadata '/Game/Levels/MainMenuWidget.PackageMetaData'
[2018.09.13-16.23.12:930][103]LogMetaData: Removing '/Game/Levels/MainMenu/MainMenuWidget.SKEL_MainMenuWidget_C:BndEvt__1080x720_K2Node_ComponentBoundEvent_4_OnButtonClickedEvent__DelegateSignature' ref from Metadata '/Game/Levels/MainMenuWidget.PackageMetaData'
[2018.09.13-16.23.12:930][103]LogMetaData: Removing '/Game/Levels/MainMenu/MainMenuWidget.SKEL_MainMenuWidget_C:StartButton' ref from Metadata '/Game/Levels/MainMenuWidget.PackageMetaData'
[2018.09.13-16.23.12:930][103]LogMetaData: Removing '/Game/Levels/MainMenu/MainMenuWidget.SKEL_MainMenuWidget_C:SettingsMenu' ref from Metadata '/Game/Levels/MainMenuWidget.PackageMetaData'
[2018.09.13-16.23.12:930][103]LogMetaData: Removing '/Game/Levels/MainMenu/MainMenuWidget.SKEL_MainMenuWidget_C:SettingsButton' ref from Metadata '/Game/Levels/MainMenuWidget.PackageMetaData'
[2018.09.13-16.23.12:930][103]LogMetaData: Removing '/Game/Levels/MainMenu/MainMenuWidget.SKEL_MainMenuWidget_C:MainMenu' ref from Metadata '/Game/Levels/MainMenuWidget.PackageMetaData'
[2018.09.13-16.23.12:930][103]LogMetaData: Removing '/Game/Levels/MainMenu/MainMenuWidget.SKEL_MainMenuWidget_C:ExitButton' ref from Metadata '/Game/Levels/MainMenuWidget.PackageMetaData'
[2018.09.13-16.23.12:930][103]LogMetaData: Removing '/Game/Levels/MainMenu/MainMenuWidget.SKEL_MainMenuWidget_C:Background' ref from Metadata '/Game/Levels/MainMenuWidget.PackageMetaData'
[2018.09.13-16.23.12:930][103]LogMetaData: Removing '/Game/Levels/MainMenu/MainMenuWidget.SKEL_MainMenuWidget_C:Back' ref from Metadata '/Game/Levels/MainMenuWidget.PackageMetaData'
[2018.09.13-16.23.12:930][103]LogMetaData: Removing '/Game/Levels/MainMenu/MainMenuWidget.SKEL_MainMenuWidget_C:1920x1080' ref from Metadata '/Game/Levels/MainMenuWidget.PackageMetaData'
[2018.09.13-16.23.12:930][103]LogMetaData: Removing '/Game/Levels/MainMenu/MainMenuWidget.SKEL_MainMenuWidget_C' ref from Metadata '/Game/Levels/MainMenuWidget.PackageMetaData'
[2018.09.13-16.23.12:930][103]LogMetaData: Removing '/Game/Levels/MainMenu/MainMenuWidget.MainMenuWidget_C:StartButton' ref from Metadata '/Game/Levels/MainMenuWidget.PackageMetaData'
[2018.09.13-16.23.12:930][103]LogMetaData: Removing '/Game/Levels/MainMenu/MainMenuWidget.MainMenuWidget_C:SettingsMenu' ref from Metadata '/Game/Levels/MainMenuWidget.PackageMetaData'
[2018.09.13-16.23.12:931][103]LogMetaData: Removing '/Game/Levels/MainMenu/MainMenuWidget.MainMenuWidget_C:SettingsButton' ref from Metadata '/Game/Levels/MainMenuWidget.PackageMetaData'
[2018.09.13-16.23.12:931][103]LogMetaData: Removing '/Game/Levels/MainMenu/MainMenuWidget.MainMenuWidget_C:MainMenu' ref from Metadata '/Game/Levels/MainMenuWidget.PackageMetaData'
[2018.09.13-16.23.12:931][103]LogMetaData: Removing '/Game/Levels/MainMenu/MainMenuWidget.MainMenuWidget_C:ExitButton' ref from Metadata '/Game/Levels/MainMenuWidget.PackageMetaData'
[2018.09.13-16.23.12:931][103]LogMetaData: Removing '/Game/Levels/MainMenu/MainMenuWidget.MainMenuWidget_C:Background' ref from Metadata '/Game/Levels/MainMenuWidget.PackageMetaData'
[2018.09.13-16.23.12:931][103]LogMetaData: Removing '/Game/Levels/MainMenu/MainMenuWidget.MainMenuWidget_C:Back' ref from Metadata '/Game/Levels/MainMenuWidget.PackageMetaData'
[2018.09.13-16.23.12:931][103]LogMetaData: Removing '/Game/Levels/MainMenu/MainMenuWidget.MainMenuWidget_C:1920x1080' ref from Metadata '/Game/Levels/MainMenuWidget.PackageMetaData'
[2018.09.13-16.23.12:942][103]LogMetaData: Removing '/Game/Levels/MainMenu/MenuGameMode.MenuGameMode:UserConstructionScript.K2Node_FunctionEntry_0' ref from Metadata '/Game/Levels/MenuGameMode.PackageMetaData'
[2018.09.13-16.23.12:942][103]LogMetaData: Removing '/Game/Levels/MainMenu/MenuGameMode.MenuGameMode_C' ref from Metadata '/Game/Levels/MenuGameMode.PackageMetaData'
[2018.09.13-16.23.12:943][103]LogMetaData: Removing '/Game/Levels/MainMenu/MenuGameMode.MenuGameMode:EventGraph.K2Node_Event_0' ref from Metadata '/Game/Levels/MenuGameMode.PackageMetaData'
[2018.09.13-16.23.12:943][103]LogMetaData: Removing '/Game/Levels/MainMenu/MenuGameMode.MenuGameMode:EventGraph.K2Node_Event_1' ref from Metadata '/Game/Levels/MenuGameMode.PackageMetaData'
[2018.09.13-16.23.12:943][103]LogMetaData: Removing '/Game/Levels/MainMenu/MenuGameMode.SKEL_MenuGameMode_C:ReceiveBeginPlay' ref from Metadata '/Game/Levels/MenuGameMode.PackageMetaData'
[2018.09.13-16.23.12:943][103]LogMetaData: Removing '/Game/Levels/MainMenu/MenuGameMode.SKEL_MenuGameMode_C:ReceiveTick' ref from Metadata '/Game/Levels/MenuGameMode.PackageMetaData'
[2018.09.13-16.23.12:943][103]LogMetaData: Removing '/Game/Levels/MainMenu/MenuGameMode.SKEL_MenuGameMode_C:DefaultSceneRoot' ref from Metadata '/Game/Levels/MenuGameMode.PackageMetaData'
[2018.09.13-16.23.12:943][103]LogMetaData: Removing '/Game/Levels/MainMenu/MenuGameMode.SKEL_MenuGameMode_C:UserConstructionScript' ref from Metadata '/Game/Levels/MenuGameMode.PackageMetaData'
[2018.09.13-16.23.12:943][103]LogMetaData: Removing '/Game/Levels/MainMenu/MenuGameMode.SKEL_MenuGameMode_C' ref from Metadata '/Game/Levels/MenuGameMode.PackageMetaData'
[2018.09.13-16.23.12:943][103]LogMetaData: Removing '/Game/Levels/MainMenu/MenuGameMode.MenuGameMode_C:DefaultSceneRoot' ref from Metadata '/Game/Levels/MenuGameMode.PackageMetaData'
[2018.09.13-16.23.12:977][103]Cmd: OBJ SAVEPACKAGE PACKAGE="/Game/Levels/MainMenu/MainMenu_BuiltData" FILE="../../../../../Unreal Engine/GiftGame/Content/Levels/MainMenu/MainMenu_BuiltData.uasset" SILENT=true
[2018.09.13-16.23.13:066][103]LogSavePackage: Moving '../../../../../Unreal Engine/GiftGame/Saved/MainMenu_BuiltDataEE054CAA4126E735A3F4B0B00AE0A2F0.tmp' to '../../../../../Unreal Engine/GiftGame/Content/Levels/MainMenu/MainMenu_BuiltData.uasset'
[2018.09.13-16.23.13:127][103]Cmd: OBJ SAVEPACKAGE PACKAGE="/Game/Levels/MainMenu/MainMenu" FILE="../../../../../Unreal Engine/GiftGame/Content/Levels/MainMenu/MainMenu.umap" SILENT=true AUTOSAVING=false KEEPDIRTY=false
[2018.09.13-16.23.13:203][103]LogSavePackage: Moving '../../../../../Unreal Engine/GiftGame/Saved/MainMenu36BE8B7B45D13D620DF8738545ED9A59.tmp' to '../../../../../Unreal Engine/GiftGame/Content/Levels/MainMenu/MainMenu.umap'
[2018.09.13-16.23.13:214][103]LogFileHelpers: Saving map 'MainMenu' took 0.138
[2018.09.13-16.23.13:219][103]Cmd: OBJ SAVEPACKAGE PACKAGE="/Game/Levels/MainMenu/MainMenuHUD" FILE="../../../../../Unreal Engine/GiftGame/Content/Levels/MainMenu/MainMenuHUD.uasset" SILENT=true
[2018.09.13-16.23.13:252][103]LogSavePackage: Moving '../../../../../Unreal Engine/GiftGame/Saved/MainMenuHUD5BCF61F3459DBF6A03470A9075BB522E.tmp' to '../../../../../Unreal Engine/GiftGame/Content/Levels/MainMenu/MainMenuHUD.uasset'
[2018.09.13-16.23.13:265][103]Cmd: OBJ SAVEPACKAGE PACKAGE="/Game/Levels/MainMenu/MainMenuWidget" FILE="../../../../../Unreal Engine/GiftGame/Content/Levels/MainMenu/MainMenuWidget.uasset" SILENT=true
[2018.09.13-16.23.13:301][103]LogSavePackage: Moving '../../../../../Unreal Engine/GiftGame/Saved/MainMenuWidgetED76225047EDF23F8A2CF6BA6825E58C.tmp' to '../../../../../Unreal Engine/GiftGame/Content/Levels/MainMenu/MainMenuWidget.uasset'
[2018.09.13-16.23.13:313][103]Cmd: OBJ SAVEPACKAGE PACKAGE="/Game/Levels/MainMenu/MenuGameMode" FILE="../../../../../Unreal Engine/GiftGame/Content/Levels/MainMenu/MenuGameMode.uasset" SILENT=true
[2018.09.13-16.23.13:334][103]LogSavePackage: Moving '../../../../../Unreal Engine/GiftGame/Saved/MenuGameModeAAA66A5A4710214D53FA748983AA1FC8.tmp' to '../../../../../Unreal Engine/GiftGame/Content/Levels/MainMenu/MenuGameMode.uasset'
[2018.09.13-16.23.31:281][690]Cmd: OBJ SAVEPACKAGE PACKAGE="/Game/Levels/GiftGame" FILE="../../../../../Unreal Engine/GiftGame/Content/Levels/GiftGame.umap" SILENT=true AUTOSAVING=false KEEPDIRTY=false
[2018.09.13-16.23.31:398][690]LogSavePackage: Moving '../../../../../Unreal Engine/GiftGame/Saved/GiftGame21DEA5844C3A05CE86627C95779CF73F.tmp' to '../../../../../Unreal Engine/GiftGame/Content/Levels/GiftGame.umap'
[2018.09.13-16.23.31:403][690]LogFileHelpers: Saving map 'GiftGame' took 0.171
[2018.09.13-16.23.43:682][ 49]LogAssetEditorManager: Opening Asset editor for World /Game/Levels/MainMenu/MainMenu.MainMenu
[2018.09.13-16.23.43:708][ 49]Cmd: MAP LOAD FILE="../../../../../Unreal Engine/GiftGame/Content/Levels/MainMenu/MainMenu.umap" TEMPLATE=0 SHOWPROGRESS=1 FEATURELEVEL=3
[2018.09.13-16.23.43:708][ 49]LightingResults: New page: Lighting Build
[2018.09.13-16.23.43:709][ 49]LoadErrors: New page: Loading map: MainMenu.umap
[2018.09.13-16.23.43:711][ 49]MapCheck: New page: Map Check
[2018.09.13-16.23.43:711][ 49]LightingResults: New page: Lighting Build
[2018.09.13-16.23.43:857][ 49]LogEditorServer: Finished looking for orphan Actors (0.000 secs)
[2018.09.13-16.23.43:915][ 49]Cmd: MAP CHECKDEP NOCLEARLOG
[2018.09.13-16.23.43:964][ 49]MapCheck: Map check complete: 0 Error(s), 0 Warning(s), took 49.704ms to complete.
[2018.09.13-16.23.43:966][ 49]LogFileHelpers: Loading map 'MainMenu' took 0.258
[2018.09.13-16.24.00:872][540]LogSlate: FSceneViewport::OnFocusLost() reason 0
[2018.09.13-16.24.04:094][629]LogEditorActor: Deleted Actor: AtmosphericFog
[2018.09.13-16.24.04:237][629]LogEditorActor: Deleted 1 Actors (0.148 secs)
[2018.09.13-16.24.07:897][736]LogEditorActor: Deleted Actor: StaticMeshActor
[2018.09.13-16.24.07:922][736]LogEditorActor: Deleted 1 Actors (0.028 secs)
[2018.09.13-16.24.10:767][823]LogEditorActor: Actor Light Source is referenced by Sky Sphere.
[2018.09.13-16.24.21:932][823]LogSlate: Window 'Message' being destroyed
[2018.09.13-16.24.21:980][823]LogEditorActor: Deleted 0 Actors (11.214 secs)
[2018.09.13-16.24.24:448][895]LogEditorActor: Deleted Actor: SkyLight
[2018.09.13-16.24.24:489][895]LogEditorActor: Deleted 1 Actors (0.044 secs)
[2018.09.13-16.24.28:389][ 15]LogEditorActor: Deleted Actor: SphereReflectionCapture
[2018.09.13-16.24.28:425][ 15]LogEditorActor: Deleted 1 Actors (0.039 secs)
[2018.09.13-16.24.31:348][103]LogEditorActor: Deleted Actor: BP_Sky_Sphere_C
[2018.09.13-16.24.31:388][103]LogEditorActor: Deleted 1 Actors (0.045 secs)
[2018.09.13-16.24.33:672][180]LogEditorActor: Deleted Actor: PlayerStart
[2018.09.13-16.24.33:703][180]LogEditorActor: Deleted 1 Actors (0.034 secs)
[2018.09.13-16.24.35:958][257]LogEditorActor: Deleted Actor: DirectionalLight
[2018.09.13-16.24.35:988][257]LogEditorActor: Deleted 1 Actors (0.034 secs)
[2018.09.13-16.24.40:906][431]Cmd: OBJ SAVEPACKAGE PACKAGE="/Game/Levels/MainMenu/MainMenu" FILE="../../../../../Unreal Engine/GiftGame/Content/Levels/MainMenu/MainMenu.umap" SILENT=true AUTOSAVING=false KEEPDIRTY=false
[2018.09.13-16.24.41:014][431]LogSavePackage: Moving '../../../../../Unreal Engine/GiftGame/Saved/MainMenu47D6FF814BD4E79040A30495F8FDF969.tmp' to '../../../../../Unreal Engine/GiftGame/Content/Levels/MainMenu/MainMenu.umap'
[2018.09.13-16.24.41:058][431]Cmd: OBJ SAVEPACKAGE PACKAGE="/Game/Levels/MainMenu/MainMenu_BuiltData" FILE="../../../../../Unreal Engine/GiftGame/Content/Levels/MainMenu/MainMenu_BuiltData.uasset" SILENT=true
[2018.09.13-16.24.41:107][431]LogSavePackage: Moving '../../../../../Unreal Engine/GiftGame/Saved/MainMenu_BuiltData477B84B048CA5D92C1164B9AB5047C91.tmp' to '../../../../../Unreal Engine/GiftGame/Content/Levels/MainMenu/MainMenu_BuiltData.uasset'
[2018.09.13-16.24.43:392][512]LogTemp: Repeating last play command: Selected Viewport
[2018.09.13-16.24.43:418][512]LogPlayLevel: PlayLevel: No blueprints needed recompiling
[2018.09.13-16.24.43:523][512]PIE: New page: PIE session: MainMenu (Sep 13, 2018, 6:24:43 AM)
[2018.09.13-16.24.43:524][512]LogPlayLevel: Creating play world package: /Game/Levels/MainMenu/UEDPIE_0_MainMenu
[2018.09.13-16.24.43:541][512]LogPlayLevel: PIE: StaticDuplicateObject took: (0.017549s)
[2018.09.13-16.24.43:541][512]LogAIModule: Creating AISystem for world MainMenu
[2018.09.13-16.24.43:542][512]LogPlayLevel: PIE: World Init took: (0.001011s)
[2018.09.13-16.24.43:542][512]LogPlayLevel: PIE: Created PIE world by copying editor world from /Game/Levels/MainMenu/MainMenu.MainMenu to /Game/Levels/MainMenu/UEDPIE_0_MainMenu.MainMenu (0.018779s)
[2018.09.13-16.24.43:602][512]LogInit: XAudio2 using 'Speakers (Realtek High Definition Audio)' : 2 channels at 48 kHz using 32 bits per sample (channel mask 0x3)
[2018.09.13-16.24.43:624][512]LogInit: FAudioDevice initialized.
[2018.09.13-16.24.43:670][512]LogLoad: Game class is 'MenuGameMode_C'
[2018.09.13-16.24.43:672][512]LogWorld: Bringing World /Game/Levels/MainMenu/UEDPIE_0_MainMenu.MainMenu up for play (max tick rate 60) at 2018.09.13-11.24.43
[2018.09.13-16.24.43:673][512]LogWorld: Bringing up level for play took: 0.000899
[2018.09.13-16.24.43:750][512]LogContentBrowser: Native class hierarchy updated for 'MovieSceneCapture' in 0.0004 seconds. Added 10 classes and 0 folders.
[2018.09.13-16.24.43:781][512]PIE: Play in editor start time for /Game/Levels/MainMenu/UEDPIE_0_MainMenu -0.121
[2018.09.13-16.24.50:648][855]LogSlate: Updating window title bar state: overlay mode, drag disabled, window buttons hidden, title bar hidden
[2018.09.13-16.24.50:684][855]LogPlayLevel: Display: Shutting down PIE online subsystems
[2018.09.13-16.24.50:710][855]LogSlate: Updating window title bar state: overlay mode, drag disabled, window buttons hidden, title bar hidden
[2018.09.13-16.24.50:756][858]LogPlayLevel: Display: Destroying online subsystem :Context_1
[2018.09.13-16.24.52:986][935]LogAssetEditorManager: Opening Asset editor for WidgetBlueprint /Game/Levels/MainMenu/MainMenuWidget.MainMenuWidget
[2018.09.13-16.24.53:605][935]LogContentBrowser: Native class hierarchy updated for 'BlueprintGraph' in 0.0007 seconds. Added 116 classes and 0 folders.
[2018.09.13-16.24.54:587][935]LogSlate: Took 0.000337 seconds to synchronously load lazily loaded font '../../../Engine/Content/Slate/Fonts/Roboto-BoldCondensed.ttf' (158K)
[2018.09.13-16.24.56:752][994]LogSlate: Took 0.003287 seconds to synchronously load lazily loaded font '../../../Engine/Content/Slate/Fonts/DroidSansFallback.ttf' (3848K)
[2018.09.13-16.25.30:386][ 57]BlueprintLog: New page: Compile MainMenuWidget
[2018.09.13-16.25.31:749][ 81]Cmd: OBJ SAVEPACKAGE PACKAGE="/Game/Levels/MainMenu/MainMenuWidget" FILE="../../../../../Unreal Engine/GiftGame/Content/Levels/MainMenu/MainMenuWidget.uasset" SILENT=true
[2018.09.13-16.25.31:798][ 81]LogSavePackage: Moving '../../../../../Unreal Engine/GiftGame/Saved/MainMenuWidgetA758D2DC4FAFC2377C0F5EB7973C244B.tmp' to '../../../../../Unreal Engine/GiftGame/Content/Levels/MainMenu/MainMenuWidget.uasset'
[2018.09.13-16.25.33:369][125]LogSlate: Window 'MainMenuWidget' being destroyed
[2018.09.13-16.25.33:410][125]LogSlate: Window 'MainMenuWidget' being destroyed
[2018.09.13-16.25.35:099][182]LogTemp: Repeating last play command: Selected Viewport
[2018.09.13-16.25.35:123][182]LogPlayLevel: PlayLevel: No blueprints needed recompiling
[2018.09.13-16.25.35:123][182]PIE: New page: PIE session: MainMenu (Sep 13, 2018, 6:25:35 AM)
[2018.09.13-16.25.35:123][182]LogPlayLevel: Creating play world package: /Game/Levels/MainMenu/UEDPIE_0_MainMenu
[2018.09.13-16.25.35:125][182]LogPlayLevel: PIE: StaticDuplicateObject took: (0.001238s)
[2018.09.13-16.25.35:126][182]LogAIModule: Creating AISystem for world MainMenu
[2018.09.13-16.25.35:126][182]LogPlayLevel: PIE: World Init took: (0.001387s)
[2018.09.13-16.25.35:126][182]LogPlayLevel: PIE: Created PIE world by copying editor world from /Game/Levels/MainMenu/MainMenu.MainMenu to /Game/Levels/MainMenu/UEDPIE_0_MainMenu.MainMenu (0.002832s)
[2018.09.13-16.25.35:170][182]LogInit: XAudio2 using 'Speakers (Realtek High Definition Audio)' : 2 channels at 48 kHz using 32 bits per sample (channel mask 0x3)
[2018.09.13-16.25.35:192][182]LogInit: FAudioDevice initialized.
[2018.09.13-16.25.35:222][182]LogLoad: Game class is 'MenuGameMode_C'
[2018.09.13-16.25.35:223][182]LogWorld: Bringing World /Game/Levels/MainMenu/UEDPIE_0_MainMenu.MainMenu up for play (max tick rate 60) at 2018.09.13-11.25.35
[2018.09.13-16.25.35:223][182]LogWorld: Bringing up level for play took: 0.000457
[2018.09.13-16.25.35:237][182]PIE: Play in editor start time for /Game/Levels/MainMenu/UEDPIE_0_MainMenu -0.665
[2018.09.13-16.25.51:312][945]LogSlate: Updating window title bar state: overlay mode, drag disabled, window buttons hidden, title bar hidden
[2018.09.13-16.25.51:351][945]LogPlayLevel: Display: Shutting down PIE online subsystems
[2018.09.13-16.25.51:386][945]LogSlate: Updating window title bar state: overlay mode, drag disabled, window buttons hidden, title bar hidden
[2018.09.13-16.25.51:415][947]LogPlayLevel: Display: Destroying online subsystem :Context_4
[2018.09.13-16.25.53:796][ 30]LogAssetEditorManager: Opening Asset editor for WidgetBlueprint /Game/Levels/MainMenu/MainMenuWidget.MainMenuWidget
[2018.09.13-16.28.23:603][125]BlueprintLog: New page: Compile MainMenuWidget
[2018.09.13-16.28.24:667][139]Cmd: OBJ SAVEPACKAGE PACKAGE="/Game/Levels/MainMenu/MainMenuWidget" FILE="../../../../../Unreal Engine/GiftGame/Content/Levels/MainMenu/MainMenuWidget.uasset" SILENT=true
[2018.09.13-16.28.24:779][139]LogSavePackage: Moving '../../../../../Unreal Engine/GiftGame/Saved/MainMenuWidgetFDC4C06246E539AE1218AAA51E538F0E.tmp' to '../../../../../Unreal Engine/GiftGame/Content/Levels/MainMenu/MainMenuWidget.uasset'
[2018.09.13-16.28.26:298][182]LogSlate: Window 'MainMenuWidget' being destroyed
[2018.09.13-16.28.26:316][182]LogSlate: Window 'MainMenuWidget' being destroyed
[2018.09.13-16.28.27:982][238]LogTemp: Repeating last play command: Selected Viewport
[2018.09.13-16.28.28:005][238]LogPlayLevel: PlayLevel: No blueprints needed recompiling
[2018.09.13-16.28.28:005][238]PIE: New page: PIE session: MainMenu (Sep 13, 2018, 6:28:28 AM)
[2018.09.13-16.28.28:005][238]LogPlayLevel: Creating play world package: /Game/Levels/MainMenu/UEDPIE_0_MainMenu
[2018.09.13-16.28.28:007][238]LogPlayLevel: PIE: StaticDuplicateObject took: (0.001422s)
[2018.09.13-16.28.28:009][238]LogAIModule: Creating AISystem for world MainMenu
[2018.09.13-16.28.28:009][238]LogPlayLevel: PIE: World Init took: (0.001397s)
[2018.09.13-16.28.28:009][238]LogPlayLevel: PIE: Created PIE world by copying editor world from /Game/Levels/MainMenu/MainMenu.MainMenu to /Game/Levels/MainMenu/UEDPIE_0_MainMenu.MainMenu (0.002982s)
[2018.09.13-16.28.28:054][238]LogInit: XAudio2 using 'Speakers (Realtek High Definition Audio)' : 2 channels at 48 kHz using 32 bits per sample (channel mask 0x3)
[2018.09.13-16.28.28:076][238]LogInit: FAudioDevice initialized.
[2018.09.13-16.28.28:111][238]LogLoad: Game class is 'MenuGameMode_C'
[2018.09.13-16.28.28:112][238]LogWorld: Bringing World /Game/Levels/MainMenu/UEDPIE_0_MainMenu.MainMenu up for play (max tick rate 60) at 2018.09.13-11.28.28
[2018.09.13-16.28.28:112][238]LogWorld: Bringing up level for play took: 0.000349
[2018.09.13-16.28.28:126][238]PIE: Play in editor start time for /Game/Levels/MainMenu/UEDPIE_0_MainMenu 0.223
[2018.09.13-16.28.38:813][751]LogSlate: Updating window title bar state: overlay mode, drag disabled, window buttons hidden, title bar hidden
[2018.09.13-16.28.38:850][751]LogPlayLevel: Display: Shutting down PIE online subsystems
[2018.09.13-16.28.38:881][751]LogSlate: Updating window title bar state: overlay mode, drag disabled, window buttons hidden, title bar hidden
[2018.09.13-16.28.38:911][753]LogPlayLevel: Display: Destroying online subsystem :Context_7
[2018.09.13-16.28.41:533][844]LogAssetEditorManager: Opening Asset editor for WidgetBlueprint /Game/Levels/MainMenu/MainMenuWidget.MainMenuWidget
[2018.09.13-16.29.08:327][568]LogSlate: Window 'MainMenuWidget' being destroyed
[2018.09.13-16.29.08:368][568]LogSlate: Window 'MainMenuWidget' being destroyed
[2018.09.13-16.29.09:414][594]LogTemp: Repeating last play command: Selected Viewport
[2018.09.13-16.29.09:436][594]LogPlayLevel: PlayLevel: No blueprints needed recompiling
[2018.09.13-16.29.09:436][594]PIE: New page: PIE session: MainMenu (Sep 13, 2018, 6:29:09 AM)
[2018.09.13-16.29.09:437][594]LogPlayLevel: Creating play world package: /Game/Levels/MainMenu/UEDPIE_0_MainMenu
[2018.09.13-16.29.09:437][594]LogPlayLevel: PIE: StaticDuplicateObject took: (0.000817s)
[2018.09.13-16.29.09:438][594]LogAIModule: Creating AISystem for world MainMenu
[2018.09.13-16.29.09:438][594]LogPlayLevel: PIE: World Init took: (0.000790s)
[2018.09.13-16.29.09:438][594]LogPlayLevel: PIE: Created PIE world by copying editor world from /Game/Levels/MainMenu/MainMenu.MainMenu to /Game/Levels/MainMenu/UEDPIE_0_MainMenu.MainMenu (0.001744s)
[2018.09.13-16.29.09:479][594]LogInit: XAudio2 using 'Speakers (Realtek High Definition Audio)' : 2 channels at 48 kHz using 32 bits per sample (channel mask 0x3)
[2018.09.13-16.29.09:499][594]LogInit: FAudioDevice initialized.
[2018.09.13-16.29.09:531][594]LogLoad: Game class is 'MenuGameMode_C'
[2018.09.13-16.29.09:532][594]LogWorld: Bringing World /Game/Levels/MainMenu/UEDPIE_0_MainMenu.MainMenu up for play (max tick rate 60) at 2018.09.13-11.29.09
[2018.09.13-16.29.09:532][594]LogWorld: Bringing up level for play took: 0.000348
[2018.09.13-16.29.09:546][594]PIE: Play in editor start time for /Game/Levels/MainMenu/UEDPIE_0_MainMenu -0.357
[2018.09.13-16.29.23:580][270]LogSlate: Updating window title bar state: overlay mode, drag disabled, window buttons hidden, title bar hidden
[2018.09.13-16.29.23:614][270]LogPlayLevel: Display: Shutting down PIE online subsystems
[2018.09.13-16.29.23:646][270]LogSlate: Updating window title bar state: overlay mode, drag disabled, window buttons hidden, title bar hidden
[2018.09.13-16.29.23:676][272]LogPlayLevel: Display: Destroying online subsystem :Context_10
[2018.09.13-16.29.27:603][408]LogAssetEditorManager: Opening Asset editor for WidgetBlueprint /Game/Levels/MainMenu/MainMenuWidget.MainMenuWidget
[2018.09.13-16.30.34:692][231]BlueprintLog: New page: Compile MainMenuWidget
[2018.09.13-16.30.35:918][250]Cmd: OBJ SAVEPACKAGE PACKAGE="/Game/Levels/MainMenu/MainMenuWidget" FILE="../../../../../Unreal Engine/GiftGame/Content/Levels/MainMenu/MainMenuWidget.uasset" SILENT=true
[2018.09.13-16.30.35:967][250]LogSavePackage: Moving '../../../../../Unreal Engine/GiftGame/Saved/MainMenuWidget058266964C984C8392290D9B0C7DBC34.tmp' to '../../../../../Unreal Engine/GiftGame/Content/Levels/MainMenu/MainMenuWidget.uasset'
[2018.09.13-16.30.37:873][304]LogSlate: Window 'MainMenuWidget' being destroyed
[2018.09.13-16.30.37:893][304]LogSlate: Window 'MainMenuWidget' being destroyed
[2018.09.13-16.30.41:221][419]Cmd: OBJ SAVEPACKAGE PACKAGE="/Game/Levels/MainMenu/MainMenu" FILE="../../../../../Unreal Engine/GiftGame/Content/Levels/MainMenu/MainMenu.umap" SILENT=true AUTOSAVING=false KEEPDIRTY=false
[2018.09.13-16.30.41:363][419]LogSavePackage: Moving '../../../../../Unreal Engine/GiftGame/Saved/MainMenuFEC8C1B84396AEDB8F7381A03A7193AE.tmp' to '../../../../../Unreal Engine/GiftGame/Content/Levels/MainMenu/MainMenu.umap'
[2018.09.13-16.30.41:398][419]Cmd: OBJ SAVEPACKAGE PACKAGE="/Game/Levels/MainMenu/MainMenu_BuiltData" FILE="../../../../../Unreal Engine/GiftGame/Content/Levels/MainMenu/MainMenu_BuiltData.uasset" SILENT=true
[2018.09.13-16.30.41:450][419]LogSavePackage: Moving '../../../../../Unreal Engine/GiftGame/Saved/MainMenu_BuiltData6B01092D48D654CD34512891E4B76AB5.tmp' to '../../../../../Unreal Engine/GiftGame/Content/Levels/MainMenu/MainMenu_BuiltData.uasset'
[2018.09.13-16.31.57:634][200]LogSlate: Window 'Pick Parent Class' being destroyed
[2018.09.13-16.32.08:678][592]Cmd: OBJ SAVEPACKAGE PACKAGE="/Game/Actors/Spectator" FILE="../../../../../Unreal Engine/GiftGame/Content/Actors/Spectator.uasset" SILENT=true
[2018.09.13-16.32.08:700][592]LogSavePackage: Moving '../../../../../Unreal Engine/GiftGame/Saved/Spectator7F12785245808C53E975F79FB2276824.tmp' to '../../../../../Unreal Engine/GiftGame/Content/Actors/Spectator.uasset'
[2018.09.13-16.32.20:729][ 15]LogAIModule: Creating AISystem for world GiftGame
[2018.09.13-16.32.20:735][ 15]LogAssetEditorManager: Opening Asset editor for World /Game/Levels/GiftGame.GiftGame
[2018.09.13-16.32.20:775][ 15]Cmd: MAP LOAD FILE="../../../../../Unreal Engine/GiftGame/Content/Levels/GiftGame.umap" TEMPLATE=0 SHOWPROGRESS=1 FEATURELEVEL=3
[2018.09.13-16.32.20:775][ 15]LightingResults: New page: Lighting Build
[2018.09.13-16.32.20:776][ 15]LoadErrors: New page: Loading map: GiftGame.umap
[2018.09.13-16.32.20:776][ 15]MapCheck: New page: Map Check
[2018.09.13-16.32.20:776][ 15]LightingResults: New page: Lighting Build
[2018.09.13-16.32.20:884][ 15]LogEditorServer: Finished looking for orphan Actors (0.000 secs)
[2018.09.13-16.32.20:944][ 15]Cmd: MAP CHECKDEP NOCLEARLOG
[2018.09.13-16.32.21:000][ 15]MapCheck: Map check complete: 0 Error(s), 0 Warning(s), took 55.439ms to complete.
[2018.09.13-16.32.21:000][ 15]LogFileHelpers: Loading map 'GiftGame' took 0.226
[2018.09.13-16.32.29:355][349]LogSlate: FSceneViewport::OnFocusLost() reason 0
[2018.09.13-16.32.29:432][351]LogAssetEditorManager: Opening Asset editor for Blueprint /Game/Actors/Spectator.Spectator
[2018.09.13-16.32.30:704][351]LogRenderer: Reallocating scene render targets to support 808x472 Format 10 NumSamples 1 (Frame:1).
[2018.09.13-16.33.40:409][831]LogSlate: Took 0.054523 seconds to synchronously load lazily loaded font '../../../Engine/Content/Slate/Fonts/Roboto-BoldCondensedItalic.ttf' (160K)
[2018.09.13-16.36.38:373][124]BlueprintLog: New page: Compile Spectator
[2018.09.13-16.36.39:851][143]Cmd: OBJ SAVEPACKAGE PACKAGE="/Game/Actors/Spectator" FILE="../../../../../Unreal Engine/GiftGame/Content/Actors/Spectator.uasset" SILENT=true
[2018.09.13-16.36.40:007][143]LogSavePackage: Moving '../../../../../Unreal Engine/GiftGame/Saved/Spectator04360F894496E9007B82F08D5EE0E646.tmp' to '../../../../../Unreal Engine/GiftGame/Content/Actors/Spectator.uasset'
[2018.09.13-16.37.24:957][981]BlueprintLog: New page: Compile Spectator
[2018.09.13-16.37.25:967][  6]Cmd: OBJ SAVEPACKAGE PACKAGE="/Game/Actors/Spectator" FILE="../../../../../Unreal Engine/GiftGame/Content/Actors/Spectator.uasset" SILENT=true
[2018.09.13-16.37.25:995][  6]LogSavePackage: Moving '../../../../../Unreal Engine/GiftGame/Saved/Spectator587B59664A145B45BFB5FD8EFC9849C3.tmp' to '../../../../../Unreal Engine/GiftGame/Content/Actors/Spectator.uasset'
[2018.09.13-16.37.47:715][443]BlueprintLog: New page: Compile Spectator
[2018.09.13-16.37.48:501][461]Cmd: OBJ SAVEPACKAGE PACKAGE="/Game/Actors/Spectator" FILE="../../../../../Unreal Engine/GiftGame/Content/Actors/Spectator.uasset" SILENT=true
[2018.09.13-16.37.48:920][461]LogSavePackage: Moving '../../../../../Unreal Engine/GiftGame/Saved/Spectator603538B4445932DED7CC759AACBE016B.tmp' to '../../../../../Unreal Engine/GiftGame/Content/Actors/Spectator.uasset'
[2018.09.13-16.38.40:222][345]LogSlate: Took 0.000529 seconds to synchronously load lazily loaded font '../../../Engine/Content/Slate/Fonts/Roboto-Italic.ttf' (157K)
[2018.09.13-16.39.13:018][534]BlueprintLog: New page: Compile Spectator
[2018.09.13-16.39.13:921][555]Cmd: OBJ SAVEPACKAGE PACKAGE="/Game/Actors/Spectator" FILE="../../../../../Unreal Engine/GiftGame/Content/Actors/Spectator.uasset" SILENT=true
[2018.09.13-16.39.14:328][555]LogSavePackage: Moving '../../../../../Unreal Engine/GiftGame/Saved/Spectator4483AF0B45ECC53283AD938DA6BFED76.tmp' to '../../../../../Unreal Engine/GiftGame/Content/Actors/Spectator.uasset'
[2018.09.13-16.40.11:794][ 88]BlueprintLog: New page: Compile Spectator
[2018.09.13-16.40.12:890][114]Cmd: OBJ SAVEPACKAGE PACKAGE="/Game/Actors/Spectator" FILE="../../../../../Unreal Engine/GiftGame/Content/Actors/Spectator.uasset" SILENT=true
[2018.09.13-16.40.13:253][114]LogSavePackage: Moving '../../../../../Unreal Engine/GiftGame/Saved/Spectator6ACD3A5A42EFE54B9E770F9F4A6DEDB8.tmp' to '../../../../../Unreal Engine/GiftGame/Content/Actors/Spectator.uasset'
[2018.09.13-16.40.51:861][991]LogSlate: Window 'Spectator' being destroyed
[2018.09.13-16.40.51:902][991]LogSlate: Window 'Spectator' being destroyed
[2018.09.13-16.42.24:669][  2]LogFactory: FactoryCreateFile: SoundWave with ReimportSoundFactory (0 0 C:/Users/User/Downloads/JB_Modified_GG.wav)
[2018.09.13-16.42.24:724][  2]LogFactory: FactoryCreateFile: SoundWave with ReimportSoundFactory (0 0 C:/Users/User/Downloads/WHAT!.wav)
[2018.09.13-16.42.27:367][ 97]Cmd: OBJ SAVEPACKAGE PACKAGE="/Game/JB_Modified_GG" FILE="../../../../../Unreal Engine/GiftGame/Content/JB_Modified_GG.uasset" SILENT=true
[2018.09.13-16.42.27:560][ 97]LogSavePackage: Moving '../../../../../Unreal Engine/GiftGame/Saved/JB_Modified_GGE74CEB954C53EE2C1317258D1D797FBB.tmp' to '../../../../../Unreal Engine/GiftGame/Content/JB_Modified_GG.uasset'
[2018.09.13-16.42.27:575][ 97]Cmd: OBJ SAVEPACKAGE PACKAGE="/Game/WHAT_" FILE="../../../../../Unreal Engine/GiftGame/Content/WHAT_.uasset" SILENT=true
[2018.09.13-16.42.27:625][ 97]LogSavePackage: Moving '../../../../../Unreal Engine/GiftGame/Saved/WHAT_C9A8EBF04950CDF59DBA4BA7FBB547D1.tmp' to '../../../../../Unreal Engine/GiftGame/Content/WHAT_.uasset'
[2018.09.13-16.42.48:893][ 82]Cmd: OBJ SAVEPACKAGE PACKAGE="/Game/MainMenuQueue" FILE="../../../../../Unreal Engine/GiftGame/Content/MainMenuQueue.uasset" SILENT=true
[2018.09.13-16.42.48:994][ 82]LogSavePackage: Moving '../../../../../Unreal Engine/GiftGame/Saved/MainMenuQueue055B7EB84966A7BA14E5288C7CA7EC62.tmp' to '../../../../../Unreal Engine/GiftGame/Content/MainMenuQueue.uasset'
[2018.09.13-16.42.49:907][118]LogAssetEditorManager: Opening Asset editor for SoundCue /Game/MainMenuQueue.MainMenuQueue
[2018.09.13-16.43.23:902][370]Cmd: OBJ SAVEPACKAGE PACKAGE="/Game/MainMenuQueue" FILE="../../../../../Unreal Engine/GiftGame/Content/MainMenuQueue.uasset" SILENT=true
[2018.09.13-16.43.24:457][370]LogSavePackage: Moving '../../../../../Unreal Engine/GiftGame/Saved/MainMenuQueueAD8EEA9142B534A24937C7B7D8485A7A.tmp' to '../../../../../Unreal Engine/GiftGame/Content/MainMenuQueue.uasset'
[2018.09.13-16.43.36:815][734]LogSlate: Window 'MainMenuQueue' being destroyed
[2018.09.13-16.43.36:826][734]LogSlate: Window 'MainMenuQueue' being destroyed
[2018.09.13-16.43.39:711][838]Cmd: OBJ SAVEPACKAGE PACKAGE="/Game/Levels/GiftGame" FILE="../../../../../Unreal Engine/GiftGame/Content/Levels/GiftGame.umap" SILENT=true AUTOSAVING=false KEEPDIRTY=false
[2018.09.13-16.43.39:838][838]LogSavePackage: Moving '../../../../../Unreal Engine/GiftGame/Saved/GiftGame8C7CBC0C417CFA6CDC473B9F2A2D7574.tmp' to '../../../../../Unreal Engine/GiftGame/Content/Levels/GiftGame.umap'
[2018.09.13-16.43.41:567][897]LogSlate: Window 'GiftGame - Unreal Editor' being destroyed
[2018.09.13-16.43.41:568][897]LogWindowsTextInputMethodSystem: Display: IME system now deactivated.
[2018.09.13-16.43.41:793][898]Cmd: QUIT_EDITOR
[2018.09.13-16.43.42:074][898]LogExit: Preparing to exit.
[2018.09.13-16.43.42:982][898]LogExit: Editor shut down
[2018.09.13-16.43.42:982][898]LogExit: Transaction tracking system shut down
[2018.09.13-16.43.43:291][898]LogExit: Object subsystem successfully closed.
[2018.09.13-16.43.43:308][898]LogShaderCompilers: Display: Shaders left to compile 0
[2018.09.13-16.43.43:312][898]LogD3D11RHI: Shutdown
[2018.09.13-16.43.43:312][898]LogD3D11RHI: CleanupD3DDevice
[2018.09.13-16.43.43:322][898]LogD3D11RHI: ~FD3D11DynamicRHI
[2018.09.13-16.43.43:333][898]LogModuleManager: Shutting down and abandoning module SequencerWidgets (620)
[2018.09.13-16.43.43:333][898]LogModuleManager: Shutting down and abandoning module BlueprintGraph (618)
[2018.09.13-16.43.43:333][898]LogModuleManager: Shutting down and abandoning module MovieSceneCapture (616)
[2018.09.13-16.43.43:333][898]LogModuleManager: Shutting down and abandoning module Voice (614)
[2018.09.13-16.43.43:348][898]LogModuleManager: Shutting down and abandoning module HierarchicalLODOutliner (612)
[2018.09.13-16.43.43:349][898]LogModuleManager: Shutting down and abandoning module SceneOutliner (610)
[2018.09.13-16.43.43:349][898]LogModuleManager: Shutting down and abandoning module AddContentDialog (608)
[2018.09.13-16.43.43:350][898]LogModuleManager: Shutting down and abandoning module WidgetCarousel (607)
[2018.09.13-16.43.43:350][898]LogModuleManager: Shutting down and abandoning module EditorWidgets (604)
[2018.09.13-16.43.43:350][898]LogModuleManager: Shutting down and abandoning module CollectionManager (602)
[2018.09.13-16.43.43:350][898]LogModuleManager: Shutting down and abandoning module HierarchicalLODUtilities (600)
[2018.09.13-16.43.43:350][898]LogModuleManager: Shutting down and abandoning module StatsViewer (598)
[2018.09.13-16.43.43:350][898]LogModuleManager: Shutting down and abandoning module FoliageEdit (596)
[2018.09.13-16.43.43:350][898]LogModuleManager: Shutting down and abandoning module LandscapeEditor (594)
[2018.09.13-16.43.43:350][898]LogModuleManager: Shutting down and abandoning module MeshPaintMode (592)
[2018.09.13-16.43.43:350][898]LogModuleManager: Shutting down and abandoning module SceneDepthPickerMode (590)
[2018.09.13-16.43.43:350][898]LogModuleManager: Shutting down and abandoning module ActorPickerMode (588)
[2018.09.13-16.43.43:350][898]LogModuleManager: Shutting down and abandoning module GeometryMode (586)
[2018.09.13-16.43.43:350][898]LogModuleManager: Shutting down and abandoning module TextureAlignMode (584)
[2018.09.13-16.43.43:350][898]LogModuleManager: Shutting down and abandoning module BspMode (582)
[2018.09.13-16.43.43:350][898]LogModuleManager: Shutting down and abandoning module PIEPreviewDeviceProfileSelector (580)
[2018.09.13-16.43.43:351][898]LogModuleManager: Shutting down and abandoning module SequenceRecorderSections (578)
[2018.09.13-16.43.43:351][898]LogModuleManager: Shutting down and abandoning module AutomationWorker (576)
[2018.09.13-16.43.43:351][898]LogModuleManager: Shutting down and abandoning module AudioCaptureEditor (574)
[2018.09.13-16.43.43:351][898]LogModuleManager: Shutting down and abandoning module SequenceRecorder (573)
[2018.09.13-16.43.43:351][898]LogModuleManager: Shutting down and abandoning module MatineeToLevelSequence (570)
[2018.09.13-16.43.43:351][898]LogModuleManager: Shutting down and abandoning module LevelSequenceEditor (568)
[2018.09.13-16.43.43:351][898]LogModuleManager: Shutting down and abandoning module PlacementMode (567)
[2018.09.13-16.43.43:351][898]LogModuleManager: Shutting down and abandoning module MaterialEditor (566)
[2018.09.13-16.43.43:351][898]LogModuleManager: Shutting down and abandoning module WmfMediaFactory (562)
[2018.09.13-16.43.43:351][898]LogModuleManager: Shutting down and abandoning module WmfMediaEditor (560)
[2018.09.13-16.43.43:351][898]LogModuleManager: Shutting down and abandoning module MediaPlayerEditor (558)
[2018.09.13-16.43.43:351][898]LogModuleManager: Shutting down and abandoning module OpenExrWrapper (556)
[2018.09.13-16.43.43:351][898]LogModuleManager: Shutting down and abandoning module ImgMediaFactory (554)
[2018.09.13-16.43.43:351][898]LogModuleManager: Shutting down and abandoning module ImgMediaEditor (552)
[2018.09.13-16.43.43:351][898]LogModuleManager: Shutting down and abandoning module AvfMediaFactory (550)
[2018.09.13-16.43.43:351][898]LogModuleManager: Shutting down and abandoning module AvfMediaEditor (548)
[2018.09.13-16.43.43:351][898]LogModuleManager: Shutting down and abandoning module AndroidMediaFactory (546)
[2018.09.13-16.43.43:351][898]LogModuleManager: Shutting down and abandoning module AndroidMediaEditor (544)
[2018.09.13-16.43.43:351][898]LogModuleManager: Shutting down and abandoning module MagicLeapCameraPreviewFactory (542)
[2018.09.13-16.43.43:351][898]LogModuleManager: Shutting down and abandoning module MagicLeapMediaFactory (540)
[2018.09.13-16.43.43:351][898]LogModuleManager: Shutting down and abandoning module MagicLeapMediaEditor (538)
[2018.09.13-16.43.43:351][898]LogModuleManager: Shutting down and abandoning module CharacterAI (536)
[2018.09.13-16.43.43:351][898]LogModuleManager: Shutting down and abandoning module SmartSnapping (534)
[2018.09.13-16.43.43:351][898]LogModuleManager: Shutting down and abandoning module SessionServices (532)
[2018.09.13-16.43.43:351][898]LogModuleManager: Shutting down and abandoning module ViewportSnapping (530)
[2018.09.13-16.43.43:351][898]LogModuleManager: Shutting down and abandoning module ViewportInteraction (528)
[2018.09.13-16.43.43:351][898]LogModuleManager: Shutting down and abandoning module ClothPainter (526)
[2018.09.13-16.43.43:351][898]LogModuleManager: Shutting down and abandoning module SkeletalMeshEditor (525)
[2018.09.13-16.43.43:351][898]LogModuleManager: Shutting down and abandoning module LogVisualizer (522)
[2018.09.13-16.43.43:351][898]LogModuleManager: Shutting down and abandoning module IntroTutorials (520)
[2018.09.13-16.43.43:352][898]LogModuleManager: Shutting down and abandoning module GameProjectGeneration (519)
[2018.09.13-16.43.43:352][898]LogModuleManager: Shutting down and abandoning module LuminPlatformEditor (516)
[2018.09.13-16.43.43:352][898]LogModuleManager: Shutting down and abandoning module IOSPlatformEditor (514)
[2018.09.13-16.43.43:352][898]LogModuleManager: Shutting down and abandoning module HTML5PlatformEditor (512)
[2018.09.13-16.43.43:352][898]LogModuleManager: Shutting down and abandoning module AndroidPlatformEditor (510)
[2018.09.13-16.43.43:352][898]LogModuleManager: Shutting down and abandoning module AndroidDeviceDetection (509)
[2018.09.13-16.43.44:564][898]LogModuleManager: Shutting down and abandoning module WindowsPlatformEditor (506)
[2018.09.13-16.43.44:564][898]LogModuleManager: Shutting down and abandoning module LuminRuntimeSettings (504)
[2018.09.13-16.43.44:564][898]LogModuleManager: Shutting down and abandoning module IOSRuntimeSettings (502)
[2018.09.13-16.43.44:564][898]LogModuleManager: Shutting down and abandoning module AndroidRuntimeSettings (500)
[2018.09.13-16.43.44:564][898]LogModuleManager: Shutting down and abandoning module InputBindingEditor (498)
[2018.09.13-16.43.44:564][898]LogModuleManager: Shutting down and abandoning module MergeActors (496)
[2018.09.13-16.43.44:564][898]LogModuleManager: Shutting down and abandoning module LocalizationDashboard (494)
[2018.09.13-16.43.44:564][898]LogModuleManager: Shutting down and abandoning module LocalizationService (493)
[2018.09.13-16.43.44:564][898]LogModuleManager: Shutting down and abandoning module HardwareTargeting (490)
[2018.09.13-16.43.44:564][898]LogModuleManager: Shutting down and abandoning module DeviceProfileEditor (488)
[2018.09.13-16.43.44:565][898]LogModuleManager: Shutting down and abandoning module UndoHistory (486)
[2018.09.13-16.43.44:565][898]LogModuleManager: Shutting down and abandoning module XmlParser (484)
[2018.09.13-16.43.44:565][898]LogModuleManager: Shutting down and abandoning module Blutility (482)
[2018.09.13-16.43.44:565][898]LogModuleManager: Shutting down and abandoning module ProjectSettingsViewer (480)
[2018.09.13-16.43.44:565][898]LogModuleManager: Shutting down and abandoning module ProjectTargetPlatformEditor (479)
[2018.09.13-16.43.44:565][898]LogModuleManager: Shutting down and abandoning module EditorSettingsViewer (476)
[2018.09.13-16.43.44:566][898]LogModuleManager: Shutting down and abandoning module SettingsEditor (474)
[2018.09.13-16.43.44:566][898]LogModuleManager: Shutting down and abandoning module ProjectLauncher (472)
[2018.09.13-16.43.44:566][898]LogModuleManager: Shutting down and abandoning module SessionFrontend (470)
[2018.09.13-16.43.44:566][898]LogModuleManager: Shutting down and abandoning module ProfilerClient (468)
[2018.09.13-16.43.44:566][898]LogModuleManager: Shutting down and abandoning module DeviceManager (466)
[2018.09.13-16.43.44:566][898]LogModuleManager: Shutting down and abandoning module TargetDeviceServices (465)
[2018.09.13-16.43.44:631][898]LogModuleManager: Shutting down and abandoning module AutomationController (462)
[2018.09.13-16.43.44:631][898]LogModuleManager: Shutting down and abandoning module AutomationWindow (460)
[2018.09.13-16.43.44:631][898]LogModuleManager: Shutting down and abandoning module Layers (458)
[2018.09.13-16.43.44:631][898]LogModuleManager: Shutting down and abandoning module ComponentVisualizers (456)
[2018.09.13-16.43.44:631][898]LogModuleManager: Shutting down and abandoning module DetailCustomizations (454)
[2018.09.13-16.43.44:631][898]LogModuleManager: Shutting down and abandoning module PackagesDialog (452)
[2018.09.13-16.43.44:632][898]LogModuleManager: Shutting down and abandoning module Persona (450)
[2018.09.13-16.43.44:632][898]LogModuleManager: Shutting down and abandoning module AdvancedPreviewScene (449)
[2018.09.13-16.43.44:632][898]LogModuleManager: Shutting down and abandoning module AnimGraph (447)
[2018.09.13-16.43.44:632][898]LogModuleManager: Shutting down and abandoning module Kismet (444)
[2018.09.13-16.43.44:649][898]LogModuleManager: Shutting down and abandoning module GraphEditor (442)
[2018.09.13-16.43.44:650][898]LogModuleManager: Shutting down and abandoning module ClassViewer (440)
[2018.09.13-16.43.44:651][898]LogModuleManager: Shutting down and abandoning module Toolbox (438)
[2018.09.13-16.43.44:651][898]LogModuleManager: Shutting down and abandoning module ModuleUI (436)
[2018.09.13-16.43.44:651][898]LogModuleManager: Shutting down and abandoning module MovieSceneTools (434)
[2018.09.13-16.43.44:652][898]LogModuleManager: Shutting down and abandoning module OutputLog (432)
[2018.09.13-16.43.44:652][898]LogModuleManager: Shutting down and abandoning module GammaUI (430)
[2018.09.13-16.43.44:652][898]LogModuleManager: Shutting down and abandoning module Documentation (428)
[2018.09.13-16.43.44:652][898]LogModuleManager: Shutting down and abandoning module MovieSceneTracks (426)
[2018.09.13-16.43.44:652][898]LogModuleManager: Shutting down and abandoning module MovieScene (424)
[2018.09.13-16.43.44:652][898]LogModuleManager: Shutting down and abandoning module StreamingPauseRendering (422)
[2018.09.13-16.43.44:652][898]LogModuleManager: Shutting down and abandoning module LauncherPlatform (420)
[2018.09.13-16.43.44:652][898]LogModuleManager: Shutting down and abandoning module AnalyticsET (418)
[2018.09.13-16.43.44:652][898]LogModuleManager: Shutting down and abandoning module PortalServices (416)
[2018.09.13-16.43.44:652][898]LogModuleManager: Shutting down and abandoning module PortalRpc (414)
[2018.09.13-16.43.44:652][898]LogModuleManager: Shutting down and abandoning module MessagingRpc (412)
[2018.09.13-16.43.44:652][898]LogModuleManager: Shutting down and abandoning module AIModule (410)
[2018.09.13-16.43.44:652][898]LogModuleManager: Shutting down and abandoning module GameplayDebugger (409)
[2018.09.13-16.43.44:652][898]LogModuleManager: Shutting down and abandoning module AITestSuite (407)
[2018.09.13-16.43.44:652][898]LogModuleManager: Shutting down and abandoning module NavigationSystem (405)
[2018.09.13-16.43.44:652][898]LogModuleManager: Shutting down and abandoning module DesktopPlatform (402)
[2018.09.13-16.43.44:652][898]LogModuleManager: Shutting down and abandoning module ProfilerService (400)
[2018.09.13-16.43.44:816][898]LogModuleManager: Shutting down and abandoning module TaskGraph (398)
[2018.09.13-16.43.44:816][898]LogModuleManager: Shutting down and abandoning module SteamVRController (396)
[2018.09.13-16.43.44:817][898]LogModuleManager: Shutting down and abandoning module ProceduralMeshComponentEditor (394)
[2018.09.13-16.43.44:817][898]LogModuleManager: Shutting down and abandoning module ProceduralMeshComponent (392)
[2018.09.13-16.43.44:817][898]LogModuleManager: Shutting down and abandoning module OculusInput (390)
[2018.09.13-16.43.44:817][898]LogModuleManager: Shutting down and abandoning module MobilePatchingUtils (388)
[2018.09.13-16.43.44:817][898]LogModuleManager: Shutting down and abandoning module EditableMesh (386)
[2018.09.13-16.43.44:817][898]LogModuleManager: Shutting down and abandoning module CustomMeshComponent (384)
[2018.09.13-16.43.44:817][898]LogModuleManager: Shutting down and abandoning module CableComponent (382)
[2018.09.13-16.43.44:817][898]LogModuleManager: Shutting down and abandoning module AudioCapture (380)
[2018.09.13-16.43.44:818][898]LogModuleManager: Shutting down and abandoning module ArchVisCharacter (378)
[2018.09.13-16.43.44:818][898]LogModuleManager: Shutting down and abandoning module AndroidPermission (376)
[2018.09.13-16.43.44:818][898]LogModuleManager: Shutting down and abandoning module NUTUnrealEngine4 (374)
[2018.09.13-16.43.44:818][898]LogModuleManager: Shutting down and abandoning module NetcodeUnitTest (372)
[2018.09.13-16.43.44:818][898]LogModuleManager: Shutting down and abandoning module MediaCompositingEditor (370)
[2018.09.13-16.43.44:818][898]LogModuleManager: Shutting down and abandoning module MediaCompositing (368)
[2018.09.13-16.43.44:818][898]LogModuleManager: Shutting down and abandoning module LinearTimecode (366)
[2018.09.13-16.43.44:819][898]LogModuleManager: Shutting down and abandoning module ImgMedia (364)
[2018.09.13-16.43.44:843][898]LogModuleManager: Shutting down and abandoning module HTML5Networking (362)
[2018.09.13-16.43.44:843][898]LogModuleManager: Shutting down and abandoning module GeometryCacheTracks (360)
[2018.09.13-16.43.44:843][898]LogModuleManager: Shutting down and abandoning module GeometryCacheSequencer (358)
[2018.09.13-16.43.44:844][898]LogModuleManager: Shutting down and abandoning module BackChannel (356)
[2018.09.13-16.43.44:844][898]LogModuleManager: Shutting down and abandoning module AppleVision (354)
[2018.09.13-16.43.44:844][898]LogModuleManager: Shutting down and abandoning module AppleImageUtils (352)
[2018.09.13-16.43.44:844][898]LogModuleManager: Shutting down and abandoning module AlembicImporter (350)
[2018.09.13-16.43.44:844][898]LogModuleManager: Shutting down and abandoning module AlembicLibrary (349)
[2018.09.13-16.43.44:844][898]LogModuleManager: Shutting down and abandoning module GeometryCache (348)
[2018.09.13-16.43.44:844][898]LogModuleManager: Shutting down and abandoning module GeometryCacheEd (347)
[2018.09.13-16.43.44:844][898]LogModuleManager: Shutting down and abandoning module DatasmithContentEditor (342)
[2018.09.13-16.43.44:844][898]LogModuleManager: Shutting down and abandoning module DatasmithContent (340)
[2018.09.13-16.43.44:856][898]LogModuleManager: Shutting down and abandoning module SpeedTreeImporter (338)
[2018.09.13-16.43.44:856][898]LogModuleManager: Shutting down and abandoning module PluginBrowser (336)
[2018.09.13-16.43.44:856][898]LogModuleManager: Shutting down and abandoning module MobileLauncherProfileWizard (334)
[2018.09.13-16.43.44:856][898]LogModuleManager: Shutting down and abandoning module PolygonModeling (332)
[2018.09.13-16.43.44:856][898]LogModuleManager: Shutting down and abandoning module MeshEditor (330)
[2018.09.13-16.43.44:857][898]LogModuleManager: Shutting down and abandoning module CryptoKeysOpenSSL (328)
[2018.09.13-16.43.44:857][898]LogModuleManager: Shutting down and abandoning module CryptoKeys (326)
[2018.09.13-16.43.44:857][898]LogModuleManager: Shutting down and abandoning module VisualStudioSourceCodeAccess (324)
[2018.09.13-16.43.44:857][898]LogModuleManager: Shutting down and abandoning module VisualStudioCodeSourceCodeAccess (322)
[2018.09.13-16.43.44:857][898]LogModuleManager: Shutting down and abandoning module UObjectPlugin (320)
[2018.09.13-16.43.44:857][898]LogModuleManager: Shutting down and abandoning module SubversionSourceControl (318)
[2018.09.13-16.43.44:857][898]LogModuleManager: Shutting down and abandoning module PerforceSourceControl (316)
[2018.09.13-16.43.44:857][898]LogModuleManager: Shutting down and abandoning module GitSourceControl (314)
[2018.09.13-16.43.44:857][898]LogModuleManager: Shutting down and abandoning module SourceControl (313)
[2018.09.13-16.43.44:857][898]LogModuleManager: Shutting down and abandoning module CLionSourceCodeAccess (310)
[2018.09.13-16.43.44:857][898]LogModuleManager: Shutting down and abandoning module LightPropagationVolumeEditor (308)
[2018.09.13-16.43.44:858][898]LogModuleManager: Shutting down and abandoning module PaperTiledImporter (306)
[2018.09.13-16.43.44:858][898]LogModuleManager: Shutting down and abandoning module PaperSpriteSheetImporter (304)
[2018.09.13-16.43.44:858][898]LogModuleManager: Shutting down and abandoning module Paper2DEditor (302)
[2018.09.13-16.43.44:858][898]LogModuleManager: Shutting down and abandoning module MeshPaint (301)
[2018.09.13-16.43.44:858][898]LogModuleManager: Shutting down and abandoning module RuntimePhysXCooking (298)
[2018.09.13-16.43.44:858][898]LogModuleManager: Shutting down and abandoning module PhysXVehiclesEditor (296)
[2018.09.13-16.43.44:858][898]LogModuleManager: Shutting down and abandoning module PhysXVehicles (294)
[2018.09.13-16.43.44:858][898]LogModuleManager: Shutting down and abandoning module OculusEditor (292)
[2018.09.13-16.43.44:858][898]LogModuleManager: Shutting down and abandoning module LocationServicesBPLibrary (290)
[2018.09.13-16.43.44:858][898]LogModuleManager: Shutting down and abandoning module ImmediatePhysicsEditor (288)
[2018.09.13-16.43.44:858][898]LogModuleManager: Shutting down and abandoning module ImmediatePhysics (286)
[2018.09.13-16.43.44:858][898]LogModuleManager: Shutting down and abandoning module ActorSequence (284)
[2018.09.13-16.43.44:859][898]LogModuleManager: Shutting down and abandoning module UdpMessaging (282)
[2018.09.13-16.43.44:960][898]LogModuleManager: Shutting down and abandoning module TcpMessaging (280)
[2018.09.13-16.43.45:061][898]LogModuleManager: Shutting down and abandoning module MagicLeapAudio (278)
[2018.09.13-16.43.45:061][898]LogModuleManager: Shutting down and abandoning module GameplayTagsEditor (276)
[2018.09.13-16.43.45:061][898]LogModuleManager: Shutting down and abandoning module FacialAnimationEditor (274)
[2018.09.13-16.43.45:061][898]LogModuleManager: Shutting down and abandoning module FacialAnimation (272)
[2018.09.13-16.43.45:061][898]LogModuleManager: Shutting down and abandoning module DataValidation (270)
[2018.09.13-16.43.45:061][898]LogModuleManager: Shutting down and abandoning module AssetManagerEditor (268)
[2018.09.13-16.43.45:061][898]LogModuleManager: Shutting down and abandoning module LevelEditor (267)
[2018.09.13-16.43.45:064][898]LogModuleManager: Shutting down and abandoning module PixelInspectorModule (266)
[2018.09.13-16.43.45:064][898]LogModuleManager: Shutting down and abandoning module CommonMenuExtensions (264)
[2018.09.13-16.43.45:065][898]LogModuleManager: Shutting down and abandoning module MainFrame (262)
[2018.09.13-16.43.45:065][898]LogModuleManager: Shutting down and abandoning module HotReload (261)
[2018.09.13-16.43.45:067][898]LogModuleManager: Shutting down and abandoning module ContentBrowser (257)
[2018.09.13-16.43.45:070][898]LogModuleManager: Shutting down and abandoning module TreeMap (255)
[2018.09.13-16.43.45:070][898]LogModuleManager: Shutting down and abandoning module LightPropagationVolumeRuntime (252)
[2018.09.13-16.43.45:070][898]LogModuleManager: Shutting down and abandoning module AISupportModule (250)
[2018.09.13-16.43.45:070][898]LogModuleManager: Shutting down and abandoning module Paper2D (248)
[2018.09.13-16.43.45:070][898]LogModuleManager: Shutting down and abandoning module WindowsMoviePlayer (246)
[2018.09.13-16.43.45:070][898]LogModuleManager: Shutting down and abandoning module WmfMedia (244)
[2018.09.13-16.43.45:088][898]LogModuleManager: Shutting down and abandoning module Media (243)
[2018.09.13-16.43.45:095][898]LogModuleManager: Shutting down and abandoning module PacketHandler (240)
[2018.09.13-16.43.45:095][898]LogModuleManager: Shutting down and abandoning module ClothingSystemEditor (238)
[2018.09.13-16.43.45:095][898]LogModuleManager: Shutting down and abandoning module ClothingSystemRuntime (236)
[2018.09.13-16.43.45:095][898]LogModuleManager: Shutting down and abandoning module MediaAssets (234)
[2018.09.13-16.43.45:095][898]LogModuleManager: Shutting down and abandoning module Overlay (232)
[2018.09.13-16.43.45:095][898]LogModuleManager: Shutting down and abandoning module OverlayEditor (231)
[2018.09.13-16.43.45:095][898]LogModuleManager: Shutting down and abandoning module VREditor (228)
[2018.09.13-16.43.45:095][898]LogModuleManager: Shutting down and abandoning module StringTableEditor (226)
[2018.09.13-16.43.45:095][898]LogModuleManager: Shutting down and abandoning module GameplayTasksEditor (224)
[2018.09.13-16.43.45:095][898]LogModuleManager: Shutting down and abandoning module BehaviorTreeEditor (222)
[2018.09.13-16.43.45:096][898]LogModuleManager: Shutting down and abandoning module FunctionalTesting (220)
[2018.09.13-16.43.45:096][898]LogModuleManager: Shutting down and abandoning module CollisionAnalyzer (218)
[2018.09.13-16.43.45:096][898]LogModuleManager: Shutting down and abandoning module WorkspaceMenuStructure (217)
[2018.09.13-16.43.45:096][898]LogModuleManager: Shutting down and abandoning module UMG (214)
[2018.09.13-16.43.45:096][898]LogModuleManager: Shutting down and abandoning module UMGEditor (213)
[2018.09.13-16.43.45:096][898]LogModuleManager: Shutting down and abandoning module Sequencer (212)
[2018.09.13-16.43.45:096][898]LogModuleManager: Shutting down and abandoning module MessageLog (209)
[2018.09.13-16.43.45:096][898]LogModuleManager: Shutting down and abandoning module SlateReflector (204)
[2018.09.13-16.43.45:096][898]LogModuleManager: Shutting down and abandoning module Slate (202)
[2018.09.13-16.43.45:096][898]LogModuleManager: Shutting down and abandoning module EditorStyle (200)
[2018.09.13-16.43.45:100][898]LogModuleManager: Shutting down and abandoning module MRMesh (198)
[2018.09.13-16.43.45:100][898]LogModuleManager: Shutting down and abandoning module SourceCodeAccess (196)
[2018.09.13-16.43.45:100][898]LogModuleManager: Shutting down and abandoning module HeadMountedDisplay (194)
[2018.09.13-16.43.45:100][898]LogModuleManager: Shutting down and abandoning module XAudio2 (192)
[2018.09.13-16.43.45:100][898]LogModuleManager: Shutting down and abandoning module Networking (190)
[2018.09.13-16.43.45:100][898]LogModuleManager: Shutting down and abandoning module Core (188)
[2018.09.13-16.43.45:100][898]LogModuleManager: Shutting down and abandoning module LevelSequence (186)
[2018.09.13-16.43.45:100][898]LogModuleManager: Shutting down and abandoning module KismetCompiler (184)
[2018.09.13-16.43.45:100][898]LogModuleManager: Shutting down and abandoning module MeshUtilities (182)
[2018.09.13-16.43.45:100][898]LogModuleManager: Shutting down and abandoning module MeshMergeUtilities (181)
[2018.09.13-16.43.45:100][898]LogModuleManager: Shutting down and abandoning module MeshReductionInterface (180)
[2018.09.13-16.43.45:100][898]LogModuleManager: Shutting down and abandoning module SimplygonSwarm (179)
[2018.09.13-16.43.45:100][898]LogModuleManager: Shutting down and abandoning module ProxyLODMeshReduction (177)
[2018.09.13-16.43.45:100][898]LogModuleManager: Shutting down and abandoning module SimplygonMeshReduction (175)
[2018.09.13-16.43.45:100][898]LogModuleManager: Shutting down and abandoning module QuadricMeshReduction (173)
[2018.09.13-16.43.45:100][898]LogModuleManager: Shutting down and abandoning module MaterialBaking (169)
[2018.09.13-16.43.45:100][898]LogModuleManager: Shutting down and abandoning module DirectoryWatcher (165)
[2018.09.13-16.43.45:101][898]LogModuleManager: Shutting down and abandoning module DerivedDataCache (162)
[2018.09.13-16.43.45:151][898]LogDerivedDataCache: Shutdown
[2018.09.13-16.43.45:151][898]LogModuleManager: Shutting down and abandoning module XGEController (160)
[2018.09.13-16.43.45:151][898]LogModuleManager: Shutting down and abandoning module TargetPlatform (158)
[2018.09.13-16.43.45:151][898]LogModuleManager: Shutting down and abandoning module VulkanShaderFormat (157)
[2018.09.13-16.43.45:152][898]LogModuleManager: Shutting down and abandoning module ShaderFormatVectorVM (155)
[2018.09.13-16.43.45:152][898]LogModuleManager: Shutting down and abandoning module ShaderFormatOpenGL (153)
[2018.09.13-16.43.45:152][898]LogModuleManager: Shutting down and abandoning module ShaderFormatD3D (151)
[2018.09.13-16.43.45:152][898]LogModuleManager: Shutting down and abandoning module MetalShaderFormat (149)
[2018.09.13-16.43.45:152][898]LogModuleManager: Shutting down and abandoning module TextureFormatUncompressed (147)
[2018.09.13-16.43.45:152][898]LogModuleManager: Shutting down and abandoning module TextureFormatPVR (145)
[2018.09.13-16.43.45:152][898]LogModuleManager: Shutting down and abandoning module TextureFormatDXT (143)
[2018.09.13-16.43.45:152][898]LogModuleManager: Shutting down and abandoning module TextureFormatIntelISPCTexComp (141)
[2018.09.13-16.43.45:153][898]LogModuleManager: Shutting down and abandoning module TextureFormatASTC (139)
[2018.09.13-16.43.45:153][898]LogModuleManager: Shutting down and abandoning module ImageWrapper (138)
[2018.09.13-16.43.45:153][898]LogModuleManager: Shutting down and abandoning module TextureFormatAndroid (135)
[2018.09.13-16.43.45:153][898]LogModuleManager: Shutting down and abandoning module AudioFormatOpus (133)
[2018.09.13-16.43.45:153][898]LogModuleManager: Shutting down and abandoning module AudioFormatOgg (131)
[2018.09.13-16.43.45:154][898]LogModuleManager: Shutting down and abandoning module AudioFormatADPCM (129)
[2018.09.13-16.43.45:154][898]LogModuleManager: Shutting down and abandoning module LuminTargetPlatform (127)
[2018.09.13-16.43.45:154][898]LogModuleManager: Shutting down and abandoning module LinuxTargetPlatform (125)
[2018.09.13-16.43.45:154][898]LogModuleManager: Shutting down and abandoning module LinuxServerTargetPlatform (123)
[2018.09.13-16.43.45:154][898]LogModuleManager: Shutting down and abandoning module LinuxNoEditorTargetPlatform (121)
[2018.09.13-16.43.45:154][898]LogModuleManager: Shutting down and abandoning module LinuxClientTargetPlatform (119)
[2018.09.13-16.43.45:155][898]LogModuleManager: Shutting down and abandoning module TVOSTargetPlatform (117)
[2018.09.13-16.43.45:159][898]LogModuleManager: Shutting down and abandoning module Messaging (115)
[2018.09.13-16.43.45:160][898]LogModuleManager: Shutting down and abandoning module IOSTargetPlatform (113)
[2018.09.13-16.43.45:164][898]LogModuleManager: Shutting down and abandoning module HTML5TargetPlatform (111)
[2018.09.13-16.43.45:164][898]LogModuleManager: Shutting down and abandoning module AndroidTargetPlatform (109)
[2018.09.13-16.43.45:211][898]LogModuleManager: Shutting down and abandoning module WindowsTargetPlatform (107)
[2018.09.13-16.43.45:211][898]LogModuleManager: Shutting down and abandoning module WindowsServerTargetPlatform (105)
[2018.09.13-16.43.45:211][898]LogModuleManager: Shutting down and abandoning module WindowsNoEditorTargetPlatform (103)
[2018.09.13-16.43.45:211][898]LogModuleManager: Shutting down and abandoning module WindowsClientTargetPlatform (101)
[2018.09.13-16.43.45:211][898]LogModuleManager: Shutting down and abandoning module MacTargetPlatform (99)
[2018.09.13-16.43.45:211][898]LogModuleManager: Shutting down and abandoning module MacServerTargetPlatform (97)
[2018.09.13-16.43.45:212][898]LogModuleManager: Shutting down and abandoning module MacNoEditorTargetPlatform (95)
[2018.09.13-16.43.45:212][898]LogModuleManager: Shutting down and abandoning module MacClientTargetPlatform (93)
[2018.09.13-16.43.45:212][898]LogModuleManager: Shutting down and abandoning module AllDesktopTargetPlatform (91)
[2018.09.13-16.43.45:212][898]LogModuleManager: Shutting down and abandoning module InputCore (88)
[2018.09.13-16.43.45:212][898]LogModuleManager: Shutting down and abandoning module Settings (86)
[2018.09.13-16.43.45:212][898]LogModuleManager: Shutting down and abandoning module PhysXCooking (84)
[2018.09.13-16.43.45:212][898]LogModuleManager: Shutting down and abandoning module SteamVR (82)
[2018.09.13-16.43.45:212][898]LogModuleManager: Shutting down and abandoning module OculusHMD (80)
[2018.09.13-16.43.45:213][898]LogModuleManager: Shutting down and abandoning module ExampleDeviceProfileSelector (78)
[2018.09.13-16.43.45:213][898]LogModuleManager: Shutting down and abandoning module LauncherChunkInstaller (76)
[2018.09.13-16.43.45:213][898]LogModuleManager: Shutting down and abandoning module OnlineBlueprintSupport (74)
[2018.09.13-16.43.45:213][898]LogModuleManager: Shutting down and abandoning module OnlineSubsystem (70)
[2018.09.13-16.43.45:215][898]LogModuleManager: Shutting down and abandoning module XMPP (65)
[2018.09.13-16.43.45:215][898]LogModuleManager: Shutting down and abandoning module WebSockets (64)
[2018.09.13-16.43.45:220][898]LogModuleManager: Shutting down and abandoning module HTTP (61)
[2018.09.13-16.43.45:221][898]LogHttp: Display: Http module shutting down, but needs to wait on 1 outstanding Http requests:
[2018.09.13-16.43.45:221][898]LogHttp: Display: 	verb=[POST] url=[https://datarouter.ol.epicgames.com/datarouter/api/v1/public/data?SessionID=%7B091E9558-40CD-95FF-BFCD-26B627614CC6%7D&AppID=UEEditor.Rocket.Release&AppVersion=4.20.2-4302132%2B%2B%2BUE4%2BRelease-4.20&UserID=9c6a84c74345657ba11c51b8f77494d1%7C2b59540c2b9249918a2fe8fd9a40c551%7C88fff24e-e9fa-4870-849c-4ddf2c91d712&AppEnvironment=datacollector-binary&UploadType=eteventstream] status=Processing
[2018.09.13-16.43.45:249][898]LogModuleManager: Shutting down and abandoning module SSL (60)
[2018.09.13-16.43.45:251][898]LogModuleManager: Shutting down and abandoning module MagicLeapEmulator (56)
[2018.09.13-16.43.45:251][898]LogModuleManager: Shutting down and abandoning module MagicLeapPrivileges (54)
[2018.09.13-16.43.45:251][898]LogModuleManager: Shutting down and abandoning module MagicLeapIdentity (52)
[2018.09.13-16.43.45:251][898]LogModuleManager: Shutting down and abandoning module MagicLeapHelperVulkan (50)
[2018.09.13-16.43.45:251][898]LogModuleManager: Shutting down and abandoning module MagicLeapHelperOpenGL (48)
[2018.09.13-16.43.45:251][898]LogModuleManager: Shutting down and abandoning module MagicLeapSecureStorage (46)
[2018.09.13-16.43.45:251][898]LogModuleManager: Shutting down and abandoning module MagicLeapGestures (44)
[2018.09.13-16.43.45:251][898]LogModuleManager: Shutting down and abandoning module MagicLeapEyeTracker (42)
[2018.09.13-16.43.45:251][898]LogModuleManager: Shutting down and abandoning module MagicLeapController (40)
[2018.09.13-16.43.45:267][898]LogSlate: Slate User Destroyed.  User Index 0, Is Virtual User: 0
[2018.09.13-16.43.45:267][898]LogModuleManager: Shutting down and abandoning module MagicLeap (38)
[2018.09.13-16.43.45:267][898]LogModuleManager: Shutting down and abandoning module AnimationModifiers (36)
[2018.09.13-16.43.45:267][898]LogModuleManager: Shutting down and abandoning module PropertyEditor (35)
[2018.09.13-16.43.45:267][898]LogModuleManager: Shutting down and abandoning module AudioEditor (32)
[2018.09.13-16.43.45:267][898]LogModuleManager: Shutting down and abandoning module TextureCompressor (30)
[2018.09.13-16.43.45:267][898]LogModuleManager: Shutting down and abandoning module ShaderCore (28)
[2018.09.13-16.43.45:267][898]LogModuleManager: Shutting down and abandoning module Landscape (26)
[2018.09.13-16.43.45:268][898]LogModuleManager: Shutting down and abandoning module SlateRHIRenderer (24)
[2018.09.13-16.43.45:269][898]LogModuleManager: Shutting down and abandoning module OpenGLDrv (22)
[2018.09.13-16.43.45:270][898]LogModuleManager: Shutting down and abandoning module D3D11RHI (20)
[2018.09.13-16.43.45:270][898]LogModuleManager: Shutting down and abandoning module AnimGraphRuntime (18)
[2018.09.13-16.43.45:270][898]LogModuleManager: Shutting down and abandoning module Renderer (16)
[2018.09.13-16.43.45:270][898]LogModuleManager: Shutting down and abandoning module Engine (14)
[2018.09.13-16.43.45:270][898]LogModuleManager: Shutting down and abandoning module CoreUObject (12)
[2018.09.13-16.43.45:270][898]LogModuleManager: Shutting down and abandoning module NetworkFile (10)
[2018.09.13-16.43.45:270][898]LogModuleManager: Shutting down and abandoning module CookedIterativeFile (8)
[2018.09.13-16.43.45:270][898]LogModuleManager: Shutting down and abandoning module StreamingFile (6)
[2018.09.13-16.43.45:270][898]LogModuleManager: Shutting down and abandoning module SandboxFile (4)
[2018.09.13-16.43.45:270][898]LogModuleManager: Shutting down and abandoning module PakFile (2)
[2018.09.13-16.43.45:277][898]LogExit: Exiting.
[2018.09.13-16.43.45:310][898]Log file closed, 09/13/18 11:43:45
