Log file open, 10/24/18 22:04:58
LogWindows: Failed to load 'aqProf.dll' (GetLastError=126)
LogWindows: File 'aqProf.dll' does not exist
LogWindows: Failed to load 'VtuneApi.dll' (GetLastError=126)
LogWindows: File 'VtuneApi.dll' does not exist
LogWindows: Failed to load 'VtuneApi32e.dll' (GetLastError=126)
LogWindows: File 'VtuneApi32e.dll' does not exist
LogInit: Display: Running engine for game: GiftGame
LogPlatformFile: Not using cached read wrapper
LogTaskGraph: Started task graph with 5 named threads and 11 total threads with 3 sets of task threads.
LogStats: Stats thread started at 0.326149
LogD3D11RHI: Loaded GFSDK_Aftermath_Lib.x64.dll
LogICUInternationalization: Display: ICU TimeZone Detection - Raw Offset: -6:00, Platform Override: ''
LogPluginManager: Mounting plugin Paper2D
LogPluginManager: Mounting plugin AISupport
LogPluginManager: Mounting plugin LightPropagationVolume
LogPluginManager: Mounting plugin CLionSourceCodeAccess
LogPluginManager: Mounting plugin CodeLiteSourceCodeAccess
LogPluginManager: Mounting plugin GitSourceControl
LogPluginManager: Mounting plugin KDevelopSourceCodeAccess
LogPluginManager: Mounting plugin NullSourceCodeAccess
LogPluginManager: Mounting plugin PerforceSourceControl
LogPluginManager: Mounting plugin SubversionSourceControl
LogPluginManager: Mounting plugin UObjectPlugin
LogPluginManager: Mounting plugin VisualStudioCodeSourceCodeAccess
LogPluginManager: Mounting plugin VisualStudioSourceCodeAccess
LogPluginManager: Mounting plugin XCodeSourceCodeAccess
LogPluginManager: Mounting plugin AssetManagerEditor
LogPluginManager: Mounting plugin CryptoKeys
LogPluginManager: Mounting plugin DataValidation
LogPluginManager: Mounting plugin FacialAnimation
LogPluginManager: Mounting plugin GameplayTagsEditor
LogPluginManager: Mounting plugin MacGraphicsSwitching
LogPluginManager: Mounting plugin MeshEditor
LogPluginManager: Mounting plugin MobileLauncherProfileWizard
LogPluginManager: Mounting plugin PluginBrowser
LogPluginManager: Mounting plugin SpeedTreeImporter
LogPluginManager: Mounting plugin DatasmithContent
LogPluginManager: Mounting plugin AlembicImporter
LogPluginManager: Mounting plugin AppleImageUtils
LogPluginManager: Mounting plugin AppleVision
LogPluginManager: Mounting plugin BackChannel
LogPluginManager: Mounting plugin CharacterAI
LogPluginManager: Mounting plugin GeometryCache
LogPluginManager: Mounting plugin HTML5Networking
LogPluginManager: Mounting plugin ProxyLODPlugin
LogPluginManager: Mounting plugin MagicLeap
LogPluginManager: Mounting plugin MagicLeapEmulator
LogPluginManager: Mounting plugin MagicLeapMedia
LogPluginManager: Mounting plugin AndroidMedia
LogPluginManager: Mounting plugin AvfMedia
LogPluginManager: Mounting plugin ImgMedia
LogPluginManager: Mounting plugin LinearTimecode
LogPluginManager: Mounting plugin MediaCompositing
LogPluginManager: Mounting plugin MediaPlayerEditor
LogPluginManager: Mounting plugin WmfMedia
LogPluginManager: Mounting plugin TcpMessaging
LogPluginManager: Mounting plugin UdpMessaging
LogPluginManager: Mounting plugin ActorSequence
LogPluginManager: Mounting plugin LevelSequenceEditor
LogPluginManager: Mounting plugin MatineeToLevelSequence
LogPluginManager: Mounting plugin NetcodeUnitTest
LogPluginManager: Mounting plugin NUTUnrealEngine4
LogPluginManager: Mounting plugin OnlineSubsystemGooglePlay
LogPluginManager: Mounting plugin OnlineSubsystemIOS
LogPluginManager: Mounting plugin OnlineSubsystem
LogPluginManager: Mounting plugin OnlineSubsystemNull
LogPluginManager: Mounting plugin OnlineSubsystemUtils
LogPluginManager: Mounting plugin LauncherChunkInstaller
LogPluginManager: Mounting plugin AndroidDeviceProfileSelector
LogPluginManager: Mounting plugin AndroidMoviePlayer
LogPluginManager: Mounting plugin AndroidPermission
LogPluginManager: Mounting plugin AppleMoviePlayer
LogPluginManager: Mounting plugin ArchVisCharacter
LogPluginManager: Mounting plugin AudioCapture
LogPluginManager: Mounting plugin CableComponent
LogPluginManager: Mounting plugin CustomMeshComponent
LogPluginManager: Mounting plugin EditableMesh
LogPluginManager: Mounting plugin ExampleDeviceProfileSelector
LogPluginManager: Mounting plugin GoogleCloudMessaging
LogPluginManager: Mounting plugin ImmediatePhysics
LogPluginManager: Mounting plugin IOSDeviceProfileSelector
LogPluginManager: Mounting plugin LinuxDeviceProfileSelector
LogPluginManager: Mounting plugin LocationServicesBPLibrary
LogPluginManager: Mounting plugin MobilePatchingUtils
LogPluginManager: Mounting plugin OculusVR
LogPluginManager: Plugin shader directory ../../../Engine/Plugins/Runtime/Oculus/OculusVR/Shaders found
LogPluginManager: Mapping shader source directory ../../../Engine/Plugins/Runtime/Oculus/OculusVR/Shaders to virtual directory /Plugin/OculusVR
LogPluginManager: Mounting plugin PhysXVehicles
LogPluginManager: Mounting plugin ProceduralMeshComponent
LogPluginManager: Mounting plugin RuntimePhysXCooking
LogPluginManager: Mounting plugin SteamVR
LogPluginManager: Mounting plugin WindowsMoviePlayer
LogStreaming: Display: Took  0.154s to configure plugins.
LogInit: Using libcurl 7.55.1-DEV
LogInit:  - built for x86_64-pc-win32
LogInit:  - supports SSL with OpenSSL/1.0.2h
LogInit:  - supports HTTP deflate (compression) using libz 1.2.8
LogInit:  - other features:
LogInit:      CURL_VERSION_SSL
LogInit:      CURL_VERSION_LIBZ
LogInit:      CURL_VERSION_IPV6
LogInit:      CURL_VERSION_ASYNCHDNS
LogInit:      CURL_VERSION_LARGEFILE
LogInit:      CURL_VERSION_IDN
LogInit:  CurlRequestOptions (configurable via config and command line):
LogInit:  - bVerifyPeer = false  - Libcurl will NOT verify peer certificate
LogInit:  - bUseHttpProxy = false  - Libcurl will NOT use HTTP proxy
LogInit:  - bDontReuseConnections = false  - Libcurl will reuse connections
LogInit:  - CertBundlePath = nullptr  - Libcurl will use whatever was configured at build time.
LogInit:  - MaxHostConnections = 16  - Libcurl will limit the number of connections to a host
LogInit:  - LocalHostAddr = Default
LogInit:  - BufferSize = 65536
LogModuleManager: Warning: ModuleManager: Unable to load module 'OnlineSubsystemLAN'  - 0 instances of that module name found.
LogInit: WinSock: version 1.1 (2.2), MaxSocks=32767, MaxUdp=65467
LogInit: Build: ++UE4+Release-4.20-CL-4302132
LogInit: Engine Version: 4.20.2-4302132+++UE4+Release-4.20
LogInit: Compatible Engine Version: 4.20.0-4212847+++UE4+Release-4.20
LogInit: Net CL: 4212847
LogInit: OS: Windows 10 (), CPU: Intel(R) Core(TM) i5-6200U CPU @ 2.30GHz, GPU: Intel(R) HD Graphics 520
LogInit: Compiled (64-bit): Aug 21 2018 02:06:06
LogInit: Compiled with Visual C++: 19.13.26129.00
LogInit: Build Configuration: Development
LogInit: Branch Name: ++UE4+Release-4.20
LogInit: Command Line: -EpicPortal  -epicusername="OWNSAUCEPIMP" -epicuserid=2b59540c2b9249918a2fe8fd9a40c551 -epiclocale=en-US
LogInit: Base Directory: D:/Epic Games/UE_4.20/Engine/Binaries/Win64/
LogInit: Installed Engine Build: 1
LogDevObjectVersion: Number of dev versions registered: 20
LogDevObjectVersion:   Dev-Blueprints (B0D832E4-1F89-4F0D-ACCF-7EB736FD4AA2): 10
LogDevObjectVersion:   Dev-Build (E1C64328-A22C-4D53-A36C-8E866417BD8C): 0
LogDevObjectVersion:   Dev-Core (375EC13C-06E4-48FB-B500-84F0262A717E): 2
LogDevObjectVersion:   Dev-Editor (E4B068ED-F494-42E9-A231-DA0B2E46BB41): 24
LogDevObjectVersion:   Dev-Framework (CFFC743F-43B0-4480-9391-14DF171D2073): 34
LogDevObjectVersion:   Dev-Mobile (B02B49B5-BB20-44E9-A304-32B752E40360): 2
LogDevObjectVersion:   Dev-Networking (A4E4105C-59A1-49B5-A7C5-40C4547EDFEE): 0
LogDevObjectVersion:   Dev-Online (39C831C9-5AE6-47DC-9A44-9C173E1C8E7C): 0
LogDevObjectVersion:   Dev-Physics (78F01B33-EBEA-4F98-B9B4-84EACCB95AA2): 0
LogDevObjectVersion:   Dev-Platform (6631380F-2D4D-43E0-8009-CF276956A95A): 0
LogDevObjectVersion:   Dev-Rendering (12F88B9F-8875-4AFC-A67C-D90C383ABD29): 26
LogDevObjectVersion:   Dev-Sequencer (7B5AE74C-D270-4C10-A958-57980B212A5A): 9
LogDevObjectVersion:   Dev-VR (D7296918-1DD6-4BDD-9DE2-64A83CC13884): 2
LogDevObjectVersion:   Dev-LoadTimes (C2A15278-BFE7-4AFE-6C17-90FF531DF755): 1
LogDevObjectVersion:   Private-Geometry (6EACA3D4-40EC-4CC1-B786-8BED09428FC5): 3
LogDevObjectVersion:   Dev-AnimPhys (29E575DD-E0A3-4627-9D10-D276232CDCEA): 17
LogDevObjectVersion:   Dev-ReflectionCapture (6B266CEC-1EC7-4B8F-A30B-E4D90942FC07): 1
LogDevObjectVersion:   Dev-Automation (0DF73D61-A23F-47EA-B727-89E90C41499A): 1
LogDevObjectVersion:   FortniteMain (601D1886-AC64-4F84-AA16-D3DE0DEAC7D6): 12
LogDevObjectVersion:   Dev-Enterprise (9DFFBCD6-494F-0158-E221-12823C92A888): 1
LogStreaming: Display: Took  0.002s to delete old logs.
LogInit: Presizing for max 8388607 objects, including 0 objects not considered by GC, pre-allocating 0 bytes for permanent pool.
LogInit: Object subsystem initialized
[2018.10.25-03.04.59:322][  0]LogInit: Selected Device Profile: [Windows]
[2018.10.25-03.04.59:322][  0]LogInit: Applying CVar settings loaded from the selected device profile: [Windows]
[2018.10.25-03.04.59:344][  0]LogHAL: Display: Platform has ~ 12 GB [12766838784 / 17179869184 / 12], which maps to Larger [LargestMinGB=32, LargerMinGB=12, DefaultMinGB=8, SmallerMinGB=6, SmallestMinGB=0)
[2018.10.25-03.04.59:344][  0]LogInit: Setting Device Profile CVar: [[r.Vulkan.UseRealUBs:1]]
[2018.10.25-03.04.59:344][  0]LogInit: Going up to parent DeviceProfile []
[2018.10.25-03.04.59:344][  0]LogInit: Computer: R6507206
[2018.10.25-03.04.59:344][  0]LogInit: User: DSU
[2018.10.25-03.04.59:344][  0]LogInit: CPU Page size=4096, Cores=2
[2018.10.25-03.04.59:344][  0]LogInit: High frequency timer resolution =2.343746 MHz
[2018.10.25-03.04.59:345][  0]LogMemory: Memory total: Physical=11.9GB (12GB approx)
[2018.10.25-03.04.59:345][  0]LogMemory: Platform Memory Stats for Windows
[2018.10.25-03.04.59:345][  0]LogMemory: Process Physical Memory: 100.95 MB used, 100.95 MB peak
[2018.10.25-03.04.59:345][  0]LogMemory: Process Virtual Memory: 84.17 MB used, 84.17 MB peak
[2018.10.25-03.04.59:345][  0]LogMemory: Physical Memory: 6217.44 MB used,  5957.97 MB free, 12175.41 MB total
[2018.10.25-03.04.59:345][  0]LogMemory: Virtual Memory: 4616.63 MB used,  5957.97 MB free, 134217728.00 MB total
[2018.10.25-03.04.59:374][  0]LogInit: Using OS detected language (en-US).
[2018.10.25-03.04.59:374][  0]LogInit: Using OS detected locale (en-US).
[2018.10.25-03.04.59:375][  0]LogTextLocalizationManager: No specific localization for 'en-US' exists, so the 'en' localization will be used.
[2018.10.25-03.04.59:947][  0]LogStreaming: Display: Took  0.574s to InitEngineTextLocalization.
[2018.10.25-03.04.59:948][  0]LogInit: Setting process to per monitor DPI aware
[2018.10.25-03.04.59:996][  0]LogSlate: New Slate User Created.  User Index 0, Is Virtual User: 0
[2018.10.25-03.04.59:996][  0]LogSlate: Slate User Registered.  User Index 0, Is Virtual User: 0
[2018.10.25-03.05.00:302][  0]LogHMD: Failed to initialize OpenVR with code 110
[2018.10.25-03.05.00:302][  0]LogD3D11RHI: D3D11 adapters:
[2018.10.25-03.05.00:314][  0]LogD3D11RHI:    0. 'Intel(R) HD Graphics 520' (Feature Level 11_0)
[2018.10.25-03.05.00:314][  0]LogD3D11RHI:       128/0/6087 MB DedicatedVideo/DedicatedSystem/SharedSystem, Outputs:1, VendorId:0x8086
[2018.10.25-03.05.00:317][  0]LogD3D11RHI:    1. 'Microsoft Basic Render Driver' (Feature Level 11_0)
[2018.10.25-03.05.00:317][  0]LogD3D11RHI:       0/0/6087 MB DedicatedVideo/DedicatedSystem/SharedSystem, Outputs:0, VendorId:0x1414
[2018.10.25-03.05.00:317][  0]LogD3D11RHI: Chosen D3D11 Adapter: 0
[2018.10.25-03.05.00:324][  0]LogD3D11RHI: Creating new Direct3DDevice
[2018.10.25-03.05.00:324][  0]LogD3D11RHI:     GPU DeviceId: 0x1916 (for the marketing name, search the web for "GPU Device Id")
[2018.10.25-03.05.00:324][  0]LogWindows: EnumDisplayDevices:
[2018.10.25-03.05.00:324][  0]LogWindows:    0. 'Intel(R) HD Graphics 520' (P:1 D:1)
[2018.10.25-03.05.00:325][  0]LogWindows:    1. 'Intel(R) HD Graphics 520' (P:0 D:0)
[2018.10.25-03.05.00:325][  0]LogWindows:    2. 'Intel(R) HD Graphics 520' (P:0 D:0)
[2018.10.25-03.05.00:326][  0]LogWindows: DebugString: FoundDriverCount:3 
[2018.10.25-03.05.00:326][  0]LogD3D11RHI:     Adapter Name: Intel(R) HD Graphics 520
[2018.10.25-03.05.00:326][  0]LogD3D11RHI:   Driver Version: 21.20.16.4542 (internal:21.20.16.4542, unified:21.20.16.4542)
[2018.10.25-03.05.00:326][  0]LogD3D11RHI:      Driver Date: 10-24-2016
[2018.10.25-03.05.00:326][  0]LogRHI: Texture pool is 1523 MB (70% of 2176 MB)
[2018.10.25-03.05.00:334][  0]LogD3D11RHI: Async texture creation enabled
[2018.10.25-03.05.00:345][  0]LogD3D11RHI: GPU Timing Frequency: 12.000000 (Debug: 2 0)
[2018.10.25-03.05.00:347][  0]LogShaderCompilers: Guid format shader working directory is 2 characters bigger than the processId version (../../../../../Github/gift/Builds/GiftGame/Intermediate/Shaders/WorkingDirectory/16132/).
[2018.10.25-03.05.00:348][  0]LogShaderCompilers: Cleaned the shader compiler working directory 'C:/Users/User/AppData/Local/Temp/UnrealShaderWorkingDir/222223E145DCCDCF79F102A3CCD82927/'.
[2018.10.25-03.05.00:883][  0]LogTemp: Display: Loaded TP AllDesktopTargetPlatform
[2018.10.25-03.05.00:904][  0]LogTemp: Display: Loaded TP MacClientTargetPlatform
[2018.10.25-03.05.00:925][  0]LogTemp: Display: Loaded TP MacNoEditorTargetPlatform
[2018.10.25-03.05.00:952][  0]LogTemp: Display: Loaded TP MacServerTargetPlatform
[2018.10.25-03.05.00:983][  0]LogTemp: Display: Loaded TP MacTargetPlatform
[2018.10.25-03.05.01:012][  0]LogTemp: Display: Loaded TP WindowsClientTargetPlatform
[2018.10.25-03.05.01:040][  0]LogTemp: Display: Loaded TP WindowsNoEditorTargetPlatform
[2018.10.25-03.05.01:070][  0]LogTemp: Display: Loaded TP WindowsServerTargetPlatform
[2018.10.25-03.05.01:082][  0]LogTemp: Display: Loaded TP WindowsTargetPlatform
[2018.10.25-03.05.01:221][  0]LogTemp: Display: Loaded TP AndroidTargetPlatform
[2018.10.25-03.05.01:221][  0]LogTemp: Display: Loaded TP AndroidTargetPlatform
[2018.10.25-03.05.01:221][  0]LogTemp: Display: Loaded TP AndroidTargetPlatform
[2018.10.25-03.05.01:221][  0]LogTemp: Display: Loaded TP AndroidTargetPlatform
[2018.10.25-03.05.01:221][  0]LogTemp: Display: Loaded TP AndroidTargetPlatform
[2018.10.25-03.05.01:221][  0]LogTemp: Display: Loaded TP AndroidTargetPlatform
[2018.10.25-03.05.01:221][  0]LogTemp: Display: Loaded TP AndroidTargetPlatform
[2018.10.25-03.05.01:221][  0]LogTemp: Display: Loaded TP AndroidTargetPlatform
[2018.10.25-03.05.01:221][  0]LogTemp: Display: Loaded TP AndroidTargetPlatform
[2018.10.25-03.05.01:221][  0]LogTemp: Display: Loaded TP AndroidTargetPlatform
[2018.10.25-03.05.01:221][  0]LogTemp: Display: Loaded TP AndroidTargetPlatform
[2018.10.25-03.05.01:221][  0]LogTemp: Display: Loaded TP AndroidTargetPlatform
[2018.10.25-03.05.01:221][  0]LogTemp: Display: Loaded TP AndroidTargetPlatform
[2018.10.25-03.05.01:221][  0]LogTemp: Display: Loaded TP AndroidTargetPlatform
[2018.10.25-03.05.01:221][  0]LogTemp: Display: Loaded TP AndroidTargetPlatform
[2018.10.25-03.05.01:221][  0]LogTemp: Display: Loaded TP AndroidTargetPlatform
[2018.10.25-03.05.01:221][  0]LogTemp: Display: Loaded TP AndroidTargetPlatform
[2018.10.25-03.05.01:221][  0]LogTemp: Display: Loaded TP AndroidTargetPlatform
[2018.10.25-03.05.01:223][  0]LogTemp: Display: Loaded TP HTML5TargetPlatform
[2018.10.25-03.05.01:310][  0]LogTemp: Display: Loaded TP IOSTargetPlatform
[2018.10.25-03.05.01:310][  0]LogTemp: Display: Loaded TP IOSTargetPlatform
[2018.10.25-03.05.01:362][  0]LogTemp: Display: Loaded TP TVOSTargetPlatform
[2018.10.25-03.05.01:362][  0]LogTemp: Display: Loaded TP TVOSTargetPlatform
[2018.10.25-03.05.01:390][  0]LogTemp: Display: Loaded TP LinuxClientTargetPlatform
[2018.10.25-03.05.01:419][  0]LogTemp: Display: Loaded TP LinuxNoEditorTargetPlatform
[2018.10.25-03.05.01:443][  0]LogTemp: Display: Loaded TP LinuxServerTargetPlatform
[2018.10.25-03.05.01:468][  0]LogTemp: Display: Loaded TP LinuxTargetPlatform
[2018.10.25-03.05.01:482][  0]LogTemp: Display: Loaded TP LuminTargetPlatform
[2018.10.25-03.05.01:482][  0]LogTargetPlatformManager: Display: Building Assets For Windows
[2018.10.25-03.05.01:582][  0]LogXGEController: Cannot use XGE Controller as Incredibuild is not installed on this machine.
[2018.10.25-03.05.01:582][  0]LogShaderCompilers: Cannot use XGE Shader Compiler as Incredibuild is not installed on this machine.
[2018.10.25-03.05.01:582][  0]LogShaderCompilers: Display: Using Local Shader Compiler.
[2018.10.25-03.05.02:792][  0]LogDerivedDataCache: Display: Max Cache Size: 512 MB
[2018.10.25-03.05.02:878][  0]LogDerivedDataCache: Loaded boot cache 0.09s 71MB C:/Users/User/AppData/Local/UnrealEngine/4.20/DerivedDataCache/Boot.ddc.
[2018.10.25-03.05.02:878][  0]LogDerivedDataCache: Display: Loaded Boot cache: C:/Users/User/AppData/Local/UnrealEngine/4.20/DerivedDataCache/Boot.ddc
[2018.10.25-03.05.02:878][  0]LogDerivedDataCache: FDerivedDataBackendGraph:  Pak pak cache file ../../../../../Github/gift/Builds/GiftGame/DerivedDataCache/DDC.ddp not found, will not use a pak cache.
[2018.10.25-03.05.02:878][  0]LogDerivedDataCache: Unable to find inner node Pak for hierarchical cache Hierarchy.
[2018.10.25-03.05.02:878][  0]LogDerivedDataCache: FDerivedDataBackendGraph:  CompressedPak pak cache file ../../../../../Github/gift/Builds/GiftGame/DerivedDataCache/Compressed.ddp not found, will not use a pak cache.
[2018.10.25-03.05.02:878][  0]LogDerivedDataCache: Unable to find inner node CompressedPak for hierarchical cache Hierarchy.
[2018.10.25-03.05.02:901][  0]LogDerivedDataCache: Display: Pak cache opened for reading ../../../Engine/DerivedDataCache/Compressed.ddp.
[2018.10.25-03.05.02:917][  0]LogDerivedDataCache: Using Local data cache path C:/Users/User/AppData/Local/UnrealEngine/Common/DerivedDataCache: Writable
[2018.10.25-03.05.02:917][  0]LogDerivedDataCache: Shared data cache path not found in *engine.ini, will not use an Shared cache.
[2018.10.25-03.05.02:917][  0]LogDerivedDataCache: Unable to find inner node Shared for hierarchical cache Hierarchy.
[2018.10.25-03.05.02:944][  0]LogMaterial: Verifying Global Shaders for PCD3D_SM5
[2018.10.25-03.05.02:945][  0]LogSlate: Using FreeType 2.6.0
[2018.10.25-03.05.02:946][  0]LogSlate: SlateFontServices - WITH_FREETYPE: 1, WITH_HARFBUZZ: 1
[2018.10.25-03.05.03:055][  0]LogAssetRegistry: FAssetRegistry took 0.0402 seconds to start up
[2018.10.25-03.05.03:685][  0]LogInit: Selected Device Profile: [Windows]
[2018.10.25-03.05.03:776][  0]LogSimplygon: Simplygon DLL not present - disabling.
[2018.10.25-03.05.03:780][  0]LogMeshReduction: Using SimplygonSwarm for distributed automatic mesh merging
[2018.10.25-03.05.03:780][  0]LogMeshReduction: Using ProxyLODMeshReduction for automatic mesh merging
[2018.10.25-03.05.03:780][  0]LogMeshReduction: Using QuadricMeshReduction for automatic static mesh reduction
[2018.10.25-03.05.03:780][  0]LogMeshReduction: No automatic skeletal mesh reduction module available
[2018.10.25-03.05.03:954][  0]LogNetVersion: GiftGame 1.0.0, NetCL: 4212847, EngineNetVer: 5, GameNetVer: 0 (Checksum: 3731779599)
[2018.10.25-03.05.04:848][  0]LogPackageLocalizationCache: Processed 11 localized package path(s) for 2 prioritized culture(s) in 0.185744 seconds
[2018.10.25-03.05.04:859][  0]LogUObjectArray: 38425 objects as part of root set at end of initial load.
[2018.10.25-03.05.04:859][  0]LogUObjectAllocator: 6690872 out of 0 bytes used by permanent object pool.
[2018.10.25-03.05.04:859][  0]LogUObjectArray: CloseDisregardForGC: 0/0 objects in disregard for GC pool
[2018.10.25-03.05.06:197][  0]LogTcpMessaging: Initializing TcpMessaging bridge
[2018.10.25-03.05.06:211][  0]LogUdpMessaging: Initializing bridge on interface 0.0.0.0:0 to multicast group 230.0.0.1:6666.
[2018.10.25-03.05.06:387][  0]SourceControl: Source control is disabled
[2018.10.25-03.05.06:387][  0]SourceControl: Source control is disabled
[2018.10.25-03.05.06:390][  0]SourceControl: Source control is disabled
[2018.10.25-03.05.06:391][  0]SourceControl: Source control is disabled
[2018.10.25-03.05.06:585][  0]LogAndroidPermission: UAndroidPermissionCallbackProxy::GetInstance
[2018.10.25-03.05.06:738][  0]LogOcInput: OculusInput pre-init called
[2018.10.25-03.05.06:819][  0]LogEngine: Initializing Engine...
[2018.10.25-03.05.06:820][  0]LogHMD: Failed to initialize OpenVR with code 110
[2018.10.25-03.05.06:823][  0]LogStats: UGameplayTagsManager::ConstructGameplayTagTree: ImportINI prefixes -  0.000 s
[2018.10.25-03.05.06:823][  0]LogStats: UGameplayTagsManager::ConstructGameplayTagTree: Construct from data asset -  0.000 s
[2018.10.25-03.05.06:823][  0]LogStats: UGameplayTagsManager::ConstructGameplayTagTree: ImportINI -  0.000 s
[2018.10.25-03.05.06:823][  0]LogStats: UGameplayTagsManager::ConstructGameplayTagTree: GameplayTagTreeChangedEvent.Broadcast -  0.000 s
[2018.10.25-03.05.07:121][  0]LogInit: Initializing FReadOnlyCVARCache
[2018.10.25-03.05.07:145][  0]LogAIModule: Creating AISystem for world Untitled
[2018.10.25-03.05.07:173][  0]LogInit: XAudio2 using 'Speakers (Realtek High Definition Audio)' : 2 channels at 48 kHz using 32 bits per sample (channel mask 0x3)
[2018.10.25-03.05.07:211][  0]LogInit: FAudioDevice initialized.
[2018.10.25-03.05.07:211][  0]LogNetVersion: Set ProjectVersion to 1.0.0.0. Version Checksum will be recalculated on next use.
[2018.10.25-03.05.07:337][  0]LogDerivedDataCache: Saved boot cache 0.13s 71MB C:/Users/User/AppData/Local/UnrealEngine/4.20/DerivedDataCache/Boot.ddc.
[2018.10.25-03.05.07:351][  0]LogInit: Texture streaming: Enabled
[2018.10.25-03.05.07:377][  0]LogEngineSessionManager: EngineSessionManager initialized
[2018.10.25-03.05.07:396][  0]LogInit: Transaction tracking system initialized
[2018.10.25-03.05.07:432][  0]BlueprintLog: New page: Editor Load
[2018.10.25-03.05.07:540][  0]LocalizationService: Localization service is disabled
[2018.10.25-03.05.08:361][  0]LogCook: Display: Max memory allowance for cook 16384mb min free memory 0mb
[2018.10.25-03.05.08:361][  0]LogCook: Display: Mobile HDR setting 1
[2018.10.25-03.05.08:361][  0]LogGameplayTags: Display: UGameplayTagsManager::DoneAddingNativeTags. DelegateIsBound: 0
[2018.10.25-03.05.08:361][  0]LogStats: UGameplayTagsManager::ConstructGameplayTagTree: ImportINI prefixes -  0.000 s
[2018.10.25-03.05.08:361][  0]LogStats: UGameplayTagsManager::ConstructGameplayTagTree: Construct from data asset -  0.000 s
[2018.10.25-03.05.08:361][  0]LogStats: UGameplayTagsManager::ConstructGameplayTagTree: ImportINI -  0.000 s
[2018.10.25-03.05.08:362][  0]LogStats: UGameplayTagsManager::ConstructGameplayTagTree: GameplayTagTreeChangedEvent.Broadcast -  0.000 s
[2018.10.25-03.05.08:538][  0]LogFileCache: Scanning file cache for directory 'D:/Github/gift/Builds/GiftGame/Content/' took 0.01s
[2018.10.25-03.05.08:538][  0]SourceControl: Source control is disabled
[2018.10.25-03.05.08:538][  0]Cmd: MAP LOAD FILE="../../../Engine/Content/Maps/Templates/Template_Default.umap" TEMPLATE=1 SHOWPROGRESS=1 FEATURELEVEL=3
[2018.10.25-03.05.08:539][  0]LightingResults: New page: Lighting Build
[2018.10.25-03.05.08:543][  0]MapCheck: New page: Map Check
[2018.10.25-03.05.08:544][  0]LightingResults: New page: Lighting Build
[2018.10.25-03.05.08:863][  0]LogAIModule: Creating AISystem for world Untitled_1
[2018.10.25-03.05.08:872][  0]LogEditorServer: Finished looking for orphan Actors (0.000 secs)
[2018.10.25-03.05.08:921][  0]Cmd: MAP CHECKDEP NOCLEARLOG
[2018.10.25-03.05.08:991][  0]MapCheck: Map check complete: 0 Error(s), 0 Warning(s), took 70.767ms to complete.
[2018.10.25-03.05.08:991][  0]LogFileHelpers: Loading map 'Template_Default' took 0.454
[2018.10.25-03.05.09:111][  0]LogSlate: Updating window title bar state: overlay mode, drag disabled, window buttons hidden, title bar hidden
[2018.10.25-03.05.09:119][  0]LogSlate: Updating window title bar state: overlay mode, drag disabled, window buttons hidden, title bar hidden
[2018.10.25-03.05.09:132][  0]LogSlate: Updating window title bar state: overlay mode, drag disabled, window buttons hidden, title bar hidden
[2018.10.25-03.05.09:144][  0]LogSlate: Updating window title bar state: overlay mode, drag disabled, window buttons hidden, title bar hidden
[2018.10.25-03.05.09:154][  0]LogCollectionManager: Loaded 0 collections in 0.002526 seconds
[2018.10.25-03.05.09:197][  0]LogFileCache: Scanning file cache for directory 'D:/Github/gift/Builds/GiftGame/Saved/Collections/' took 0.01s
[2018.10.25-03.05.09:197][  0]LogFileCache: Scanning file cache for directory 'D:/Github/gift/Builds/GiftGame/Content/Developers/DSU/Collections/' took 0.01s
[2018.10.25-03.05.09:197][  0]LogFileCache: Scanning file cache for directory 'D:/Github/gift/Builds/GiftGame/Content/Collections/' took 0.01s
[2018.10.25-03.05.09:197][  0]LogCollectionManager: Rebuilt the GUID cache for 0 collections in 0.000000 seconds
[2018.10.25-03.05.09:213][  0]LogContentBrowser: Native class hierarchy populated in 0.0153 seconds. Added 2572 classes and 603 folders.
[2018.10.25-03.05.09:223][  0]LogContentBrowser: Native class hierarchy updated for 'WidgetCarousel' in 0.0005 seconds. Added 0 classes and 0 folders.
[2018.10.25-03.05.09:284][  0]LogContentBrowser: Native class hierarchy updated for 'AddContentDialog' in 0.0003 seconds. Added 0 classes and 0 folders.
[2018.10.25-03.05.09:292][  0]LogContentBrowser: Native class hierarchy updated for 'SceneOutliner' in 0.0004 seconds. Added 1 classes and 2 folders.
[2018.10.25-03.05.09:387][  0]LogSlate: Took 0.000271 seconds to synchronously load lazily loaded font '../../../Engine/Content/Slate/Fonts/Roboto-Regular.ttf' (155K)
[2018.10.25-03.05.09:391][  0]LogSlate: Took 0.000362 seconds to synchronously load lazily loaded font '../../../Engine/Content/Slate/Fonts/Roboto-Bold.ttf' (160K)
[2018.10.25-03.05.09:400][  0]LogSlate: Took 0.000281 seconds to synchronously load lazily loaded font '../../../Engine/Content/Editor/Slate/Fonts/FontAwesome.ttf' (139K)
[2018.10.25-03.05.09:527][  0]LogRenderer: Reallocating scene render targets to support 924x420 Format 10 NumSamples 1 (Frame:1).
[2018.10.25-03.05.10:674][  0]LogContentBrowser: Native class hierarchy updated for 'HierarchicalLODOutliner' in 0.0003 seconds. Added 0 classes and 0 folders.
[2018.10.25-03.05.10:674][  0]LogLoad: (Engine Initialization) Total time: 13.53 seconds
[2018.10.25-03.05.10:674][  0]LogLoad: (Engine Initialization) Total Blueprint compile time: 0.00 seconds
[2018.10.25-03.05.10:712][  0]LogContentStreaming: Texture pool size now 1000 MB
[2018.10.25-03.05.10:767][  1]LogAssetRegistry: Asset discovery search completed in 7.7438 seconds
[2018.10.25-03.05.10:770][  1]LogCollectionManager: Rebuilt the object cache for 0 collections in 0.000000 seconds (found 0 objects)
[2018.10.25-03.05.10:770][  1]LogCollectionManager: Fixed up redirectors for 0 collections in 0.000074 seconds (updated 0 objects)
[2018.10.25-03.05.12:056][  5]LogSlate: Took 0.000267 seconds to synchronously load lazily loaded font '../../../Engine/Content/Slate/Fonts/Roboto-Light.ttf' (167K)
[2018.10.25-03.05.12:064][  5]LogAssetEditorManager: Opening Asset editor for Blueprint /Game/Blueprints/ShakeControl.ShakeControl
[2018.10.25-03.05.12:881][  5]LogContentBrowser: Native class hierarchy updated for 'BlueprintGraph' in 0.0007 seconds. Added 116 classes and 0 folders.
[2018.10.25-03.05.14:172][  5]LogAssetEditorManager: Opening Asset editor for Blueprint /Game/Blueprints/ShakeCamera.ShakeCamera
[2018.10.25-03.05.14:930][  6]LogSlate: Took 0.000202 seconds to synchronously load lazily loaded font '../../../Engine/Content/Slate/Fonts/Roboto-Light.ttf' (167K)
[2018.10.25-03.07.29:646][445]LogSlate: FSceneViewport::OnFocusLost() reason 0
[2018.10.25-03.07.30:165][447]LogSlate: Took 0.000267 seconds to synchronously load lazily loaded font '../../../Engine/Content/Slate/Fonts/Roboto-BoldCondensed.ttf' (158K)
[2018.10.25-03.07.31:582][473]LogSlate: Window 'ShakeControl' being destroyed
[2018.10.25-03.07.31:644][473]LogSlate: Window 'ShakeControl' being destroyed
[2018.10.25-03.07.33:943][519]LogSlate: FSceneViewport::OnFocusLost() reason 0
[2018.10.25-03.07.37:061][582]LogAIModule: Creating AISystem for world MainMenu
[2018.10.25-03.07.37:073][582]LogAssetEditorManager: Opening Asset editor for World /Game/Levels/MainMenu/MainMenu.MainMenu
[2018.10.25-03.07.37:120][582]Cmd: MAP LOAD FILE="../../../../../Github/gift/Builds/GiftGame/Content/Levels/MainMenu/MainMenu.umap" TEMPLATE=0 SHOWPROGRESS=1 FEATURELEVEL=3
[2018.10.25-03.07.37:120][582]LightingResults: New page: Lighting Build
[2018.10.25-03.07.37:120][582]LoadErrors: New page: Loading map: MainMenu.umap
[2018.10.25-03.07.37:121][582]MapCheck: New page: Map Check
[2018.10.25-03.07.37:121][582]LightingResults: New page: Lighting Build
[2018.10.25-03.07.37:250][582]LogEditorServer: Finished looking for orphan Actors (0.000 secs)
[2018.10.25-03.07.37:448][582]Cmd: MAP CHECKDEP NOCLEARLOG
[2018.10.25-03.07.37:526][582]MapCheck: Map check complete: 0 Error(s), 0 Warning(s), took 78.449ms to complete.
[2018.10.25-03.07.37:527][582]LogFileHelpers: Loading map 'MainMenu' took 0.409
[2018.10.25-03.07.42:029][715]LogAssetEditorManager: Opening Asset editor for WidgetBlueprint /Game/Levels/MainMenu/MainMenuWidget.MainMenuWidget
[2018.10.25-03.07.46:580][814]LogTemp: Repeating last play command: Selected Viewport
[2018.10.25-03.07.46:722][814]LogBlueprintUserMessages: Early PlayInEditor Detection: Level '/Game/Levels/MainMenu/MainMenu.MainMenu:PersistentLevel' has LevelScriptBlueprint '/Game/Levels/MainMenu/MainMenu.MainMenu:PersistentLevel.MainMenu' with GeneratedClass '/Game/Levels/MainMenu/MainMenu.MainMenu_C' with ClassGeneratedBy '/Game/Levels/MainMenu/MainMenu.MainMenu:PersistentLevel.MainMenu'
[2018.10.25-03.07.46:722][814]LogPlayLevel: PlayLevel: No blueprints needed recompiling
[2018.10.25-03.07.46:742][814]LogModuleManager: Warning: ModuleManager: Unable to load module 'OnlineSubsystemLAN'  - 0 instances of that module name found.
[2018.10.25-03.07.46:754][814]PIE: New page: PIE session: MainMenu (Oct 24, 2018, 5:07:46 PM)
[2018.10.25-03.07.46:754][814]LogLinker: Warning: Can't find file '/Game/Blueprints/MPGameInstance'
[2018.10.25-03.07.46:755][814]LogLinker: Warning: Can't find file '/Game/Blueprints/MPGameInstance'
[2018.10.25-03.07.46:755][814]LogUObjectGlobals: Warning: Failed to find object 'Class /Game/Blueprints/MPGameInstance.MPGameInstance_C'
[2018.10.25-03.07.46:755][814]LogPlayLevel: Creating play world package: /Game/Levels/MainMenu/UEDPIE_0_MainMenu
[2018.10.25-03.07.46:756][814]LogPlayLevel: PIE: StaticDuplicateObject took: (0.001365s)
[2018.10.25-03.07.46:757][814]LogAIModule: Creating AISystem for world MainMenu
[2018.10.25-03.07.46:757][814]LogPlayLevel: PIE: World Init took: (0.000942s)
[2018.10.25-03.07.46:757][814]LogPlayLevel: PIE: Created PIE world by copying editor world from /Game/Levels/MainMenu/MainMenu.MainMenu to /Game/Levels/MainMenu/UEDPIE_0_MainMenu.MainMenu (0.002531s)
[2018.10.25-03.07.46:800][814]LogInit: XAudio2 using 'Speakers (Realtek High Definition Audio)' : 2 channels at 48 kHz using 32 bits per sample (channel mask 0x3)
[2018.10.25-03.07.46:830][814]LogInit: FAudioDevice initialized.
[2018.10.25-03.07.46:880][814]LogLoad: Game class is 'MenuGameMode_C'
[2018.10.25-03.07.46:881][814]LogWorld: Bringing World /Game/Levels/MainMenu/UEDPIE_0_MainMenu.MainMenu up for play (max tick rate 0) at 2018.10.24-22.07.46
[2018.10.25-03.07.46:881][814]LogWorld: Bringing up level for play took: 0.000665
[2018.10.25-03.07.46:901][814]LogContentBrowser: Native class hierarchy updated for 'MovieSceneCapture' in 0.0003 seconds. Added 10 classes and 0 folders.
[2018.10.25-03.07.46:907][814]PIE: Play in editor start time for /Game/Levels/MainMenu/UEDPIE_0_MainMenu -0.015
[2018.10.25-03.07.46:907][814]LogBlueprintUserMessages: Late PlayInEditor Detection: Level '/Game/Levels/MainMenu/MainMenu.MainMenu:PersistentLevel' has LevelScriptBlueprint '/Game/Levels/MainMenu/MainMenu.MainMenu:PersistentLevel.MainMenu' with GeneratedClass '/Game/Levels/MainMenu/MainMenu.MainMenu_C' with ClassGeneratedBy '/Game/Levels/MainMenu/MainMenu.MainMenu:PersistentLevel.MainMenu'
[2018.10.25-03.07.51:560][956]LogNet: Browse: /Game/Levels/GiftGame/GiftGame
[2018.10.25-03.07.51:592][956]LogLoad: LoadMap: /Game/Levels/GiftGame/GiftGame
[2018.10.25-03.07.52:183][956]LogAIModule: Creating AISystem for world GiftGame
[2018.10.25-03.07.52:183][956]LogLoad: Game class is 'GameModeBase'
[2018.10.25-03.07.52:186][956]LogWorld: Bringing World /Game/Levels/GiftGame/UEDPIE_0_GiftGame.GiftGame up for play (max tick rate 0) at 2018.10.24-22.07.52
[2018.10.25-03.07.52:187][956]LogWorld: Bringing up level for play took: 0.002395
[2018.10.25-03.07.52:188][956]LogGameMode: FindPlayerStart: PATHS NOT DEFINED or NO PLAYERSTART with positive rating
[2018.10.25-03.07.52:190][956]LogLoad: Took 0.597675 seconds to LoadMap(/Game/Levels/GiftGame/GiftGame)
[2018.10.25-03.07.56:659][ 73]LogBlueprintUserMessages: Early EndPlayMap Detection: Level '/Game/Levels/MainMenu/MainMenu.MainMenu:PersistentLevel' has LevelScriptBlueprint '/Game/Levels/MainMenu/MainMenu.MainMenu:PersistentLevel.MainMenu' with GeneratedClass '/Game/Levels/MainMenu/MainMenu.MainMenu_C' with ClassGeneratedBy '/Game/Levels/MainMenu/MainMenu.MainMenu:PersistentLevel.MainMenu'
[2018.10.25-03.07.56:659][ 73]LogSlate: Updating window title bar state: overlay mode, drag disabled, window buttons hidden, title bar hidden
[2018.10.25-03.07.56:722][ 73]LogPlayLevel: Display: Shutting down PIE online subsystems
[2018.10.25-03.07.56:722][ 73]LogBlueprintUserMessages: Late EndPlayMap Detection: Level '/Game/Levels/MainMenu/MainMenu.MainMenu:PersistentLevel' has LevelScriptBlueprint '/Game/Levels/MainMenu/MainMenu.MainMenu:PersistentLevel.MainMenu' with GeneratedClass '/Game/Levels/MainMenu/MainMenu.MainMenu_C' with ClassGeneratedBy '/Game/Levels/MainMenu/MainMenu.MainMenu:PersistentLevel.MainMenu'
[2018.10.25-03.07.56:772][ 73]LogSlate: Updating window title bar state: overlay mode, drag disabled, window buttons hidden, title bar hidden
[2018.10.25-03.07.56:823][ 74]LogPlayLevel: Display: Destroying online subsystem :Context_5
[2018.10.25-03.08.00:195][157]LogSlate: FSceneViewport::OnFocusLost() reason 0
[2018.10.25-03.08.02:690][214]LogAIModule: Creating AISystem for world GiftGame
[2018.10.25-03.08.02:696][214]LogAssetEditorManager: Opening Asset editor for World /Game/Levels/GiftGame/GiftGame.GiftGame
[2018.10.25-03.08.02:741][214]Cmd: MAP LOAD FILE="../../../../../Github/gift/Builds/GiftGame/Content/Levels/GiftGame/GiftGame.umap" TEMPLATE=0 SHOWPROGRESS=1 FEATURELEVEL=3
[2018.10.25-03.08.02:742][214]LightingResults: New page: Lighting Build
[2018.10.25-03.08.02:742][214]LoadErrors: New page: Loading map: GiftGame.umap
[2018.10.25-03.08.02:743][214]MapCheck: New page: Map Check
[2018.10.25-03.08.02:743][214]LightingResults: New page: Lighting Build
[2018.10.25-03.08.02:865][214]LogEditorServer: Finished looking for orphan Actors (0.000 secs)
[2018.10.25-03.08.02:960][214]Cmd: MAP CHECKDEP NOCLEARLOG
[2018.10.25-03.08.03:045][214]MapCheck: Map check complete: 0 Error(s), 0 Warning(s), took 85.96ms to complete.
[2018.10.25-03.08.03:045][214]LogFileHelpers: Loading map 'GiftGame' took 0.305
[2018.10.25-03.08.11:037][318]LogAssetEditorManager: Opening Asset editor for Blueprint /Game/Blueprints/ShakeControl.ShakeControl
[2018.10.25-03.08.15:422][386]LogSlate: Took 0.000489 seconds to synchronously load lazily loaded font '../../../Engine/Content/Slate/Fonts/Roboto-Italic.ttf' (157K)
[2018.10.25-03.08.27:937][600]Cmd: OBJ SAVEPACKAGE PACKAGE="/Game/Blueprints/ShakeControl" FILE="../../../../../Github/gift/Builds/GiftGame/Content/Blueprints/ShakeControl.uasset" SILENT=true
[2018.10.25-03.08.28:026][600]LogSavePackage: Moving '../../../../../Github/gift/Builds/GiftGame/Saved/ShakeControl4B406D64447D327CBFE33782638FC9AC.tmp' to '../../../../../Github/gift/Builds/GiftGame/Content/Blueprints/ShakeControl.uasset'
[2018.10.25-03.08.31:521][663]LogSlate: Window 'ShakeControl' being destroyed
[2018.10.25-03.08.31:584][663]LogSlate: Window 'ShakeControl' being destroyed
