Log file open, 09/13/18 10:53:43
LogWindows: Failed to load 'aqProf.dll' (GetLastError=126)
LogWindows: File 'aqProf.dll' does not exist
LogWindows: Failed to load 'VtuneApi.dll' (GetLastError=126)
LogWindows: File 'VtuneApi.dll' does not exist
LogWindows: Failed to load 'VtuneApi32e.dll' (GetLastError=126)
LogWindows: File 'VtuneApi32e.dll' does not exist
LogInit: Display: Running engine for game: GiftGame
LogPlatformFile: Not using cached read wrapper
LogTaskGraph: Started task graph with 5 named threads and 11 total threads with 3 sets of task threads.
LogStats: Stats thread started at 0.164434
LogD3D11RHI: Loaded GFSDK_Aftermath_Lib.x64.dll
LogICUInternationalization: Display: ICU TimeZone Detection - Raw Offset: -6:00, Platform Override: ''
LogPluginManager: Mounting plugin Paper2D
LogPluginManager: Mounting plugin AISupport
LogPluginManager: Mounting plugin LightPropagationVolume
LogPluginManager: Mounting plugin CLionSourceCodeAccess
LogPluginManager: Mounting plugin CodeLiteSourceCodeAccess
LogPluginManager: Mounting plugin GitSourceControl
LogPluginManager: Mounting plugin KDevelopSourceCodeAccess
LogPluginManager: Mounting plugin NullSourceCodeAccess
LogPluginManager: Mounting plugin PerforceSourceControl
LogPluginManager: Mounting plugin SubversionSourceControl
LogPluginManager: Mounting plugin UObjectPlugin
LogPluginManager: Mounting plugin VisualStudioCodeSourceCodeAccess
LogPluginManager: Mounting plugin VisualStudioSourceCodeAccess
LogPluginManager: Mounting plugin XCodeSourceCodeAccess
LogPluginManager: Mounting plugin AssetManagerEditor
LogPluginManager: Mounting plugin CryptoKeys
LogPluginManager: Mounting plugin DataValidation
LogPluginManager: Mounting plugin FacialAnimation
LogPluginManager: Mounting plugin GameplayTagsEditor
LogPluginManager: Mounting plugin MacGraphicsSwitching
LogPluginManager: Mounting plugin MeshEditor
LogPluginManager: Mounting plugin MobileLauncherProfileWizard
LogPluginManager: Mounting plugin PluginBrowser
LogPluginManager: Mounting plugin SpeedTreeImporter
LogPluginManager: Mounting plugin DatasmithContent
LogPluginManager: Mounting plugin AlembicImporter
LogPluginManager: Mounting plugin AppleImageUtils
LogPluginManager: Mounting plugin AppleVision
LogPluginManager: Mounting plugin BackChannel
LogPluginManager: Mounting plugin CharacterAI
LogPluginManager: Mounting plugin GeometryCache
LogPluginManager: Mounting plugin HTML5Networking
LogPluginManager: Mounting plugin ProxyLODPlugin
LogPluginManager: Mounting plugin MagicLeap
LogPluginManager: Mounting plugin MagicLeapEmulator
LogPluginManager: Mounting plugin MagicLeapMedia
LogPluginManager: Mounting plugin AndroidMedia
LogPluginManager: Mounting plugin AvfMedia
LogPluginManager: Mounting plugin ImgMedia
LogPluginManager: Mounting plugin LinearTimecode
LogPluginManager: Mounting plugin MediaCompositing
LogPluginManager: Mounting plugin MediaPlayerEditor
LogPluginManager: Mounting plugin WmfMedia
LogPluginManager: Mounting plugin TcpMessaging
LogPluginManager: Mounting plugin UdpMessaging
LogPluginManager: Mounting plugin ActorSequence
LogPluginManager: Mounting plugin LevelSequenceEditor
LogPluginManager: Mounting plugin MatineeToLevelSequence
LogPluginManager: Mounting plugin NetcodeUnitTest
LogPluginManager: Mounting plugin NUTUnrealEngine4
LogPluginManager: Mounting plugin OnlineSubsystemGooglePlay
LogPluginManager: Mounting plugin OnlineSubsystemIOS
LogPluginManager: Mounting plugin OnlineSubsystem
LogPluginManager: Mounting plugin OnlineSubsystemNull
LogPluginManager: Mounting plugin OnlineSubsystemUtils
LogPluginManager: Mounting plugin LauncherChunkInstaller
LogPluginManager: Mounting plugin AndroidDeviceProfileSelector
LogPluginManager: Mounting plugin AndroidMoviePlayer
LogPluginManager: Mounting plugin AndroidPermission
LogPluginManager: Mounting plugin AppleMoviePlayer
LogPluginManager: Mounting plugin ArchVisCharacter
LogPluginManager: Mounting plugin AudioCapture
LogPluginManager: Mounting plugin CableComponent
LogPluginManager: Mounting plugin CustomMeshComponent
LogPluginManager: Mounting plugin EditableMesh
LogPluginManager: Mounting plugin ExampleDeviceProfileSelector
LogPluginManager: Mounting plugin GoogleCloudMessaging
LogPluginManager: Mounting plugin ImmediatePhysics
LogPluginManager: Mounting plugin IOSDeviceProfileSelector
LogPluginManager: Mounting plugin LinuxDeviceProfileSelector
LogPluginManager: Mounting plugin LocationServicesBPLibrary
LogPluginManager: Mounting plugin MobilePatchingUtils
LogPluginManager: Mounting plugin OculusVR
LogPluginManager: Plugin shader directory ../../../Engine/Plugins/Runtime/Oculus/OculusVR/Shaders found
LogPluginManager: Mapping shader source directory ../../../Engine/Plugins/Runtime/Oculus/OculusVR/Shaders to virtual directory /Plugin/OculusVR
LogPluginManager: Mounting plugin PhysXVehicles
LogPluginManager: Mounting plugin ProceduralMeshComponent
LogPluginManager: Mounting plugin RuntimePhysXCooking
LogPluginManager: Mounting plugin SteamVR
LogPluginManager: Mounting plugin WindowsMoviePlayer
LogStreaming: Display: Took  1.697s to configure plugins.
LogInit: Using libcurl 7.55.1-DEV
LogInit:  - built for x86_64-pc-win32
LogInit:  - supports SSL with OpenSSL/1.0.2h
LogInit:  - supports HTTP deflate (compression) using libz 1.2.8
LogInit:  - other features:
LogInit:      CURL_VERSION_SSL
LogInit:      CURL_VERSION_LIBZ
LogInit:      CURL_VERSION_IPV6
LogInit:      CURL_VERSION_ASYNCHDNS
LogInit:      CURL_VERSION_LARGEFILE
LogInit:      CURL_VERSION_IDN
LogInit:  CurlRequestOptions (configurable via config and command line):
LogInit:  - bVerifyPeer = false  - Libcurl will NOT verify peer certificate
LogInit:  - bUseHttpProxy = false  - Libcurl will NOT use HTTP proxy
LogInit:  - bDontReuseConnections = false  - Libcurl will reuse connections
LogInit:  - CertBundlePath = nullptr  - Libcurl will use whatever was configured at build time.
LogInit:  - MaxHostConnections = 16  - Libcurl will limit the number of connections to a host
LogInit:  - LocalHostAddr = Default
LogInit:  - BufferSize = 65536
LogInit: WinSock: version 1.1 (2.2), MaxSocks=32767, MaxUdp=65467
LogInit: Build: ++UE4+Release-4.20-CL-4302132
LogInit: Engine Version: 4.20.2-4302132+++UE4+Release-4.20
LogInit: Compatible Engine Version: 4.20.0-4212847+++UE4+Release-4.20
LogInit: Net CL: 4212847
LogInit: OS: Windows 10 (), CPU: Intel(R) Core(TM) i5-6200U CPU @ 2.30GHz, GPU: Intel(R) HD Graphics 520
LogInit: Compiled (64-bit): Aug 21 2018 02:06:06
LogInit: Compiled with Visual C++: 19.13.26129.00
LogInit: Build Configuration: Development
LogInit: Branch Name: ++UE4+Release-4.20
LogInit: Command Line: -EpicPortal 
LogInit: Base Directory: D:/Epic Games/UE_4.20/Engine/Binaries/Win64/
LogInit: Installed Engine Build: 1
LogDevObjectVersion: Number of dev versions registered: 20
LogDevObjectVersion:   Dev-Blueprints (B0D832E4-1F89-4F0D-ACCF-7EB736FD4AA2): 10
LogDevObjectVersion:   Dev-Build (E1C64328-A22C-4D53-A36C-8E866417BD8C): 0
LogDevObjectVersion:   Dev-Core (375EC13C-06E4-48FB-B500-84F0262A717E): 2
LogDevObjectVersion:   Dev-Editor (E4B068ED-F494-42E9-A231-DA0B2E46BB41): 24
LogDevObjectVersion:   Dev-Framework (CFFC743F-43B0-4480-9391-14DF171D2073): 34
LogDevObjectVersion:   Dev-Mobile (B02B49B5-BB20-44E9-A304-32B752E40360): 2
LogDevObjectVersion:   Dev-Networking (A4E4105C-59A1-49B5-A7C5-40C4547EDFEE): 0
LogDevObjectVersion:   Dev-Online (39C831C9-5AE6-47DC-9A44-9C173E1C8E7C): 0
LogDevObjectVersion:   Dev-Physics (78F01B33-EBEA-4F98-B9B4-84EACCB95AA2): 0
LogDevObjectVersion:   Dev-Platform (6631380F-2D4D-43E0-8009-CF276956A95A): 0
LogDevObjectVersion:   Dev-Rendering (12F88B9F-8875-4AFC-A67C-D90C383ABD29): 26
LogDevObjectVersion:   Dev-Sequencer (7B5AE74C-D270-4C10-A958-57980B212A5A): 9
LogDevObjectVersion:   Dev-VR (D7296918-1DD6-4BDD-9DE2-64A83CC13884): 2
LogDevObjectVersion:   Dev-LoadTimes (C2A15278-BFE7-4AFE-6C17-90FF531DF755): 1
LogDevObjectVersion:   Private-Geometry (6EACA3D4-40EC-4CC1-B786-8BED09428FC5): 3
LogDevObjectVersion:   Dev-AnimPhys (29E575DD-E0A3-4627-9D10-D276232CDCEA): 17
LogDevObjectVersion:   Dev-ReflectionCapture (6B266CEC-1EC7-4B8F-A30B-E4D90942FC07): 1
LogDevObjectVersion:   Dev-Automation (0DF73D61-A23F-47EA-B727-89E90C41499A): 1
LogDevObjectVersion:   FortniteMain (601D1886-AC64-4F84-AA16-D3DE0DEAC7D6): 12
LogDevObjectVersion:   Dev-Enterprise (9DFFBCD6-494F-0158-E221-12823C92A888): 1
LogStreaming: Display: Took  0.000s to delete old logs.
LogInit: Presizing for max 8388607 objects, including 0 objects not considered by GC, pre-allocating 0 bytes for permanent pool.
LogInit: Object subsystem initialized
[2018.09.13-15.53.45:542][  0]LogInit: Selected Device Profile: [Windows]
[2018.09.13-15.53.45:542][  0]LogInit: Applying CVar settings loaded from the selected device profile: [Windows]
[2018.09.13-15.53.45:697][  0]LogHAL: Display: Platform has ~ 12 GB [12766838784 / 17179869184 / 12], which maps to Larger [LargestMinGB=32, LargerMinGB=12, DefaultMinGB=8, SmallerMinGB=6, SmallestMinGB=0)
[2018.09.13-15.53.45:697][  0]LogInit: Setting Device Profile CVar: [[r.Vulkan.UseRealUBs:1]]
[2018.09.13-15.53.45:697][  0]LogInit: Going up to parent DeviceProfile []
[2018.09.13-15.53.45:699][  0]LogInit: Computer: R6507206
[2018.09.13-15.53.45:699][  0]LogInit: User: DSU
[2018.09.13-15.53.45:699][  0]LogInit: CPU Page size=4096, Cores=2
[2018.09.13-15.53.45:699][  0]LogInit: High frequency timer resolution =2.343750 MHz
[2018.09.13-15.53.45:701][  0]LogMemory: Memory total: Physical=11.9GB (12GB approx)
[2018.09.13-15.53.45:701][  0]LogMemory: Platform Memory Stats for Windows
[2018.09.13-15.53.45:701][  0]LogMemory: Process Physical Memory: 99.63 MB used, 99.63 MB peak
[2018.09.13-15.53.45:701][  0]LogMemory: Process Virtual Memory: 82.93 MB used, 82.93 MB peak
[2018.09.13-15.53.45:701][  0]LogMemory: Physical Memory: 5165.17 MB used,  7010.24 MB free, 12175.41 MB total
[2018.09.13-15.53.45:702][  0]LogMemory: Virtual Memory: 4615.07 MB used,  7010.24 MB free, 134217728.00 MB total
[2018.09.13-15.53.45:743][  0]LogInit: Using OS detected language (en-US).
[2018.09.13-15.53.45:743][  0]LogInit: Using OS detected locale (en-US).
[2018.09.13-15.53.45:744][  0]LogTextLocalizationManager: No specific localization for 'en-US' exists, so the 'en' localization will be used.
[2018.09.13-15.53.46:204][  0]LogStreaming: Display: Took  0.461s to InitEngineTextLocalization.
[2018.09.13-15.53.46:204][  0]LogInit: Setting process to per monitor DPI aware
[2018.09.13-15.53.46:272][  0]LogSlate: New Slate User Created.  User Index 0, Is Virtual User: 0
[2018.09.13-15.53.46:272][  0]LogSlate: Slate User Registered.  User Index 0, Is Virtual User: 0
[2018.09.13-15.53.46:517][  0]LogHMD: Failed to initialize OpenVR with code 110
[2018.09.13-15.53.46:517][  0]LogD3D11RHI: D3D11 adapters:
[2018.09.13-15.53.46:526][  0]LogD3D11RHI:    0. 'Intel(R) HD Graphics 520' (Feature Level 11_0)
[2018.09.13-15.53.46:526][  0]LogD3D11RHI:       128/0/6087 MB DedicatedVideo/DedicatedSystem/SharedSystem, Outputs:1, VendorId:0x8086
[2018.09.13-15.53.46:529][  0]LogD3D11RHI:    1. 'Microsoft Basic Render Driver' (Feature Level 11_0)
[2018.09.13-15.53.46:529][  0]LogD3D11RHI:       0/0/6087 MB DedicatedVideo/DedicatedSystem/SharedSystem, Outputs:0, VendorId:0x1414
[2018.09.13-15.53.46:529][  0]LogD3D11RHI: Chosen D3D11 Adapter: 0
[2018.09.13-15.53.46:536][  0]LogD3D11RHI: Creating new Direct3DDevice
[2018.09.13-15.53.46:536][  0]LogD3D11RHI:     GPU DeviceId: 0x1916 (for the marketing name, search the web for "GPU Device Id")
[2018.09.13-15.53.46:536][  0]LogWindows: EnumDisplayDevices:
[2018.09.13-15.53.46:537][  0]LogWindows:    0. 'Intel(R) HD Graphics 520' (P:1 D:1)
[2018.09.13-15.53.46:537][  0]LogWindows:    1. 'Intel(R) HD Graphics 520' (P:0 D:0)
[2018.09.13-15.53.46:537][  0]LogWindows:    2. 'Intel(R) HD Graphics 520' (P:0 D:0)
[2018.09.13-15.53.46:537][  0]LogWindows: DebugString: FoundDriverCount:3 
[2018.09.13-15.53.46:537][  0]LogD3D11RHI:     Adapter Name: Intel(R) HD Graphics 520
[2018.09.13-15.53.46:537][  0]LogD3D11RHI:   Driver Version: 21.20.16.4542 (internal:21.20.16.4542, unified:21.20.16.4542)
[2018.09.13-15.53.46:537][  0]LogD3D11RHI:      Driver Date: 10-24-2016
[2018.09.13-15.53.46:537][  0]LogRHI: Texture pool is 1523 MB (70% of 2176 MB)
[2018.09.13-15.53.46:544][  0]LogD3D11RHI: Async texture creation enabled
[2018.09.13-15.53.46:553][  0]LogD3D11RHI: GPU Timing Frequency: 12.000000 (Debug: 2 0)
[2018.09.13-15.53.46:555][  0]LogShaderCompilers: Guid format shader working directory is 7 characters bigger than the processId version (../../../../../Unreal Engine/GiftGame/Intermediate/Shaders/WorkingDirectory/15096/).
[2018.09.13-15.53.46:555][  0]LogShaderCompilers: Cleaned the shader compiler working directory 'C:/Users/User/AppData/Local/Temp/UnrealShaderWorkingDir/E381B0944135B69E3F3167A6A1FF4E1F/'.
[2018.09.13-15.53.47:010][  0]LogTemp: Display: Loaded TP AllDesktopTargetPlatform
[2018.09.13-15.53.47:026][  0]LogTemp: Display: Loaded TP MacClientTargetPlatform
[2018.09.13-15.53.47:047][  0]LogTemp: Display: Loaded TP MacNoEditorTargetPlatform
[2018.09.13-15.53.47:063][  0]LogTemp: Display: Loaded TP MacServerTargetPlatform
[2018.09.13-15.53.47:084][  0]LogTemp: Display: Loaded TP MacTargetPlatform
[2018.09.13-15.53.47:105][  0]LogTemp: Display: Loaded TP WindowsClientTargetPlatform
[2018.09.13-15.53.47:125][  0]LogTemp: Display: Loaded TP WindowsNoEditorTargetPlatform
[2018.09.13-15.53.47:143][  0]LogTemp: Display: Loaded TP WindowsServerTargetPlatform
[2018.09.13-15.53.47:150][  0]LogTemp: Display: Loaded TP WindowsTargetPlatform
[2018.09.13-15.53.47:248][  0]LogTemp: Display: Loaded TP AndroidTargetPlatform
[2018.09.13-15.53.47:248][  0]LogTemp: Display: Loaded TP AndroidTargetPlatform
[2018.09.13-15.53.47:248][  0]LogTemp: Display: Loaded TP AndroidTargetPlatform
[2018.09.13-15.53.47:248][  0]LogTemp: Display: Loaded TP AndroidTargetPlatform
[2018.09.13-15.53.47:248][  0]LogTemp: Display: Loaded TP AndroidTargetPlatform
[2018.09.13-15.53.47:248][  0]LogTemp: Display: Loaded TP AndroidTargetPlatform
[2018.09.13-15.53.47:248][  0]LogTemp: Display: Loaded TP AndroidTargetPlatform
[2018.09.13-15.53.47:248][  0]LogTemp: Display: Loaded TP AndroidTargetPlatform
[2018.09.13-15.53.47:248][  0]LogTemp: Display: Loaded TP AndroidTargetPlatform
[2018.09.13-15.53.47:248][  0]LogTemp: Display: Loaded TP AndroidTargetPlatform
[2018.09.13-15.53.47:248][  0]LogTemp: Display: Loaded TP AndroidTargetPlatform
[2018.09.13-15.53.47:248][  0]LogTemp: Display: Loaded TP AndroidTargetPlatform
[2018.09.13-15.53.47:248][  0]LogTemp: Display: Loaded TP AndroidTargetPlatform
[2018.09.13-15.53.47:248][  0]LogTemp: Display: Loaded TP AndroidTargetPlatform
[2018.09.13-15.53.47:248][  0]LogTemp: Display: Loaded TP AndroidTargetPlatform
[2018.09.13-15.53.47:248][  0]LogTemp: Display: Loaded TP AndroidTargetPlatform
[2018.09.13-15.53.47:248][  0]LogTemp: Display: Loaded TP AndroidTargetPlatform
[2018.09.13-15.53.47:248][  0]LogTemp: Display: Loaded TP AndroidTargetPlatform
[2018.09.13-15.53.47:249][  0]LogTemp: Display: Loaded TP HTML5TargetPlatform
[2018.09.13-15.53.47:316][  0]LogTemp: Display: Loaded TP IOSTargetPlatform
[2018.09.13-15.53.47:316][  0]LogTemp: Display: Loaded TP IOSTargetPlatform
[2018.09.13-15.53.47:348][  0]LogTemp: Display: Loaded TP TVOSTargetPlatform
[2018.09.13-15.53.47:348][  0]LogTemp: Display: Loaded TP TVOSTargetPlatform
[2018.09.13-15.53.47:363][  0]LogTemp: Display: Loaded TP LinuxClientTargetPlatform
[2018.09.13-15.53.47:379][  0]LogTemp: Display: Loaded TP LinuxNoEditorTargetPlatform
[2018.09.13-15.53.47:395][  0]LogTemp: Display: Loaded TP LinuxServerTargetPlatform
[2018.09.13-15.53.47:411][  0]LogTemp: Display: Loaded TP LinuxTargetPlatform
[2018.09.13-15.53.47:421][  0]LogTemp: Display: Loaded TP LuminTargetPlatform
[2018.09.13-15.53.47:421][  0]LogTargetPlatformManager: Display: Building Assets For Windows
[2018.09.13-15.53.47:482][  0]LogXGEController: Cannot use XGE Controller as Incredibuild is not installed on this machine.
[2018.09.13-15.53.47:482][  0]LogShaderCompilers: Cannot use XGE Shader Compiler as Incredibuild is not installed on this machine.
[2018.09.13-15.53.47:482][  0]LogShaderCompilers: Display: Using Local Shader Compiler.
[2018.09.13-15.53.48:337][  0]LogDerivedDataCache: Display: Max Cache Size: 512 MB
[2018.09.13-15.53.48:406][  0]LogDerivedDataCache: Loaded boot cache 0.07s 71MB C:/Users/User/AppData/Local/UnrealEngine/4.20/DerivedDataCache/Boot.ddc.
[2018.09.13-15.53.48:407][  0]LogDerivedDataCache: Display: Loaded Boot cache: C:/Users/User/AppData/Local/UnrealEngine/4.20/DerivedDataCache/Boot.ddc
[2018.09.13-15.53.48:407][  0]LogDerivedDataCache: FDerivedDataBackendGraph:  Pak pak cache file ../../../../../Unreal Engine/GiftGame/DerivedDataCache/DDC.ddp not found, will not use a pak cache.
[2018.09.13-15.53.48:407][  0]LogDerivedDataCache: Unable to find inner node Pak for hierarchical cache Hierarchy.
[2018.09.13-15.53.48:407][  0]LogDerivedDataCache: FDerivedDataBackendGraph:  CompressedPak pak cache file ../../../../../Unreal Engine/GiftGame/DerivedDataCache/Compressed.ddp not found, will not use a pak cache.
[2018.09.13-15.53.48:407][  0]LogDerivedDataCache: Unable to find inner node CompressedPak for hierarchical cache Hierarchy.
[2018.09.13-15.53.48:423][  0]LogDerivedDataCache: Display: Pak cache opened for reading ../../../Engine/DerivedDataCache/Compressed.ddp.
[2018.09.13-15.53.48:435][  0]LogDerivedDataCache: Using Local data cache path C:/Users/User/AppData/Local/UnrealEngine/Common/DerivedDataCache: Writable
[2018.09.13-15.53.48:435][  0]LogDerivedDataCache: Shared data cache path not found in *engine.ini, will not use an Shared cache.
[2018.09.13-15.53.48:435][  0]LogDerivedDataCache: Unable to find inner node Shared for hierarchical cache Hierarchy.
[2018.09.13-15.53.48:458][  0]LogMaterial: Verifying Global Shaders for PCD3D_SM5
[2018.09.13-15.53.48:460][  0]LogSlate: Using FreeType 2.6.0
[2018.09.13-15.53.48:461][  0]LogSlate: SlateFontServices - WITH_FREETYPE: 1, WITH_HARFBUZZ: 1
[2018.09.13-15.53.48:542][  0]LogAssetRegistry: FAssetRegistry took 0.0272 seconds to start up
[2018.09.13-15.53.48:913][  0]LogInit: Selected Device Profile: [Windows]
[2018.09.13-15.53.49:065][  0]LogSimplygon: Simplygon DLL not present - disabling.
[2018.09.13-15.53.49:069][  0]LogMeshReduction: Using SimplygonSwarm for distributed automatic mesh merging
[2018.09.13-15.53.49:069][  0]LogMeshReduction: Using ProxyLODMeshReduction for automatic mesh merging
[2018.09.13-15.53.49:069][  0]LogMeshReduction: Using QuadricMeshReduction for automatic static mesh reduction
[2018.09.13-15.53.49:069][  0]LogMeshReduction: No automatic skeletal mesh reduction module available
[2018.09.13-15.53.49:092][  0]LogNetVersion: GiftGame 1.0.0, NetCL: 4212847, EngineNetVer: 5, GameNetVer: 0 (Checksum: 3731779599)
[2018.09.13-15.53.52:702][  0]LogPackageLocalizationCache: Processed 11 localized package path(s) for 2 prioritized culture(s) in 2.926703 seconds
[2018.09.13-15.53.52:740][  0]LogUObjectArray: 38425 objects as part of root set at end of initial load.
[2018.09.13-15.53.52:740][  0]LogUObjectAllocator: 6690872 out of 0 bytes used by permanent object pool.
[2018.09.13-15.53.52:740][  0]LogUObjectArray: CloseDisregardForGC: 0/0 objects in disregard for GC pool
[2018.09.13-15.53.53:824][  0]LogTcpMessaging: Initializing TcpMessaging bridge
[2018.09.13-15.53.53:838][  0]LogUdpMessaging: Initializing bridge on interface 0.0.0.0:0 to multicast group 230.0.0.1:6666.
[2018.09.13-15.53.54:058][  0]SourceControl: Source control is disabled
[2018.09.13-15.53.54:058][  0]SourceControl: Source control is disabled
[2018.09.13-15.53.54:059][  0]SourceControl: Source control is disabled
[2018.09.13-15.53.54:060][  0]SourceControl: Source control is disabled
[2018.09.13-15.53.54:426][  0]LogAndroidPermission: UAndroidPermissionCallbackProxy::GetInstance
[2018.09.13-15.53.54:513][  0]LogOcInput: OculusInput pre-init called
[2018.09.13-15.53.54:583][  0]LogEngine: Initializing Engine...
[2018.09.13-15.53.54:584][  0]LogHMD: Failed to initialize OpenVR with code 110
[2018.09.13-15.53.54:586][  0]LogStats: UGameplayTagsManager::ConstructGameplayTagTree: ImportINI prefixes -  0.000 s
[2018.09.13-15.53.54:586][  0]LogStats: UGameplayTagsManager::ConstructGameplayTagTree: Construct from data asset -  0.000 s
[2018.09.13-15.53.54:586][  0]LogStats: UGameplayTagsManager::ConstructGameplayTagTree: ImportINI -  0.000 s
[2018.09.13-15.53.54:586][  0]LogStats: UGameplayTagsManager::ConstructGameplayTagTree: GameplayTagTreeChangedEvent.Broadcast -  0.000 s
[2018.09.13-15.53.54:851][  0]LogInit: Initializing FReadOnlyCVARCache
[2018.09.13-15.53.54:868][  0]LogAIModule: Creating AISystem for world Untitled
[2018.09.13-15.53.54:888][  0]LogInit: XAudio2 using 'Speakers (Realtek High Definition Audio)' : 2 channels at 48 kHz using 32 bits per sample (channel mask 0x3)
[2018.09.13-15.53.55:082][  0]LogInit: FAudioDevice initialized.
[2018.09.13-15.53.55:082][  0]LogNetVersion: Set ProjectVersion to 1.0.0.0. Version Checksum will be recalculated on next use.
[2018.09.13-15.53.55:378][  0]LogDerivedDataCache: Saved boot cache 0.30s 71MB C:/Users/User/AppData/Local/UnrealEngine/4.20/DerivedDataCache/Boot.ddc.
[2018.09.13-15.53.55:387][  0]LogInit: Texture streaming: Enabled
[2018.09.13-15.53.55:405][  0]LogEngineSessionManager: EngineSessionManager initialized
[2018.09.13-15.53.55:527][  0]LogInit: Transaction tracking system initialized
[2018.09.13-15.53.55:552][  0]BlueprintLog: New page: Editor Load
[2018.09.13-15.53.55:883][  0]LocalizationService: Localization service is disabled
[2018.09.13-15.53.56:953][  0]LogFileCache: Scanning file cache for directory 'D:/Unreal Engine/GiftGame/Content/' took 0.04s
[2018.09.13-15.53.56:953][  0]LogCook: Display: Max memory allowance for cook 16384mb min free memory 0mb
[2018.09.13-15.53.56:953][  0]LogCook: Display: Mobile HDR setting 0
[2018.09.13-15.53.56:988][  0]LogGameplayTags: Display: UGameplayTagsManager::DoneAddingNativeTags. DelegateIsBound: 0
[2018.09.13-15.53.56:988][  0]LogStats: UGameplayTagsManager::ConstructGameplayTagTree: ImportINI prefixes -  0.000 s
[2018.09.13-15.53.56:988][  0]LogStats: UGameplayTagsManager::ConstructGameplayTagTree: Construct from data asset -  0.000 s
[2018.09.13-15.53.56:988][  0]LogStats: UGameplayTagsManager::ConstructGameplayTagTree: ImportINI -  0.000 s
[2018.09.13-15.53.56:988][  0]LogStats: UGameplayTagsManager::ConstructGameplayTagTree: GameplayTagTreeChangedEvent.Broadcast -  0.000 s
[2018.09.13-15.53.57:122][  0]SourceControl: Source control is disabled
[2018.09.13-15.53.57:122][  0]Cmd: MAP LOAD FILE="../../../Engine/Content/Maps/Templates/Template_Default.umap" TEMPLATE=1 SHOWPROGRESS=1 FEATURELEVEL=3
[2018.09.13-15.53.57:123][  0]LightingResults: New page: Lighting Build
[2018.09.13-15.53.57:126][  0]MapCheck: New page: Map Check
[2018.09.13-15.53.57:126][  0]LightingResults: New page: Lighting Build
[2018.09.13-15.53.57:377][  0]LogAIModule: Creating AISystem for world Untitled_1
[2018.09.13-15.53.57:385][  0]LogEditorServer: Finished looking for orphan Actors (0.000 secs)
[2018.09.13-15.53.57:422][  0]Cmd: MAP CHECKDEP NOCLEARLOG
[2018.09.13-15.53.57:472][  0]MapCheck: Map check complete: 0 Error(s), 0 Warning(s), took 50.007ms to complete.
[2018.09.13-15.53.57:473][  0]LogFileHelpers: Loading map 'Template_Default' took 0.350
[2018.09.13-15.54.01:645][  0]LogSlate: Updating window title bar state: overlay mode, drag disabled, window buttons hidden, title bar hidden
[2018.09.13-15.54.01:899][  0]LogSlate: Updating window title bar state: overlay mode, drag disabled, window buttons hidden, title bar hidden
[2018.09.13-15.54.01:908][  0]LogSlate: Updating window title bar state: overlay mode, drag disabled, window buttons hidden, title bar hidden
[2018.09.13-15.54.01:918][  0]LogSlate: Updating window title bar state: overlay mode, drag disabled, window buttons hidden, title bar hidden
[2018.09.13-15.54.02:418][  0]LogCollectionManager: Loaded 0 collections in 0.002106 seconds
[2018.09.13-15.54.03:579][  0]LogFileCache: Scanning file cache for directory 'D:/Unreal Engine/GiftGame/Saved/Collections/' took 0.01s
[2018.09.13-15.54.03:579][  0]LogFileCache: Scanning file cache for directory 'D:/Unreal Engine/GiftGame/Content/Developers/DSU/Collections/' took 0.01s
[2018.09.13-15.54.03:579][  0]LogFileCache: Scanning file cache for directory 'D:/Unreal Engine/GiftGame/Content/Collections/' took 0.01s
[2018.09.13-15.54.03:579][  0]LogCollectionManager: Rebuilt the GUID cache for 0 collections in 0.000000 seconds
[2018.09.13-15.54.03:759][  0]LogContentBrowser: Native class hierarchy populated in 0.1081 seconds. Added 2572 classes and 603 folders.
[2018.09.13-15.54.04:372][  0]LogContentBrowser: Native class hierarchy updated for 'WidgetCarousel' in 0.0004 seconds. Added 0 classes and 0 folders.
[2018.09.13-15.54.10:808][  0]LogContentBrowser: Native class hierarchy updated for 'AddContentDialog' in 0.0007 seconds. Added 0 classes and 0 folders.
[2018.09.13-15.54.10:977][  0]LogContentBrowser: Native class hierarchy updated for 'SceneOutliner' in 0.0005 seconds. Added 1 classes and 2 folders.
[2018.09.13-15.54.12:789][  0]LogSlate: Took 0.000519 seconds to synchronously load lazily loaded font '../../../Engine/Content/Slate/Fonts/Roboto-Regular.ttf' (155K)
[2018.09.13-15.54.12:796][  0]LogSlate: Took 0.000515 seconds to synchronously load lazily loaded font '../../../Engine/Content/Slate/Fonts/Roboto-Bold.ttf' (160K)
[2018.09.13-15.54.12:907][  0]LogSlate: Took 0.031834 seconds to synchronously load lazily loaded font '../../../Engine/Content/Editor/Slate/Fonts/FontAwesome.ttf' (139K)
[2018.09.13-15.54.13:919][  0]LogRenderer: Reallocating scene render targets to support 768x380 Format 10 NumSamples 1 (Frame:1).
[2018.09.13-15.54.15:082][  0]LogContentBrowser: Native class hierarchy updated for 'HierarchicalLODOutliner' in 0.0003 seconds. Added 0 classes and 0 folders.
[2018.09.13-15.54.15:083][  0]LogLoad: (Engine Initialization) Total time: 34.66 seconds
[2018.09.13-15.54.15:083][  0]LogLoad: (Engine Initialization) Total Blueprint compile time: 0.00 seconds
[2018.09.13-15.54.15:137][  0]LogWindowsTextInputMethodSystem: Display: IME system now deactivated.
[2018.09.13-15.54.15:253][  0]LogContentStreaming: Texture pool size now 1000 MB
[2018.09.13-15.54.15:360][  1]LogAssetRegistry: Asset discovery search completed in 26.8405 seconds
[2018.09.13-15.54.15:363][  1]LogCollectionManager: Rebuilt the object cache for 0 collections in 0.000001 seconds (found 0 objects)
[2018.09.13-15.54.15:363][  1]LogCollectionManager: Fixed up redirectors for 0 collections in 0.000074 seconds (updated 0 objects)
[2018.09.13-15.54.16:308][  4]LogSlate: Took 0.031590 seconds to synchronously load lazily loaded font '../../../Engine/Content/Slate/Fonts/Roboto-Light.ttf' (167K)
[2018.09.13-15.54.19:405][166]LogSlate: Took 0.000227 seconds to synchronously load lazily loaded font '../../../Engine/Content/Slate/Fonts/Roboto-Light.ttf' (167K)
[2018.09.13-15.55.56:097][776]LogSlate: FSceneViewport::OnFocusLost() reason 0
[2018.09.13-15.55.56:359][776]LogAssetEditorManager: Opening Asset editor for WidgetBlueprint /Game/Levels/MainMenuWidget.MainMenuWidget
[2018.09.13-15.55.57:811][776]LogContentBrowser: Native class hierarchy updated for 'BlueprintGraph' in 0.0008 seconds. Added 116 classes and 0 folders.
[2018.09.13-15.56.00:405][776]LogAssetEditorManager: Opening Asset editor for Texture2D /Game/Levels/MenuAssets/EXIT.EXIT
[2018.09.13-15.56.00:472][776]LogContentBrowser: Native class hierarchy updated for 'TextureEditor' in 0.0003 seconds. Added 1 classes and 2 folders.
[2018.09.13-15.56.17:204][156]LogSlate: Took 0.046715 seconds to synchronously load lazily loaded font '../../../Engine/Content/Slate/Fonts/Roboto-BoldCondensed.ttf' (158K)
[2018.09.13-15.56.24:671][315]LogSlate: Took 0.118196 seconds to synchronously load lazily loaded font '../../../Engine/Content/Slate/Fonts/DroidSansFallback.ttf' (3848K)
[2018.09.13-15.56.39:160][740]LogEditorTransaction: Undo Edit Bottom
[2018.09.13-15.56.55:281][419]LogEditorTransaction: Undo Resize Widget
[2018.09.13-15.58.51:512][521]LogEditorTransaction: Undo Move Widget
[2018.09.13-16.00.02:583][586]BlueprintLog: New page: Compile MainMenuWidget
[2018.09.13-16.00.03:710][608]Cmd: OBJ SAVEPACKAGE PACKAGE="/Game/Levels/MainMenuWidget" FILE="../../../../../Unreal Engine/GiftGame/Content/Levels/MainMenuWidget.uasset" SILENT=true
[2018.09.13-16.00.04:066][608]LogSavePackage: Moving '../../../../../Unreal Engine/GiftGame/Saved/MainMenuWidgetBB66B82041536BCB7B0FA1840FCAB072.tmp' to '../../../../../Unreal Engine/GiftGame/Content/Levels/MainMenuWidget.uasset'
[2018.09.13-16.00.06:459][664]LogSlate: FSceneViewport::OnFocusLost() reason 0
[2018.09.13-16.02.03:092][531]LogEditorTransaction: Undo Move Widget
[2018.09.13-16.02.16:388][895]LogEditorTransaction: Undo Move Widget
[2018.09.13-16.04.53:374][637]BlueprintLog: New page: Compile MainMenuWidget
[2018.09.13-16.04.54:285][653]Cmd: OBJ SAVEPACKAGE PACKAGE="/Game/Levels/MainMenuWidget" FILE="../../../../../Unreal Engine/GiftGame/Content/Levels/MainMenuWidget.uasset" SILENT=true
[2018.09.13-16.04.54:317][653]LogSavePackage: Moving '../../../../../Unreal Engine/GiftGame/Saved/MainMenuWidgetBAB2357B463F87E8C01122A65764C823.tmp' to '../../../../../Unreal Engine/GiftGame/Content/Levels/MainMenuWidget.uasset'
[2018.09.13-16.04.55:641][685]LogSlate: FSceneViewport::OnFocusLost() reason 0
[2018.09.13-16.06.34:188][623]LogSlate: Took 0.036501 seconds to synchronously load lazily loaded font '../../../Engine/Content/Slate/Fonts/Roboto-Italic.ttf' (157K)
[2018.09.13-16.07.40:366][  8]BlueprintLog: New page: Compile MainMenuWidget
[2018.09.13-16.07.41:063][ 23]Cmd: OBJ SAVEPACKAGE PACKAGE="/Game/Levels/MainMenuWidget" FILE="../../../../../Unreal Engine/GiftGame/Content/Levels/MainMenuWidget.uasset" SILENT=true
[2018.09.13-16.07.41:552][ 23]LogSavePackage: Moving '../../../../../Unreal Engine/GiftGame/Saved/MainMenuWidget10B356024693A180C32B12A93D88EFE9.tmp' to '../../../../../Unreal Engine/GiftGame/Content/Levels/MainMenuWidget.uasset'
[2018.09.13-16.07.42:204][ 39]LogSlate: FSceneViewport::OnFocusLost() reason 0
[2018.09.13-16.09.15:018][999]BlueprintLog: New page: Compile MainMenuWidget
[2018.09.13-16.09.15:796][ 16]Cmd: OBJ SAVEPACKAGE PACKAGE="/Game/Levels/MainMenuWidget" FILE="../../../../../Unreal Engine/GiftGame/Content/Levels/MainMenuWidget.uasset" SILENT=true
[2018.09.13-16.09.16:227][ 16]LogSavePackage: Moving '../../../../../Unreal Engine/GiftGame/Saved/MainMenuWidget4A0E9CB54F625C2B0A134E92A2F72318.tmp' to '../../../../../Unreal Engine/GiftGame/Content/Levels/MainMenuWidget.uasset'
[2018.09.13-16.09.21:778][145]LogSlate: FSceneViewport::OnFocusLost() reason 0
[2018.09.13-16.10.10:543][961]Cmd: OBJ SAVEPACKAGE PACKAGE="/Game/Levels/MainMenuWidget" FILE="../../../../../Unreal Engine/GiftGame/Content/Levels/MainMenuWidget.uasset" SILENT=true
[2018.09.13-16.10.10:955][961]LogSavePackage: Moving '../../../../../Unreal Engine/GiftGame/Saved/MainMenuWidget2D878B3440D7FDB440FC9999FF3AC2E5.tmp' to '../../../../../Unreal Engine/GiftGame/Content/Levels/MainMenuWidget.uasset'
[2018.09.13-16.10.12:097][990]LogSlate: FSceneViewport::OnFocusLost() reason 0
[2018.09.13-16.11.53:272][975]BlueprintLog: New page: Compile MainMenuWidget
[2018.09.13-16.11.54:096][992]Cmd: OBJ SAVEPACKAGE PACKAGE="/Game/Levels/MainMenuWidget" FILE="../../../../../Unreal Engine/GiftGame/Content/Levels/MainMenuWidget.uasset" SILENT=true
[2018.09.13-16.11.54:524][992]LogSavePackage: Moving '../../../../../Unreal Engine/GiftGame/Saved/MainMenuWidget8300B7EF41BA8DB6D50D0DA845340192.tmp' to '../../../../../Unreal Engine/GiftGame/Content/Levels/MainMenuWidget.uasset'
[2018.09.13-16.11.54:927][  3]LogSlate: FSceneViewport::OnFocusLost() reason 0
[2018.09.13-16.12.05:551][448]Cmd: OBJ SAVEPACKAGE PACKAGE="/Game/Levels/MainMenuWidget" FILE="../../../../../Unreal Engine/GiftGame/Content/Levels/MainMenuWidget.uasset" SILENT=true
[2018.09.13-16.12.05:589][448]LogSavePackage: Moving '../../../../../Unreal Engine/GiftGame/Saved/MainMenuWidget1B5915124A3AC5D10C3FEE98971EACEB.tmp' to '../../../../../Unreal Engine/GiftGame/Content/Levels/MainMenuWidget.uasset'
[2018.09.13-16.12.20:749][539]LogSlate: FSceneViewport::OnFocusLost() reason 2
[2018.09.13-16.14.51:667][968]LogEditorTransaction: Undo Move Widget
[2018.09.13-16.14.53:437][ 55]PIE: UWidget::RemoveFromParent() called on '/Game/Levels/MainMenuWidget.MainMenuWidget:WidgetTree.1080x720' which has no UMG parent (if it was added directly to a native Slate widget via TakeWidget() then it must be removed explicitly rather than via RemoveFromParent())
[2018.09.13-16.14.56:214][115]LogEditorTransaction: Undo Move Widget
[2018.09.13-16.14.56:229][115]LogWindows: Windows GetLastError: The operation completed successfully. (0)
[2018.09.13-16.15.10:739][115]LogWindows: Error: === Critical error: ===
[2018.09.13-16.15.10:739][115]LogWindows: Error: 
[2018.09.13-16.15.10:739][115]LogWindows: Error: Assertion failed: IsValid() [File:D:\Build\++UE4\Sync\Engine\Source\Runtime\Core\Public\Templates/SharedPointer.h] [Line: 849] 
[2018.09.13-16.15.10:739][115]LogWindows: Error: 
[2018.09.13-16.15.10:739][115]LogWindows: Error: 
[2018.09.13-16.15.10:739][115]LogWindows: Error: 
[2018.09.13-16.15.10:739][115]LogWindows: Error: [Callstack] 0x00007ff8d3c7a388 KERNELBASE.dll!UnknownFunction []
[2018.09.13-16.15.10:739][115]LogWindows: Error: [Callstack] 0x00007ff8adfe6850 UE4Editor-ApplicationCore.dll!UnknownFunction []
[2018.09.13-16.15.10:739][115]LogWindows: Error: [Callstack] 0x00007ff8817f62ec UE4Editor-Core.dll!UnknownFunction []
[2018.09.13-16.15.10:739][115]LogWindows: Error: [Callstack] 0x00007ff8817851cb UE4Editor-Core.dll!UnknownFunction []
[2018.09.13-16.15.10:739][115]LogWindows: Error: [Callstack] 0x00007ff86e777ff6 UE4Editor-UMG.dll!UnknownFunction []
[2018.09.13-16.15.10:739][115]LogWindows: Error: [Callstack] 0x00007ff86e73353a UE4Editor-UMG.dll!UnknownFunction []
[2018.09.13-16.15.10:739][115]LogWindows: Error: [Callstack] 0x00007ff88225d83d UE4Editor-CoreUObject.dll!UnknownFunction []
[2018.09.13-16.15.10:739][115]LogWindows: Error: [Callstack] 0x00007ff86ef02002 UE4Editor-UnrealEd.dll!UnknownFunction []
[2018.09.13-16.15.10:739][115]LogWindows: Error: [Callstack] 0x00007ff86ef49b4e UE4Editor-UnrealEd.dll!UnknownFunction []
[2018.09.13-16.15.10:739][115]LogWindows: Error: [Callstack] 0x00007ff86eedc81f UE4Editor-UnrealEd.dll!UnknownFunction []
[2018.09.13-16.15.10:739][115]LogWindows: Error: [Callstack] 0x00007ff86ddf05b8 UE4Editor-Kismet.dll!UnknownFunction []
[2018.09.13-16.15.10:739][115]LogWindows: Error: [Callstack] 0x00007ff8855d24df UE4Editor-Slate.dll!UnknownFunction []
[2018.09.13-16.15.10:739][115]LogWindows: Error: [Callstack] 0x00007ff88561437e UE4Editor-Slate.dll!UnknownFunction []
[2018.09.13-16.15.10:739][115]LogWindows: Error: [Callstack] 0x00007ff86f733a6e UE4Editor-UnrealEd.dll!UnknownFunction []
[2018.09.13-16.15.10:739][115]LogWindows: Error: [Callstack] 0x00007ff86f721a08 UE4Editor-UnrealEd.dll!UnknownFunction []
[2018.09.13-16.15.10:739][115]LogWindows: Error: [Callstack] 0x00007ff8855970ac UE4Editor-Slate.dll!UnknownFunction []
[2018.09.13-16.15.10:739][115]LogWindows: Error: [Callstack] 0x00007ff88561606c UE4Editor-Slate.dll!UnknownFunction []
[2018.09.13-16.15.10:739][115]LogWindows: Error: [Callstack] 0x00007ff885609846 UE4Editor-Slate.dll!UnknownFunction []
[2018.09.13-16.15.10:739][115]LogWindows: Error: [Callstack] 0x00007ff8adfdce45 UE4Editor-ApplicationCore.dll!UnknownFunction []
[2018.09.13-16.15.10:739][115]LogWindows: Error: [Callstack] 0x00007ff8adfd0270 UE4Editor-ApplicationCore.dll!UnknownFunction []
[2018.09.13-16.15.10:739][115]LogWindows: Error: [Callstack] 0x00007ff8adfdf4c5 UE4Editor-ApplicationCore.dll!UnknownFunction []
[2018.09.13-16.15.10:739][115]LogWindows: Error: [Callstack] 0x00007ff8adfcc209 UE4Editor-ApplicationCore.dll!UnknownFunction []
[2018.09.13-16.15.10:739][115]LogWindows: Error: [Callstack] 0x00007ff8d4236cc1 USER32.dll!UnknownFunction []
[2018.09.13-16.15.10:740][115]LogWindows: Error: [Callstack] 0x00007ff8d4236693 USER32.dll!UnknownFunction []
[2018.09.13-16.15.10:740][115]LogWindows: Error: [Callstack] 0x00007ff8adfe0646 UE4Editor-ApplicationCore.dll!UnknownFunction []
[2018.09.13-16.15.10:740][115]LogWindows: Error: [Callstack] 0x00007ff6868d54e5 UE4Editor.exe!UnknownFunction []
[2018.09.13-16.15.10:740][115]LogWindows: Error: [Callstack] 0x00007ff6868e5b3c UE4Editor.exe!UnknownFunction []
[2018.09.13-16.15.10:740][115]LogWindows: Error: [Callstack] 0x00007ff6868e5bba UE4Editor.exe!UnknownFunction []
[2018.09.13-16.15.10:740][115]LogWindows: Error: [Callstack] 0x00007ff6868f3dac UE4Editor.exe!UnknownFunction []
[2018.09.13-16.15.10:740][115]LogWindows: Error: [Callstack] 0x00007ff6868f5aaa UE4Editor.exe!UnknownFunction []
[2018.09.13-16.15.10:740][115]LogWindows: Error: [Callstack] 0x00007ff8d4523034 KERNEL32.DLL!UnknownFunction []
[2018.09.13-16.15.10:740][115]LogWindows: Error: [Callstack] 0x00007ff8d6cf1431 ntdll.dll!UnknownFunction []
[2018.09.13-16.15.10:740][115]LogWindows: Error: 
[2018.09.13-16.15.10:779][115]LogExit: Executing StaticShutdownAfterError
[2018.09.13-16.15.10:834][115]LogWindows: FPlatformMisc::RequestExit(1)
[2018.09.13-16.15.10:872][115]Log file closed, 09/13/18 11:15:10
