"../../../Engine/Content/Functions/Engine_MaterialFunctions01/Opacity/CameraDepthFade.uasset" 0
"../../../Engine/Content/EngineMaterials/T_Default_Material_Grid_M.uasset" 1
"../../../Engine/Content/EngineMaterials/T_Default_Material_Grid_N.uasset" 2
"../../../Engine/Content/EngineMaterials/WorldGridMaterial.uasset" 3
"../../../Engine/Content/ArtTools/RenderToTexture/Meshes/S_1_Unit_Plane.uasset" 4
"../../../Engine/Content/EngineMaterials/DefaultMaterial.uasset" 5
"../../../Engine/Content/BasicShapes/Cone.uasset" 6
"../../../Engine/Content/BasicShapes/Cylinder.uasset" 7
"../../../Engine/Content/BasicShapes/Plane.uasset" 8
"../../../Engine/Content/BasicShapes/Sphere.uasset" 9
"../../../Engine/Content/EngineMaterials/DefaultPhysicalMaterial.uasset" 10
"../../../Engine/Content/BufferVisualization/AmbientOcclusion.uasset" 11
"../../../Engine/Content/BufferVisualization/BaseColor.uasset" 12
"../../../Engine/Content/BufferVisualization/CustomDepth.uasset" 13
"../../../Engine/Content/Functions/Engine_MaterialFunctions02/Utility/VectorLength.uasset" 14
"../../../Engine/Content/BufferVisualization/CustomDepthWorldUnits.uasset" 15
"../../../Engine/Content/Functions/Engine_MaterialFunctions02/Utility/BreakOutFloat2Components.uasset" 16
"../../../Engine/Content/Functions/Engine_MaterialFunctions01/Texturing/ScaleUVsByCenter.uasset" 17
"../../../Engine/Content/Functions/Engine_MaterialFunctions02/ScreenResolution.uasset" 18
"../../../Engine/Content/Functions/Engine_MaterialFunctions02/Texturing/ScreenAlignedUVs.uasset" 19
"../../../Engine/Content/Functions/Engine_MaterialFunctions02/Utility/MakeFloat2.uasset" 20
"../../../Engine/Content/Functions/Engine_MaterialFunctions02/Utility/MakeFloat3.uasset" 21
"../../../Engine/Content/EngineMaterials/MiniFont.uasset" 22
"../../../Engine/Content/BufferVisualization/CustomStencil.uasset" 23
"../../../Engine/Content/BufferVisualization/FinalImage.uasset" 24
"../../../Engine/Content/BufferVisualization/LightingModel.uasset" 25
"../../../Engine/Content/BufferVisualization/MaterialAO.uasset" 26
"../../../Engine/Content/BufferVisualization/Metallic.uasset" 27
"../../../Engine/Content/BufferVisualization/Opacity.uasset" 28
"../../../Engine/Content/BufferVisualization/PostTonemapHDRColor.uasset" 29
"../../../Engine/Content/BufferVisualization/PreTonemapHDRColor.uasset" 30
"../../../Engine/Content/BufferVisualization/Roughness.uasset" 31
"../../../Engine/Content/BufferVisualization/SceneColor.uasset" 32
"../../../Engine/Content/BufferVisualization/SceneDepth.uasset" 33
"../../../Engine/Content/BufferVisualization/SceneDepthWorldUnits.uasset" 34
"../../../Engine/Content/BufferVisualization/SeparateTranslucencyA.uasset" 35
"../../../Engine/Content/BufferVisualization/SeparateTranslucencyRGB.uasset" 36
"../../../Engine/Content/BufferVisualization/Specular.uasset" 37
"../../../Engine/Content/BufferVisualization/SubsurfaceColor.uasset" 38
"../../../Engine/Content/BufferVisualization/WorldNormal.uasset" 39
"../../../Engine/Content/EditorLandscapeResources/DataLayer.uasset" 40
"../../../Engine/Content/EditorLandscapeResources/DefaultAlphaTexture.uasset" 41
"../../../Engine/Content/EditorLandscapeResources/LandscapeGizmoHeight_Mat.uasset" 42
"../../../Engine/Content/EditorLandscapeResources/LandscapeGizmo_Mat.uasset" 43
"../../../Engine/Content/EditorLandscapeResources/LandscapeGizmo_Mat_Copied.uasset" 44
"../../../Engine/Content/EditorLandscapeResources/SplineEditorMeshMat.uasset" 45
"../../../Engine/Content/EditorLandscapeResources/SplineEditorMesh.uasset" 46
"../../../Engine/Content/EditorMaterials/Cross.uasset" 47
"../../../Engine/Content/EditorMaterials/Cross_Mat.uasset" 48
"../../../Engine/Content/EditorMaterials/GizmoMaterial.uasset" 49
"../../../Engine/Content/Functions/Engine_MaterialFunctions02/Utility/Sign.uasset" 50
"../../../Engine/Content/Functions/Engine_MaterialFunctions02/Utility/Round.uasset" 51
"../../../Engine/Content/Functions/Engine_MaterialFunctions02/ExampleContent/Textures/flipbook.uasset" 52
"../../../Engine/Content/Functions/Engine_MaterialFunctions02/Texturing/FlipBook.uasset" 53
"../../../Engine/Content/EditorResources/T_EditorHelp.uasset" 54
"../../../Engine/Content/EditorMaterials/HelpActorMaterial.uasset" 55
"../../../Engine/Content/EditorMaterials/CompositeARGBLayer.uasset" 56
"../../../Engine/Content/EditorMaterials/TilingAALineIntegral.uasset" 57
"../../../Engine/Content/EditorMaterials/TilingAALineBoxFiltered.uasset" 58
"../../../Engine/Content/Functions/Engine_MaterialFunctions03/Procedurals/ComputeFilterWidth.uasset" 59
"../../../Engine/Content/EditorMaterials/TilingAADots.uasset" 60
"../../../Engine/Content/EngineMaterials/BlendFunc_DefBase.uasset" 61
"../../../Engine/Content/EngineMaterials/BlendFunc_DefBlend.uasset" 62
"../../../Engine/Content/Functions/Engine_MaterialFunctions03/Blends/Blend_Screen.uasset" 63
"../../../Engine/Content/EditorMaterials/TilingAAGrid.uasset" 64
"../../../Engine/Content/EditorMaterials/LevelGridMaterial.uasset" 65
"../../../Engine/Content/EditorMaterials/MakeCompositeARGBLayer.uasset" 66
"../../../Engine/Content/EditorResources/LevelGrid1DStripes.uasset" 67
"../../../Engine/Content/EditorMaterials/TextureGridCascaded1D.uasset" 68
"../../../Engine/Content/EditorMaterials/TextureGridCascaded2D.uasset" 69
"../../../Engine/Content/EditorMaterials/LevelGridMaterial2.uasset" 70
"../../../Engine/Content/EditorMaterials/MAT_Groups_Toggle.uasset" 71
"../../../Engine/Content/EditorMaterials/MAT_Groups_Visibility.uasset" 72
"../../../Engine/Content/EditorMaterials/PhAT_BoneSelectedMaterial.uasset" 73
"../../../Engine/Content/EditorMaterials/PhAT_ElemSelectedMaterial.uasset" 74
"../../../Engine/Content/EditorMaterials/PhAT_NoCollisionMaterial.uasset" 75
"../../../Engine/Content/EditorMaterials/PhAT_UnselectedMaterial.uasset" 76
"../../../Engine/Content/EditorMaterials/PreviewShadowIndicator.uasset" 77
"../../../Engine/Content/EditorMaterials/PreviewShadowIndicatorMaterial.uasset" 78
"../../../Engine/Content/EditorMaterials/TargetIcon.uasset" 79
"../../../Engine/Content/EditorMaterials/Tick.uasset" 80
"../../../Engine/Content/EditorMaterials/Tick_Mat.uasset" 81
"../../../Engine/Content/EditorMaterials/WidgetGridVertexColorMaterial.uasset" 82
"../../../Engine/Content/EditorMaterials/WidgetGridVertexColorMaterial_Ma.uasset" 83
"../../../Engine/Content/EditorMaterials/WidgetMaterial.uasset" 84
"../../../Engine/Content/EditorMaterials/WidgetMaterial_Current.uasset" 85
"../../../Engine/Content/EditorMaterials/WidgetMaterial_X.uasset" 86
"../../../Engine/Content/EditorMaterials/WidgetMaterial_Y.uasset" 87
"../../../Engine/Content/EditorMaterials/WidgetMaterial_Z.uasset" 88
"../../../Engine/Content/EditorMaterials/WidgetVertexColorMaterial.uasset" 89
"../../../Engine/Content/EditorMaterials/MatineeGroups/MAT_ColorTrack.uasset" 90
"../../../Engine/Content/EditorMaterials/MatineeGroups/MAT_Groups_Anim.uasset" 91
"../../../Engine/Content/EditorMaterials/MatineeGroups/MAT_Groups_AudioMaster.uasset" 92
"../../../Engine/Content/EditorMaterials/MatineeGroups/MAT_Groups_Director.uasset" 93
"../../../Engine/Content/EditorMaterials/MatineeGroups/MAT_Groups_Event.uasset" 94
"../../../Engine/Content/EditorMaterials/MatineeGroups/MAT_Groups_Fade.uasset" 95
"../../../Engine/Content/EditorMaterials/MatineeGroups/MAT_Groups_Float.uasset" 96
"../../../Engine/Content/EditorMaterials/MatineeGroups/MAT_Groups_Move.uasset" 97
"../../../Engine/Content/EditorMaterials/MatineeGroups/MAT_Groups_Slomo.uasset" 98
"../../../Engine/Content/EditorMaterials/MatineeGroups/MAT_Groups_Sound.uasset" 99
"../../../Engine/Content/EditorMaterials/MatineeGroups/MAT_Groups_Vector.uasset" 100
"../../../Engine/Content/EditorMaterials/ParticleSystems/PSysThumbnail_NoImage.uasset" 101
"../../../Engine/Content/EditorMaterials/ParticleSystems/PSysThumbnail_OOD.uasset" 102
"../../../Engine/Content/EngineMaterials/Grid.uasset" 103
"../../../Engine/Content/EditorMaterials/Thumbnails/FloorPlaneMaterial.uasset" 104
"../../../Engine/Content/EditorMeshes/EditorCube.uasset" 105
"../../../Engine/Content/EditorMeshes/EditorCylinder.uasset" 106
"../../../Engine/Content/EditorMeshes/EditorPlane.uasset" 107
"../../../Engine/Content/EditorMaterials/Thumbnails/SkySphereMaterial.uasset" 108
"../../../Engine/Content/EditorMeshes/EditorSkySphere.uasset" 109
"../../../Engine/Content/EditorMeshes/EditorSphere.uasset" 110
"../../../Engine/Content/EditorResources/MatineeCam_D.uasset" 111
"../../../Engine/Content/EditorMaterials/MatineeCam_mat.uasset" 112
"../../../Engine/Content/EditorMeshes/MatineeCam_SM.uasset" 113
"../../../Engine/Content/EditorMaterials/Camera/CineMat.uasset" 114
"../../../Engine/Content/EditorMaterials/Camera/MI_CineMat_CameraBody.uasset" 115
"../../../Engine/Content/EngineDebugMaterials/M_SimpleOpaque.uasset" 116
"../../../Engine/Content/EditorMaterials/Camera/MI_CineMat_CamViewFinder.uasset" 117
"../../../Engine/Content/EditorMeshes/Camera/SM_CineCam.uasset" 118
"../../../Engine/Content/EditorMaterials/Camera/MI_CineMat_Rig.uasset" 119
"../../../Engine/Content/EditorMeshes/Camera/SM_CraneRig_Arm.uasset" 120
"../../../Engine/Content/EditorMeshes/Camera/SM_CraneRig_Base.uasset" 121
"../../../Engine/Content/EditorMeshes/Camera/SM_CraneRig_Body.uasset" 122
"../../../Engine/Content/EditorMeshes/Camera/SM_CraneRig_Mount.uasset" 123
"../../../Engine/Content/EditorMeshes/Camera/SM_RailRig_Mount.uasset" 124
"../../../Engine/Content/EditorMeshes/Camera/SM_RailRig_Track.uasset" 125
"../../../Engine/Content/EditorResources/Bad.uasset" 126
"../../../Engine/Content/EditorResources/BSPVertex.uasset" 127
"../../../Engine/Content/EditorResources/EmptyActor.uasset" 128
"../../../Engine/Content/EditorResources/MatInstActSprite.uasset" 129
"../../../Engine/Content/EditorResources/SceneManager.uasset" 130
"../../../Engine/Content/EditorResources/SmallFont.uasset" 131
"../../../Engine/Content/EditorResources/S_Actor.uasset" 132
"../../../Engine/Content/EditorResources/S_DecalActorIcon.uasset" 133
"../../../Engine/Content/EditorResources/S_Emitter.uasset" 134
"../../../Engine/Content/EditorResources/S_ExpoHeightFog.uasset" 135
"../../../Engine/Content/EditorResources/S_FTest.uasset" 136
"../../../Engine/Content/EditorResources/S_KBSJoint.uasset" 137
"../../../Engine/Content/EditorResources/S_KHinge.uasset" 138
"../../../Engine/Content/EditorResources/S_KPrismatic.uasset" 139
"../../../Engine/Content/EditorResources/S_LevelSequence.uasset" 140
"../../../Engine/Content/EditorResources/S_NavP.uasset" 141
"../../../Engine/Content/EditorResources/S_Note.uasset" 142
"../../../Engine/Content/EditorResources/S_Player.uasset" 143
"../../../Engine/Content/EditorResources/S_PortalActorIcon2.uasset" 144
"../../../Engine/Content/EditorResources/S_RadForce.uasset" 145
"../../../Engine/Content/EditorResources/S_ReflActorIcon.uasset" 146
"../../../Engine/Content/EditorResources/S_Terrain.uasset" 147
"../../../Engine/Content/EditorResources/S_TextRenderActorIcon.uasset" 148
"../../../Engine/Content/EditorResources/S_Thruster.uasset" 149
"../../../Engine/Content/EditorResources/S_Trigger.uasset" 150
"../../../Engine/Content/EditorResources/S_VectorFieldVol.uasset" 151
"../../../Engine/Content/EditorResources/S_WindDirectional.uasset" 152
"../../../Engine/Content/EditorResources/AI/S_NavLink.uasset" 153
"../../../Engine/Content/EditorResources/AudioIcons/S_AudioComponent.uasset" 154
"../../../Engine/Content/EditorResources/LightIcons/SkyLight.uasset" 155
"../../../Engine/Content/EditorResources/LightIcons/S_LightDirectional.uasset" 156
"../../../Engine/Content/EditorResources/LightIcons/S_LightDirectionalMove.uasset" 157
"../../../Engine/Content/EditorResources/LightIcons/S_LightError.uasset" 158
"../../../Engine/Content/EditorResources/LightIcons/S_LightPoint.uasset" 159
"../../../Engine/Content/EditorResources/LightIcons/S_LightPointMove.uasset" 160
"../../../Engine/Content/EditorResources/LightIcons/S_LightSpot.uasset" 161
"../../../Engine/Content/EditorResources/LightIcons/S_LightSpotMove.uasset" 162
"../../../Engine/Content/EditorResources/SequenceRecorder/Countdown.uasset" 163
"../../../Engine/Content/EditorResources/SequenceRecorder/RecordingIndicator.uasset" 164
"../../../Engine/Content/EditorResources/Spline/T_Loft_Spline.uasset" 165
"../../../Engine/Content/EditorSounds/Notifications/CompileFailed.uasset" 166
"../../../Engine/Content/EditorSounds/Notifications/CompileFailed_Cue.uasset" 167
"../../../Engine/Content/EditorSounds/Notifications/CompileSuccess.uasset" 168
"../../../Engine/Content/EditorSounds/Notifications/CompileStart_Cue.uasset" 169
"../../../Engine/Content/EditorSounds/Notifications/CompileSuccess_Cue.uasset" 170
"../../../Engine/Content/EngineDamageTypes/DmgTypeBP_Environmental.uasset" 171
"../../../Engine/Content/EngineDebugMaterials/HeatmapGradient.uasset" 172
"../../../Engine/Content/EngineDebugMaterials/BoneWeightMaterial.uasset" 173
"../../../Engine/Content/EngineDebugMaterials/ClothMaterial.uasset" 174
"../../../Engine/Content/EngineDebugMaterials/ClothMaterial_WF.uasset" 175
"../../../Engine/Content/EngineDebugMaterials/DebugEditorMaterial.uasset" 176
"../../../Engine/Content/EngineDebugMaterials/DebugMeshMaterial.uasset" 177
"../../../Engine/Content/EngineDebugMaterials/GeomMaterial.uasset" 178
"../../../Engine/Content/Functions/Engine_MaterialFunctions01/Shading/ConvertFromDiffSpec.uasset" 179
"../../../Engine/Content/EngineDebugMaterials/LevelColorationLitMaterial.uasset" 180
"../../../Engine/Content/EngineDebugMaterials/LevelColorationUnlitMaterial.uasset" 181
"../../../Engine/Content/EngineMaterials/DefaultWhiteGrid.uasset" 182
"../../../Engine/Content/EngineDebugMaterials/MAT_LevelColorationLitLightmapUV.uasset" 183
"../../../Engine/Content/EngineDebugMaterials/M_SimpleTranslucent.uasset" 184
"../../../Engine/Content/EngineDebugMaterials/ShadedLevelColorationLitMaterial.uasset" 185
"../../../Engine/Content/EngineDebugMaterials/ShadedLevelColorationUnlitMateri.uasset" 186
"../../../Engine/Content/EngineDebugMaterials/VertexColorMaterial.uasset" 187
"../../../Engine/Content/EngineDebugMaterials/VertexColorViewMode_AlphaAsColor.uasset" 188
"../../../Engine/Content/EngineDebugMaterials/VertexColorViewMode_BlueOnly.uasset" 189
"../../../Engine/Content/EngineDebugMaterials/VertexColorViewMode_ColorOnly.uasset" 190
"../../../Engine/Content/EngineDebugMaterials/VertexColorViewMode_GreenOnly.uasset" 191
"../../../Engine/Content/EngineDebugMaterials/VertexColorViewMode_RedOnly.uasset" 192
"../../../Engine/Content/EngineDebugMaterials/WireframeMaterial.uasset" 193
"../../../Engine/Content/EngineFonts/Faces/RobotoBold.uasset" 194
"../../../Engine/Content/EngineFonts/Faces/RobotoBoldItalic.uasset" 195
"../../../Engine/Content/EngineFonts/Faces/RobotoItalic.uasset" 196
"../../../Engine/Content/EngineFonts/Faces/RobotoLight.uasset" 197
"../../../Engine/Content/EngineFonts/Faces/RobotoRegular.uasset" 198
"../../../Engine/Content/EngineFonts/Roboto.uasset" 199
"../../../Engine/Content/EngineFonts/Faces/RobotoTiny.uasset" 200
"../../../Engine/Content/EngineFonts/RobotoTiny.uasset" 201
"../../../Engine/Content/EngineFonts/SmallFont.uasset" 202
"../../../Engine/Content/EngineFonts/TinyFont.uasset" 203
"../../../Engine/Content/EngineMaterials/BaseFlattenDiffuseMap.uasset" 204
"../../../Engine/Content/EngineMaterials/BaseFlattenEmissiveMap.uasset" 205
"../../../Engine/Content/EngineMaterials/BaseFlattenGrayscaleMap.uasset" 206
"../../../Engine/Content/EngineMaterials/BaseFlattenNormalMap.uasset" 207
"../../../Engine/Content/EngineMaterials/BaseFlattenMaterial.uasset" 208
"../../../Engine/Content/EngineResources/WhiteSquareTexture.uasset" 209
"../../../Engine/Content/EngineMaterials/BlinkingCaret.uasset" 210
"../../../Engine/Content/EngineMaterials/DefaultBloomKernel.uasset" 211
"../../../Engine/Content/EngineMaterials/DefaultBokeh.uasset" 212
"../../../Engine/Content/EngineMaterials/DefaultDiffuse.uasset" 213
"../../../Engine/Content/EngineMaterials/DefaultDeferredDecalMaterial.uasset" 214
"../../../Engine/Content/EngineMaterials/DefaultLightFunctionMaterial.uasset" 215
"../../../Engine/Content/EngineMaterials/DefaultNormal.uasset" 216
"../../../Engine/Content/EngineMaterials/DefaultPostProcessMaterial.uasset" 217
"../../../Engine/Content/EngineFonts/RobotoDistanceField.uasset" 218
"../../../Engine/Content/EngineMaterials/DefaultTextMaterialOpaque.uasset" 219
"../../../Engine/Content/EngineMaterials/EditorBrushMaterial.uasset" 220
"../../../Engine/Content/EngineMaterials/Good64x64TilingNoiseHighFreq.uasset" 221
"../../../Engine/Content/EngineMaterials/Grid_N.uasset" 222
"../../../Engine/Content/EngineMaterials/HighResolutionScreenshotMaskFunction.uasset" 223
"../../../Engine/Content/EngineMaterials/HighResScreenshot.uasset" 224
"../../../Engine/Content/EngineMaterials/HighResScreenshotCaptureRegion.uasset" 225
"../../../Engine/Content/EngineMaterials/HighResScreenshotMask.uasset" 226
"../../../Engine/Content/EngineMaterials/LandscapeHolePhysicalMaterial.uasset" 227
"../../../Engine/Content/EngineMaterials/InvalidLightmapSettings.uasset" 228
"../../../Engine/Content/EngineMaterials/M_InvalidLightmapSettings.uasset" 229
"../../../Engine/Content/EngineMaterials/PaperDiffuse.uasset" 230
"../../../Engine/Content/EngineMaterials/PaperNormal.uasset" 231
"../../../Engine/Content/Functions/Engine_MaterialFunctions02/WorldPositionOffset/CameraOffset.uasset" 232
"../../../Engine/Content/EngineMaterials/PhAT_JointLimitMaterial.uasset" 233
"../../../Engine/Content/EngineMaterials/PhysMat_Rubber.uasset" 234
"../../../Engine/Content/EngineMaterials/PreintegratedSkinBRDF.uasset" 235
"../../../Engine/Content/EngineMaterials/RemoveSurfaceMaterial.uasset" 236
"../../../Engine/Content/EngineMaterials/WeightMapPlaceholderTexture.uasset" 237
"../../../Engine/Content/EngineMaterials/Widget3DPassThrough.uasset" 238
"../../../Engine/Content/EngineMaterials/Widget3DPassThrough_Masked.uasset" 239
"../../../Engine/Content/EngineMaterials/Widget3DPassThrough_Opaque.uasset" 240
"../../../Engine/Content/EngineMaterials/Widget3DPassThrough_Masked_OneSided.uasset" 241
"../../../Engine/Content/EngineMaterials/Widget3DPassThrough_Opaque_OneSided.uasset" 242
"../../../Engine/Content/EngineMaterials/Widget3DPassThrough_Translucent.uasset" 243
"../../../Engine/Content/EngineMaterials/Widget3DPassThrough_Translucent_OneSided.uasset" 244
"../../../Engine/Content/EngineMeshes/Cylinder.uasset" 245
"../../../Engine/Content/EngineMeshes/Sphere.uasset" 246
"../../../Engine/Content/EngineResources/Black.uasset" 247
"../../../Engine/Content/EngineResources/DefaultTexture.uasset" 248
"../../../Engine/Content/EngineResources/DefaultTextureCube.uasset" 249
"../../../Engine/Content/EngineResources/DefaultVolumeTexture2D.uasset" 250
"../../../Engine/Content/EngineResources/DefaultVolumeTexture.uasset" 251
"../../../Engine/Content/EngineResources/GradientTexture0.uasset" 252
"../../../Engine/Content/EngineResources/StreamingPauseIcon.uasset" 253
"../../../Engine/Content/EngineResources/M_StreamingPause.uasset" 254
"../../../Engine/Content/EngineSounds/Master.uasset" 255
"../../../Engine/Content/Functions/Engine_MaterialFunctions01/Shading/PowerToRoughness.uasset" 256
"../../../Engine/Content/Maps/Templates/Thumbnails/Default.uasset" 257
"../../../Engine/Content/Maps/Templates/Thumbnails/VR-Basic.uasset" 258
"../../../Engine/Content/MapTemplates/Sky/DaylightAmbientCubemap.uasset" 259
"../../../Engine/Content/MobileResources/T_MobileControls_texture.uasset" 260
"../../../Engine/Content/MobileResources/T_MobileMenu2.uasset" 261
"../../../Engine/Content/MobileResources/HUD/AnalogHat.uasset" 262
"../../../Engine/Content/MobileResources/HUD/VirtualJoystick_Background.uasset" 263
"../../../Engine/Content/MobileResources/HUD/VirtualJoystick_Thumb.uasset" 264
"../../../Engine/Content/MobileResources/HUD/DefaultVirtualJoysticks.uasset" 265
"../../../Engine/Content/MobileResources/HUD/LeftVirtualJoystickOnly.uasset" 266
"../../../Engine/Content/MobileResources/HUD/MobileHUDButton1_off.uasset" 267
"../../../Engine/Content/MobileResources/HUD/MobileHUDButton1_on.uasset" 268
"../../../Engine/Content/MobileResources/HUD/MobileHUDButton2_off.uasset" 269
"../../../Engine/Content/MobileResources/HUD/MobileHUDButton2_on.uasset" 270
"../../../Engine/Content/MobileResources/HUD/MobileHUDButton3.uasset" 271
"../../../Engine/Content/MobileResources/HUD/MobileHUDButtonFire.uasset" 272
"../../../Engine/Content/MobileResources/HUD/MobileHUDDirectionPad.uasset" 273
"../../../Engine/Content/MobileResources/HUD/MobileHUDDirectionPad2.uasset" 274
"../../../Engine/Content/MobileResources/HUD/MobileHUDDirectionPad3.uasset" 275
"../../../Engine/Content/MobileResources/HUD/MobileHUDDirectionStick.uasset" 276
"../../../Engine/Content/MobileResources/HUD/T_Castle_ThumbstickInner.uasset" 277
"../../../Engine/Content/MobileResources/HUD/T_Castle_ThumbstickOutter.uasset" 278
"../../../Engine/Content/Tutorial/ContentIntroCurve.uasset" 279
"../../../Engine/Content/Tutorial/Basics/TutorialAssets/icon_tab_Levels_40x.uasset" 280
"../../../Engine/Content/Tutorial/BlueprintTutorials/TutorialAssets/Blueprint_64x.uasset" 281
"../../../Engine/Content/Tutorial/Mobile/TutorialAssets/android_Icon.uasset" 282
"../../../Engine/Content/VREditor/LaserPointer/VR_LaserPower_01.uasset" 283
"../../../Engine/Content/VREditor/TransformGizmo/TransformGizmoMaterial.uasset" 284
"../../../Engine/Content/VREditor/TransformGizmo/TranslucentTransformGizmoMaterial.uasset" 285
"../../../Engine/Content/VREditor/TransformGizmo/BoundingBoxCorner.uasset" 286
"../../../Engine/Content/VREditor/TransformGizmo/BoundingBoxEdge.uasset" 287
"../../../Engine/Content/VREditor/TransformGizmo/PlaneTranslationHandle.uasset" 288
"../../../Engine/Content/VREditor/TransformGizmo/Main.uasset" 289
"../../../Engine/Content/VREditor/TransformGizmo/Xray.uasset" 290
"../../../Engine/Content/VREditor/TransformGizmo/SM_Sequencer_Key.uasset" 291
"../../../Engine/Content/VREditor/TransformGizmo/SM_Sequencer_Node.uasset" 292
"../../Plugins/2D/Paper2D/Content/PlaceholderTextures/DummySpriteTexture.uasset" 293
"../../Plugins/2D/Paper2D/Content/DummySprite.uasset" 294
"../../Plugins/2D/Paper2D/Content/DefaultPaperTerrainMaterial.uasset" 295
"../../Plugins/2D/Paper2D/Content/DefaultSpriteMaterial.uasset" 296
"../../Plugins/2D/Paper2D/Content/MaskedUnlitSpriteMaterial.uasset" 297
"../../Plugins/2D/Paper2D/Content/OpaqueUnlitSpriteMaterial.uasset" 298
"../../Plugins/Runtime/Oculus/OculusVR/Content/Materials/PokeAHoleMaterial.uasset" 299
"../../Plugins/Runtime/Oculus/OculusVR/Content/Textures/GearVRController_AO.uasset" 300
"../../Plugins/Runtime/Oculus/OculusVR/Content/Textures/GearVRController_Color.uasset" 301
"../../Plugins/Runtime/Oculus/OculusVR/Content/Textures/GearVRController_Normal.uasset" 302
"../../Plugins/Runtime/Oculus/OculusVR/Content/Materials/GearVRControllerMaterial.uasset" 303
"../../Plugins/Runtime/Oculus/OculusVR/Content/Meshes/GearVrController.uasset" 304
"../../Plugins/Runtime/Oculus/OculusVR/Content/Textures/touchController_albedo.uasset" 305
"../../Plugins/Runtime/Oculus/OculusVR/Content/Textures/touchController_controlmap.uasset" 306
"../../Plugins/Runtime/Oculus/OculusVR/Content/Materials/touchController_mat.uasset" 307
"../../Plugins/Runtime/Oculus/OculusVR/Content/Meshes/LeftTouchController.uasset" 308
"../../Plugins/Runtime/Oculus/OculusVR/Content/Meshes/RiftHMD.uasset" 309
"../../Plugins/Runtime/Oculus/OculusVR/Content/Meshes/RightTouchController.uasset" 310
"../../../Engine/Content/Maps/Entry_BuiltData.uasset" 311
"../../../Engine/Content/Maps/Entry.umap" 312
"../../../Engine/Content/EditorBlueprintResources/StandardMacros.uasset" 313
"../../../Engine/Content/EngineSky/C_Sky_Cloud_Color.uasset" 314
"../../../Engine/Content/EngineSky/C_Sky_Horizon_Color.uasset" 315
"../../../Engine/Content/EngineSky/C_Sky_Zenith_Color.uasset" 316
"../../../Engine/Content/EngineSky/T_Sky_Blue.uasset" 317
"../../../Engine/Content/EngineSky/T_Sky_Clouds_M.uasset" 318
"../../../Engine/Content/EngineSky/T_Sky_Stars.uasset" 319
"../../../Engine/Content/EngineSky/M_Sky_Panning_Clouds2.uasset" 320
"../../../Engine/Content/EngineSky/SM_SkySphere.uasset" 321
"../../../Engine/Content/EngineSky/BP_Sky_Sphere.uasset" 322
"../../../Engine/Content/Maps/Templates/Template_Default_BuiltData.uasset" 323
"../../../Engine/Content/MapTemplates/SM_Template_Map_Floor.uasset" 324
"../../../Engine/Content/Maps/Templates/Template_Default.umap" 325
"../../../../../../Users/Phenrear/Desktop/School/gift/Builds/GiftGame/Content/Blueprints/ShakeCamera.uasset" 326
"../../Plugins/2D/Paper2D/Content/TranslucentUnlitSpriteMaterial.uasset" 327
"../../../../../../Users/Phenrear/Desktop/School/gift/Builds/GiftGame/Content/Art/MenuAssets/Exit.uasset" 328
"../../../../../../Users/Phenrear/Desktop/School/gift/Builds/GiftGame/Content/Art/MenuAssets/Exit_Sprite.uasset" 329
"../../../../../../Users/Phenrear/Desktop/School/gift/Builds/GiftGame/Content/Art/MenuAssets/MainMenu.uasset" 330
"../../../../../../Users/Phenrear/Desktop/School/gift/Builds/GiftGame/Content/Art/MenuAssets/MainMenu_Sprite.uasset" 331
"../../../../../../Users/Phenrear/Desktop/School/gift/Builds/GiftGame/Content/Art/MenuAssets/Minus.uasset" 332
"../../../../../../Users/Phenrear/Desktop/School/gift/Builds/GiftGame/Content/Art/MenuAssets/Minus_Sprite.uasset" 333
"../../../../../../Users/Phenrear/Desktop/School/gift/Builds/GiftGame/Content/Art/MenuAssets/Play.uasset" 334
"../../../../../../Users/Phenrear/Desktop/School/gift/Builds/GiftGame/Content/Art/MenuAssets/Plus.uasset" 335
"../../../../../../Users/Phenrear/Desktop/School/gift/Builds/GiftGame/Content/Art/MenuAssets/Plus_Sprite.uasset" 336
"../../../../../../Users/Phenrear/Desktop/School/gift/Builds/GiftGame/Content/Art/MenuAssets/Settings.uasset" 337
"../../../../../../Users/Phenrear/Desktop/School/gift/Builds/GiftGame/Content/Art/MenuAssets/START.uasset" 338
"../../../../../../Users/Phenrear/Desktop/School/gift/Builds/GiftGame/Content/Art/MenuAssets/Start_Sprite.uasset" 339
"../../../../../../Users/Phenrear/Desktop/School/gift/Builds/GiftGame/Content/Maps/EditableTextboxWidget.uasset" 340
"../../../../../../Users/Phenrear/Desktop/School/gift/Builds/GiftGame/Content/Maps/MainGameWidget.uasset" 341
"../../../../../../Users/Phenrear/Desktop/School/gift/Builds/GiftGame/Content/Sounds/Music/MusicSoundMix.uasset" 342
"../../../../../../Users/Phenrear/Desktop/School/gift/Builds/GiftGame/Content/Sounds/Music/MusicSoundClass.uasset" 343
"../../../../../../Users/Phenrear/Desktop/School/gift/Builds/GiftGame/Content/Sounds/SoundEffects/FXSoundMix.uasset" 344
"../../../../../../Users/Phenrear/Desktop/School/gift/Builds/GiftGame/Content/Sounds/SoundEffects/FXSoundClass.uasset" 345
"../../../../../../Users/Phenrear/Desktop/School/gift/Builds/GiftGame/Content/Sounds/SoundEffects/EmptyBox.uasset" 346
"../../../../../../Users/Phenrear/Desktop/School/gift/Builds/GiftGame/Content/Maps/MainMenuWidget.uasset" 347
"../../../../../../Users/Phenrear/Desktop/School/gift/Builds/GiftGame/Content/Maps/MainMenuHUD.uasset" 348
"../../../../../../Users/Phenrear/Desktop/School/gift/Builds/GiftGame/Content/Maps/MenuGameMode.uasset" 349
"../../../../../../Users/Phenrear/Desktop/School/gift/Builds/GiftGame/Content/VibrationPatterns/OneVibration.uasset" 350
"../../../../../../Users/Phenrear/Desktop/School/gift/Builds/GiftGame/Content/Sounds/Music/BGM.uasset" 351
"../../../../../../Users/Phenrear/Desktop/School/gift/Builds/GiftGame/Content/Sounds/Music/MainMenuQueue.uasset" 352
"../../../../../../Users/Phenrear/Desktop/School/gift/Builds/GiftGame/Content/Sounds/SoundEffects/CandyCanes.uasset" 353
"../../../../../../Users/Phenrear/Desktop/School/gift/Builds/GiftGame/Content/Sounds/SoundEffects/GiftCard.uasset" 354
"../../../../../../Users/Phenrear/Desktop/School/gift/Builds/GiftGame/Content/Sounds/SoundEffects/RockCut.uasset" 355
"../../../../../../Users/Phenrear/Desktop/School/gift/Builds/GiftGame/Content/Sounds/SoundEffects/SweaterCut.uasset" 356
"../../../../../../Users/Phenrear/Desktop/School/gift/Builds/GiftGame/Content/Sounds/SoundEffects/TickCut.uasset" 357
"../../../../../../Users/Phenrear/Desktop/School/gift/Builds/GiftGame/Content/Sounds/SoundEffects/Toilet.uasset" 358
"../../../../../../Users/Phenrear/Desktop/School/gift/Builds/GiftGame/Content/Sounds/SoundEffects/WetSlapCut.uasset" 359
"../../../../../../Users/Phenrear/Desktop/School/gift/Builds/GiftGame/Content/Sounds/SoundEffects/WetSocksCut.uasset" 360
"../../../../../../Users/Phenrear/Desktop/School/gift/Builds/GiftGame/Content/Blueprints/ShakeControl.uasset" 361
"../../../Engine/Content/BasicShapes/BasicShapeMaterial.uasset" 362
"../../../../../../Users/Phenrear/Desktop/School/gift/Builds/GiftGame/Content/Materials/BlueMaterial.uasset" 363
"../../../../../../Users/Phenrear/Desktop/School/gift/Builds/GiftGame/Content/Materials/RedMaterial.uasset" 364
"../../../Engine/Content/BasicShapes/Cube.uasset" 365
"../../../../../../Users/Phenrear/Desktop/School/gift/Builds/GiftGame/Content/Blueprints/GiftBox.uasset" 366
"../../../../../../Users/Phenrear/Desktop/School/gift/Builds/GiftGame/Content/Blueprints/GiftSprite.uasset" 367
"../../../../../../Users/Phenrear/Desktop/School/gift/Builds/GiftGame/Content/Blueprints/SpriteHolder.uasset" 368
"../../../../../../Users/Phenrear/Desktop/School/gift/Builds/GiftGame/Content/Maps/MainGame_BuiltData.uasset" 369
"../../../Engine/Content/Functions/Engine_MaterialFunctions01/Gradient/LinearGradient.uasset" 370
"../../../Engine/Content/Functions/Engine_MaterialFunctions01/ImageAdjustment/3ColorBlend.uasset" 371
"../../../../../../Users/Phenrear/Desktop/School/gift/Builds/GiftGame/Content/Materials/Psychedelic.uasset" 372
"../../../../../../Users/Phenrear/Desktop/School/gift/Builds/GiftGame/Content/Models/Walls/FloorOutUV.uasset" 373
"../../../../../../Users/Phenrear/Desktop/School/gift/Builds/GiftGame/Content/Models/Walls/Floor.uasset" 374
"../../../../../../Users/Phenrear/Desktop/School/gift/Builds/GiftGame/Content/Art/Sprites/500K_Diamond.uasset" 375
"../../../../../../Users/Phenrear/Desktop/School/gift/Builds/GiftGame/Content/Art/Sprites/500K_Diamond_Sprite.uasset" 376
"../../../../../../Users/Phenrear/Desktop/School/gift/Builds/GiftGame/Content/Art/Sprites/Bomb.uasset" 377
"../../../../../../Users/Phenrear/Desktop/School/gift/Builds/GiftGame/Content/Art/Sprites/Bomb_Sprite.uasset" 378
"../../../../../../Users/Phenrear/Desktop/School/gift/Builds/GiftGame/Content/Art/Sprites/CandyCane2.uasset" 379
"../../../../../../Users/Phenrear/Desktop/School/gift/Builds/GiftGame/Content/Art/Sprites/CandyCane2_Sprite.uasset" 380
"../../../../../../Users/Phenrear/Desktop/School/gift/Builds/GiftGame/Content/Art/Sprites/CandyCane.uasset" 381
"../../../../../../Users/Phenrear/Desktop/School/gift/Builds/GiftGame/Content/Art/Sprites/CandyCane_Sprite.uasset" 382
"../../../../../../Users/Phenrear/Desktop/School/gift/Builds/GiftGame/Content/Art/Sprites/Coal.uasset" 383
"../../../../../../Users/Phenrear/Desktop/School/gift/Builds/GiftGame/Content/Art/Sprites/Coal_Sprite.uasset" 384
"../../../../../../Users/Phenrear/Desktop/School/gift/Builds/GiftGame/Content/Art/Sprites/crystal.uasset" 385
"../../../../../../Users/Phenrear/Desktop/School/gift/Builds/GiftGame/Content/Art/Sprites/crystal_Sprite.uasset" 386
"../../../../../../Users/Phenrear/Desktop/School/gift/Builds/GiftGame/Content/Art/Sprites/DeadFishReal.uasset" 387
"../../../../../../Users/Phenrear/Desktop/School/gift/Builds/GiftGame/Content/Art/Sprites/DeadFishReal_Sprite.uasset" 388
"../../../../../../Users/Phenrear/Desktop/School/gift/Builds/GiftGame/Content/Art/Sprites/HorribleChristmasSweater2.uasset" 389
"../../../../../../Users/Phenrear/Desktop/School/gift/Builds/GiftGame/Content/Art/Sprites/HorribleChristmasSweater2_Sprite.uasset" 390
"../../../../../../Users/Phenrear/Desktop/School/gift/Builds/GiftGame/Content/Art/Sprites/Really_Nice_Watch.uasset" 391
"../../../../../../Users/Phenrear/Desktop/School/gift/Builds/GiftGame/Content/Art/Sprites/Really_Nice_Watch_Sprite.uasset" 392
"../../../../../../Users/Phenrear/Desktop/School/gift/Builds/GiftGame/Content/Art/Sprites/Socks_-_Copy.uasset" 393
"../../../../../../Users/Phenrear/Desktop/School/gift/Builds/GiftGame/Content/Art/Sprites/Socks_-_Copy_Sprite.uasset" 394
"../../../../../../Users/Phenrear/Desktop/School/gift/Builds/GiftGame/Content/Art/Sprites/WaterBalloon.uasset" 395
"../../../../../../Users/Phenrear/Desktop/School/gift/Builds/GiftGame/Content/Art/Sprites/WaterBalloon_Sprite.uasset" 396
"../../../../../../Users/Phenrear/Desktop/School/gift/Builds/GiftGame/Content/Models/ChairRound/WoodPlankChairOutUV.uasset" 397
"../../../../../../Users/Phenrear/Desktop/School/gift/Builds/GiftGame/Content/Models/ChairRound/ChairPlanks.uasset" 398
"../../../../../../Users/Phenrear/Desktop/School/gift/Builds/GiftGame/Content/Models/ChairRound/ChairRound_Frame.uasset" 399
"../../../../../../Users/Phenrear/Desktop/School/gift/Builds/GiftGame/Content/Models/ChairRound/ChairSideOutUV.uasset" 400
"../../../../../../Users/Phenrear/Desktop/School/gift/Builds/GiftGame/Content/Models/ChairRound/ChairSide.uasset" 401
"../../../../../../Users/Phenrear/Desktop/School/gift/Builds/GiftGame/Content/Models/ChairRound/ChairRound_Seat.uasset" 402
"../../../../../../Users/Phenrear/Desktop/School/gift/Builds/GiftGame/Content/Models/Chess/ChessBoardOutUV.uasset" 403
"../../../../../../Users/Phenrear/Desktop/School/gift/Builds/GiftGame/Content/Models/Chess/ChessBoard1.uasset" 404
"../../../../../../Users/Phenrear/Desktop/School/gift/Builds/GiftGame/Content/Models/Chess/ChessBoard.uasset" 405
"../../../../../../Users/Phenrear/Desktop/School/gift/Builds/GiftGame/Content/Models/Couch/Cushions/CouchOutUV.uasset" 406
"../../../../../../Users/Phenrear/Desktop/School/gift/Builds/GiftGame/Content/Models/Couch/Cushions/CouchTexture.uasset" 407
"../../../../../../Users/Phenrear/Desktop/School/gift/Builds/GiftGame/Content/Models/Couch/Cushions/CouchCushions_LeftCushion.uasset" 408
"../../../../../../Users/Phenrear/Desktop/School/gift/Builds/GiftGame/Content/Models/Couch/Cushions/CouchCushions_MiddleCushion.uasset" 409
"../../../../../../Users/Phenrear/Desktop/School/gift/Builds/GiftGame/Content/Models/Couch/Cushions/CouchCushions_RightCushion.uasset" 410
"../../../../../../Users/Phenrear/Desktop/School/gift/Builds/GiftGame/Content/Models/Couch/Frame/CouchOutUV.uasset" 411
"../../../../../../Users/Phenrear/Desktop/School/gift/Builds/GiftGame/Content/Models/Couch/Frame/CouchTexture.uasset" 412
"../../../../../../Users/Phenrear/Desktop/School/gift/Builds/GiftGame/Content/Models/Couch/Frame/CouchFrame.uasset" 413
"../../../../../../Users/Phenrear/Desktop/School/gift/Builds/GiftGame/Content/Models/Couch/Pillows/CouchOutUV.uasset" 414
"../../../../../../Users/Phenrear/Desktop/School/gift/Builds/GiftGame/Content/Models/Couch/Pillows/CouchTexture.uasset" 415
"../../../../../../Users/Phenrear/Desktop/School/gift/Builds/GiftGame/Content/Models/Couch/Pillows/CouchPillows_Pillow1.uasset" 416
"../../../../../../Users/Phenrear/Desktop/School/gift/Builds/GiftGame/Content/Models/Couch/Pillows/CouchPillows_Pillow2.uasset" 417
"../../../../../../Users/Phenrear/Desktop/School/gift/Builds/GiftGame/Content/Models/Couch/Pillows/CouchPillows_Pillow3.uasset" 418
"../../../../../../Users/Phenrear/Desktop/School/gift/Builds/GiftGame/Content/Models/Dreidel/DreidelOutUV.uasset" 419
"../../../../../../Users/Phenrear/Desktop/School/gift/Builds/GiftGame/Content/Models/Dreidel/Dreidel1.uasset" 420
"../../../../../../Users/Phenrear/Desktop/School/gift/Builds/GiftGame/Content/Models/Dreidel/Dreidel_Body.uasset" 421
"../../../../../../Users/Phenrear/Desktop/School/gift/Builds/GiftGame/Content/Models/Dreidel/Dreidel_Handle.uasset" 422
"../../../../../../Users/Phenrear/Desktop/School/gift/Builds/GiftGame/Content/Models/FestivusPole/FestivusPoleOutUV.uasset" 423
"../../../../../../Users/Phenrear/Desktop/School/gift/Builds/GiftGame/Content/Models/FestivusPole/lambert3.uasset" 424
"../../../../../../Users/Phenrear/Desktop/School/gift/Builds/GiftGame/Content/Models/FestivusPole/FestivusWSG_FestivusPole.uasset" 425
"../../../../../../Users/Phenrear/Desktop/School/gift/Builds/GiftGame/Content/Models/FestivusPole/FestivusWSG_FestivusPoleStand.uasset" 426
"../../../../../../Users/Phenrear/Desktop/School/gift/Builds/GiftGame/Content/Models/Fireplace/FirePlaceOutUV.uasset" 427
"../../../../../../Users/Phenrear/Desktop/School/gift/Builds/GiftGame/Content/Models/Fireplace/FirePlace1.uasset" 428
"../../../../../../Users/Phenrear/Desktop/School/gift/Builds/GiftGame/Content/Models/Fireplace/Fireplace.uasset" 429
"../../../../../../Users/Phenrear/Desktop/School/gift/Builds/GiftGame/Content/Models/Flame/Rug.uasset" 430
"../../../../../../Users/Phenrear/Desktop/School/gift/Builds/GiftGame/Content/Models/Flame/Star.uasset" 431
"../../../../../../Users/Phenrear/Desktop/School/gift/Builds/GiftGame/Content/Models/Flame/Flames.uasset" 432
"../../../../../../Users/Phenrear/Desktop/School/gift/Builds/GiftGame/Content/Models/FM/fm_belt.uasset" 433
"../../../../../../Users/Phenrear/Desktop/School/gift/Builds/GiftGame/Content/Models/FM/FloridaManExport_fm_beltGEOM.uasset" 434
"../../../../../../Users/Phenrear/Desktop/School/gift/Builds/GiftGame/Content/Models/FM/fm_body.uasset" 435
"../../../../../../Users/Phenrear/Desktop/School/gift/Builds/GiftGame/Content/Models/FM/FloridaManExport_fm_bodyMeshGEOM.uasset" 436
"../../../../../../Users/Phenrear/Desktop/School/gift/Builds/GiftGame/Content/Models/FM/fm_teeth.uasset" 437
"../../../../../../Users/Phenrear/Desktop/School/gift/Builds/GiftGame/Content/Models/FM/FloridaManExport_fm_bottomTeethGEOM.uasset" 438
"../../../../../../Users/Phenrear/Desktop/School/gift/Builds/GiftGame/Content/Models/FM/fm_hairFlatColor.uasset" 439
"../../../../../../Users/Phenrear/Desktop/School/gift/Builds/GiftGame/Content/Models/FM/FloridaManExport_fm_eyebrowLeftGEOM.uasset" 440
"../../../../../../Users/Phenrear/Desktop/School/gift/Builds/GiftGame/Content/Models/FM/FloridaManExport_fm_eyebrowRightGEOM.uasset" 441
"../../../../../../Users/Phenrear/Desktop/School/gift/Builds/GiftGame/Content/Models/FM/fm_eye.uasset" 442
"../../../../../../Users/Phenrear/Desktop/School/gift/Builds/GiftGame/Content/Models/FM/FloridaManExport_fm_eyeLeftGEOM.uasset" 443
"../../../../../../Users/Phenrear/Desktop/School/gift/Builds/GiftGame/Content/Models/FM/FloridaManExport_fm_eyeRightGEOM.uasset" 444
"../../../../../../Users/Phenrear/Desktop/School/gift/Builds/GiftGame/Content/Models/FM/FloridaManExport_fm_hairGEOM.uasset" 445
"../../../../../../Users/Phenrear/Desktop/School/gift/Builds/GiftGame/Content/Models/FM/FloridaManExport_fm_mustacheGEOM.uasset" 446
"../../../../../../Users/Phenrear/Desktop/School/gift/Builds/GiftGame/Content/Models/FM/fm_shoe.uasset" 447
"../../../../../../Users/Phenrear/Desktop/School/gift/Builds/GiftGame/Content/Models/FM/FloridaManExport_fm_shoeLeftGEOM.uasset" 448
"../../../../../../Users/Phenrear/Desktop/School/gift/Builds/GiftGame/Content/Models/FM/FloridaManExport_fm_shoeRightGEOM.uasset" 449
"../../../../../../Users/Phenrear/Desktop/School/gift/Builds/GiftGame/Content/Models/FM/fm_tongue.uasset" 450
"../../../../../../Users/Phenrear/Desktop/School/gift/Builds/GiftGame/Content/Models/FM/FloridaManExport_fm_tongueGEOM.uasset" 451
"../../../../../../Users/Phenrear/Desktop/School/gift/Builds/GiftGame/Content/Models/FM/FloridaManExport_fm_topTeethGEOM.uasset" 452
"../../../../../../Users/Phenrear/Desktop/School/gift/Builds/GiftGame/Content/Models/Lamp/Lamp/lambert1.uasset" 453
"../../../../../../Users/Phenrear/Desktop/School/gift/Builds/GiftGame/Content/Models/Lamp/Lamp/Lamp_Bar1.uasset" 454
"../../../../../../Users/Phenrear/Desktop/School/gift/Builds/GiftGame/Content/Models/Lamp/Lamp/Lamp_Bar2.uasset" 455
"../../../../../../Users/Phenrear/Desktop/School/gift/Builds/GiftGame/Content/Models/Lamp/Lamp/Lamp_Bar3.uasset" 456
"../../../../../../Users/Phenrear/Desktop/School/gift/Builds/GiftGame/Content/Models/Lamp/Lamp/Lamp_Bar4.uasset" 457
"../../../../../../Users/Phenrear/Desktop/School/gift/Builds/GiftGame/Content/Models/Lamp/Lamp/Lamp_Bar5.uasset" 458
"../../../../../../Users/Phenrear/Desktop/School/gift/Builds/GiftGame/Content/Models/Lamp/Lamp/Lamp_Bar6.uasset" 459
"../../../../../../Users/Phenrear/Desktop/School/gift/Builds/GiftGame/Content/Models/Lamp/Lamp/Lamp_Bar7.uasset" 460
"../../../../../../Users/Phenrear/Desktop/School/gift/Builds/GiftGame/Content/Models/Lamp/Lamp/Lamp_Bar8.uasset" 461
"../../../../../../Users/Phenrear/Desktop/School/gift/Builds/GiftGame/Content/Models/Lamp/Lamp/ChairSideBlack.uasset" 462
"../../../../../../Users/Phenrear/Desktop/School/gift/Builds/GiftGame/Content/Models/Lamp/Lamp/Lamp_Cover.uasset" 463
"../../../../../../Users/Phenrear/Desktop/School/gift/Builds/GiftGame/Content/Models/Lamp/Lamp/Lamp_Donut.uasset" 464
"../../../../../../Users/Phenrear/Desktop/School/gift/Builds/GiftGame/Content/Models/Lamp/Lamp/WoodPlankChairOutUV.uasset" 465
"../../../../../../Users/Phenrear/Desktop/School/gift/Builds/GiftGame/Content/Models/Lamp/Lamp/ChairPlanks.uasset" 466
"../../../../../../Users/Phenrear/Desktop/School/gift/Builds/GiftGame/Content/Models/Lamp/Lamp/Lamp_Pole.uasset" 467
"../../../../../../Users/Phenrear/Desktop/School/gift/Builds/GiftGame/Content/Models/Lamp/Lamp/Lamp_Stand.uasset" 468
"../../../../../../Users/Phenrear/Desktop/School/gift/Builds/GiftGame/Content/Models/Lamp/LampStand/ChairSideBlack.uasset" 469
"../../../../../../Users/Phenrear/Desktop/School/gift/Builds/GiftGame/Content/Models/Lamp/LampStand/LampTable_pCube21.uasset" 470
"../../../../../../Users/Phenrear/Desktop/School/gift/Builds/GiftGame/Content/Models/Lamp/LampStand/LampTable_pCube22.uasset" 471
"../../../../../../Users/Phenrear/Desktop/School/gift/Builds/GiftGame/Content/Models/Lamp/LampStand/LampTable_pCube23.uasset" 472
"../../../../../../Users/Phenrear/Desktop/School/gift/Builds/GiftGame/Content/Models/Lamp/LampStand/LampTable_pCube24.uasset" 473
"../../../../../../Users/Phenrear/Desktop/School/gift/Builds/GiftGame/Content/Models/Lamp/LampStand/LampTable_pCube25.uasset" 474
"../../../../../../Users/Phenrear/Desktop/School/gift/Builds/GiftGame/Content/Models/Lamp/LampStand/LampTable_pCube26.uasset" 475
"../../../../../../Users/Phenrear/Desktop/School/gift/Builds/GiftGame/Content/Models/Lamp/LampStand/LampTable_pCube27.uasset" 476
"../../../../../../Users/Phenrear/Desktop/School/gift/Builds/GiftGame/Content/Models/Logs/FireWoodOutUV.uasset" 477
"../../../../../../Users/Phenrear/Desktop/School/gift/Builds/GiftGame/Content/Models/Logs/WoodLogs.uasset" 478
"../../../../../../Users/Phenrear/Desktop/School/gift/Builds/GiftGame/Content/Models/Logs/Logs_Log1.uasset" 479
"../../../../../../Users/Phenrear/Desktop/School/gift/Builds/GiftGame/Content/Models/Logs/Logs_Log2.uasset" 480
"../../../../../../Users/Phenrear/Desktop/School/gift/Builds/GiftGame/Content/Models/Logs/Logs_Log3.uasset" 481
"../../../../../../Users/Phenrear/Desktop/School/gift/Builds/GiftGame/Content/Models/Sock/StockingOutUV.uasset" 482
"../../../../../../Users/Phenrear/Desktop/School/gift/Builds/GiftGame/Content/Models/Sock/Stocking.uasset" 483
"../../../../../../Users/Phenrear/Desktop/School/gift/Builds/GiftGame/Content/Models/Sock/Sock.uasset" 484
"../../../../../../Users/Phenrear/Desktop/School/gift/Builds/GiftGame/Content/Models/Tree/FestivusPoleOutUV.uasset" 485
"../../../../../../Users/Phenrear/Desktop/School/gift/Builds/GiftGame/Content/Models/Tree/lambert3.uasset" 486
"../../../../../../Users/Phenrear/Desktop/School/gift/Builds/GiftGame/Content/Models/Tree/TreeWSG_FestivusPoleStand1.uasset" 487
"../../../../../../Users/Phenrear/Desktop/School/gift/Builds/GiftGame/Content/Models/Tree/TreeMain.uasset" 488
"../../../../../../Users/Phenrear/Desktop/School/gift/Builds/GiftGame/Content/Models/Tree/TreeWSG_pCone1.uasset" 489
"../../../../../../Users/Phenrear/Desktop/School/gift/Builds/GiftGame/Content/Models/Tree/TreeWSG_pCone2.uasset" 490
"../../../../../../Users/Phenrear/Desktop/School/gift/Builds/GiftGame/Content/Models/Tree/TreeWSG_pCone3.uasset" 491
"../../../../../../Users/Phenrear/Desktop/School/gift/Builds/GiftGame/Content/Models/Tree/TreeWSG_pCone4.uasset" 492
"../../../../../../Users/Phenrear/Desktop/School/gift/Builds/GiftGame/Content/Models/Tree/Star.uasset" 493
"../../../../../../Users/Phenrear/Desktop/School/gift/Builds/GiftGame/Content/Models/Tree/TreeWSG_pCube1.uasset" 494
"../../../../../../Users/Phenrear/Desktop/School/gift/Builds/GiftGame/Content/Models/Tree/TreeWSG_pCube12.uasset" 495
"../../../../../../Users/Phenrear/Desktop/School/gift/Builds/GiftGame/Content/Models/Tree/TreeWSG_pCube2.uasset" 496
"../../../../../../Users/Phenrear/Desktop/School/gift/Builds/GiftGame/Content/Models/Tree/TreeWSG_pCube3.uasset" 497
"../../../../../../Users/Phenrear/Desktop/School/gift/Builds/GiftGame/Content/Models/Tree/TreeWSG_pCube4.uasset" 498
"../../../../../../Users/Phenrear/Desktop/School/gift/Builds/GiftGame/Content/Models/Tree/TreeWSG_pCube5.uasset" 499
"../../../../../../Users/Phenrear/Desktop/School/gift/Builds/GiftGame/Content/Models/Tree/TreeWSG_pCube6.uasset" 500
"../../../../../../Users/Phenrear/Desktop/School/gift/Builds/GiftGame/Content/Models/Tree/TreeWSG_pCube7.uasset" 501
"../../../../../../Users/Phenrear/Desktop/School/gift/Builds/GiftGame/Content/Models/Tree/Ornament.uasset" 502
"../../../../../../Users/Phenrear/Desktop/School/gift/Builds/GiftGame/Content/Models/Tree/TreeWSG_pSphere1.uasset" 503
"../../../../../../Users/Phenrear/Desktop/School/gift/Builds/GiftGame/Content/Models/Tree/TreeWSG_pSphere10.uasset" 504
"../../../../../../Users/Phenrear/Desktop/School/gift/Builds/GiftGame/Content/Models/Tree/TreeWSG_pSphere2.uasset" 505
"../../../../../../Users/Phenrear/Desktop/School/gift/Builds/GiftGame/Content/Models/Tree/Lights1.uasset" 506
"../../../../../../Users/Phenrear/Desktop/School/gift/Builds/GiftGame/Content/Models/Tree/TreeWSG_pSphere21.uasset" 507
"../../../../../../Users/Phenrear/Desktop/School/gift/Builds/GiftGame/Content/Models/Tree/TreeWSG_pSphere22.uasset" 508
"../../../../../../Users/Phenrear/Desktop/School/gift/Builds/GiftGame/Content/Models/Tree/TreeWSG_pSphere23.uasset" 509
"../../../../../../Users/Phenrear/Desktop/School/gift/Builds/GiftGame/Content/Models/Tree/TreeWSG_pSphere27.uasset" 510
"../../../../../../Users/Phenrear/Desktop/School/gift/Builds/GiftGame/Content/Models/Tree/TreeWSG_pSphere28.uasset" 511
"../../../../../../Users/Phenrear/Desktop/School/gift/Builds/GiftGame/Content/Models/Tree/TreeWSG_pSphere29.uasset" 512
"../../../../../../Users/Phenrear/Desktop/School/gift/Builds/GiftGame/Content/Models/Tree/TreeWSG_pSphere3.uasset" 513
"../../../../../../Users/Phenrear/Desktop/School/gift/Builds/GiftGame/Content/Models/Tree/TreeWSG_pSphere30.uasset" 514
"../../../../../../Users/Phenrear/Desktop/School/gift/Builds/GiftGame/Content/Models/Tree/TreeWSG_pSphere31.uasset" 515
"../../../../../../Users/Phenrear/Desktop/School/gift/Builds/GiftGame/Content/Models/Tree/TreeWSG_pSphere32.uasset" 516
"../../../../../../Users/Phenrear/Desktop/School/gift/Builds/GiftGame/Content/Models/Tree/TreeWSG_pSphere33.uasset" 517
"../../../../../../Users/Phenrear/Desktop/School/gift/Builds/GiftGame/Content/Models/Tree/TreeWSG_pSphere34.uasset" 518
"../../../../../../Users/Phenrear/Desktop/School/gift/Builds/GiftGame/Content/Models/Tree/TreeWSG_pSphere35.uasset" 519
"../../../../../../Users/Phenrear/Desktop/School/gift/Builds/GiftGame/Content/Models/Tree/TreeWSG_pSphere39.uasset" 520
"../../../../../../Users/Phenrear/Desktop/School/gift/Builds/GiftGame/Content/Models/Tree/TreeWSG_pSphere4.uasset" 521
"../../../../../../Users/Phenrear/Desktop/School/gift/Builds/GiftGame/Content/Models/Tree/TreeWSG_pSphere40.uasset" 522
"../../../../../../Users/Phenrear/Desktop/School/gift/Builds/GiftGame/Content/Models/Tree/TreeWSG_pSphere44.uasset" 523
"../../../../../../Users/Phenrear/Desktop/School/gift/Builds/GiftGame/Content/Models/Tree/TreeWSG_pSphere45.uasset" 524
"../../../../../../Users/Phenrear/Desktop/School/gift/Builds/GiftGame/Content/Models/Tree/TreeWSG_pSphere46.uasset" 525
"../../../../../../Users/Phenrear/Desktop/School/gift/Builds/GiftGame/Content/Models/Tree/TreeWSG_pSphere47.uasset" 526
"../../../../../../Users/Phenrear/Desktop/School/gift/Builds/GiftGame/Content/Models/Tree/TreeWSG_pSphere49.uasset" 527
"../../../../../../Users/Phenrear/Desktop/School/gift/Builds/GiftGame/Content/Models/Tree/TreeWSG_pSphere5.uasset" 528
"../../../../../../Users/Phenrear/Desktop/School/gift/Builds/GiftGame/Content/Models/Tree/TreeWSG_pSphere50.uasset" 529
"../../../../../../Users/Phenrear/Desktop/School/gift/Builds/GiftGame/Content/Models/Tree/TreeWSG_pSphere55.uasset" 530
"../../../../../../Users/Phenrear/Desktop/School/gift/Builds/GiftGame/Content/Models/Tree/TreeWSG_pSphere56.uasset" 531
"../../../../../../Users/Phenrear/Desktop/School/gift/Builds/GiftGame/Content/Models/Tree/TreeWSG_pSphere57.uasset" 532
"../../../../../../Users/Phenrear/Desktop/School/gift/Builds/GiftGame/Content/Models/Tree/TreeWSG_pSphere58.uasset" 533
"../../../../../../Users/Phenrear/Desktop/School/gift/Builds/GiftGame/Content/Models/Tree/TreeWSG_pSphere59.uasset" 534
"../../../../../../Users/Phenrear/Desktop/School/gift/Builds/GiftGame/Content/Models/Tree/TreeWSG_pSphere6.uasset" 535
"../../../../../../Users/Phenrear/Desktop/School/gift/Builds/GiftGame/Content/Models/Tree/TreeWSG_pSphere60.uasset" 536
"../../../../../../Users/Phenrear/Desktop/School/gift/Builds/GiftGame/Content/Models/Tree/TreeWSG_pSphere62.uasset" 537
"../../../../../../Users/Phenrear/Desktop/School/gift/Builds/GiftGame/Content/Models/Tree/TreeWSG_pSphere63.uasset" 538
"../../../../../../Users/Phenrear/Desktop/School/gift/Builds/GiftGame/Content/Models/Tree/TreeWSG_pSphere64.uasset" 539
"../../../../../../Users/Phenrear/Desktop/School/gift/Builds/GiftGame/Content/Models/Tree/TreeWSG_pSphere65.uasset" 540
"../../../../../../Users/Phenrear/Desktop/School/gift/Builds/GiftGame/Content/Models/Tree/TreeWSG_pSphere66.uasset" 541
"../../../../../../Users/Phenrear/Desktop/School/gift/Builds/GiftGame/Content/Models/Tree/TreeWSG_pSphere69.uasset" 542
"../../../../../../Users/Phenrear/Desktop/School/gift/Builds/GiftGame/Content/Models/Tree/TreeWSG_pSphere7.uasset" 543
"../../../../../../Users/Phenrear/Desktop/School/gift/Builds/GiftGame/Content/Models/Tree/TreeWSG_pSphere70.uasset" 544
"../../../../../../Users/Phenrear/Desktop/School/gift/Builds/GiftGame/Content/Models/Tree/TreeWSG_pSphere71.uasset" 545
"../../../../../../Users/Phenrear/Desktop/School/gift/Builds/GiftGame/Content/Models/Tree/TreeWSG_pSphere72.uasset" 546
"../../../../../../Users/Phenrear/Desktop/School/gift/Builds/GiftGame/Content/Models/Tree/TreeWSG_pSphere73.uasset" 547
"../../../../../../Users/Phenrear/Desktop/School/gift/Builds/GiftGame/Content/Models/Tree/TreeWSG_pSphere74.uasset" 548
"../../../../../../Users/Phenrear/Desktop/School/gift/Builds/GiftGame/Content/Models/Tree/TreeWSG_pSphere8.uasset" 549
"../../../../../../Users/Phenrear/Desktop/School/gift/Builds/GiftGame/Content/Models/Tree/TreeWSG_pSphere84.uasset" 550
"../../../../../../Users/Phenrear/Desktop/School/gift/Builds/GiftGame/Content/Models/Tree/TreeWSG_pSphere85.uasset" 551
"../../../../../../Users/Phenrear/Desktop/School/gift/Builds/GiftGame/Content/Models/Tree/TreeWSG_pSphere86.uasset" 552
"../../../../../../Users/Phenrear/Desktop/School/gift/Builds/GiftGame/Content/Models/Tree/TreeWSG_pSphere88.uasset" 553
"../../../../../../Users/Phenrear/Desktop/School/gift/Builds/GiftGame/Content/Models/Tree/TreeWSG_pSphere89.uasset" 554
"../../../../../../Users/Phenrear/Desktop/School/gift/Builds/GiftGame/Content/Models/Tree/TreeWSG_pSphere9.uasset" 555
"../../../../../../Users/Phenrear/Desktop/School/gift/Builds/GiftGame/Content/Models/Tree/TreeWSG_pSphere90.uasset" 556
"../../../../../../Users/Phenrear/Desktop/School/gift/Builds/GiftGame/Content/Models/Tree/TreeWSG_pSphere91.uasset" 557
"../../../../../../Users/Phenrear/Desktop/School/gift/Builds/GiftGame/Content/Models/Tree/TreeWSG_pSphere92.uasset" 558
"../../../../../../Users/Phenrear/Desktop/School/gift/Builds/GiftGame/Content/Models/Tree/TreeWSG_pSphere93.uasset" 559
"../../../../../../Users/Phenrear/Desktop/School/gift/Builds/GiftGame/Content/Models/Tree/TreeWSG_pSphere94.uasset" 560
"../../../../../../Users/Phenrear/Desktop/School/gift/Builds/GiftGame/Content/Models/Tree/TreeWSG_pSphere95.uasset" 561
"../../../../../../Users/Phenrear/Desktop/School/gift/Builds/GiftGame/Content/Models/Tree/TreeWSG_pSphere96.uasset" 562
"../../../../../../Users/Phenrear/Desktop/School/gift/Builds/GiftGame/Content/Models/Tree/TreeTrunk.uasset" 563
"../../../../../../Users/Phenrear/Desktop/School/gift/Builds/GiftGame/Content/Models/Tree/TreeWSG_Trunk.uasset" 564
"../../../../../../Users/Phenrear/Desktop/School/gift/Builds/GiftGame/Content/Models/Walls/WallOutUV.uasset" 565
"../../../../../../Users/Phenrear/Desktop/School/gift/Builds/GiftGame/Content/Models/Walls/Wall.uasset" 566
"../../../../../../Users/Phenrear/Desktop/School/gift/Builds/GiftGame/Content/Models/Walls/WallsWSG_pCube10.uasset" 567
"../../../../../../Users/Phenrear/Desktop/School/gift/Builds/GiftGame/Content/Models/Walls/WallsWSG_pCube11.uasset" 568
"../../../../../../Users/Phenrear/Desktop/School/gift/Builds/GiftGame/Content/Models/Walls/WallsWSG_pCube21.uasset" 569
"../../../../../../Users/Phenrear/Desktop/School/gift/Builds/GiftGame/Content/Models/Walls/WallsWSG_pCube8.uasset" 570
"../../../../../../Users/Phenrear/Desktop/School/gift/Builds/GiftGame/Content/Models/Window/WindowOutUV.uasset" 571
"../../../../../../Users/Phenrear/Desktop/School/gift/Builds/GiftGame/Content/Models/Window/Window1.uasset" 572
"../../../../../../Users/Phenrear/Desktop/School/gift/Builds/GiftGame/Content/Models/Window/Window.uasset" 573
"../../../../../../Users/Phenrear/Desktop/School/gift/Builds/GiftGame/Content/Models/Wreath/TreeMain.uasset" 574
"../../../../../../Users/Phenrear/Desktop/School/gift/Builds/GiftGame/Content/Models/Wreath/WreathWSG.uasset" 575
"../../../../../../Users/Phenrear/Desktop/School/gift/Builds/GiftGame/Content/Maps/MainGame.umap" 576
